tests\unit\test_path_behavior.py:10: error: Argument 1 to "Path" has incompatible type "MockFleet"; expected "str | PathLike[str]"  [arg-type]
src\core\base\managers\ResourceQuotaManager.py:41: error: Missing return statement  [return]
src\logic\agents\security\core\ByzantineCore.py:20: error: Incompatible types in assignment (expression has type "None", variable has type Module)  [assignment]
src\logic\agents\security\core\ByzantineCore.py:28: error: Function "builtins.any" is not valid as a type  [valid-type]
src\logic\agents\security\core\ByzantineCore.py:28: note: Perhaps you meant "typing.Any" instead of "any"?
src\logic\agents\security\core\ByzantineCore.py:35: error: Module has no attribute "calculate_agreement_score"  [attr-defined]
src\logic\agents\security\core\ByzantineCore.py:93: error: Function "builtins.any" is not valid as a type  [valid-type]
src\logic\agents\security\core\ByzantineCore.py:93: note: Perhaps you meant "typing.Any" instead of "any"?
src\infrastructure\fleet\core\LoadBalancerCore.py:33: error: Argument "key" to "min" has incompatible type overloaded function; expected "Callable[[str], SupportsDunderLT[Any] | SupportsDunderGT[Any]]"  [arg-type]
src\infrastructure\backend\core\PoolingCore.py:38: error: Argument "key" to "min" has incompatible type overloaded function; expected "Callable[[str], SupportsDunderLT[Any] | SupportsDunderGT[Any]]"  [arg-type]
src\core\base\core\PruningCore.py:11: error: Name "rc" already defined (by an import)  [no-redef]
src\core\base\core\ConvergenceCore.py:8: error: Name "rc" already defined (by an import)  [no-redef]
src\core\base\core\IdentityCore.py:11: error: Name "rc" already defined (by an import)  [no-redef]
src\core\base\core\AuthCore.py:11: error: Name "rc" already defined (by an import)  [no-redef]
temp\fix_f401_inits.py:29: error: Assignment to variable "e" outside except: block  [misc]
temp\fix_f401_inits.py:50: error: Assignment to variable "e" outside except: block  [misc]
data\agents\security\DataPrivacyGuardAgent.py:36: error: Argument 1 to "append" of "list" has incompatible type "str"; expected "dict[Any, Any]"  [arg-type]
src\observability\stats\exporters\PrometheusExporter.py:37: error: Missing return statement  [return]
src\logic\agents\system\CoreEvolutionGuard.py:57: error: Incompatible types in assignment (expression has type "str | None", target has type "str")  [assignment]
src\logic\agents\system\CoreEvolutionGuard.py:61: error: Incompatible types in assignment (expression has type "str | None", target has type "str")  [assignment]
src\logic\agents\swarm\SwarmArbitratorAgent.py:65: error: Argument 1 to "_update_reputation" of "SwarmArbitratorAgent" has incompatible type "Any | None"; expected "str"  [arg-type]
src\logic\agents\swarm\SwarmArbitratorAgent.py:67: error: Argument 1 to "_update_reputation" of "SwarmArbitratorAgent" has incompatible type "Any | None"; expected "str"  [arg-type]
src\logic\agents\cognitive\TheoryOfMind.py:49: error: "TheoryOfMindCore" has no attribute "update_profile_logic"  [attr-defined]
src\logic\agents\cognitive\TheoryOfMind.py:57: error: "TheoryOfMindCore" has no attribute "estimate_knowledge_score"  [attr-defined]
src\logic\agents\cognitive\TheoryOfMind.py:61: error: "TheoryOfMindCore" has no attribute "rank_collaborators"  [attr-defined]
src\logic\agents\cognitive\ConsensusConflictAgent.py:78: error: Argument "key" to "max" has incompatible type overloaded function; expected "Callable[[Any], SupportsDunderLT[Any] | SupportsDunderGT[Any]]"  [arg-type]
src\infrastructure\orchestration\TenantIsolationOrchestrator.py:39: error: Missing return statement  [return]
src\infrastructure\orchestration\StatusManager.py:38: error: Need type annotation for "initial_data"  [var-annotated]
src\infrastructure\orchestration\ConsensusCore.py:33: error: Name "rc" already defined (by an import)  [no-redef]
src\infrastructure\fleet\FleetCore.py:41: error: Cannot determine type of "default_score_threshold"  [has-type]
src\infrastructure\fleet\FleetCore.py:43: error: Cannot determine type of "default_score_threshold"  [has-type]
src\infrastructure\fleet\FleetCore.py:92: error: Cannot determine type of "default_score_threshold"  [has-type]
src\infrastructure\dev\scripts\sanitize_imports.py:69: error: No return value expected  [return-value]
src\infrastructure\dev\scripts\sanitize_imports.py:78: error: "sanitize_file" does not return a value (it only ever returns None)  [func-returns-value]
src\infrastructure\dev\scripts\count_code.py:57: error: Name "Path" is not defined  [name-defined]
src\infrastructure\dev\scripts\apply_basic_types.py:27: error: Missing return statement  [return]
src\infrastructure\dev\scripts\management\repair_packages.py:73: error: Argument 1 to "create_inits" has incompatible type "Path"; expected "str"  [arg-type]
src\infrastructure\dev\scripts\management\repair_packages.py:74: error: Argument 1 to "create_inits" has incompatible type "Path"; expected "str"  [arg-type]
src\infrastructure\dev\scripts\management\repair_packages.py:82: error: Argument 1 to "fix_imports" has incompatible type "Path"; expected "str"  [arg-type]
src\infrastructure\api\APICore.py:37: error: Name "rc" already defined (by an import)  [no-redef]
src\core\modules\BlackboardModule.py:44: error: Argument 1 to "process_post" of "BlackboardModule" has incompatible type "Any | None"; expected "str"  [arg-type]
src\core\modules\BlackboardModule.py:49: error: Argument 1 to "get_value" of "BlackboardModule" has incompatible type "Any | None"; expected "str"  [arg-type]
src\observability\stats\core\ProfilingCore.py:10: error: Incompatible types in assignment (expression has type "None", variable has type Module)  [assignment]
src\observability\stats\core\ProfilingCore.py:31: error: "Stats" has no attribute "stats"  [attr-defined]
src\logic\agents\swarm\InterFleetIdentityAgent.py:59: error: Incompatible return value type (got "dict[str, str]", expected "bool")  [return-value]
src\logic\agents\swarm\InterFleetIdentityAgent.py:64: error: Incompatible return value type (got "dict[str, str]", expected "bool")  [return-value]
src\logic\agents\swarm\InterFleetIdentityAgent.py:79: error: Incompatible return value type (got "dict[str, str]", expected "bool")  [return-value]
src\interface\ui\gui\ThemeManager.py:62: error: Attribute "is_dark_mode" already defined on line 39  [no-redef]
src\interface\ui\gui\ThemeManager.py:75: error: No overload variant of "configure" of "Listbox" matches argument types "str", "str", "str"  [call-overload]
src\interface\ui\gui\ThemeManager.py:75: note: Possible overload variants:
src\interface\ui\gui\ThemeManager.py:75: note:     def configure(self, cnf: dict[str, Any] | None = ..., *, activestyle: Literal['dotbox', 'none', 'underline'] = ..., background: str = ..., bd: float | str = ..., bg: str = ..., border: float | str = ..., borderwidth: float | str = ..., cursor: str | tuple[str] | tuple[str, str] | tuple[str, str, str] | tuple[str, str, str, str] = ..., disabledforeground: str = ..., exportselection: bool = ..., fg: str = ..., font: str | Font | list[Any] | tuple[str] | tuple[str, int, *tuple[str, ...]] | tuple[str, int, list[str] | tuple[str, ...]] | Tcl_Obj = ..., foreground: str = ..., height: int = ..., highlightbackground: str = ..., highlightcolor: str = ..., highlightthickness: float | str = ..., justify: Literal['left', 'center', 'right'] = ..., listvariable: Variable = ..., relief: Literal['raised', 'sunken', 'flat', 'ridge', 'solid', 'groove'] = ..., selectbackground: str = ..., selectborderwidth: float | str = ..., selectforeground: str = ..., selectmode: Literal['single', 'browse', 'multiple', 'extended'] | str = ..., setgrid: bool = ..., state: Literal['normal', 'disabled'] = ..., takefocus: Literal[0, 1, ''] | bool | Callable[[str], bool | None] = ..., width: int = ..., xscrollcommand: str | Callable[[float, float], object] = ..., yscrollcommand: str | Callable[[float, float], object] = ...) -> dict[str, tuple[str, str, str, Any, Any]] | None
src\interface\ui\gui\ThemeManager.py:75: note:     def configure(self, cnf: str) -> tuple[str, str, str, Any, Any]
src\observability\stats\namespaces.py:41: error: Incompatible types in assignment (expression has type "str | None", variable has type "str")  [assignment]
src\logic\strategies\DirectStrategy.py:28: error: Incompatible types in "await" (actual type "str", expected type "Awaitable[Any]")  [misc]
src\interface\ui\gui\AppMenu.py:64: error: Cannot infer type of lambda  [misc]
src\interface\ui\gui\AppMenu.py:76: error: Cannot infer type of lambda  [misc]
src\core\knowledge\graph_store.py:49: error: Argument 3 of "store" is incompatible with supertype "src.core.knowledge.storage_base.KnowledgeStore"; supertype defines the argument type as "dict[str, Any] | None"  [override]
src\core\knowledge\graph_store.py:49: note: This violates the Liskov substitution principle
src\core\knowledge\graph_store.py:49: note: See https://mypy.readthedocs.io/en/stable/common_issues.html#incompatible-overrides
tests\utils\legacy_support.py:52: error: Incompatible types in assignment (expression has type "None", variable has type "set[Any]")  [assignment]
src\observability\stats\monitoring.py:33: error: Unsupported operand types for < ("int" and "object")  [operator]
src\observability\stats\monitoring.py:34: error: Unsupported operand types for < ("int" and "object")  [operator]
src\observability\stats\api.py:48: error: Unsupported target for indexed assignment ("Collection[str]")  [index]
src\observability\stats\ab_engine.py:76: error: Name "version" is not defined  [name-defined]
src\observability\stats\ab_engine.py:76: error: Name "metric_name" is not defined  [name-defined]
src\observability\stats\ab_engine.py:76: error: Name "value" is not defined  [name-defined]
src\observability\stats\ab_engine.py:77: error: Name "version" is not defined  [name-defined]
src\observability\stats\ab_engine.py:77: error: Name "metric_name" is not defined  [name-defined]
src\observability\stats\ab_engine.py:77: error: Name "value" is not defined  [name-defined]
src\observability\stats\exporters\MetricsExporter.py:40: error: Missing return statement  [return]
src\observability\stats\exporters\MetricsExporter.py:46: error: Missing return statement  [return]
src\logic\strategies\ReflexionStrategy.py:29: error: Incompatible types in "await" (actual type "str", expected type "Awaitable[Any]")  [misc]
src\logic\strategies\ReflexionStrategy.py:38: error: Incompatible types in "await" (actual type "str", expected type "Awaitable[Any]")  [misc]
src\logic\strategies\ReflexionStrategy.py:49: error: Incompatible types in "await" (actual type "str", expected type "Awaitable[Any]")  [misc]
src\logic\strategies\ChainOfThoughtStrategy.py:34: error: Incompatible types in "await" (actual type "str", expected type "Awaitable[Any]")  [misc]
src\logic\strategies\ChainOfThoughtStrategy.py:48: error: Incompatible types in "await" (actual type "str", expected type "Awaitable[Any]")  [misc]
src\logic\agents\swarm\FleetEconomyAgent.py:125: error: "FleetEconomyAgent" has no attribute "wallets"  [attr-defined]
src\logic\agents\cognitive\context\engines\GraphContextEngine.py:77: error: Incompatible types in assignment (expression has type "str", variable has type "Path")  [assignment]
src\logic\agents\cognitive\context\engines\GraphContextEngine.py:78: error: Argument 2 to "add_edge" of "GraphContextEngine" has incompatible type "Path"; expected "str"  [arg-type]
src\interface\ui\web\PyAgent_web.py:41: error: Missing return statement  [return]
src\infrastructure\orchestration\SignalBusOrchestrator.py:39: error: Need type annotation for "_queue"  [var-annotated]
src\infrastructure\orchestration\FleetTelemetryVisualizer.py:39: error: Missing return statement  [return]
src\infrastructure\fleet\SchemaManager.py:36: error: Missing return statement  [return]
src\infrastructure\fleet\SafetyAuditTrail.py:41: error: Missing return statement  [return]
src\infrastructure\fleet\SafetyAuditTrail.py:49: error: Missing return statement  [return]
src\infrastructure\fleet\SafetyAuditTrail.py:62: error: Missing return statement  [return]
src\infrastructure\fleet\MCPConnector.py:104: error: Item "None" of "IO[Any] | None" has no attribute "readline"  [union-attr]
src\infrastructure\fleet\AgentEconomy.py:64: error: Missing return statement  [return]
src\infrastructure\dev\test_utils\LogCapturer.py:38: error: Cannot assign to a method  [method-assign]
src\infrastructure\base\BaseManager.py:26: error: Incompatible default for argument "workspace_root" (default has type "None", argument has type "str")  [assignment]
src\infrastructure\base\BaseManager.py:26: note: PEP 484 prohibits implicit Optional. Accordingly, mypy has changed its default to no_implicit_optional=True
src\infrastructure\base\BaseManager.py:26: note: Use https://github.com/hauntsaninja/no_implicit_optional to automatically upgrade your codebase
src\infrastructure\backend\RunnerBackends.py:58: error: Dict entry 1 has incompatible type "str": "dict[str, str | Any]"; expected "str": "str"  [dict-item]
src\infrastructure\backend\llm_backends\GitHubModelsBackend.py:90: error: Incompatible types in assignment (expression has type "str", variable has type "list[object]")  [assignment]
src\core\base\logging_config.py:68: error: Name "level" already defined on line 65  [no-redef]
src\core\base\logging_config.py:71: error: Name "level" already defined on line 65  [no-redef]
src\core\base\ShardedKnowledgeCore.py:35: error: Library stubs not installed for "aiofiles"  [import-untyped]
src\core\base\ShardedKnowledgeCore.py:35: note: Hint: "python3 -m pip install types-aiofiles"
src\core\base\ShardedKnowledgeCore.py:154: error: Name "right_to_be_forgotten" already defined on line 102  [no-redef]
src\core\base\ConnectivityManager.py:45: error: Cannot determine type of "_initialized"  [has-type]
src\core\base\ConnectivityManager.py:151: error: Function "builtins.callable" is not valid as a type  [valid-type]
src\core\base\ConnectivityManager.py:151: note: Perhaps you meant "typing.Callable" instead of "callable"?
src\core\base\ConnectivityManager.py:157: error: callable? not callable  [misc]
src\core\base\utils\core_utils.py:168: error: Name "_fallback" already defined on line 156  [no-redef]
src\core\base\managers\AgentMetrics.py:57: error: Unsupported operand types for - ("None" and "float")  [operator]
src\core\base\managers\AgentMetrics.py:57: note: Left operand is of type "float | None"
src\core\base\managers\AgentMetrics.py:76: error: Unsupported operand types for - ("None" and "float")  [operator]
src\core\base\managers\AgentMetrics.py:76: note: Left operand is of type "float | None"
src\core\base\managers\AgentMetrics.py:95: error: Unsupported operand types for - ("None" and "float")  [operator]
src\core\base\managers\AgentMetrics.py:95: note: Left operand is of type "float | None"
src\interface\ui\gui\DialogManager.py:145: error: Argument "text" to "Label" has incompatible type "Sequence[str]"; expected "float | str"  [arg-type]
src\interface\ui\gui\DialogManager.py:149: error: No overload variant matches argument type "Sequence[str]"  [call-overload]
src\interface\ui\gui\DialogManager.py:149: note: Possible overload variants:
src\interface\ui\gui\DialogManager.py:149: note:     def configure(self, cnf: dict[str, Any] | None = ..., *, anchor: Literal['nw', 'n', 'ne', 'w', 'center', 'e', 'sw', 's', 'se'] = ..., background: str = ..., border: float | str = ..., borderwidth: float | str = ..., compound: Literal['', 'text', 'image', 'top', 'left', 'center', 'right', 'bottom', 'none'] = ..., cursor: str | tuple[str] | tuple[str, str] | tuple[str, str, str] | tuple[str, str, str, str] = ..., font: str | Font | list[Any] | tuple[str] | tuple[str, int, *tuple[str, ...]] | tuple[str, int, list[str] | tuple[str, ...]] | Tcl_Obj = ..., foreground: str = ..., image: _Image | str = ..., justify: Literal['left', 'center', 'right'] = ..., padding: float | str | tuple[float | str] | tuple[float | str, float | str] | tuple[float | str, float | str, float | str] | tuple[float | str, float | str, float | str, float | str] = ..., relief: Literal['raised', 'sunken', 'flat', 'ridge', 'solid', 'groove'] = ..., state: str = ..., style: str = ..., takefocus: Literal[0, 1, ''] | bool | Callable[[str], bool | None] = ..., text: float | str = ..., textvariable: Variable = ..., underline: int = ..., width: int | Literal[''] = ..., wraplength: float | str = ...) -> dict[str, tuple[str, str, str, Any, Any]] | None
src\interface\ui\gui\DialogManager.py:149: note:     def configure(self, cnf: str) -> tuple[str, str, str, Any, Any]
src\interface\ui\gui\DialogManager.py:231: error: Cannot infer type of lambda  [misc]
src\interface\ui\gui\DialogManager.py:236: error: Cannot infer type of lambda  [misc]
src\interface\ui\gui\BmadManager.py:61: error: Argument "text" to "Label" has incompatible type "Sequence[str]"; expected "float | str"  [arg-type]
src\interface\ui\gui\BmadManager.py:114: error: No overload variant matches argument type "Sequence[str]"  [call-overload]
src\interface\ui\gui\BmadManager.py:114: note: Possible overload variants:
src\interface\ui\gui\BmadManager.py:114: note:     def configure(self, cnf: dict[str, Any] | None = ..., *, anchor: Literal['nw', 'n', 'ne', 'w', 'center', 'e', 'sw', 's', 'se'] = ..., background: str = ..., border: float | str = ..., borderwidth: float | str = ..., compound: Literal['', 'text', 'image', 'top', 'left', 'center', 'right', 'bottom', 'none'] = ..., cursor: str | tuple[str] | tuple[str, str] | tuple[str, str, str] | tuple[str, str, str, str] = ..., font: str | Font | list[Any] | tuple[str] | tuple[str, int, *tuple[str, ...]] | tuple[str, int, list[str] | tuple[str, ...]] | Tcl_Obj = ..., foreground: str = ..., image: _Image | str = ..., justify: Literal['left', 'center', 'right'] = ..., padding: float | str | tuple[float | str] | tuple[float | str, float | str] | tuple[float | str, float | str, float | str] | tuple[float | str, float | str, float | str, float | str] = ..., relief: Literal['raised', 'sunken', 'flat', 'ridge', 'solid', 'groove'] = ..., state: str = ..., style: str = ..., takefocus: Literal[0, 1, ''] | bool | Callable[[str], bool | None] = ..., text: float | str = ..., textvariable: Variable = ..., underline: int = ..., width: int | Literal[''] = ..., wraplength: float | str = ...) -> dict[str, tuple[str, str, str, Any, Any]] | None
src\interface\ui\gui\BmadManager.py:114: note:     def configure(self, cnf: str) -> tuple[str, str, str, Any, Any]
src\interface\ui\gui\AgentColumn.py:46: error: Cannot assign to a method  [method-assign]
src\interface\ui\gui\AgentColumn.py:46: error: Incompatible types in assignment (expression has type "Any | None", variable has type "Callable[[Widget, str], None]")  [assignment]
src\interface\ui\gui\AgentColumn.py:79: error: "None" not callable  [misc]
src\interface\ui\gui\AgentColumn.py:93: error: "None" not callable  [misc]
src\interface\ui\gui\AgentColumn.py:106: error: "None" not callable  [misc]
src\interface\ui\gui\AgentColumn.py:108: error: "None" not callable  [misc]
src\interface\ui\gui\AgentColumn.py:134: error: Argument "command" to "Button" has incompatible type "Any | None"; expected "str | Callable[[], Any]"  [arg-type]
src\interface\ui\gui\AgentColumn.py:147: error: "None" not callable  [misc]
src\interface\ui\gui\AgentColumn.py:150: error: "None" not callable  [misc]
src\interface\ui\gui\AgentColumn.py:153: error: "None" not callable  [misc]
src\interface\ui\gui\AgentColumn.py:173: error: "None" not callable  [misc]
src\interface\ui\gui\AgentColumn.py:182: error: Cannot infer type of lambda  [misc]
src\infrastructure\dev\core\RebirthCore.py:9: error: Library stubs not installed for "yaml"  [import-untyped]
src\core\base\state.py:42: error: Need type annotation for "buffer"  [var-annotated]
src\infrastructure\dev\agent_tests\test_management.py:116: error: Argument 1 to "contextmanager" has incompatible type "Callable[[], bool]"; expected "Callable[[], Iterator[Never]]"  [arg-type]
src\infrastructure\dev\agent_tests\test_management.py:117: error: The return type of a generator function should be "Generator" or one of its supertypes  [misc]
src\infrastructure\dev\agent_tests\environment.py:89: error: Incompatible return value type (got "ProvisionedEnvironment", expected "dict[str, Any]")  [return-value]
src\infrastructure\dev\agent_tests\environment.py:92: error: Incompatible types in assignment (expression has type "TestEnvironment | None", variable has type "ProvisionedEnvironment")  [assignment]
src\infrastructure\dev\agent_tests\environment.py:97: error: "ProvisionedEnvironment" has no attribute "setup_commands"  [attr-defined]
src\infrastructure\dev\agent_tests\environment.py:103: error: "ProvisionedEnvironment" has no attribute "variables"  [attr-defined]
src\logic\agents\development\CoderCore.py:201: error: Incompatible types in assignment (expression has type "StyleRule | None", variable has type "StyleRule")  [assignment]
src\logic\agents\development\CoderCore.py:214: error: Name "violations" already defined on line 197  [no-redef]
src\infrastructure\fleet\AgentRegistryCore.py:67: error: Name "short_name" already defined on line 63  [no-redef]
src\infrastructure\orchestration\RoutingEngine.py:32: error: "type[BackendHandlers]" has no attribute "get_performance_report"  [attr-defined]
src\infrastructure\orchestration\RoutingEngine.py:63: error: "type[BackendHandlers]" has no attribute "get_performance_report"  [attr-defined]
src\infrastructure\plugins\tools\notification_tools.py:25: error: Library stubs not installed for "requests"  [import-untyped]
src\infrastructure\api\ExternalImporter.py:33: error: Library stubs not installed for "requests"  [import-untyped]
src\infrastructure\api\ExternalImporter.py:57: error: Incompatible types in assignment (expression has type "None", variable has type "LocalContextRecorder")  [assignment]
src\infrastructure\api\ExternalImporter.py:116: error: Unexpected keyword argument "metadata" for "ImportedEntry"  [call-arg]
src\infrastructure\api\ExternalImporter.py:146: error: Library stubs not installed for "requests.auth"  [import-untyped]
src\infrastructure\api\ExternalImporter.py:169: error: Unexpected keyword argument "metadata" for "ImportedEntry"  [call-arg]
src\core\base\utils\NotificationManager.py:35: error: Library stubs not installed for "requests"  [import-untyped]
src\core\base\utils\NotificationManager.py:35: note: Hint: "python3 -m pip install types-requests"
src\core\base\utils\NotificationManager.py:35: note: (or run "mypy --install-types" to install all missing stub packages)
src\core\base\utils\NotificationManager.py:35: note: See https://mypy.readthedocs.io/en/stable/running_mypy.html#missing-imports
src\interface\ui\gui\AgentManager.py:53: error: "AgentManager" has no attribute "config_manager"  [attr-defined]
src\observability\reports\ReportGenerator.py:94: error: Missing return statement  [return]
src\observability\reports\ReportGenerator.py:343: error: "AST" has no attribute "body"  [attr-defined]
src\infrastructure\orchestration\MultiCloudBridgeOrchestrator.py:36: error: Need type annotation for "cloud_nodes"  [var-annotated]
src\core\knowledge\btree_store.py:34: error: The return type of "__init__" must be None  [misc]
src\core\knowledge\btree_store.py:34: error: Missing return statement  [return]
src\infrastructure\dev\scripts\full_reset.py:34: error: Library stubs not installed for "yaml"  [import-untyped]
src\core\base\GracefulShutdown.py:61: error: Incompatible types in assignment (expression has type "Callable[[int, FrameType | None], Any] | int | None", variable has type "None")  [assignment]
src\core\base\GracefulShutdown.py:63: error: Incompatible types in assignment (expression has type "Callable[[int, FrameType | None], Any] | int | None", variable has type "None")  [assignment]
src\core\base\utils\_helpers.py:35: error: Library stubs not installed for "requests"  [import-untyped]
src\core\base\utils\_helpers.py:57: error: All type parameters should be declared ("_T" not declared)  [valid-type]
src\core\base\utils\ValidationRuleManager.py:87: error: "None" not callable  [misc]
src\core\base\utils\ValidationRuleManager.py:92: error: "ValidationRule" has no attribute "error_message"  [attr-defined]
src\core\base\utils\DiffGenerator.py:42: error: The return type of "__init__" must be None  [misc]
src\core\base\utils\DiffGenerator.py:42: error: Missing return statement  [return]
src\core\base\utils\DiffGenerator.py:133: error: Name "sys" is not defined  [name-defined]
src\core\base\utils\DiffGenerator.py:135: error: Name "sys" is not defined  [name-defined]
src\core\base\utils\DiffGenerator.py:137: error: Name "sys" is not defined  [name-defined]
src\core\base\utils\DiffGenerator.py:139: error: Name "sys" is not defined  [name-defined]
src\core\base\utils\DiffGenerator.py:140: error: Name "sys" is not defined  [name-defined]
src\core\base\managers\SystemManagers.py:43: error: Cannot assign to a type  [misc]
src\core\base\managers\SystemManagers.py:43: error: Incompatible types in assignment (expression has type "None", variable has type "type[VersionGate]")  [assignment]
src\interface\ui\gui\MainApp.py:66: error: "WorkflowManager" expects no type arguments, but 1 given  [type-arg]
src\interface\ui\gui\MainApp.py:68: error: "AgentManager" has no attribute "add_column"  [attr-defined]
src\interface\ui\gui\MainApp.py:73: error: "ThemeManager" expects no type arguments, but 1 given  [type-arg]
src\interface\ui\gui\MainApp.py:74: error: "DiffViewer" expects no type arguments, but 1 given  [type-arg]
src\interface\ui\gui\MainApp.py:75: error: "AgentRunner" expects no type arguments, but 1 given  [type-arg]
src\interface\ui\gui\MainApp.py:83: error: "AgentManager" expects no type arguments, but 2 given  [type-arg]
src\interface\ui\gui\MainApp.py:101: error: "AppMenu" expects no type arguments, but 2 given  [type-arg]
src\interface\ui\gui\MainApp.py:112: error: "HeaderPanel" expects no type arguments, but 3 given  [type-arg]
src\interface\ui\gui\MainApp.py:125: error: "ProjectExplorer" expects no type arguments, but 3 given  [type-arg]
src\interface\ui\gui\MainApp.py:139: error: "BmadManager" expects no type arguments, but 2 given  [type-arg]
src\interface\ui\gui\MainApp.py:143: error: "ProjectStatusPanel" expects no type arguments, but 1 given  [type-arg]
src\interface\ui\gui\MainApp.py:147: error: "AgentDashboard" expects no type arguments, but 2 given  [type-arg]
src\interface\ui\gui\MainApp.py:158: error: "StatusBar" expects no type arguments, but 2 given  [type-arg]
src\core\base\managers\PluginManager.py:32: error: Cannot assign to a type  [misc]
src\core\base\managers\PluginManager.py:32: error: Incompatible types in assignment (expression has type "None", variable has type "type[VersionGate]")  [assignment]
src\core\base\managers\PluginManager.py:44: error: Incompatible types in assignment (expression has type "None", variable has type "list[str]")  [assignment]
src\core\base\managers\PluginManager.py:126: error: Argument "permissions" to "PluginMetadata" has incompatible type "Any | None"; expected "list[str]"  [arg-type]
src\core\base\managers\PluginManager.py:135: error: Function "VersionGate" could always be true in boolean context  [truthy-function]
src\core\base\ConfigLoader.py:90: error: Library stubs not installed for "yaml"  [import-untyped]
src\core\base\ConfigLoader.py:90: note: Hint: "python3 -m pip install types-PyYAML"
src\core\base\ConfigLoader.py:91: error: Name "raw" already defined on line 86  [no-redef]
src\core\base\ConfigLoader.py:99: error: Name "raw" already defined on line 86  [no-redef]
src\core\base\ConfigLoader.py:103: error: Library stubs not installed for "toml"  [import-untyped]
src\core\base\ConfigLoader.py:103: note: Hint: "python3 -m pip install types-toml"
src\core\base\ConfigLoader.py:104: error: Name "raw" already defined on line 86  [no-redef]
src\interface\ui\cli\pyagent_cli.py:33: error: Library stubs not installed for "requests"  [import-untyped]
src\logic\agents\swarm\OrchestratorFeatures.py:263: error: "HealthChecker" has no attribute "print_report"  [attr-defined]
src\logic\agents\swarm\OrchestratorFeatures.py:274: error: Argument 1 to "contextmanager" has incompatible type "Callable[[OrchestratorFeatures, str], bool]"; expected "Callable[[OrchestratorFeatures, str], Iterator[Never]]"  [arg-type]
src\logic\agents\swarm\OrchestratorFeatures.py:275: error: The return type of a generator function should be "Generator" or one of its supertypes  [misc]
src\logic\agents\swarm\OrchestratorFeatures.py:313: error: "OrchestratorFeatures" has no attribute "update_errors_improvements"  [attr-defined]
src\logic\agents\swarm\OrchestratorFeatures.py:316: error: "OrchestratorFeatures" has no attribute "update_code"  [attr-defined]
src\logic\agents\swarm\OrchestratorFeatures.py:318: error: "OrchestratorFeatures" has no attribute "update_changelog_context_tests"  [attr-defined]
src\logic\agents\swarm\OrchestratorFeatures.py:348: error: "OrchestratorFeatures" has no attribute "find_code_files"  [attr-defined]
src\logic\agents\swarm\OrchestratorFeatures.py:356: error: "OrchestratorFeatures" has no attribute "process_files_multiprocessing"  [attr-defined]
src\logic\agents\swarm\OrchestratorFeatures.py:359: error: "OrchestratorFeatures" has no attribute "async_process_files"; maybe "process_file"?  [attr-defined]
src\logic\agents\swarm\OrchestratorFeatures.py:362: error: "OrchestratorFeatures" has no attribute "process_files_threaded"  [attr-defined]
src\logic\agents\swarm\OrchestratorFeatures.py:366: error: "OrchestratorFeatures" has no attribute "execute_callbacks"  [attr-defined]
src\logic\agents\swarm\OrchestratorFeatures.py:366: error: "OrchestratorFeatures" has no attribute "metrics"  [attr-defined]
src\logic\agents\swarm\OrchestratorFeatures.py:367: error: "OrchestratorFeatures" has no attribute "send_webhook_notification"  [attr-defined]
src\logic\agents\swarm\OrchestratorFeatures.py:367: error: "OrchestratorFeatures" has no attribute "metrics"  [attr-defined]
src\logic\agents\swarm\OrchestratorFeatures.py:395: error: "OrchestratorFeatures" has no attribute "_check_files_ready"  [attr-defined]
src\logic\agents\swarm\OrchestratorFeatures.py:449: error: "OrchestratorFeatures" has no attribute "find_code_files"  [attr-defined]
src\logic\agents\swarm\OrchestratorFeatures.py:459: error: "OrchestratorFeatures" has no attribute "execute_callbacks"  [attr-defined]
src\logic\agents\swarm\OrchestratorFeatures.py:459: error: "OrchestratorFeatures" has no attribute "metrics"  [attr-defined]
src\logic\agents\swarm\OrchestratorFeatures.py:460: error: "OrchestratorFeatures" has no attribute "send_webhook_notification"  [attr-defined]
src\logic\agents\swarm\OrchestratorFeatures.py:460: error: "OrchestratorFeatures" has no attribute "metrics"  [attr-defined]
src\infrastructure\orchestration\SignalRegistry.py:45: error: "SignalRegistry" has no attribute "subscribers"; maybe "subscribe"?  [attr-defined]
src\infrastructure\orchestration\SignalRegistry.py:46: error: Cannot determine type of "history"  [has-type]
src\infrastructure\orchestration\SignalRegistry.py:47: error: "SignalRegistry" has no attribute "core"  [attr-defined]
src\infrastructure\orchestration\SignalRegistry.py:48: error: Type cannot be declared in assignment to non-self attribute  [misc]
src\infrastructure\orchestration\SignalRegistry.py:48: error: "SignalRegistry" has no attribute "capabilities"  [attr-defined]
src\infrastructure\orchestration\SignalRegistry.py:61: error: "SignalRegistry" has no attribute "capabilities"  [attr-defined]
src\infrastructure\orchestration\SignalRegistry.py:66: error: "SignalRegistry" has no attribute "capabilities"  [attr-defined]
src\infrastructure\orchestration\SignalRegistry.py:70: error: "SignalRegistry" has no attribute "subscribers"; maybe "subscribe"?  [attr-defined]
src\infrastructure\orchestration\SignalRegistry.py:71: error: "SignalRegistry" has no attribute "subscribers"; maybe "subscribe"?  [attr-defined]
src\infrastructure\orchestration\SignalRegistry.py:72: error: "SignalRegistry" has no attribute "subscribers"; maybe "subscribe"?  [attr-defined]
src\infrastructure\orchestration\SignalRegistry.py:77: error: "SignalRegistry" has no attribute "core"  [attr-defined]
src\infrastructure\orchestration\SignalRegistry.py:78: error: Cannot determine type of "history"  [has-type]
src\infrastructure\orchestration\SignalRegistry.py:83: error: Cannot determine type of "history"  [has-type]
src\infrastructure\orchestration\SignalRegistry.py:87: error: "SignalRegistry" has no attribute "subscribers"; maybe "subscribe"?  [attr-defined]
src\infrastructure\orchestration\SignalRegistry.py:89: error: "SignalRegistry" has no attribute "subscribers"; maybe "subscribe"?  [attr-defined]
src\infrastructure\orchestration\SignalRegistry.py:103: error: "SignalRegistry" has no attribute "core"  [attr-defined]
src\infrastructure\orchestration\LockManager.py:63: error: Name "AsyncGenerator" is not defined  [name-defined]
src\infrastructure\orchestration\LockManager.py:103: error: Argument 1 to "contextmanager" has incompatible type "Callable[[LockManager, str, float], ContextManager[None]]"; expected "Callable[[LockManager, str, float], Iterator[Never]]"  [arg-type]
src\infrastructure\orchestration\LockManager.py:104: error: The return type of a generator function should be "Generator" or one of its supertypes  [misc]
src\infrastructure\orchestration\LockManager.py:130: error: Name "Generator" is not defined  [name-defined]
src\core\base\utilities.py:134: error: "_Wrapped[[VarArg(Any), KwArg(Any)], Any, [Any, VarArg(Any), KwArg(Any)], Coroutine[Any, Any, Any]]" has no attribute "_is_tool"  [attr-defined]
src\core\base\utilities.py:135: error: "_Wrapped[[VarArg(Any), KwArg(Any)], Any, [Any, VarArg(Any), KwArg(Any)], Coroutine[Any, Any, Any]]" has no attribute "_tool_priority"  [attr-defined]
src\core\base\utilities.py:137: error: "_Wrapped[[VarArg(Any), KwArg(Any)], Any, [Any, VarArg(Any), KwArg(Any)], Coroutine[Any, Any, Any]]" has no attribute "_tool_category"  [attr-defined]
src\core\base\shell.py:103: error: Argument 1 to "stream_reader" has incompatible type "StreamReader | None"; expected "StreamReader"  [arg-type]
src\core\base\shell.py:104: error: Argument 1 to "stream_reader" has incompatible type "StreamReader | None"; expected "StreamReader"  [arg-type]
src\core\base\shell.py:146: error: Incompatible types in assignment (expression has type "str | None", target has type "str")  [assignment]
src\core\base\shell.py:176: error: Incompatible types in assignment (expression has type "Exception", variable has type "TimeoutExpired | None")  [assignment]
tests\unit\observability\test_stats_UNIT.py:140: error: Unsupported operand types for + ("int" and "object")  [operator]
tests\unit\observability\test_stats_UNIT.py:158: error: Unsupported operand types for + ("int" and "object")  [operator]
tests\unit\observability\test_stats_UNIT.py:288: error: Argument "key" to "sorted" has incompatible type "Callable[[dict[str, object]], object]"; expected "Callable[[dict[str, object]], SupportsDunderLT[Any] | SupportsDunderGT[Any]]"  [arg-type]
tests\unit\observability\test_stats_UNIT.py:288: error: Incompatible return value type (got "object", expected "SupportsDunderLT[Any] | SupportsDunderGT[Any]")  [return-value]
tests\unit\observability\test_stats_UNIT.py:412: error: Unsupported operand types for < ("float" and "object")  [operator]
tests\unit\observability\test_stats_UNIT.py:448: error: Unsupported left operand type for - ("object")  [operator]
tests\unit\observability\test_stats_UNIT.py:495: error: Value of type "object" is not indexable  [index]
tests\unit\observability\test_stats_UNIT.py:549: error: Unsupported left operand type for < ("object")  [operator]
tests\unit\observability\test_stats_UNIT.py:570: error: Unsupported operand types for >= ("str" and "object")  [operator]
tests\unit\observability\test_stats_UNIT.py:570: error: Unsupported operand types for <= ("str" and "object")  [operator]
tests\unit\observability\test_stats_UNIT.py:586: error: "object" has no attribute "startswith"  [attr-defined]
tests\unit\observability\test_stats_UNIT.py:608: error: Unsupported operand types for <= ("str" and "object")  [operator]
tests\unit\observability\test_stats_UNIT.py:649: error: Unsupported left operand type for > ("object")  [operator]
tests\unit\observability\test_stats_UNIT.py:773: error: Unsupported left operand type for / ("object")  [operator]
tests\unit\observability\test_stats_UNIT.py:775: error: Argument "key" to "sorted" has incompatible type "Callable[[dict[str, object]], object]"; expected "Callable[[dict[str, object]], SupportsDunderLT[Any] | SupportsDunderGT[Any]]"  [arg-type]
tests\unit\observability\test_stats_UNIT.py:775: error: Incompatible return value type (got "object", expected "SupportsDunderLT[Any] | SupportsDunderGT[Any]")  [return-value]
tests\integration\test_gui_modular.py:29: error: "type[TestGUIModular]" has no attribute "root"  [attr-defined]
tests\integration\test_gui_modular.py:30: error: "type[TestGUIModular]" has no attribute "root"  [attr-defined]
tests\integration\test_gui_modular.py:31: error: "type[TestGUIModular]" has no attribute "_tk_available"  [attr-defined]
tests\integration\test_gui_modular.py:34: error: "type[TestGUIModular]" has no attribute "_tk_available"  [attr-defined]
tests\integration\test_gui_modular.py:37: error: "TestGUIModular" has no attribute "_tk_available"  [attr-defined]
tests\integration\test_gui_modular.py:42: error: "type[TestGUIModular]" has no attribute "_tk_available"  [attr-defined]
tests\integration\test_gui_modular.py:43: error: "type[TestGUIModular]" has no attribute "root"  [attr-defined]
tests\integration\test_gui_modular.py:46: error: "TestGUIModular" has no attribute "root"  [attr-defined]
tests\integration\test_gui_modular.py:50: error: "TestGUIModular" has no attribute "root"  [attr-defined]
tests\integration\test_gui_modular.py:55: error: "TestGUIModular" has no attribute "root"  [attr-defined]
tests\integration\test_gui_modular.py:62: error: "TestGUIModular" has no attribute "root"  [attr-defined]
tests\integration\test_gui_modular.py:76: error: "TestGUIModular" has no attribute "root"  [attr-defined]
tests\integration\test_gui_modular.py:82: error: "TestGUIModular" has no attribute "root"  [attr-defined]
tests\integration\test_gui_modular.py:97: error: "TestGUIModular" has no attribute "root"  [attr-defined]
tests\integration\test_gui_integration.py:26: error: "type[TestGUIIntegration]" has no attribute "root"  [attr-defined]
tests\integration\test_gui_integration.py:27: error: "type[TestGUIIntegration]" has no attribute "root"  [attr-defined]
tests\integration\test_gui_integration.py:28: error: "type[TestGUIIntegration]" has no attribute "_tk_available"  [attr-defined]
tests\integration\test_gui_integration.py:30: error: Name "logging" is not defined  [name-defined]
tests\integration\test_gui_integration.py:31: error: "type[TestGUIIntegration]" has no attribute "_tk_available"  [attr-defined]
tests\integration\test_gui_integration.py:35: error: "type[TestGUIIntegration]" has no attribute "_tk_available"  [attr-defined]
tests\integration\test_gui_integration.py:36: error: "type[TestGUIIntegration]" has no attribute "root"  [attr-defined]
tests\integration\test_gui_integration.py:39: error: "TestGUIIntegration" has no attribute "_tk_available"  [attr-defined]
tests\integration\test_gui_integration.py:41: error: "TestGUIIntegration" has no attribute "root"  [attr-defined]
src\infrastructure\fleet\ConsciousnessRegistry.py:31: error: Type cannot be declared in assignment to non-self attribute  [misc]
src\infrastructure\fleet\ConsciousnessRegistry.py:31: error: "ConsciousnessRegistry" has no attribute "thought_index"  [attr-defined]
src\infrastructure\fleet\ConsciousnessRegistry.py:32: error: Type cannot be declared in assignment to non-self attribute  [misc]
src\infrastructure\fleet\ConsciousnessRegistry.py:32: error: "ConsciousnessRegistry" has no attribute "global_summary"  [attr-defined]
src\infrastructure\fleet\ConsciousnessRegistry.py:53: error: "ConsciousnessRegistry" has no attribute "thought_index"  [attr-defined]
src\infrastructure\fleet\ConsciousnessRegistry.py:54: error: "ConsciousnessRegistry" has no attribute "thought_index"  [attr-defined]
src\infrastructure\fleet\ConsciousnessRegistry.py:62: error: "ConsciousnessRegistry" has no attribute "thought_index"  [attr-defined]
src\infrastructure\fleet\ConsciousnessRegistry.py:65: error: "ConsciousnessRegistry" has no attribute "thought_index"  [attr-defined]
src\infrastructure\fleet\ConsciousnessRegistry.py:66: error: "ConsciousnessRegistry" has no attribute "thought_index"  [attr-defined]
src\infrastructure\fleet\ConsciousnessRegistry.py:70: error: "ConsciousnessRegistry" has no attribute "thought_index"  [attr-defined]
src\infrastructure\fleet\ConsciousnessRegistry.py:76: error: "ConsciousnessRegistry" has no attribute "thought_index"  [attr-defined]
src\infrastructure\dev\scripts\visualize_swarm_graph.py:27: error: "SignalRegistry" has no attribute "subscribers"; maybe "subscribe"?  [attr-defined]
src\logic\tools\evolved\sampletask.py:29: error: Argument 1 to "as_tool" has incompatible type "Callable[[], None]"; expected "int"  [arg-type]
src\infrastructure\plugins\tools\weather_api_tool.py:24: error: Library stubs not installed for "requests"  [import-untyped]
src\infrastructure\plugins\tools\weather_api_tool.py:36: error: Argument 1 to "as_tool" has incompatible type "def get_weather(self: Weather_APITool, **kwargs: Any) -> Any"; expected "int"  [arg-type]
src\infrastructure\fleet\ShardingOrchestrator.py:133: error: Name "_save_mapping" already defined on line 128  [no-redef]
src\infrastructure\dev\test_utils\TestDataSeeder.py:34: error: Name "np" already defined (by an import)  [no-redef]
src\observability\stats\exporters\OTelManager.py:77: error: Incompatible types in assignment (expression has type "None", variable has type "Tracer")  [assignment]
tests\unit\test_utils\test_test_utils_UNIT.py:16: error: Name "AGENT_DIR" already defined (possibly by an import)  [no-redef]
tests\unit\test_utils\test_test_utils_UNIT.py:18: error: Name "agent_sys_path" already defined (possibly by an import)  [no-redef]
tests\unit\test_utils\test_test_utils_UNIT.py:21: error: Incompatible return value type (got "agent_sys_path", expected "str")  [return-value]
tests\unit\test_utils\test_test_utils_UNIT.py:22: error: Missing return statement  [return]
tests\unit\test_utils\test_test_utils_PERFORMANCE.py:15: error: Name "AGENT_DIR" already defined (possibly by an import)  [no-redef]
tests\unit\test_utils\test_test_utils_PERFORMANCE.py:17: error: Name "agent_sys_path" already defined (possibly by an import)  [no-redef]
tests\unit\test_utils\test_test_utils_PERFORMANCE.py:18: error: Name "Self" is not defined  [name-defined]
tests\unit\test_utils\test_test_utils_INTEGRATION.py:18: error: Name "AGENT_DIR" already defined (possibly by an import)  [no-redef]
tests\unit\test_utils\test_test_utils_INTEGRATION.py:20: error: Name "agent_sys_path" already defined (possibly by an import)  [no-redef]
tests\unit\test_utils\test_test_utils_INTEGRATION.py:21: error: Name "Self" is not defined  [name-defined]
tests\unit\test_utils\test_test_utils_CORE_UNIT.py:18: error: Name "AGENT_DIR" already defined (possibly by an import)  [no-redef]
tests\unit\test_utils\test_test_utils_CORE_UNIT.py:20: error: Name "agent_sys_path" already defined (possibly by an import)  [no-redef]
tests\unit\test_utils\test_test_utils_CORE_UNIT.py:23: error: Incompatible return value type (got "agent_sys_path", expected "str")  [return-value]
tests\unit\test_utils\test_test_utils_CORE_UNIT.py:24: error: Missing return statement  [return]
tests\unit\test_utils\test_test_utils_CORE_UNIT.py:125: error: No return value expected  [return-value]
tests\unit\test_utils\test_test_utils_CORE_UNIT.py:795: error: Name "sys.NoReturn" is not defined  [name-defined]
tests\unit\test_utils\test_test_utils_COMPREHENSIVE_UNIT.py:20: error: Name "AGENT_DIR" already defined (possibly by an import)  [no-redef]
tests\unit\test_utils\test_test_utils_COMPREHENSIVE_UNIT.py:22: error: Name "agent_sys_path" already defined (possibly by an import)  [no-redef]
tests\unit\test_utils\test_test_utils_COMPREHENSIVE_UNIT.py:25: error: Incompatible return value type (got "agent_sys_path", expected "str")  [return-value]
tests\unit\test_utils\test_test_utils_COMPREHENSIVE_UNIT.py:26: error: Missing return statement  [return]
tests\unit\test_utils\test_test_utils_COMPREHENSIVE_UNIT.py:189: error: Incompatible return value type (got "TestContext", expected "str")  [return-value]
tests\unit\test_utils\test_test_utils_COMPREHENSIVE_UNIT.py:191: error: Missing return statement  [return]
tests\unit\test_utils\test_test_utils_COMPREHENSIVE_UNIT.py:235: error: List item 0 has incompatible type "tuple[int, int, int]"; expected "tuple[int]"  [list-item]
tests\unit\test_utils\test_test_utils_COMPREHENSIVE_UNIT.py:236: error: List item 1 has incompatible type "tuple[int, int, int]"; expected "tuple[int]"  [list-item]
tests\unit\test_utils\test_test_utils_COMPREHENSIVE_UNIT.py:237: error: List item 2 has incompatible type "tuple[int, int, int]"; expected "tuple[int]"  [list-item]
tests\unit\test_utils\test_test_utils_COMPREHENSIVE_UNIT.py:238: error: List item 3 has incompatible type "tuple[int, int, int]"; expected "tuple[int]"  [list-item]
tests\unit\test_utils\test_test_utils_COMPREHENSIVE_UNIT.py:241: error: Need more than 1 value to unpack (3 expected)  [misc]
tests\unit\test_utils\test_test_utils_COMPREHENSIVE_UNIT.py:248: error: List item 0 has incompatible type "tuple[str, int, bool]"; expected "tuple[str | int | bool]"  [list-item]
tests\unit\test_utils\test_test_utils_COMPREHENSIVE_UNIT.py:249: error: List item 1 has incompatible type "tuple[str, int, bool]"; expected "tuple[str | int | bool]"  [list-item]
tests\unit\test_utils\test_test_utils_COMPREHENSIVE_UNIT.py:250: error: List item 2 has incompatible type "tuple[str, int, bool]"; expected "tuple[str | int | bool]"  [list-item]
tests\unit\test_utils\test_test_utils_COMPREHENSIVE_UNIT.py:253: error: Need more than 1 value to unpack (3 expected)  [misc]
tests\unit\test_utils\test_test_utils_COMPREHENSIVE_UNIT.py:328: error: Name "sys.NoReturn" is not defined  [name-defined]
tests\unit\test_utils\test_test_utils_COMPREHENSIVE_UNIT.py:336: error: Name "sys.NoReturn" is not defined  [name-defined]
tests\unit\observability\test_stats_SHELL.py:206: error: List comprehension has incompatible type List[tuple[str, int]]; expected List[tuple[str | int]]  [misc]
tests\unit\observability\test_stats_PERFORMANCE.py:16: error: Name "AGENT_DIR" already defined (possibly by an import)  [no-redef]
tests\unit\observability\test_stats_PERFORMANCE.py:18: error: Name "agent_sys_path" already defined (possibly by an import)  [no-redef]
tests\unit\observability\test_stats_PERFORMANCE.py:19: error: Name "Self" is not defined  [name-defined]
tests\unit\observability\test_stats_PERFORMANCE.py:99: error: Generator has incompatible item type "object"; expected "bool"  [misc]
tests\unit\observability\test_stats_PERFORMANCE.py:110: error: Unsupported left operand type for - ("object")  [operator]
tests\unit\observability\test_stats_INTEGRATION.py:16: error: Name "AGENT_DIR" already defined (possibly by an import)  [no-redef]
tests\unit\observability\test_stats_INTEGRATION.py:18: error: Name "agent_sys_path" already defined (possibly by an import)  [no-redef]
tests\unit\observability\test_stats_INTEGRATION.py:19: error: Name "Self" is not defined  [name-defined]
tests\unit\observability\test_stats_INTEGRATION.py:39: error: Generator has incompatible item type "object"; expected "bool"  [misc]
tests\unit\observability\test_stats_INTEGRATION.py:40: error: Generator has incompatible item type "object"; expected "bool"  [misc]
tests\unit\observability\test_reports_SHELL.py:1165: error: Value of type "object" is not indexable  [index]
tests\unit\observability\test_reports_PERFORMANCE.py:15: error: Name "AGENT_DIR" already defined (possibly by an import)  [no-redef]
tests\unit\observability\test_reports_PERFORMANCE.py:17: error: Name "agent_sys_path" already defined (possibly by an import)  [no-redef]
tests\unit\observability\test_reports_PERFORMANCE.py:18: error: Name "Self" is not defined  [name-defined]
tests\unit\observability\test_reports_PERFORMANCE.py:58: error: Unsupported left operand type for - ("object")  [operator]
tests\unit\observability\test_reports_INTEGRATION.py:19: error: Name "AGENT_DIR" already defined (possibly by an import)  [no-redef]
tests\unit\observability\test_reports_INTEGRATION.py:21: error: Name "agent_sys_path" already defined (possibly by an import)  [no-redef]
tests\unit\observability\test_reports_INTEGRATION.py:22: error: Name "Self" is not defined  [name-defined]
tests\unit\observability\test_reports_INTEGRATION.py:216: error: Value of type "Collection[str]" is not indexable  [index]
tests\unit\observability\test_reports_INTEGRATION.py:254: error: Value of type "object" is not indexable  [index]
tests\unit\observability\test_reports_INTEGRATION.py:340: error: Unsupported left operand type for - ("object")  [operator]
tests\unit\observability\edge_cases.py:17: error: Name "AGENT_DIR" already defined (possibly by an import)  [no-redef]
tests\unit\observability\edge_cases.py:19: error: Name "agent_sys_path" already defined (possibly by an import)  [no-redef]
tests\unit\observability\edge_cases.py:20: error: Name "Self" is not defined  [name-defined]
tests\unit\observability\advanced.py:20: error: Name "AGENT_DIR" already defined (possibly by an import)  [no-redef]
tests\unit\observability\advanced.py:22: error: Name "agent_sys_path" already defined (possibly by an import)  [no-redef]
tests\unit\observability\advanced.py:23: error: Name "Self" is not defined  [name-defined]
tests\unit\observability\advanced.py:63: error: Unsupported left operand type for < ("object")  [operator]
tests\unit\observability\advanced.py:78: error: Unsupported left operand type for - ("object")  [operator]
tests\unit\observability\advanced.py:80: error: Unsupported left operand type for - ("object")  [operator]
tests\unit\observability\advanced.py:244: error: Unsupported operand types for + ("int" and "object")  [operator]
tests\unit\observability\advanced.py:245: error: Unsupported operand types for + ("int" and "object")  [operator]
tests\unit\observability\advanced.py:257: error: Need type annotation for "by_agent" (hint: "by_agent: dict[<type>, <type>] = ...")  [var-annotated]
tests\unit\observability\advanced.py:271: error: Need type annotation for "by_date" (hint: "by_date: dict[<type>, <type>] = ...")  [var-annotated]
tests\unit\observability\advanced.py:328: error: Argument "key" to "max" has incompatible type overloaded function; expected "Callable[[str], SupportsDunderLT[Any] | SupportsDunderGT[Any]]"  [arg-type]
tests\unit\observability\advanced.py:403: error: Unsupported operand types for - ("float" and "object")  [operator]
tests\unit\logic\test_coder_UNIT.py:15: error: Name "AGENT_DIR" already defined (possibly by an import)  [no-redef]
tests\unit\logic\test_coder_UNIT.py:17: error: Name "agent_sys_path" already defined (possibly by an import)  [no-redef]
tests\unit\logic\test_coder_UNIT.py:20: error: Incompatible return value type (got "agent_sys_path", expected "str")  [return-value]
tests\unit\logic\test_coder_UNIT.py:21: error: Missing return statement  [return]
tests\unit\logic\test_coder_UNIT.py:24: error: Name "mod" is not defined  [name-defined]
tests\unit\logic\test_coder_UNIT.py:24: error: Name "target" is not defined  [name-defined]
tests\unit\logic\test_coder_UNIT.py:27: error: Name "mod" is not defined  [name-defined]
tests\unit\logic\test_coder_UNIT.py:32: error: Name "sys.ModuleType" is not defined  [name-defined]
tests\unit\logic\test_coder_UNIT.py:55: error: Name "sys.ModuleType" is not defined  [name-defined]
tests\unit\logic\test_coder_UNIT.py:72: error: Name "sys.ModuleType" is not defined  [name-defined]
tests\unit\logic\test_coder_UNIT.py:100: error: Name "sys.ModuleType" is not defined  [name-defined]
tests\unit\logic\test_coder_UNIT.py:118: error: Name "sys.ModuleType" is not defined  [name-defined]
tests\unit\logic\test_coder_UNIT.py:146: error: Name "sys.ModuleType" is not defined  [name-defined]
tests\unit\logic\test_coder_UNIT.py:165: error: Name "sys.ModuleType" is not defined  [name-defined]
tests\unit\logic\test_coder_UNIT.py:193: error: Name "sys.ModuleType" is not defined  [name-defined]
tests\unit\logic\test_coder_UNIT.py:221: error: Name "sys.ModuleType" is not defined  [name-defined]
tests\unit\logic\test_coder_UNIT.py:224: error: Name "code" already defined on line 223  [no-redef]
tests\unit\logic\test_coder_UNIT.py:246: error: Name "sys.ModuleType" is not defined  [name-defined]
tests\unit\logic\test_coder_UNIT.py:277: error: Name "sys.ModuleType" is not defined  [name-defined]
tests\unit\logic\test_coder_UNIT.py:306: error: Name "sys.ModuleType" is not defined  [name-defined]
tests\unit\logic\test_coder_UNIT.py:323: error: Name "sys.ModuleType" is not defined  [name-defined]
tests\unit\logic\test_coder_UNIT.py:350: error: Name "sys.ModuleType" is not defined  [name-defined]
tests\unit\logic\test_coder_UNIT.py:378: error: Name "sys.ModuleType" is not defined  [name-defined]
tests\unit\logic\test_coder_UNIT.py:408: error: Name "sys.ModuleType" is not defined  [name-defined]
tests\unit\logic\test_coder_UNIT.py:435: error: Name "sys.ModuleType" is not defined  [name-defined]
tests\unit\logic\test_coder_UNIT.py:459: error: Name "sys.ModuleType" is not defined  [name-defined]
tests\unit\logic\test_coder_UNIT.py:488: error: Name "sys.ModuleType" is not defined  [name-defined]
tests\unit\logic\test_coder_UNIT.py:514: error: Name "sys.ModuleType" is not defined  [name-defined]
tests\unit\logic\test_coder_UNIT.py:545: error: Name "sys.ModuleType" is not defined  [name-defined]
tests\unit\logic\test_coder_UNIT.py:572: error: Name "sys.ModuleType" is not defined  [name-defined]
tests\unit\logic\test_coder_UNIT.py:589: error: Name "sys.ModuleType" is not defined  [name-defined]
tests\unit\logic\test_agent_UNIT.py:18: error: Name "AGENT_DIR" already defined (possibly by an import)  [no-redef]
tests\unit\logic\test_agent_UNIT.py:20: error: Name "agent_sys_path" already defined (possibly by an import)  [no-redef]
tests\unit\logic\test_agent_UNIT.py:23: error: Incompatible return value type (got "agent_sys_path", expected "bool")  [return-value]
tests\unit\logic\test_agent_UNIT.py:24: error: Missing return statement  [return]
tests\unit\logic\test_agent_UNIT.py:212: error: Missing return statement  [return]
tests\unit\logic\test_agent_UNIT.py:240: error: Missing return statement  [return]
tests\unit\logic\test_agent_UNIT.py:318: error: Missing return statement  [empty-body]
tests\unit\logic\test_agent_UNIT.py:436: error: Incompatible return value type (got "str", expected "bool")  [return-value]
tests\unit\logic\test_agent_CORE_UNIT.py:15: error: Name "AGENT_DIR" already defined (possibly by an import)  [no-redef]
tests\unit\logic\test_agent_CORE_UNIT.py:17: error: Name "agent_sys_path" already defined (possibly by an import)  [no-redef]
tests\unit\logic\test_agent_CORE_UNIT.py:20: error: Incompatible return value type (got "agent_sys_path", expected "bool")  [return-value]
tests\unit\logic\test_agent_CORE_UNIT.py:21: error: Missing return statement  [return]
tests\unit\logic\test_agent_ADVANCED_UNIT.py:18: error: Name "AGENT_DIR" already defined (possibly by an import)  [no-redef]
tests\unit\logic\test_agent_ADVANCED_UNIT.py:20: error: Name "agent_sys_path" already defined (possibly by an import)  [no-redef]
tests\unit\logic\test_agent_ADVANCED_UNIT.py:23: error: Incompatible return value type (got "agent_sys_path", expected "bool")  [return-value]
tests\unit\logic\test_agent_ADVANCED_UNIT.py:24: error: Missing return statement  [return]
tests\unit\logic\edge_cases.py:15: error: Name "AGENT_DIR" already defined (possibly by an import)  [no-redef]
tests\unit\logic\edge_cases.py:17: error: Name "agent_sys_path" already defined (possibly by an import)  [no-redef]
tests\unit\logic\edge_cases.py:20: error: Incompatible return value type (got "agent_sys_path", expected "str")  [return-value]
tests\unit\logic\edge_cases.py:21: error: Missing return statement  [return]
tests\unit\logic\conftest.py:101: error: Cannot assign to a method  [method-assign]
tests\unit\logic\conftest.py:269: error: Variable "BaseAgentClass" is not valid as a type  [valid-type]
tests\unit\logic\conftest.py:269: note: See https://mypy.readthedocs.io/en/stable/common_issues.html#variables-vs-type-aliases
tests\unit\logic\conftest.py:269: error: Invalid base class "BaseAgentClass"  [misc]
tests\unit\logic\conftest.py:309: error: Incompatible types in assignment (expression has type "None", variable has type "set[Any]")  [assignment]
tests\unit\logic\conftest.py:326: error: "None" has no attribute "config"  [attr-defined]
tests\unit\logic\conftest.py:328: error: "None" has no attribute "config"  [attr-defined]
tests\unit\logic\conftest.py:339: error: "None" has no attribute "lock_timeout"  [attr-defined]
tests\unit\logic\advanced.py:15: error: Name "AGENT_DIR" already defined (possibly by an import)  [no-redef]
tests\unit\logic\advanced.py:17: error: Name "agent_sys_path" already defined (possibly by an import)  [no-redef]
tests\unit\logic\advanced.py:18: error: Name "Self" is not defined  [name-defined]
tests\unit\infrastructure\test_backend_UNIT.py:14: error: Name "AGENT_DIR" already defined (possibly by an import)  [no-redef]
tests\unit\infrastructure\test_backend_UNIT.py:16: error: Name "agent_sys_path" already defined (possibly by an import)  [no-redef]
tests\unit\infrastructure\test_backend_UNIT.py:19: error: Incompatible return value type (got "agent_sys_path", expected "bool")  [return-value]
tests\unit\infrastructure\test_backend_UNIT.py:20: error: Missing return statement  [return]
tests\unit\infrastructure\test_backend_CORE_UNIT.py:18: error: Name "AGENT_DIR" already defined (possibly by an import)  [no-redef]
tests\unit\infrastructure\test_backend_CORE_UNIT.py:20: error: Name "agent_sys_path" already defined (possibly by an import)  [no-redef]
tests\unit\infrastructure\test_backend_CORE_UNIT.py:23: error: Incompatible return value type (got "agent_sys_path", expected "bool")  [return-value]
tests\unit\infrastructure\test_backend_CORE_UNIT.py:24: error: Missing return statement  [return]
tests\unit\infrastructure\test_backend_CORE_UNIT.py:718: error: The return type of "__init__" must be None  [misc]
tests\unit\infrastructure\test_backend_CORE_UNIT.py:718: error: Missing return statement  [return]
tests\unit\infrastructure\test_backend_CORE_UNIT.py:730: error: Incompatible return value type (got "dict[str, str]", expected "bool")  [return-value]
tests\unit\infrastructure\test_backend_CORE_UNIT.py:733: error: Incompatible return value type (got "dict[str, Any]", expected "bool")  [return-value]
tests\unit\infrastructure\test_backend_CORE_UNIT.py:740: error: Name "TestCustomModelEndpoints.CustomEndpointClient" is not defined  [name-defined]
tests\unit\infrastructure\test_backend_CORE_UNIT.py:743: error: Value of type "bool" is not indexable  [index]
tests\unit\infrastructure\test_backend_CORE_UNIT.py:769: error: Missing return statement  [return]
tests\unit\infrastructure\test_backend_CORE_UNIT.py:800: error: Value of type "bool" is not indexable  [index]
tests\unit\infrastructure\test_backend_CORE_UNIT.py:830: error: Incompatible return value type (got "dict[str, Any]", expected "bool")  [return-value]
tests\unit\infrastructure\test_backend_CORE_UNIT.py:838: error: Incompatible return value type (got "dict[str, Any]", expected "bool")  [return-value]
tests\unit\infrastructure\test_backend_CORE_UNIT.py:846: error: Incompatible return value type (got "dict[str, Any]", expected "bool")  [return-value]
tests\unit\infrastructure\test_backend_CORE_UNIT.py:860: error: Value of type "bool" is not indexable  [index]
tests\unit\infrastructure\test_backend_CORE_UNIT.py:861: error: Value of type "bool" is not indexable  [index]
tests\unit\infrastructure\test_backend_CORE_UNIT.py:906: error: Incompatible types in assignment (expression has type "bool", variable has type "None")  [assignment]
tests\unit\infrastructure\test_backend_CORE_UNIT.py:907: error: Attribute "last_check" already defined on line 899  [no-redef]
tests\unit\infrastructure\test_backend_CORE_UNIT.py:907: error: Incompatible types in assignment (expression has type "datetime", variable has type "None")  [assignment]
tests\unit\infrastructure\test_backend_CORE_UNIT.py:910: error: Incompatible types in assignment (expression has type "bool", variable has type "None")  [assignment]
tests\unit\infrastructure\test_backend_CORE_UNIT.py:911: error: Attribute "last_check" already defined on line 899  [no-redef]
tests\unit\infrastructure\test_backend_CORE_UNIT.py:911: error: Incompatible types in assignment (expression has type "datetime", variable has type "None")  [assignment]
tests\unit\infrastructure\test_backend_CORE_UNIT.py:914: error: Name "TestCustomModelEndpoints.EndpointHealthCheck" is not defined  [name-defined]
tests\unit\core\test_context_UNIT.py:19: error: Name "sys.ModuleType" is not defined  [name-defined]
tests\unit\core\test_context_UNIT.py:33: error: Name "sys.ModuleType" is not defined  [name-defined]
tests\unit\core\test_context_UNIT.py:57: error: Name "sys.ModuleType" is not defined  [name-defined]
tests\unit\core\test_context_UNIT.py:81: error: Name "sys.ModuleType" is not defined  [name-defined]
tests\unit\core\test_context_UNIT.py:111: error: Name "sys.ModuleType" is not defined  [name-defined]
tests\unit\core\test_context_UNIT.py:135: error: Name "sys.ModuleType" is not defined  [name-defined]
tests\unit\core\test_context_UNIT.py:159: error: Name "sys.ModuleType" is not defined  [name-defined]
tests\unit\core\test_context_UNIT.py:173: error: Name "sys.ModuleType" is not defined  [name-defined]
tests\unit\core\test_context_UNIT.py:197: error: Name "sys.ModuleType" is not defined  [name-defined]
tests\unit\core\test_context_UNIT.py:221: error: Name "sys.ModuleType" is not defined  [name-defined]
tests\unit\core\test_context_UNIT.py:245: error: Name "sys.ModuleType" is not defined  [name-defined]
tests\unit\core\test_context_UNIT.py:270: error: Name "sys.ModuleType" is not defined  [name-defined]
tests\unit\core\test_context_UNIT.py:295: error: Name "sys.ModuleType" is not defined  [name-defined]
tests\unit\core\test_context_UNIT.py:319: error: Name "sys.ModuleType" is not defined  [name-defined]
tests\unit\core\test_context_UNIT.py:343: error: Name "sys.ModuleType" is not defined  [name-defined]
tests\unit\core\test_context_UNIT.py:367: error: Name "sys.ModuleType" is not defined  [name-defined]
tests\unit\core\test_context_UNIT.py:398: error: Name "sys.ModuleType" is not defined  [name-defined]
tests\unit\core\test_context_UNIT.py:422: error: Name "sys.ModuleType" is not defined  [name-defined]
tests\unit\core\test_context_UNIT.py:452: error: Name "sys.ModuleType" is not defined  [name-defined]
tests\unit\core\test_context_UNIT.py:476: error: Name "sys.ModuleType" is not defined  [name-defined]
tests\unit\core\test_context_UNIT.py:500: error: Name "sys.ModuleType" is not defined  [name-defined]
tests\unit\core\test_context_CORE_UNIT.py:28: error: Name "sys.ModuleType" is not defined  [name-defined]
tests\unit\core\test_context_CORE_UNIT.py:42: error: Name "sys.ModuleType" is not defined  [name-defined]
tests\unit\core\test_context_CORE_UNIT.py:101: error: Value of type "object" is not indexable  [index]
tests\unit\core\test_context_CORE_UNIT.py:102: error: Value of type "object" is not indexable  [index]
tests\unit\core\test_context_CORE_UNIT.py:115: error: Value of type "object" is not indexable  [index]
tests\unit\core\test_context_CORE_UNIT.py:178: error: Incompatible types in assignment (expression has type "bool", target has type "str")  [assignment]
tests\unit\core\test_context_CORE_UNIT.py:267: error: Unsupported right operand type for in ("object")  [operator]
tests\unit\core\test_context_CORE_UNIT.py:321: error: Incompatible return value type (got "str", expected "bool")  [return-value]
tests\unit\core\test_context_CORE_UNIT.py:324: error: Incompatible return value type (got "bool", expected "str")  [return-value]
tests\unit\core\test_context_CORE_UNIT.py:451: error: "stmt" has no attribute "name"  [attr-defined]
tests\unit\core\test_context_CORE_UNIT.py:452: error: "stmt" has no attribute "args"  [attr-defined]
tests\unit\core\test_context_CORE_UNIT.py:468: error: "stmt" has no attribute "name"  [attr-defined]
tests\unit\core\test_context_CORE_UNIT.py:469: error: "stmt" has no attribute "body"  [attr-defined]
tests\unit\core\test_context_CORE_UNIT.py:483: error: "stmt" has no attribute "body"  [attr-defined]
tests\unit\core\test_context_CORE_UNIT.py:637: error: Argument "key" to "sorted" has incompatible type "Callable[[dict[str, object]], object]"; expected "Callable[[dict[str, object]], SupportsDunderLT[Any] | SupportsDunderGT[Any]]"  [arg-type]
tests\unit\core\test_context_CORE_UNIT.py:637: error: Incompatible return value type (got "object", expected "SupportsDunderLT[Any] | SupportsDunderGT[Any]")  [return-value]
tests\unit\core\test_context_CORE_UNIT.py:719: error: Unsupported operand types for > ("int" and "object")  [operator]
tests\unit\core\test_context_CORE_UNIT.py:969: error: Argument "key" to "sorted" has incompatible type "Callable[[dict[str, object]], object]"; expected "Callable[[dict[str, object]], SupportsDunderLT[Any] | SupportsDunderGT[Any]]"  [arg-type]
tests\unit\core\test_context_CORE_UNIT.py:969: error: Incompatible return value type (got "object", expected "SupportsDunderLT[Any] | SupportsDunderGT[Any]")  [return-value]
tests\unit\core\advanced.py:16: error: Name "AGENT_DIR" already defined (possibly by an import)  [no-redef]
tests\unit\core\advanced.py:18: error: Name "agent_sys_path" already defined (possibly by an import)  [no-redef]
tests\unit\core\advanced.py:19: error: Function "tests.utils.agent_test_utils.agent_sys_path" is not valid as a type  [valid-type]
tests\unit\core\advanced.py:19: note: Perhaps you need "Callable[...]" or a callback protocol?
tests\unit\core\advanced.py:67: error: "Sequence[str]" has no attribute "append"  [attr-defined]
tests\unit\core\advanced.py:68: error: "Sequence[str]" has no attribute "append"  [attr-defined]
tests\performance\test_coder_PERFORMANCE.py:15: error: Name "agent_sys_path" already defined (possibly by an import)  [no-redef]
tests\performance\test_base_agent_PERFORMANCE.py:16: error: Name "agent_sys_path" already defined (possibly by an import)  [no-redef]
tests\integration\test_context_integration.py:15: error: Name "AGENT_DIR" already defined (possibly by an import)  [no-redef]
tests\integration\test_context_integration.py:17: error: Name "agent_sys_path" already defined (possibly by an import)  [no-redef]
tests\integration\test_context_integration.py:18: error: Name "Self" is not defined  [name-defined]
tests\integration\test_context_integration.py:56: error: Incompatible types in assignment (expression has type "bool", target has type "str")  [assignment]
tests\integration\test_context_integration.py:130: error: Argument "key" to "max" has incompatible type "Callable[[dict[str, object]], object]"; expected "Callable[[dict[str, object]], SupportsDunderLT[Any] | SupportsDunderGT[Any]]"  [arg-type]
tests\integration\test_context_integration.py:130: error: Incompatible return value type (got "object", expected "SupportsDunderLT[Any] | SupportsDunderGT[Any]")  [return-value]
tests\integration\test_coder_logic_integration.py:15: error: Name "AGENT_DIR" already defined (possibly by an import)  [no-redef]
tests\integration\test_coder_logic_integration.py:17: error: Name "agent_sys_path" already defined (possibly by an import)  [no-redef]
tests\integration\test_coder_logic_integration.py:18: error: Name "Self" is not defined  [name-defined]
tests\integration\test_backend_integration.py:17: error: Name "AGENT_DIR" already defined (possibly by an import)  [no-redef]
tests\integration\test_backend_integration.py:19: error: Name "agent_sys_path" already defined (possibly by an import)  [no-redef]
tests\integration\test_backend_integration.py:20: error: Name "Self" is not defined  [name-defined]
tests\integration\test_backend_integration.py:144: error: Argument 1 to "len" has incompatible type "object"; expected "Sized"  [arg-type]
tests\integration\test_backend_integration.py:145: error: Value of type "object" is not indexable  [index]
tests\integration\test_backend_integration.py:172: error: Value of type "object" is not indexable  [index]
tests\integration\test_backend_integration.py:278: error: Missing return statement  [return]
tests\integration\test_backend_integration.py:288: error: Value of type "dict[str, str] | None" is not indexable  [index]
tests\unit\test_utils\__init__.py:66: error: Incompatible import of "TestTestStatusEnum" (imported name has type "type[tests.unit.test_utils.test_test_utils_COMPREHENSIVE_UNIT.TestTestStatusEnum]", local name has type "type[tests.unit.test_utils.test_test_utils_UNIT.TestTestStatusEnum]")  [assignment]
src\observability\stats\observability_core.py:243: error: Incompatible types in assignment (expression has type "float", target has type "int")  [assignment]
src\observability\stats\analysis.py:147: error: Argument 1 to "float" has incompatible type "str | bytes | int | float | complex | EllipsisType | None"; expected "str | Buffer | SupportsFloat | SupportsIndex"  [arg-type]
src\observability\stats\analysis.py:149: error: Argument 1 to "float" has incompatible type "str | bytes | int | float | complex | EllipsisType | None"; expected "str | Buffer | SupportsFloat | SupportsIndex"  [arg-type]
src\observability\stats\analysis.py:151: error: Cannot call function of unknown type  [operator]
src\observability\stats\analysis.py:153: error: Cannot call function of unknown type  [operator]
src\observability\stats\analysis.py:246: error: Argument 1 to "float" has incompatible type "str | bytes | int | float | complex | EllipsisType | None"; expected "str | Buffer | SupportsFloat | SupportsIndex"  [arg-type]
src\observability\stats\analysis.py:248: error: Argument 1 to "float" has incompatible type "str | bytes | int | float | complex | EllipsisType | None"; expected "str | Buffer | SupportsFloat | SupportsIndex"  [arg-type]
src\observability\stats\analysis.py:250: error: Cannot call function of unknown type  [operator]
src\observability\stats\analysis.py:252: error: Cannot call function of unknown type  [operator]
src\observability\stats\federation.py:41: error: "ConnectivityManager" has no attribute "get_json"  [attr-defined]
src\observability\stats\MetricsCore.py:225: error: Argument 1 to "float" has incompatible type "str | bytes | int | float | complex | EllipsisType | None"; expected "str | Buffer | SupportsFloat | SupportsIndex"  [arg-type]
src\observability\stats\MetricsCore.py:227: error: Argument 1 to "float" has incompatible type "str | bytes | int | float | complex | EllipsisType | None"; expected "str | Buffer | SupportsFloat | SupportsIndex"  [arg-type]
src\observability\stats\MetricsCore.py:229: error: Cannot call function of unknown type  [operator]
src\observability\stats\MetricsCore.py:231: error: Cannot call function of unknown type  [operator]
src\observability\stats\MetricsCore.py:306: error: Name "calculate" already defined on line 257  [no-redef]
src\observability\stats\MetricsCore.py:335: error: Argument 1 to "float" has incompatible type "str | bytes | int | float | complex | EllipsisType | None"; expected "str | Buffer | SupportsFloat | SupportsIndex"  [arg-type]
src\observability\stats\MetricsCore.py:343: error: Cannot call function of unknown type  [operator]
src\infrastructure\backend\SystemHealthMonitor.py:183: error: Argument 1 to "calculate_stability_score" of "StabilityCore" has incompatible type "src.observability.stats.analysis.FleetMetrics"; expected "src.observability.stats.core.StabilityCore.FleetMetrics"  [arg-type]
src\observability\stats\rollup_engine.py:84: error: Argument "aggregation" to "RollupConfig" has incompatible type "src.observability.stats.metrics.AggregationType"; expected "src.observability.stats.observability_core.AggregationType"  [arg-type]
src\observability\stats\rollup_engine.py:166: error: Argument 1 to "float" has incompatible type "Any | None"; expected "str | Buffer | SupportsFloat | SupportsIndex"  [arg-type]
src\observability\stats\metrics_engine.py:25: error: Cannot assign to a type  [misc]
src\observability\stats\metrics_engine.py:25: error: Incompatible types in assignment (expression has type "None", variable has type "type[GrafanaDashboardGenerator]")  [assignment]
tests\unit\test_formula_engine_core.py:5: error: Module "src.observability.stats.metrics_engine" has no attribute "FormulaEngineCore"  [attr-defined]
tests\performance\test_formula_benchmark.py:7: error: Module "src.observability.stats.metrics_engine" has no attribute "FormulaEngineCore"  [attr-defined]
tests\integration\test_formula_integration.py:7: error: Module "src.observability.stats.metrics_engine" has no attribute "FormulaEngineCore"  [attr-defined]
src\interface\ui\gui\dashboard_server.py:160: error: "object" has no attribute "exists"  [attr-defined]
src\interface\ui\gui\dashboard_server.py:160: error: "object" has no attribute "is_dir"  [attr-defined]
src\interface\ui\gui\dashboard_server.py:161: error: "object" has no attribute "iterdir"  [attr-defined]
src\infrastructure\backend\VllmNativeEngine.py:100: error: Argument 1 to "LLM" has incompatible type "**dict[str, object]"; expected "str"  [arg-type]
src\infrastructure\backend\VllmNativeEngine.py:100: error: Argument 1 to "LLM" has incompatible type "**dict[str, object]"; expected "Literal['auto', 'generate', 'pooling', 'draft']"  [arg-type]
src\infrastructure\backend\VllmNativeEngine.py:100: error: Argument 1 to "LLM" has incompatible type "**dict[str, object]"; expected "Literal['auto', 'none', 'embed', 'classify', 'reward']"  [arg-type]
src\infrastructure\backend\VllmNativeEngine.py:100: error: Argument 1 to "LLM" has incompatible type "**dict[str, object]"; expected "str | None"  [arg-type]
src\infrastructure\backend\VllmNativeEngine.py:100: error: Argument 1 to "LLM" has incompatible type "**dict[str, object]"; expected "Literal['auto', 'hf', 'slow', 'mistral', 'deepseek_v32'] | str"  [arg-type]
src\infrastructure\backend\VllmNativeEngine.py:100: error: Argument 1 to "LLM" has incompatible type "**dict[str, object]"; expected "bool"  [arg-type]
src\infrastructure\backend\VllmNativeEngine.py:100: error: Argument 1 to "LLM" has incompatible type "**dict[str, object]"; expected "list[str] | None"  [arg-type]
src\infrastructure\backend\VllmNativeEngine.py:100: error: Argument 1 to "LLM" has incompatible type "**dict[str, object]"; expected "int"  [arg-type]
src\infrastructure\backend\VllmNativeEngine.py:100: error: Argument 1 to "LLM" has incompatible type "**dict[str, object]"; expected "Literal['auto', 'half', 'float16', 'bfloat16', 'float', 'float32']"  [arg-type]
src\infrastructure\backend\VllmNativeEngine.py:100: error: Argument 1 to "LLM" has incompatible type "**dict[str, object]"; expected "Literal['awq', 'deepspeedfp', 'tpu_int8', 'fp8', 'ptpc_fp8', 'fbgemm_fp8', 'fp_quant', 'modelopt', 'modelopt_fp4', 'bitblas', 'gguf', 'gptq_marlin_24', 'gptq_marlin', 'gptq_bitblas', 'awq_marlin', 'gptq', 'compressed-tensors', 'bitsandbytes', 'hqq', 'experts_int8', 'ipex', 'quark', 'moe_wna16', 'torchao', 'auto-round', 'rtn', 'inc', 'mxfp4', 'petit_nvfp4', 'cpu_gptq', 'cpu_awq'] | None"  [arg-type]
src\infrastructure\backend\VllmNativeEngine.py:100: error: Argument 1 to "LLM" has incompatible type "**dict[str, object]"; expected "float"  [arg-type]
src\infrastructure\backend\VllmNativeEngine.py:100: error: Argument 1 to "LLM" has incompatible type "**dict[str, object]"; expected "bool | str | None"  [arg-type]
src\infrastructure\backend\VllmNativeEngine.py:100: error: Argument 1 to "LLM" has incompatible type "**dict[str, object]"; expected "dict[str, Any] | Callable[[PretrainedConfig], PretrainedConfig] | None"  [arg-type]
src\infrastructure\backend\VllmNativeEngine.py:100: error: Argument 1 to "LLM" has incompatible type "**dict[str, object]"; expected "dict[str, Any] | None"  [arg-type]
src\infrastructure\backend\VllmNativeEngine.py:100: note: "dict" is invariant -- see https://mypy.readthedocs.io/en/stable/common_issues.html#variance
src\infrastructure\backend\VllmNativeEngine.py:100: note: Consider using "Mapping" instead, which is covariant in the value type
src\infrastructure\backend\VllmNativeEngine.py:100: error: Argument 1 to "LLM" has incompatible type "**dict[str, object]"; expected "PoolerConfig | None"  [arg-type]
src\infrastructure\backend\VllmNativeEngine.py:100: error: Argument 1 to "LLM" has incompatible type "**dict[str, object]"; expected "dict[str, Any] | StructuredOutputsConfig | None"  [arg-type]
src\infrastructure\backend\VllmNativeEngine.py:100: error: Argument 1 to "LLM" has incompatible type "**dict[str, object]"; expected "dict[str, Any] | ProfilerConfig | None"  [arg-type]
src\infrastructure\backend\VllmNativeEngine.py:100: error: Argument 1 to "LLM" has incompatible type "**dict[str, object]"; expected "int | None"  [arg-type]
src\infrastructure\backend\VllmNativeEngine.py:100: error: Argument 1 to "LLM" has incompatible type "**dict[str, object]"; expected "int | dict[str, Any] | CompilationConfig | None"  [arg-type]
src\infrastructure\backend\VllmNativeEngine.py:100: error: Argument 1 to "LLM" has incompatible type "**dict[str, object]"; expected "list[str | type[LogitsProcessor]] | None"  [arg-type]
src\infrastructure\backend\VllmNativeEngine.py:124: error: Item "None" of "Any | None" has no attribute "generate"  [union-attr]
src\infrastructure\backend\LLMClient.py:53: error: Library stubs not installed for "requests"  [import-untyped]
src\infrastructure\backend\LLMClient.py:112: error: Missing return statement  [return]
src\logic\agents\cognitive\LongTermMemory.py:66: error: Incompatible return value type (got "SentenceTransformer | None", expected "str")  [return-value]
src\logic\agents\cognitive\LongTermMemory.py:86: error: "bytes" has no attribute "tolist"  [attr-defined]
src\core\base\verification.py:72: error: Incompatible return value type (got "None", expected "bool")  [return-value]
src\core\base\verification.py:73: error: Incompatible return value type (got "SentenceTransformer", expected "bool")  [return-value]
src\core\base\verification.py:90: error: "Literal[True]" has no attribute "encode"  [attr-defined]
tests\unit\infrastructure\test_ollama_access.py:5: error: Library stubs not installed for "requests"  [import-untyped]
src\infrastructure\orchestration\IntelligenceOrchestrator.py:43: error: Library stubs not installed for "requests"  [import-untyped]
src\infrastructure\backend\SubagentRunner.py:40: error: Library stubs not installed for "requests"  [import-untyped]
src\logic\agents\cognitive\context\engines\SemanticSearchEngine.py:65: error: Incompatible types in assignment (expression has type "ClientAPI", variable has type "None")  [assignment]
src\logic\agents\cognitive\context\engines\SemanticSearchEngine.py:67: error: Incompatible types in assignment (expression has type "ClientAPI", variable has type "None")  [assignment]
src\logic\agents\cognitive\context\engines\SemanticSearchEngine.py:73: error: "None" has no attribute "get_or_create_collection"  [attr-defined]
src\logic\agents\cognitive\context\engines\MemoryEngine.py:59: error: Incompatible types in assignment (expression has type "Collection", variable has type "None")  [assignment]
src\core\knowledge\vector_store.py:41: error: Incompatible types in assignment (expression has type "None", variable has type "ClientAPI")  [assignment]
src\core\knowledge\vector_store.py:61: error: Value of type "list[list[str]] | None" is not indexable  [index]
src\core\base\BaseAgentCore.py:130: error: Incompatible return value type (got "list[tuple[MethodType, str, int]]", expected "list[tuple[Callable[..., Any], str, int]]")  [return-value]
src\core\base\BaseAgentCore.py:130: note: "list" is invariant -- see https://mypy.readthedocs.io/en/stable/common_issues.html#variance
src\core\base\BaseAgentCore.py:130: note: Consider using "Sequence" instead, which is covariant
src\core\base\BaseAgentCore.py:130: note: Perhaps you need a type annotation for "collected"? Suggestion: "list[tuple[Callable[..., Any], str, int]]"
src\infrastructure\backend\execution_engine.py:28: error: Library stubs not installed for "requests"  [import-untyped]
tests\unit\core\test_semantic.py:30: error: Name "results" already defined on line 23  [no-redef]
tests\unit\core\test_base_agent_LEGACY.py:29: error: Missing return statement  [return]
src\infrastructure\fleet\FleetRoutingCore.py:51: error: "Iterable[str]" has no attribute "__next__"  [attr-defined]
src\infrastructure\fleet\FleetRoutingCore.py:91: error: Argument 2 to "run_in_executor" of "AbstractEventLoop" has incompatible type "def call_tool(self, name: str, **kwargs: Any) -> Coroutine[Any, Any, Any]"; expected "Callable[[Any], str]"  [arg-type]
src\infrastructure\fleet\FleetRoutingCore.py:143: error: "ObservabilityEngine" has no attribute "orchestrator"  [attr-defined]
src\infrastructure\fleet\FleetExecutionCore.py:123: error: Argument 1 to "get" of "LazyAgentMap" has incompatible type "Any | None"; expected "str"  [arg-type]
src\infrastructure\fleet\FleetExecutionCore.py:136: error: Argument 2 to "getattr" has incompatible type "Any | None"; expected "str"  [arg-type]
src\infrastructure\fleet\FleetExecutionCore.py:186: error: Argument 2 to "end_trace" of "ObservabilityEngine" has incompatible type "Any | None"; expected "str"  [arg-type]
src\infrastructure\fleet\FleetExecutionCore.py:186: error: Argument 3 to "end_trace" of "ObservabilityEngine" has incompatible type "Any | None"; expected "str"  [arg-type]
src\infrastructure\fleet\FleetExecutionCore.py:201: error: Argument 2 to "end_trace" of "ObservabilityEngine" has incompatible type "Any | None"; expected "str"  [arg-type]
src\infrastructure\fleet\FleetExecutionCore.py:201: error: Argument 3 to "end_trace" of "ObservabilityEngine" has incompatible type "Any | None"; expected "str"  [arg-type]
src\core\knowledge\knowledge_pruning_engine.py:75: error: Need type annotation for "pruned_report"  [var-annotated]
src\core\knowledge\knowledge_pruning_engine.py:104: error: "GraphKnowledgeStore" has no attribute "nodes"  [attr-defined]
src\core\knowledge\knowledge_pruning_engine.py:105: error: "GraphKnowledgeStore" has no attribute "nodes"  [attr-defined]
src\core\base\delegation.py:54: error: "CascadeContext" has no attribute "parent_id"  [attr-defined]
src\core\knowledge\knowledge_engine.py:53: error: Incompatible types in assignment (expression has type "CompressionAgent", variable has type "None")  [assignment]
src\core\knowledge\knowledge_engine.py:57: error: Incompatible return value type (got "None", expected "bool")  [return-value]
src\core\knowledge\knowledge_engine.py:77: error: "Literal[True]" has no attribute "extract_gist"  [attr-defined]
src\core\base\BaseAgent.py:56: error: Library stubs not installed for "requests"  [import-untyped]
src\core\base\BaseAgent.py:68: error: Cannot assign to a type  [misc]
src\core\base\BaseAgent.py:68: error: Incompatible types in assignment (expression has type "None", variable has type "type[LongTermMemory]")  [assignment]
src\core\base\BaseAgent.py:69: error: Cannot assign to a type  [misc]
src\core\base\BaseAgent.py:69: error: Incompatible types in assignment (expression has type "None", variable has type "type[SignalRegistry]")  [assignment]
src\core\base\BaseAgent.py:70: error: Cannot assign to a type  [misc]
src\core\base\BaseAgent.py:70: error: Incompatible types in assignment (expression has type "None", variable has type "type[ToolRegistry]")  [assignment]
src\core\base\BaseAgent.py:123: error: Incompatible types in assignment (expression has type "None", variable has type "KnowledgeEngine")  [assignment]
src\core\base\BaseAgent.py:156: error: Function "LongTermMemory" could always be true in boolean context  [truthy-function]
src\core\base\BaseAgent.py:161: error: Function "SignalRegistry" could always be true in boolean context  [truthy-function]
src\core\base\BaseAgent.py:162: error: Function "ToolRegistry" could always be true in boolean context  [truthy-function]
src\core\base\BaseAgent.py:254: error: Name "strategy" already defined on line 222  [no-redef]
src\core\base\BaseAgent.py:254: error: "Callable[[BaseAgent], Any]" has no attribute "setter"  [attr-defined]
src\core\base\BaseAgent.py:269: error: Incompatible types in assignment (expression has type "GlobalContextEngine", variable has type "None")  [assignment]
src\core\base\BaseAgent.py:293: error: Property "strategy" defined in "BaseAgent" is read-only  [misc]
src\core\base\BaseAgent.py:316: error: "bool" is invalid as return type for "__exit__" that always returns False  [exit-return]
src\core\base\BaseAgent.py:316: note: Use "typing.Literal[False]" as the return type or change it to "None"
src\core\base\BaseAgent.py:316: note: If return type of "__exit__" implies that it may return True, the context manager may swallow exceptions
src\core\base\BaseAgent.py:392: error: Attribute "_state" already defined on line 132  [no-redef]
src\core\base\BaseAgent.py:394: error: Value of type "Coroutine[Any, Any, None]" must be used  [unused-coroutine]
src\core\base\BaseAgent.py:394: note: Are you missing an await?
src\core\base\BaseAgent.py:416: error: Attribute "_state" already defined on line 132  [no-redef]
src\core\base\BaseAgent.py:426: error: Attribute "_state" already defined on line 132  [no-redef]
src\core\base\BaseAgent.py:480: error: Argument 1 to "CycleInterrupt" has incompatible type "str | None"; expected "str"  [arg-type]
src\core\base\BaseAgent.py:611: error: Incompatible return value type (got "Coroutine[Any, Any, str]", expected "str")  [return-value]
src\core\base\BaseAgent.py:611: note: Maybe you forgot to use "await"?
src\logic\agents\system\CompressionAgent.py:45: error: Argument 1 to "as_tool" has incompatible type "Callable[[CompressionAgent, list[dict[str, str]], int], str]"; expected "int"  [arg-type]
src\logic\agents\system\CompressionAgent.py:63: error: Argument 1 to "as_tool" has incompatible type "Callable[[CompressionAgent, str], str]"; expected "int"  [arg-type]
src\logic\agents\system\CompressionAgent.py:70: error: Return type "str" of "improve_content" incompatible with return type "Coroutine[Any, Any, str]" in supertype "src.core.base.BaseAgent.BaseAgent"  [override]
src\logic\agents\system\MCPAgent.py:52: error: Argument 1 to "as_tool" has incompatible type "Callable[[MCPAgent], Coroutine[Any, Any, str]]"; expected "int"  [arg-type]
src\logic\agents\system\MCPAgent.py:73: error: Argument 1 to "as_tool" has incompatible type "Callable[[MCPAgent, str, str, dict[str, Any]], Coroutine[Any, Any, str]]"; expected "int"  [arg-type]
src\logic\agents\system\MCPAgent.py:94: error: Argument 1 to "as_tool" has incompatible type "Callable[[MCPAgent, str, list[str]], Coroutine[Any, Any, str]]"; expected "int"  [arg-type]
src\logic\agents\development\SecurityGuardAgent.py:110: error: Return type "str" of "improve_content" incompatible with return type "Coroutine[Any, Any, str]" in supertype "src.core.base.BaseAgent.BaseAgent"  [override]
src\logic\agents\cognitive\KnowledgeAgent.py:83: error: Incompatible types in assignment (expression has type "ClientAPI", variable has type "None")  [assignment]
src\logic\agents\cognitive\KnowledgeAgent.py:84: error: "None" has no attribute "get_or_create_collection"  [attr-defined]
src\logic\agents\cognitive\KnowledgeAgent.py:85: error: "None" has no attribute "get_or_create_collection"  [attr-defined]
src\logic\agents\cognitive\KnowledgeAgent.py:91: error: Missing return statement  [return]
src\logic\agents\cognitive\KnowledgeAgent.py:112: error: Missing return statement  [return]
src\logic\agents\cognitive\KnowledgeAgent.py:117: error: Return value expected  [return-value]
src\logic\agents\cognitive\KnowledgeAgent.py:128: error: "None" has no attribute "add"  [attr-defined]
src\logic\agents\cognitive\KnowledgeAgent.py:142: error: "None" has no attribute "query"  [attr-defined]
src\logic\agents\cognitive\KnowledgeAgent.py:156: error: Missing return statement  [return]
src\logic\agents\cognitive\KnowledgeAgent.py:160: error: Return value expected  [return-value]
src\logic\agents\cognitive\KnowledgeAgent.py:190: error: "None" has no attribute "upsert"  [attr-defined]
src\logic\agents\cognitive\KnowledgeAgent.py:203: error: "None" has no attribute "query"  [attr-defined]
src\logic\agents\cognitive\KnowledgeAgent.py:434: error: Incompatible types in assignment (expression has type "list[dict[str, Any]]", target has type "Sequence[str]")  [assignment]
src\logic\agents\cognitive\KnowledgeAgent.py:441: error: "str" has no attribute "get"  [attr-defined]
src\logic\agents\cognitive\KnowledgeAgent.py:448: error: "GraphContextEngine" has no attribute "get_neighbors"  [attr-defined]
src\logic\agents\cognitive\KnowledgeAgent.py:450: error: "Sequence[str]" has no attribute "append"  [attr-defined]
src\logic\agents\cognitive\KnowledgeAgent.py:459: error: "str" has no attribute "get"  [attr-defined]
src\logic\agents\cognitive\KnowledgeAgent.py:473: error: Argument 1 to "as_tool" has incompatible type "Callable[[KnowledgeAgent, str], str]"; expected "int"  [arg-type]
src\logic\agents\cognitive\KnowledgeAgent.py:502: error: Return type "str" of "improve_content" incompatible with return type "Coroutine[Any, Any, str]" in supertype "src.core.base.BaseAgent.BaseAgent"  [override]
src\logic\agents\cognitive\KnowledgeAgent.py:509: error: Incompatible return value type (got "Coroutine[Any, Any, str]", expected "str")  [return-value]
src\logic\agents\cognitive\KnowledgeAgent.py:509: note: Maybe you forgot to use "await"?
src\infrastructure\orchestration\SelfImprovementOrchestrator.py:61: error: Library stubs not installed for "requests"  [import-untyped]
src\infrastructure\orchestration\SelfImprovementOrchestrator.py:63: error: Incompatible types in assignment (expression has type "SelfImprovementCore", variable has type "BaseCore")  [assignment]
src\infrastructure\orchestration\SelfImprovementOrchestrator.py:99: error: Incompatible types in assignment (expression has type "Iterator[tuple[str, list[str], list[str]]]", variable has type "list[Any]")  [assignment]
src\infrastructure\orchestration\SelfImprovementOrchestrator.py:105: error: Unsupported operand types for + ("object" and "int")  [operator]
src\infrastructure\orchestration\SelfImprovementOrchestrator.py:108: error: Unsupported operand types for + ("object" and "int")  [operator]
src\infrastructure\orchestration\SelfImprovementOrchestrator.py:111: error: Unsupported operand types for + ("object" and "int")  [operator]
src\infrastructure\orchestration\SelfImprovementOrchestrator.py:123: error: "object" has no attribute "append"  [attr-defined]
src\infrastructure\orchestration\SelfImprovementOrchestrator.py:157: error: Missing return statement  [return]
src\infrastructure\orchestration\SelfImprovementOrchestrator.py:160: error: Return value expected  [return-value]
src\infrastructure\orchestration\SelfImprovementOrchestrator.py:221: error: "BaseCore" has no attribute "analyze_content"  [attr-defined]
src\infrastructure\orchestration\SelfImprovementOrchestrator.py:261: error: "BaseCore" has no attribute "generate_simple_fix"  [attr-defined]
src\infrastructure\fleet\RemoteAgentProxy.py:27: error: Library stubs not installed for "requests"  [import-untyped]
src\infrastructure\fleet\RemoteAgentProxy.py:129: error: Unexpected keyword argument "agent_name" for "record_interaction" of "LocalContextRecorder"  [call-arg]
src\infrastructure\backend\LocalContextRecorder.py:54: note: "record_interaction" of "LocalContextRecorder" defined here
src\infrastructure\fleet\RemoteAgentProxy.py:129: error: Unexpected keyword argument "tool_name" for "record_interaction" of "LocalContextRecorder"  [call-arg]
src\infrastructure\fleet\RemoteAgentProxy.py:129: error: Unexpected keyword argument "payload" for "record_interaction" of "LocalContextRecorder"  [call-arg]
src\infrastructure\fleet\RemoteAgentProxy.py:129: error: Unexpected keyword argument "response" for "record_interaction" of "LocalContextRecorder"  [call-arg]
src\infrastructure\fleet\RemoteAgentProxy.py:138: error: Return type "str" of "improve_content" incompatible with return type "Coroutine[Any, Any, str]" in supertype "src.core.base.BaseAgent.BaseAgent"  [override]
src\infrastructure\fleet\FleetLifecycleManager.py:49: error: Value of type "Coroutine[Any, Any, None]" must be used  [unused-coroutine]
src\infrastructure\fleet\FleetLifecycleManager.py:49: note: Are you missing an await?
src\infrastructure\fleet\FleetLifecycleManager.py:58: error: Value of type "Coroutine[Any, Any, None]" must be used  [unused-coroutine]
src\infrastructure\fleet\FleetLifecycleManager.py:58: note: Are you missing an await?
src\infrastructure\fleet\FleetLifecycleManager.py:68: error: Value of type "Coroutine[Any, Any, None]" must be used  [unused-coroutine]
src\infrastructure\fleet\FleetLifecycleManager.py:68: note: Are you missing an await?
src\infrastructure\fleet\AgentRegistry.py:43: error: Incompatible default for argument "registry_configs" (default has type "None", argument has type "dict[str, tuple[Any, ...]]")  [assignment]
src\infrastructure\fleet\AgentRegistry.py:43: note: PEP 484 prohibits implicit Optional. Accordingly, mypy has changed its default to no_implicit_optional=True
src\infrastructure\fleet\AgentRegistry.py:43: note: Use https://github.com/hauntsaninja/no_implicit_optional to automatically upgrade your codebase
src\infrastructure\fleet\AgentRegistry.py:161: error: Return type "list[str]" of "keys" incompatible with return type "dict_keys[Any, Any]" in supertype "builtins.dict"  [override]
src\infrastructure\fleet\AgentRegistry.py:161: error: Return type "list[str]" of "keys" incompatible with return type "KeysView[Any]" in supertype "typing.Mapping"  [override]
src\infrastructure\fleet\AgentRegistry.py:169: error: Return type "Iterable[str]" of "__iter__" incompatible with return type "Iterator[Any]" in supertype "builtins.dict"  [override]
src\infrastructure\fleet\AgentRegistry.py:169: error: Return type "Iterable[str]" of "__iter__" incompatible with return type "Iterator[Any]" in supertype "typing.Iterable"  [override]
src\infrastructure\fleet\AgentRegistry.py:175: error: Return type "list[tuple[str, Any]]" of "items" incompatible with return type "dict_items[Any, Any]" in supertype "builtins.dict"  [override]
src\infrastructure\fleet\AgentRegistry.py:175: error: Return type "list[tuple[str, Any]]" of "items" incompatible with return type "ItemsView[Any, Any]" in supertype "typing.Mapping"  [override]
src\infrastructure\fleet\AgentRegistry.py:178: error: Return type "list[Any]" of "values" incompatible with return type "dict_values[Any, Any]" in supertype "builtins.dict"  [override]
src\infrastructure\fleet\AgentRegistry.py:178: error: Return type "list[Any]" of "values" incompatible with return type "ValuesView[Any]" in supertype "typing.Mapping"  [override]
src\infrastructure\fleet\AgentRegistry.py:227: error: Name "importlib.ModuleType" is not defined  [name-defined]
src\infrastructure\fleet\AgentRegistry.py:294: error: Signature of "update" incompatible with supertype "typing.MutableMapping"  [override]
src\infrastructure\fleet\AgentRegistry.py:294: note:      Superclass:
src\infrastructure\fleet\AgentRegistry.py:294: note:          @overload
src\infrastructure\fleet\AgentRegistry.py:294: note:          def update(self, SupportsKeysAndGetItem[Any, Any], /) -> None
src\infrastructure\fleet\AgentRegistry.py:294: note:          @overload
src\infrastructure\fleet\AgentRegistry.py:294: note:          def update(self, SupportsKeysAndGetItem[str, Any], /, **kwargs: Any) -> None
src\infrastructure\fleet\AgentRegistry.py:294: note:          @overload
src\infrastructure\fleet\AgentRegistry.py:294: note:          def update(self, Iterable[tuple[Any, Any]], /) -> None
src\infrastructure\fleet\AgentRegistry.py:294: note:          @overload
src\infrastructure\fleet\AgentRegistry.py:294: note:          def update(self, Iterable[tuple[str, Any]], /, **kwargs: Any) -> None
src\infrastructure\fleet\AgentRegistry.py:294: note:          @overload
src\infrastructure\fleet\AgentRegistry.py:294: note:          def update(self, **kwargs: Any) -> None
src\infrastructure\fleet\AgentRegistry.py:294: note:      Subclass:
src\infrastructure\fleet\AgentRegistry.py:294: note:          def update(self, other: dict[str, Any]) -> None
src\infrastructure\fleet\FleetManager.py:275: error: Missing return statement  [return]
src\infrastructure\fleet\FleetManager.py:286: error: Return value expected  [return-value]
tests\unit\infrastructure\test_strategies.py:21: error: Cannot assign to a method  [method-assign]
tests\unit\infrastructure\test_strategies.py:28: error: Cannot assign to a method  [method-assign]
tests\unit\infrastructure\test_strategies.py:39: error: "Callable[[str, str, str], Coroutine[Any, Any, str]]" has no attribute "assert_called_once"  [attr-defined]
tests\unit\infrastructure\test_strategies.py:40: error: "Callable[[str, str, str], Coroutine[Any, Any, str]]" has no attribute "call_args"  [attr-defined]
tests\unit\infrastructure\test_strategies.py:50: error: "Callable[[str, str, str], Coroutine[Any, Any, str]]" has no attribute "call_count"  [attr-defined]
tests\unit\infrastructure\test_strategies.py:53: error: "Callable[[str, str, str], Coroutine[Any, Any, str]]" has no attribute "call_args_list"  [attr-defined]
tests\unit\infrastructure\test_strategies.py:57: error: "Callable[[str, str, str], Coroutine[Any, Any, str]]" has no attribute "call_args_list"  [attr-defined]
tests\unit\infrastructure\test_strategies.py:70: error: Cannot assign to a method  [method-assign]
tests\unit\infrastructure\test_orchestrator_resilience.py:21: error: Argument 1 to "get_orchestrator_map" of "OrchestratorRegistry" has incompatible type "MockFleet"; expected "FleetManager"  [arg-type]
tests\unit\infrastructure\test_orchestrator_resilience.py:28: error: Name "is_in_manifest" already defined on line 24  [no-redef]
tests\unit\core\test_knowledge_graph.py:16: error: Argument 1 to "KnowledgeAgent" has incompatible type "Path"; expected "str | None"  [arg-type]
tests\phases\test_phase35.py:49: error: Value of type "Coroutine[Any, Any, None]" must be used  [unused-coroutine]
tests\phases\test_phase35.py:49: note: Are you missing an await?
tests\community\test_community_orchestrator.py:19: error: Argument 1 to "get_orchestrator_map" of "OrchestratorRegistry" has incompatible type "MockFleet"; expected "FleetManager"  [arg-type]
src\observability\stats\agents.py:34: error: Argument 1 to "record" of "StatsCore" has incompatible type "src.observability.stats.observability_core.Metric"; expected "src.observability.stats.metrics.Metric"  [arg-type]
src\observability\stats\agents.py:78: error: Too many arguments for "__init__" of "BaseAgent"  [call-arg]
src\observability\stats\TransparencyAgent.py:44: error: Argument 1 to "as_tool" has incompatible type "Callable[[TransparencyAgent, str | None], str]"; expected "int"  [arg-type]
src\observability\stats\TransparencyAgent.py:74: error: Return type "str" of "improve_content" incompatible with return type "Coroutine[Any, Any, str]" in supertype "src.core.base.BaseAgent.BaseAgent"  [override]
src\observability\improvements\ImprovementManager.py:249: error: "type[ImprovementStatus]" has no attribute "PENDING"  [attr-defined]
src\observability\improvements\ImprovementManager.py:252: error: Name "total" is not defined  [name-defined]
src\observability\improvements\ImprovementsAgent.py:313: error: "ImprovementsAgent" has no attribute "save_to_file"  [attr-defined]
src\observability\improvements\ImprovementsAgent.py:509: error: Return type "str" of "improve_content" incompatible with return type "Coroutine[Any, Any, str]" in supertype "src.core.base.BaseAgent.BaseAgent"  [override]
src\observability\improvements\ImprovementsAgent.py:525: error: Incompatible return value type (got "Coroutine[Any, Any, str]", expected "str")  [return-value]
src\observability\improvements\ImprovementsAgent.py:525: note: Maybe you forgot to use "await"?
src\observability\errors\ErrorsAgent.py:449: error: Return type "str" of "improve_content" incompatible with return type "Coroutine[Any, Any, str]" in supertype "src.core.base.BaseAgent.BaseAgent"  [override]
src\observability\errors\ErrorsAgent.py:456: error: Incompatible return value type (got "Coroutine[Any, Any, str]", expected "str")  [return-value]
src\observability\errors\ErrorsAgent.py:456: note: Maybe you forgot to use "await"?
src\logic\agents\system\TopologicalNavigator.py:59: error: Argument 1 to "as_tool" has incompatible type "Callable[[TopologicalNavigator, str], str]"; expected "int"  [arg-type]
src\logic\agents\system\TopologicalNavigator.py:116: error: Argument 1 to "as_tool" has incompatible type "Callable[[TopologicalNavigator, str], str]"; expected "int"  [arg-type]
src\logic\agents\system\TopologicalNavigator.py:135: error: Argument 1 to "as_tool" has incompatible type "Callable[[TopologicalNavigator, str, int], dict[str, Any]]"; expected "int"  [arg-type]
src\logic\agents\system\TopologicalNavigator.py:172: error: Argument 1 to "as_tool" has incompatible type "Callable[[TopologicalNavigator], list[str]]"; expected "int"  [arg-type]
src\logic\agents\system\TemporalShardAgent.py:44: error: Argument 1 to "as_tool" has incompatible type "Callable[[TemporalShardAgent, str, str], str]"; expected "int"  [arg-type]
src\logic\agents\system\TemporalShardAgent.py:54: error: Argument 1 to "as_tool" has incompatible type "Callable[[TemporalShardAgent, str], bool]"; expected "int"  [arg-type]
src\logic\agents\system\TemporalPredictorAgent.py:66: error: Missing return statement  [return]
src\logic\agents\system\TemporalPredictorAgent.py:74: error: Argument 1 to "as_tool" has incompatible type "Callable[[TemporalPredictorAgent, str, str, dict[str, Any]], str]"; expected "int"  [arg-type]
src\logic\agents\system\TemporalPredictorAgent.py:89: error: Argument 1 to "as_tool" has incompatible type "Callable[[TemporalPredictorAgent], dict[str, Any]]"; expected "int"  [arg-type]
src\logic\agents\system\TemporalPredictorAgent.py:115: error: Argument 1 to "as_tool" has incompatible type "Callable[[TemporalPredictorAgent, str], str]"; expected "int"  [arg-type]
src\logic\agents\system\TemporalPredictorAgent.py:125: error: Return type "str" of "improve_content" incompatible with return type "Coroutine[Any, Any, str]" in supertype "src.core.base.BaseAgent.BaseAgent"  [override]
src\logic\agents\system\SelfArchivingAgent.py:45: error: Argument 1 to "as_tool" has incompatible type "Callable[[SelfArchivingAgent, int], list[str]]"; expected "int"  [arg-type]
src\logic\agents\system\SelfArchivingAgent.py:53: error: Name "Path" is not defined  [name-defined]
src\logic\agents\system\SelfArchivingAgent.py:54: error: Name "Path" is not defined  [name-defined]
src\logic\agents\system\SelfArchivingAgent.py:58: error: Argument 1 to "as_tool" has incompatible type "Callable[[SelfArchivingAgent, list[str]], str]"; expected "int"  [arg-type]
src\logic\agents\system\SelfArchivingAgent.py:76: error: Return type "str" of "improve_content" incompatible with return type "Coroutine[Any, Any, str]" in supertype "src.core.base.BaseAgent.BaseAgent"  [override]
src\logic\agents\system\RewardModelAgent.py:46: error: Argument 1 to "as_tool" has incompatible type "Callable[[RewardModelAgent, str, dict[str, str]], Coroutine[Any, Any, dict[str, Any]]]"; expected "int"  [arg-type]
src\logic\agents\system\RewardModelAgent.py:93: error: Argument "key" to "sorted" has incompatible type overloaded function; expected "Callable[[str], SupportsDunderLT[Any] | SupportsDunderGT[Any]]"  [arg-type]
src\logic\agents\system\ResilienceAgent.py:52: error: Incompatible types in assignment (expression has type "LocalContextRecorder | None", variable has type "LocalContextRecorder")  [assignment]
src\logic\agents\system\ResilienceAgent.py:54: error: Signature of "_record" incompatible with supertype "src.core.base.BaseAgent.BaseAgent"  [override]
src\logic\agents\system\ResilienceAgent.py:54: note:      Superclass:
src\logic\agents\system\ResilienceAgent.py:54: note:          def _record(self, prompt: str, result: str, provider: str = ..., model: str = ..., meta: dict[str, Any] | None = ...) -> None
src\logic\agents\system\ResilienceAgent.py:54: note:      Subclass:
src\logic\agents\system\ResilienceAgent.py:54: note:          def _record(self, event_type: str, details: Any) -> None
src\logic\agents\system\ResilienceAgent.py:63: error: Argument 1 to "as_tool" has incompatible type "Callable[[ResilienceAgent, str, str], bool]"; expected "int"  [arg-type]
src\logic\agents\system\ResilienceAgent.py:73: error: Argument 1 to "as_tool" has incompatible type "Callable[[ResilienceAgent], dict[str, Any]]"; expected "int"  [arg-type]
src\logic\agents\system\QuantumMemoryAgent.py:53: error: Argument 1 to "as_tool" has incompatible type "Callable[[QuantumMemoryAgent, str, float], str]"; expected "int"  [arg-type]
src\logic\agents\system\QuantumMemoryAgent.py:75: error: Argument 1 to "as_tool" has incompatible type "Callable[[QuantumMemoryAgent, str], str]"; expected "int"  [arg-type]
src\logic\agents\system\QuantumMemoryAgent.py:90: error: Argument 1 to "as_tool" has incompatible type "Callable[[QuantumMemoryAgent], str]"; expected "int"  [arg-type]
src\logic\agents\system\QuantumMemoryAgent.py:99: error: Return type "str" of "improve_content" incompatible with return type "Coroutine[Any, Any, str]" in supertype "src.core.base.BaseAgent.BaseAgent"  [override]
src\logic\agents\system\PerformanceProfilingAgent.py:48: error: Unsupported target for indexed assignment ("object")  [index]
src\logic\agents\system\NeuralAnchorAgent.py:45: error: Argument 1 to "as_tool" has incompatible type "Callable[[NeuralAnchorAgent, str, str, str], str]"; expected "int"  [arg-type]
src\logic\agents\system\NeuralAnchorAgent.py:57: error: Argument 1 to "as_tool" has incompatible type "Callable[[NeuralAnchorAgent, str, list[str]], dict[str, Any]]"; expected "int"  [arg-type]
src\logic\agents\system\NeuralAnchorAgent.py:77: error: Unsupported operand types for > ("str" and "float")  [operator]
src\logic\agents\system\NeuralAnchorAgent.py:77: note: Left operand is of type "float | int | str"
src\logic\agents\system\NeuralAnchorAgent.py:84: error: Argument 1 to "as_tool" has incompatible type "Callable[[NeuralAnchorAgent, list[str], list[str]], list[dict[str, Any]]]"; expected "int"  [arg-type]
src\logic\agents\system\MultiModalContextAgent.py:64: error: Argument 1 to "as_tool" has incompatible type "Callable[[MultiModalContextAgent, str], str]"; expected "int"  [arg-type]
src\logic\agents\system\MultiModalContextAgent.py:79: error: Argument 1 to "as_tool" has incompatible type "Callable[[MultiModalContextAgent, str, str], str]"; expected "int"  [arg-type]
src\logic\agents\system\MultiModalContextAgent.py:117: error: Argument 1 to "as_tool" has incompatible type "Callable[[MultiModalContextAgent, str], str]"; expected "int"  [arg-type]
src\logic\agents\system\MultiModalContextAgent.py:165: error: Argument 1 to "as_tool" has incompatible type "Callable[[MultiModalContextAgent, str, dict[str, Any]], str]"; expected "int"  [arg-type]
src\logic\agents\system\MultiModalContextAgent.py:205: error: Argument 1 to "as_tool" has incompatible type "Callable[[MultiModalContextAgent], str]"; expected "int"  [arg-type]
src\logic\agents\system\MultiModalContextAgent.py:212: error: Incompatible types in assignment (expression has type "float", variable has type "int")  [assignment]
src\logic\agents\system\MultiModalContextAgent.py:214: error: Missing return statement  [return]
src\logic\agents\system\MultiModalContextAgent.py:224: error: Missing return statement  [return]
src\logic\agents\system\MultiModalContextAgent.py:238: error: "None" has no attribute "start"  [attr-defined]
src\logic\agents\system\MultiModalContextAgent.py:239: error: "None" has no attribute "start"  [attr-defined]
src\logic\agents\system\MultiModalContextAgent.py:243: error: Argument 1 to "as_tool" has incompatible type "Callable[[MultiModalContextAgent], str]"; expected "int"  [arg-type]
src\logic\agents\system\MultiModalContextAgent.py:261: error: Argument 1 to "as_tool" has incompatible type "Callable[[MultiModalContextAgent], str]"; expected "int"  [arg-type]
src\logic\agents\system\MultiModalContextAgent.py:292: error: Return type "str" of "improve_content" incompatible with return type "Coroutine[Any, Any, str]" in supertype "src.core.base.BaseAgent.BaseAgent"  [override]
src\logic\agents\system\MorphologicalEvolutionAgent.py:40: error: Incompatible types in assignment (expression has type "MorphologyCore", variable has type "BaseCore")  [assignment]
src\logic\agents\system\MorphologicalEvolutionAgent.py:46: error: "BaseCore" has no attribute "encode_agent_dna"  [attr-defined]
src\logic\agents\system\MorphologicalEvolutionAgent.py:57: error: "BaseCore" has no attribute "calculate_path_overlap"  [attr-defined]
src\logic\agents\system\MorphologicalEvolutionAgent.py:63: error: Argument 1 to "as_tool" has incompatible type "Callable[[MorphologicalEvolutionAgent, str, list[dict[str, Any]]], dict[str, Any]]"; expected "int"  [arg-type]
src\logic\agents\system\MorphologicalEvolutionAgent.py:92: error: Return type "str" of "improve_content" incompatible with return type "Coroutine[Any, Any, str]" in supertype "src.core.base.BaseAgent.BaseAgent"  [override]
src\logic\agents\system\ModelOptimizerAgent.py:144: error: Return type "str" of "improve_content" incompatible with return type "Coroutine[Any, Any, str]" in supertype "src.core.base.BaseAgent.BaseAgent"  [override]
src\logic\agents\system\ModelOptimizerAgent.py:156: error: Missing positional arguments "description", "context_help" in call to "create_main_function"  [call-arg]
src\logic\agents\system\ModelForgeAgent.py:52: error: Incompatible types in assignment (expression has type "ModelRegistryCore", variable has type "SignalRegistry | None")  [assignment]
src\logic\agents\system\ModelForgeAgent.py:63: error: Item "SignalRegistry" of "SignalRegistry | None" has no attribute "should_trigger_finetuning"  [union-attr]
src\logic\agents\system\ModelForgeAgent.py:63: error: Item "None" of "SignalRegistry | None" has no attribute "should_trigger_finetuning"  [union-attr]
src\logic\agents\system\ModelForgeAgent.py:68: error: Argument 1 to "as_tool" has incompatible type "Callable[[ModelForgeAgent, str, list[dict[str, str]]], Coroutine[Any, Any, str]]"; expected "int"  [arg-type]
src\logic\agents\system\ModelForgeAgent.py:88: error: Argument 1 to "as_tool" has incompatible type "Callable[[ModelForgeAgent, str, dict[str, Any]], Coroutine[Any, Any, str]]"; expected "int"  [arg-type]
src\logic\agents\system\ModelForgeAgent.py:111: error: Argument 1 to "as_tool" has incompatible type "Callable[[ModelForgeAgent, str, str], Coroutine[Any, Any, str]]"; expected "int"  [arg-type]
src\logic\agents\system\ModelForgeAgent.py:141: error: Argument 1 to "as_tool" has incompatible type "Callable[[ModelForgeAgent, str], Coroutine[Any, Any, str]]"; expected "int"  [arg-type]
src\logic\agents\system\MessagingAgent.py:45: error: Argument 1 to "as_tool" has incompatible type "Callable[[MessagingAgent, str, str, str], Coroutine[Any, Any, str]]"; expected "int"  [arg-type]
src\logic\agents\system\MessagingAgent.py:61: error: Argument 1 to "as_tool" has incompatible type "Callable[[MessagingAgent, str], Coroutine[Any, Any, list[dict[str, Any]]]]"; expected "int"  [arg-type]
src\logic\agents\system\MessagingAgent.py:67: error: Argument 1 to "as_tool" has incompatible type "Callable[[MessagingAgent, str], Coroutine[Any, Any, str]]"; expected "int"  [arg-type]
src\logic\agents\system\LoggingAgent.py:51: error: Argument 1 to "as_tool" has incompatible type "Callable[[LoggingAgent, str | None, str | None, int], Coroutine[Any, Any, str]]"; expected "int"  [arg-type]
src\logic\agents\system\LoggingAgent.py:72: error: Argument 1 to "as_tool" has incompatible type "Callable[[LoggingAgent, str, str, str, dict[str, Any] | None], Coroutine[Any, Any, str]]"; expected "int"  [arg-type]
src\logic\agents\system\LoggingAgent.py:96: error: Missing return statement  [return]
src\logic\agents\system\LoggingAgent.py:117: error: Argument 1 to "as_tool" has incompatible type "Callable[[LoggingAgent], Coroutine[Any, Any, str]]"; expected "int"  [arg-type]
src\logic\agents\system\LoggingAgent.py:122: error: Argument 1 to "as_tool" has incompatible type "Callable[[LoggingAgent], list[dict[str, Any]]]"; expected "int"  [arg-type]
src\logic\agents\system\KernelAgent.py:53: error: Argument 1 to "as_tool" has incompatible type "Callable[[KernelAgent], Coroutine[Any, Any, str]]"; expected "int"  [arg-type]
src\logic\agents\system\KernelAgent.py:69: error: Argument 1 to "as_tool" has incompatible type "Callable[[KernelAgent, str], Coroutine[Any, Any, str]]"; expected "int"  [arg-type]
src\logic\agents\system\KernelAgent.py:78: error: Argument 1 to "as_tool" has incompatible type "Callable[[KernelAgent, str, bool], Coroutine[Any, Any, str]]"; expected "int"  [arg-type]
src\logic\agents\system\ExternalAIRecorderAgent.py:52: error: Argument 1 to "as_tool" has incompatible type "Callable[[ExternalAIRecorderAgent, str, str, str, str], str]"; expected "int"  [arg-type]
src\logic\agents\system\ExternalAIRecorderAgent.py:87: error: Argument 1 to "as_tool" has incompatible type "Callable[[ExternalAIRecorderAgent], str]"; expected "int"  [arg-type]
src\logic\agents\system\ExternalAIRecorderAgent.py:92: error: Return type "str" of "improve_content" incompatible with return type "Coroutine[Any, Any, str]" in supertype "src.core.base.BaseAgent.BaseAgent"  [override]
src\logic\agents\system\CoreExpansionAgent.py:46: error: Argument 1 to "as_tool" has incompatible type "Callable[[CoreExpansionAgent, str], str]"; expected "int"  [arg-type]
src\logic\agents\system\CoreExpansionAgent.py:77: error: Argument 1 to "as_tool" has incompatible type "Callable[[CoreExpansionAgent], list[str]]"; expected "int"  [arg-type]
src\logic\agents\system\ConfigAgent.py:28: error: Library stubs not installed for "yaml"  [import-untyped]
src\logic\agents\system\ConfigAgent.py:47: error: Argument 1 to "as_tool" has incompatible type "Callable[[ConfigAgent], str]"; expected "int"  [arg-type]
src\logic\agents\system\ConfigAgent.py:61: error: Argument 1 to "as_tool" has incompatible type "Callable[[ConfigAgent], str]"; expected "int"  [arg-type]
src\logic\agents\system\ConfigAgent.py:80: error: Return type "str" of "improve_content" incompatible with return type "Coroutine[Any, Any, str]" in supertype "src.core.base.BaseAgent.BaseAgent"  [override]
src\logic\agents\system\CloudProviderAgent.py:75: error: Argument "key" to "min" has incompatible type overloaded function; expected "Callable[[str], SupportsDunderLT[Any] | SupportsDunderGT[Any]]"  [arg-type]
src\logic\agents\swarm\ResourceForecastingAgent.py:47: error: Incompatible return value type (got "dict[str, float]", expected "str")  [return-value]
src\logic\agents\swarm\ResourceCurationAgent.py:47: error: Argument 1 to "as_tool" has incompatible type "Callable[[ResourceCurationAgent, str, str, str | None, list[str] | None], str]"; expected "int"  [arg-type]
src\logic\agents\swarm\ResourceCurationAgent.py:66: error: Argument 1 to "as_tool" has incompatible type "Callable[[ResourceCurationAgent, list[str]], str]"; expected "int"  [arg-type]
src\logic\agents\swarm\ResourceCurationAgent.py:83: error: Return type "str" of "improve_content" incompatible with return type "Coroutine[Any, Any, str]" in supertype "src.core.base.BaseAgent.BaseAgent"  [override]
src\logic\agents\swarm\PatternOrchestrator.py:55: error: Unsupported operand types for < ("int" and "str")  [operator]
src\logic\agents\swarm\PatternOrchestrator.py:55: note: Right operand is of type "str | int"
src\logic\agents\swarm\PatternOrchestrator.py:55: error: Unsupported operand types for <= ("str" and "int")  [operator]
src\logic\agents\swarm\PatternOrchestrator.py:55: note: Left operand is of type "str | int"
src\logic\agents\swarm\PatternOrchestrator.py:78: error: Argument 1 to "as_tool" has incompatible type "Callable[[PatternOrchestrator, str], str]"; expected "int"  [arg-type]
src\logic\agents\swarm\PatternOrchestrator.py:88: error: Argument 1 to "as_tool" has incompatible type "Callable[[PatternOrchestrator], str]"; expected "int"  [arg-type]
src\logic\agents\swarm\PatternOrchestrator.py:104: error: Too many arguments for "AgentDelegator"  [call-arg]
src\logic\agents\swarm\PatternOrchestrator.py:111: error: Unexpected keyword argument "task" for "delegate" of "AgentDelegator"  [call-arg]
src\logic\agents\swarm\PatternOrchestrator.py:175: error: Name "Path" is not defined  [name-defined]
src\core\base\delegation.py:38: note: "delegate" of "AgentDelegator" defined here
src\logic\agents\swarm\PatternOrchestrator.py:98: error: Argument 1 to "as_tool" has incompatible type "Callable[[PatternOrchestrator, str, list[str]], str]"; expected "int"  [arg-type]
src\logic\agents\swarm\PatternOrchestrator.py:124: error: Too many arguments for "AgentDelegator"  [call-arg]
src\logic\agents\swarm\PatternOrchestrator.py:128: error: Unexpected keyword argument "task" for "delegate" of "AgentDelegator"  [call-arg]
src\logic\agents\swarm\PatternOrchestrator.py:129: error: Unexpected keyword argument "task" for "delegate" of "AgentDelegator"  [call-arg]
src\logic\agents\swarm\PatternOrchestrator.py:132: error: Unexpected keyword argument "task" for "delegate" of "AgentDelegator"  [call-arg]
src\logic\agents\swarm\PatternOrchestrator.py:118: error: Argument 1 to "as_tool" has incompatible type "Callable[[PatternOrchestrator, str, str, str], str]"; expected "int"  [arg-type]
src\logic\agents\swarm\PatternOrchestrator.py:144: error: Argument 1 to "as_tool" has incompatible type "Callable[[PatternOrchestrator, str, list[str]], str]"; expected "int"  [arg-type]
src\logic\agents\swarm\PatternOrchestrator.py:160: error: Argument 1 to "as_tool" has incompatible type "Callable[[PatternOrchestrator, str, list[str]], str]"; expected "int"  [arg-type]
src\logic\agents\swarm\PatternOrchestrator.py:183: error: Too many arguments for "AgentDelegator"  [call-arg]
src\logic\agents\swarm\PatternOrchestrator.py:189: error: Unexpected keyword argument "task" for "delegate" of "AgentDelegator"  [call-arg]
src\logic\agents\swarm\PatternOrchestrator.py:194: error: Unexpected keyword argument "task" for "delegate" of "AgentDelegator"  [call-arg]
src\logic\agents\swarm\PatternOrchestrator.py:169: error: Argument 1 to "as_tool" has incompatible type "Callable[[PatternOrchestrator, str, int], str]"; expected "int"  [arg-type]
src\logic\agents\swarm\PatternOrchestrator.py:198: error: Argument 1 to "as_tool" has incompatible type "Callable[[PatternOrchestrator, str], str]"; expected "int"  [arg-type]
src\logic\agents\swarm\PatternOrchestrator.py:204: error: Return type "str" of "improve_content" incompatible with return type "Coroutine[Any, Any, str]" in supertype "src.core.base.BaseAgent.BaseAgent"  [override]
src\logic\agents\swarm\FleetDeployerAgent.py:51: error: Argument 1 to "as_tool" has incompatible type "Callable[[FleetDeployerAgent, str, str], Coroutine[Any, Any, str]]"; expected "int"  [arg-type]
src\logic\agents\swarm\FleetDeployerAgent.py:73: error: Missing return statement  [return]
src\logic\agents\swarm\FleetDeployerAgent.py:82: error: Argument 1 to "as_tool" has incompatible type "Callable[[FleetDeployerAgent, str, str], Coroutine[Any, Any, str]]"; expected "int"  [arg-type]
src\logic\agents\swarm\FleetDeployerAgent.py:96: error: Name "time" is not defined  [name-defined]
src\logic\agents\swarm\FleetDeployerAgent.py:101: error: Missing return statement  [return]
src\logic\agents\swarm\FleetDeployerAgent.py:109: error: Argument 1 to "as_tool" has incompatible type "Callable[[FleetDeployerAgent], Coroutine[Any, Any, list[str]]]"; expected "int"  [arg-type]
src\logic\agents\swarm\FleetDeployerAgent.py:125: error: Incompatible return value type (got "list[Any]", expected "str")  [return-value]
src\logic\agents\swarm\FleetDeployerAgent.py:127: error: Argument 1 to "to_thread" has incompatible type "Callable[[], str]"; expected "Callable[[], list[str]]"  [arg-type]
src\logic\agents\swarm\FleetDeployerAgent.py:129: error: Argument 1 to "as_tool" has incompatible type "Callable[[FleetDeployerAgent, str, int], Coroutine[Any, Any, str]]"; expected "int"  [arg-type]
src\logic\agents\swarm\FleetDeployerAgent.py:139: error: Argument 1 to "as_tool" has incompatible type "Callable[[FleetDeployerAgent, str, str], Coroutine[Any, Any, str]]"; expected "int"  [arg-type]
src\logic\agents\swarm\ChangesAgent.py:523: error: Return type "str" of "improve_content" incompatible with return type "Coroutine[Any, Any, str]" in supertype "src.core.base.BaseAgent.BaseAgent"  [override]
src\logic\agents\swarm\ChangesAgent.py:560: error: Module "src.core.base.BaseAgent" has no attribute "entrypoint"  [attr-defined]
src\logic\agents\specialized\asynciothreadingCoderAgent.py:17: error: Signature of "think" incompatible with supertype "src.core.base.BaseAgent.BaseAgent"  [override]
src\logic\agents\specialized\asynciothreadingCoderAgent.py:17: note:      Superclass:
src\logic\agents\specialized\asynciothreadingCoderAgent.py:17: note:          def think(self, prompt: str, system_prompt: str | None = ...) -> str
src\logic\agents\specialized\asynciothreadingCoderAgent.py:17: note:      Subclass:
src\logic\agents\specialized\asynciothreadingCoderAgent.py:17: note:          def think(self) -> str
src\logic\agents\specialized\PrivacyGuardAgent.py:27: error: Argument 1 to "as_tool" has incompatible type "Callable[[PrivacyGuardAgent, str], Coroutine[Any, Any, list[dict[str, Any]]]]"; expected "int"  [arg-type]
src\logic\agents\specialized\LegalAuditAgent.py:39: error: Argument 1 to "as_tool" has incompatible type "Callable[[LegalAuditAgent, str], Coroutine[Any, Any, dict[str, Any]]]"; expected "int"  [arg-type]
src\logic\agents\specialized\LegalAuditAgent.py:43: error: Need type annotation for "results"  [var-annotated]
src\logic\agents\specialized\GraphRelationalAgent.py:16: error: Argument 1 to "as_tool" has incompatible type "Callable[[GraphRelationalAgent, str, str, dict[str, Any]], Coroutine[Any, Any, str]]"; expected "int"  [arg-type]
src\logic\agents\specialized\GraphRelationalAgent.py:17: error: Incompatible default for argument "props" (default has type "None", argument has type "dict[str, Any]")  [assignment]
src\logic\agents\specialized\GraphRelationalAgent.py:17: note: PEP 484 prohibits implicit Optional. Accordingly, mypy has changed its default to no_implicit_optional=True
src\logic\agents\specialized\GraphRelationalAgent.py:17: note: Use https://github.com/hauntsaninja/no_implicit_optional to automatically upgrade your codebase
src\logic\agents\specialized\GraphRelationalAgent.py:23: error: Argument 1 to "as_tool" has incompatible type "Callable[[GraphRelationalAgent, str, str, str], Coroutine[Any, Any, str]]"; expected "int"  [arg-type]
src\logic\agents\specialized\GraphRelationalAgent.py:28: error: Argument 1 to "as_tool" has incompatible type "Callable[[GraphRelationalAgent, str], Coroutine[Any, Any, list[dict[str, Any]]]]"; expected "int"  [arg-type]
src\logic\agents\specialized\FinancialAgent.py:26: error: Argument 1 to "as_tool" has incompatible type "Callable[[FinancialAgent, dict[str, Any]], Coroutine[Any, Any, dict[str, Any]]]"; expected "int"  [arg-type]
src\logic\agents\security\ImmuneSystemAgent.py:61: error: Argument 1 to "as_tool" has incompatible type "Callable[[ImmuneSystemAgent, str, str], str]"; expected "int"  [arg-type]
src\logic\agents\security\ImmuneSystemAgent.py:81: error: Argument 1 to "as_tool" has incompatible type "Callable[[ImmuneSystemAgent, str], dict[str, Any]]"; expected "int"  [arg-type]
src\logic\agents\security\ImmuneSystemAgent.py:105: error: Argument 1 to "as_tool" has incompatible type "Callable[[ImmuneSystemAgent, list[dict[str, Any]]], str]"; expected "int"  [arg-type]
src\logic\agents\security\ImmuneSystemAgent.py:122: error: Argument 1 to "as_tool" has incompatible type "Callable[[ImmuneSystemAgent, str], str]"; expected "int"  [arg-type]
src\logic\agents\security\ImmuneSystemAgent.py:131: error: Argument 1 to "as_tool" has incompatible type "Callable[[ImmuneSystemAgent, str], str]"; expected "int"  [arg-type]
src\logic\agents\security\ImmuneSystemAgent.py:153: error: Return type "str" of "improve_content" incompatible with return type "Coroutine[Any, Any, str]" in supertype "src.core.base.BaseAgent.BaseAgent"  [override]
src\logic\agents\security\HoneypotAgent.py:39: error: Incompatible types in assignment (expression has type "RedQueenCore", variable has type "BaseCore")  [assignment]
src\logic\agents\security\HoneypotAgent.py:48: error: Argument 1 to "as_tool" has incompatible type "Callable[[HoneypotAgent, str], dict[str, Any]]"; expected "int"  [arg-type]
src\logic\agents\security\HoneypotAgent.py:82: error: Argument 1 to "as_tool" has incompatible type "Callable[[HoneypotAgent, str], list[str]]"; expected "int"  [arg-type]
src\logic\agents\security\HoneypotAgent.py:86: error: "BaseCore" has no attribute "MUTATION_STRATEGIES"  [attr-defined]
src\logic\agents\security\HoneypotAgent.py:87: error: "BaseCore" has no attribute "mutate_prompt"  [attr-defined]
src\logic\agents\security\HoneypotAgent.py:92: error: Argument 1 to "as_tool" has incompatible type "Callable[[HoneypotAgent], dict[str, Any]]"; expected "int"  [arg-type]
src\logic\agents\security\GovernanceAgent.py:53: error: Argument 1 to "as_tool" has incompatible type "Callable[[GovernanceAgent, str, str, str, list[str] | None], str]"; expected "int"  [arg-type]
src\logic\agents\security\GovernanceAgent.py:85: error: Argument 1 to "as_tool" has incompatible type "Callable[[GovernanceAgent, str, str, str, str], str]"; expected "int"  [arg-type]
src\logic\agents\security\GovernanceAgent.py:128: error: Argument 1 to "as_tool" has incompatible type "Callable[[GovernanceAgent, str], dict[str, Any]]"; expected "int"  [arg-type]
src\logic\agents\security\GovernanceAgent.py:142: error: Argument "key" to "max" has incompatible type overloaded function; expected "Callable[[Any], SupportsDunderLT[Any] | SupportsDunderGT[Any]]"  [arg-type]
src\logic\agents\security\GovernanceAgent.py:153: error: Return type "str" of "improve_content" incompatible with return type "Coroutine[Any, Any, str]" in supertype "src.core.base.BaseAgent.BaseAgent"  [override]
src\logic\agents\security\GeneticHardeningAgent.py:46: error: Argument 1 to "as_tool" has incompatible type "Callable[[GeneticHardeningAgent, str], list[dict[str, Any]]]"; expected "int"  [arg-type]
src\logic\agents\security\GeneticHardeningAgent.py:70: error: Argument 1 to "as_tool" has incompatible type "Callable[[GeneticHardeningAgent, str, list[str]], str]"; expected "int"  [arg-type]
src\logic\agents\security\EternalAuditAgent.py:56: error: Missing return statement  [return]
src\logic\agents\security\EternalAuditAgent.py:68: error: Argument 1 to "as_tool" has incompatible type "Callable[[EternalAuditAgent, str, str, dict[str, Any]], str]"; expected "int"  [arg-type]
src\logic\agents\security\EternalAuditAgent.py:105: error: Argument 1 to "as_tool" has incompatible type "Callable[[EternalAuditAgent], dict[str, Any]]"; expected "int"  [arg-type]
src\logic\agents\security\ComplianceAgent.py:49: error: Incompatible types in assignment (expression has type "LocalContextRecorder | None", variable has type "LocalContextRecorder")  [assignment]
src\logic\agents\security\ComplianceAgent.py:51: error: Signature of "_record" incompatible with supertype "src.core.base.BaseAgent.BaseAgent"  [override]
src\logic\agents\security\ComplianceAgent.py:51: note:      Superclass:
src\logic\agents\security\ComplianceAgent.py:51: note:          def _record(self, prompt: str, result: str, provider: str = ..., model: str = ..., meta: dict[str, Any] | None = ...) -> None
src\logic\agents\security\ComplianceAgent.py:51: note:      Subclass:
src\logic\agents\security\ComplianceAgent.py:51: note:          def _record(self, action: str, findings: Any) -> None
src\logic\agents\security\ByzantineConsensusAgent.py:41: error: Incompatible types in assignment (expression has type "ByzantineCore", variable has type "BaseCore")  [assignment]
src\logic\agents\security\ByzantineConsensusAgent.py:52: error: "BaseCore" has no attribute "select_committee"  [attr-defined]
src\logic\agents\security\ByzantineConsensusAgent.py:54: error: Argument 1 to "as_tool" has incompatible type "Callable[[ByzantineConsensusAgent, str, dict[str, str], str], dict[str, Any]]"; expected "int"  [arg-type]
src\logic\agents\security\ByzantineConsensusAgent.py:59: error: "BaseCore" has no attribute "get_required_quorum"  [attr-defined]
src\logic\agents\security\ByzantineConsensusAgent.py:104: error: Argument "key" to "max" has incompatible type overloaded function; expected "Callable[[str], SupportsDunderLT[Any] | SupportsDunderGT[Any]]"  [arg-type]
src\logic\agents\security\ByzantineConsensusAgent.py:126: error: Return type "str" of "improve_content" incompatible with return type "Coroutine[Any, Any, str]" in supertype "src.core.base.BaseAgent.BaseAgent"  [override]
src\logic\agents\intelligence\WebAgent.py:26: error: Library stubs not installed for "requests"  [import-untyped]
src\logic\agents\intelligence\WebAgent.py:53: error: Incompatible types in assignment (expression has type "LocalContextRecorder | None", variable has type "LocalContextRecorder")  [assignment]
src\logic\agents\intelligence\WebAgent.py:54: error: Incompatible types in assignment (expression has type "WebCore", variable has type "BaseCore")  [assignment]
src\logic\agents\intelligence\WebAgent.py:56: error: Signature of "_record" incompatible with supertype "src.core.base.BaseAgent.BaseAgent"  [override]
src\logic\agents\intelligence\WebAgent.py:56: note:      Superclass:
src\logic\agents\intelligence\WebAgent.py:56: note:          def _record(self, prompt: str, result: str, provider: str = ..., model: str = ..., meta: dict[str, Any] | None = ...) -> None
src\logic\agents\intelligence\WebAgent.py:56: note:      Subclass:
src\logic\agents\intelligence\WebAgent.py:56: note:          def _record(self, url: str, content: str) -> None
src\logic\agents\intelligence\WebAgent.py:65: error: Argument 1 to "as_tool" has incompatible type "Callable[[WebAgent, str], str]"; expected "int"  [arg-type]
src\logic\agents\intelligence\WebAgent.py:93: error: "BaseCore" has no attribute "clean_html"  [attr-defined]
src\logic\agents\intelligence\WebAgent.py:108: error: Argument 1 to "as_tool" has incompatible type "Callable[[WebAgent, str], list[str]]"; expected "int"  [arg-type]
src\logic\agents\intelligence\WebAgent.py:118: error: Return type "str" of "improve_content" incompatible with return type "Coroutine[Any, Any, str]" in supertype "src.core.base.BaseAgent.BaseAgent"  [override]
src\logic\agents\intelligence\SyntheticDataAgent.py:43: error: Incompatible types in assignment (expression has type "SynthesisCore", variable has type "BaseCore")  [assignment]
src\logic\agents\intelligence\SyntheticDataAgent.py:45: error: Argument 1 to "as_tool" has incompatible type "Callable[[SyntheticDataAgent, int], str]"; expected "int"  [arg-type]
src\logic\agents\intelligence\SyntheticDataAgent.py:51: error: "BaseCore" has no attribute "generate_python_edge_cases"  [attr-defined]
src\logic\agents\intelligence\SyntheticDataAgent.py:60: error: Argument 1 to "as_tool" has incompatible type "Callable[[SyntheticDataAgent, str, int], str]"; expected "int"  [arg-type]
src\logic\agents\intelligence\SyntheticDataAgent.py:87: error: Argument 1 to "as_tool" has incompatible type "Callable[[SyntheticDataAgent, str], str]"; expected "int"  [arg-type]
src\logic\agents\intelligence\SelfSearchAgent.py:69: error: Return type "str" of "improve_content" incompatible with return type "Coroutine[Any, Any, str]" in supertype "src.core.base.BaseAgent.BaseAgent"  [override]
src\logic\agents\intelligence\SelfSearchAgent.py:75: error: Missing positional arguments "description", "context_help" in call to "create_main_function"  [call-arg]
src\logic\agents\intelligence\SearchAgent.py:29: error: Library stubs not installed for "requests"  [import-untyped]
src\logic\agents\intelligence\SearchAgent.py:51: error: Incompatible types in assignment (expression has type "LocalContextRecorder | None", base class "BaseAgent" defined the type as "LocalContextRecorder")  [assignment]
src\logic\agents\intelligence\SearchAgent.py:52: error: Incompatible types in assignment (expression has type "SearchCore", base class "BaseAgent" defined the type as "BaseCore")  [assignment]
src\logic\agents\intelligence\SearchAgent.py:59: error: Signature of "_record" incompatible with supertype "src.core.base.BaseAgent.BaseAgent"  [override]
src\logic\agents\intelligence\SearchAgent.py:59: note:      Superclass:
src\logic\agents\intelligence\SearchAgent.py:59: note:          def _record(self, prompt: str, result: str, provider: str = ..., model: str = ..., meta: dict[str, Any] | None = ...) -> None
src\logic\agents\intelligence\SearchAgent.py:59: note:      Subclass:
src\logic\agents\intelligence\SearchAgent.py:59: note:          def _record(self, provider: str, query: str, result: str) -> None
src\logic\agents\intelligence\SearchAgent.py:169: error: Return type "str" of "improve_content" incompatible with return type "Coroutine[Any, Any, str]" in supertype "src.core.base.BaseAgent.BaseAgent"  [override]
src\logic\agents\intelligence\SearchAgent.py:181: error: Incompatible return value type (got "Coroutine[Any, Any, str]", expected "str")  [return-value]
src\logic\agents\intelligence\SearchAgent.py:181: note: Maybe you forgot to use "await"?
src\logic\agents\intelligence\SQLQueryAgent.py:45: error: Argument 1 to "as_tool" has incompatible type "Callable[[SQLQueryAgent, list[str]], str]"; expected "int"  [arg-type]
src\logic\agents\intelligence\SQLQueryAgent.py:51: error: Argument 1 to "as_tool" has incompatible type "Callable[[SQLQueryAgent, str], str]"; expected "int"  [arg-type]
src\logic\agents\intelligence\SQLQueryAgent.py:57: error: Argument 1 to "as_tool" has incompatible type "Callable[[SQLQueryAgent, str], str]"; expected "int"  [arg-type]
src\logic\agents\intelligence\SQLQueryAgent.py:66: error: Argument 1 to "as_tool" has incompatible type "Callable[[SQLQueryAgent, str], str]"; expected "int"  [arg-type]
src\logic\agents\intelligence\SQLQueryAgent.py:87: error: Argument 1 to "as_tool" has incompatible type "Callable[[SQLQueryAgent, str], str]"; expected "int"  [arg-type]
src\logic\agents\intelligence\SQLQueryAgent.py:99: error: Return type "str" of "improve_content" incompatible with return type "Coroutine[Any, Any, str]" in supertype "src.core.base.BaseAgent.BaseAgent"  [override]
src\logic\agents\intelligence\ResearchAgent.py:39: error: Incompatible types in assignment (expression has type "ResearchCore", variable has type "BaseCore")  [assignment]
src\logic\agents\intelligence\ResearchAgent.py:50: error: Argument 1 to "as_tool" has incompatible type "Callable[[ResearchAgent, str, str], dict[str, str]]"; expected "int"  [arg-type]
src\logic\agents\intelligence\ResearchAgent.py:55: error: "BaseCore" has no attribute "execute_dcap_cycle"  [attr-defined]
src\logic\agents\intelligence\ResearchAgent.py:62: error: Argument 1 to "as_tool" has incompatible type "Callable[[ResearchAgent, str, str], str]"; expected "int"  [arg-type]
src\logic\agents\intelligence\ResearchAgent.py:66: error: "BaseCore" has no attribute "analyze_paper"  [attr-defined]
src\logic\agents\intelligence\ResearchAgent.py:73: error: Argument 1 to "as_tool" has incompatible type "Callable[[ResearchAgent, str], str]"; expected "int"  [arg-type]
src\logic\agents\intelligence\ResearchAgent.py:77: error: "BaseCore" has no attribute "draft_tool_code"  [attr-defined]
src\logic\agents\intelligence\ResearchAgent.py:81: error: Return type "str" of "improve_content" incompatible with return type "Coroutine[Any, Any, str]" in supertype "src.core.base.BaseAgent.BaseAgent"  [override]
src\logic\agents\intelligence\MemoRAGAgent.py:49: error: Argument 1 to "as_tool" has incompatible type "Callable[[MemoRAGAgent, str, str], None]"; expected "int"  [arg-type]
src\logic\agents\intelligence\MemoRAGAgent.py:57: error: Argument 1 to "as_tool" has incompatible type "Callable[[MemoRAGAgent, str, str], list[str]]"; expected "int"  [arg-type]
src\logic\agents\intelligence\MemoRAGAgent.py:70: error: Argument 1 to "as_tool" has incompatible type "Callable[[MemoRAGAgent], list[str]]"; expected "int"  [arg-type]
src\logic\agents\intelligence\MemoRAGAgent.py:75: error: Return type "str" of "improve_content" incompatible with return type "Coroutine[Any, Any, str]" in supertype "src.core.base.BaseAgent.BaseAgent"  [override]
src\logic\agents\intelligence\LocalizationAgent.py:38: error: Incompatible types in assignment (expression has type "LocalizationCore", variable has type "BaseCore")  [assignment]
src\logic\agents\intelligence\LocalizationAgent.py:39: error: "BaseCore" has no attribute "get_supported_locales"  [attr-defined]
src\logic\agents\intelligence\LocalizationAgent.py:45: error: "BaseCore" has no attribute "detect_cultural_issues"  [attr-defined]
src\logic\agents\intelligence\LocalizationAgent.py:59: error: "BaseCore" has no attribute "format_translation_request"  [attr-defined]
src\logic\agents\intelligence\LocalizationAgent.py:89: error: Incompatible return value type (got "Coroutine[Any, Any, str]", expected "str")  [return-value]
src\logic\agents\intelligence\LocalizationAgent.py:89: note: Maybe you forgot to use "await"?
src\logic\agents\intelligence\FinancialAgent.py:46: error: Argument 1 to "as_tool" has incompatible type "Callable[[FinancialAgent, str], str]"; expected "int"  [arg-type]
src\logic\agents\intelligence\FinancialAgent.py:57: error: Argument 1 to "as_tool" has incompatible type "Callable[[FinancialAgent, dict[str, Any]], str]"; expected "int"  [arg-type]
src\logic\agents\intelligence\FinancialAgent.py:65: error: Argument 1 to "as_tool" has incompatible type "Callable[[FinancialAgent, list[str]], str]"; expected "int"  [arg-type]
src\logic\agents\intelligence\FeatureStoreAgent.py:48: error: Incompatible types in assignment (expression has type "SynthesisCore", variable has type "BaseCore")  [assignment]
src\logic\agents\intelligence\FeatureStoreAgent.py:50: error: Argument 1 to "as_tool" has incompatible type "Callable[[FeatureStoreAgent, str, list[str]], str]"; expected "int"  [arg-type]
src\logic\agents\intelligence\FeatureStoreAgent.py:55: error: "BaseCore" has no attribute "vectorize_insight"  [attr-defined]
src\logic\agents\intelligence\FeatureStoreAgent.py:59: error: Argument 1 to "as_tool" has incompatible type "Callable[[FeatureStoreAgent, list[str]], list[float]]"; expected "int"  [arg-type]
src\logic\agents\intelligence\FeatureStoreAgent.py:70: error: "BaseCore" has no attribute "merge_feature_vectors"  [attr-defined]
src\logic\agents\intelligence\FeatureStoreAgent.py:72: error: Argument 1 to "as_tool" has incompatible type "Callable[[FeatureStoreAgent, str, Any, dict[str, Any] | None], str]"; expected "int"  [arg-type]
src\logic\agents\intelligence\FeatureStoreAgent.py:89: error: Argument 1 to "as_tool" has incompatible type "Callable[[FeatureStoreAgent, str], Any | None]"; expected "int"  [arg-type]
src\logic\agents\intelligence\FeatureStoreAgent.py:103: error: Argument 1 to "as_tool" has incompatible type "Callable[[FeatureStoreAgent], list[str]]"; expected "int"  [arg-type]
src\logic\agents\intelligence\FeatureStoreAgent.py:108: error: Return type "str" of "improve_content" incompatible with return type "Coroutine[Any, Any, str]" in supertype "src.core.base.BaseAgent.BaseAgent"  [override]
src\logic\agents\intelligence\ExcelAgent.py:54: error: Unsupported target for indexed assignment ("Collection[str]")  [index]
src\logic\agents\intelligence\ExcelAgent.py:86: error: Return type "str" of "improve_content" incompatible with return type "Coroutine[Any, Any, str]" in supertype "src.core.base.BaseAgent.BaseAgent"  [override]
src\logic\agents\intelligence\ExcelAgent.py:96: error: Missing positional arguments "description", "context_help" in call to "create_main_function"  [call-arg]
src\logic\agents\intelligence\DataScienceAgent.py:46: error: Argument 1 to "as_tool" has incompatible type "Callable[[DataScienceAgent, str], dict[str, Any]]"; expected "int"  [arg-type]
src\logic\agents\intelligence\DataScienceAgent.py:69: error: Argument 1 to "as_tool" has incompatible type "Callable[[DataScienceAgent, list[float], list[float], str], dict[str, Any]]"; expected "int"  [arg-type]
src\logic\agents\intelligence\DataScienceAgent.py:86: error: Argument 1 to "as_tool" has incompatible type "Callable[[DataScienceAgent, dict[str, float]], dict[str, Any]]"; expected "int"  [arg-type]
src\logic\agents\intelligence\DataScienceAgent.py:101: error: Return type "str" of "improve_content" incompatible with return type "Coroutine[Any, Any, str]" in supertype "src.core.base.BaseAgent.BaseAgent"  [override]
src\logic\agents\intelligence\DataAgent.py:47: error: Argument 1 to "as_tool" has incompatible type "Callable[[DataAgent, str], str]"; expected "int"  [arg-type]
src\logic\agents\intelligence\DataAgent.py:51: error: Incompatible types in assignment (expression has type "Connection", variable has type "None")  [assignment]
src\logic\agents\intelligence\DataAgent.py:56: error: Argument 1 to "as_tool" has incompatible type "Callable[[DataAgent, str], str]"; expected "int"  [arg-type]
src\logic\agents\intelligence\DataAgent.py:78: error: Argument 1 to "as_tool" has incompatible type "Callable[[DataAgent], str]"; expected "int"  [arg-type]
src\logic\agents\intelligence\DataAgent.py:101: error: Argument 1 to "as_tool" has incompatible type "Callable[[DataAgent, str, str], str]"; expected "int"  [arg-type]
src\logic\agents\intelligence\DataAgent.py:115: error: Return type "str" of "improve_content" incompatible with return type "Coroutine[Any, Any, str]" in supertype "src.core.base.BaseAgent.BaseAgent"  [override]
src\logic\agents\intelligence\BrowsingAgent.py:45: error: Argument 1 to "as_tool" has incompatible type "Callable[[BrowsingAgent, str], str]"; expected "int"  [arg-type]
src\logic\agents\intelligence\BrowsingAgent.py:55: error: Argument 1 to "as_tool" has incompatible type "Callable[[BrowsingAgent, str], str]"; expected "int"  [arg-type]
src\logic\agents\intelligence\BrowsingAgent.py:63: error: Return type "str" of "improve_content" incompatible with return type "Coroutine[Any, Any, str]" in supertype "src.core.base.BaseAgent.BaseAgent"  [override]
src\logic\agents\infrastructure\OllamaConnectorAgent.py:26: error: Library stubs not installed for "requests"  [import-untyped]
src\logic\agents\infrastructure\OllamaConnectorAgent.py:88: error: Missing positional arguments "description", "context_help" in call to "create_main_function"  [call-arg]
src\logic\agents\infrastructure\NetworkContextAgent.py:50: error: Missing return statement  [return]
src\logic\agents\infrastructure\NetworkContextAgent.py:60: error: "GraphContextEngine" has no attribute "add_node"  [attr-defined]
src\logic\agents\infrastructure\NetworkContextAgent.py:87: error: "GraphContextEngine" has no attribute "add_node"  [attr-defined]
src\logic\agents\infrastructure\NetworkContextAgent.py:100: error: Too many arguments for "save" of "GraphContextEngine"  [call-arg]
src\logic\agents\infrastructure\NetworkContextAgent.py:105: error: Too many arguments for "load" of "GraphContextEngine"  [call-arg]
src\logic\agents\infrastructure\NetworkContextAgent.py:108: error: "GraphContextEngine" has no attribute "get_transitive_neighbors"  [attr-defined]
src\logic\agents\development\UIArchitectAgent.py:67: error: "Collection[Collection[str]]" has no attribute "append"  [attr-defined]
src\logic\agents\development\UIArchitectAgent.py:72: error: Value of type "Collection[Collection[str]]" is not indexable  [index]
src\logic\agents\development\UIArchitectAgent.py:72: error: Unsupported target for indexed assignment ("Collection[Collection[str]]")  [index]
src\logic\agents\development\UIArchitectAgent.py:84: error: "Sequence[str]" has no attribute "append"  [attr-defined]
src\logic\agents\development\UIArchitectAgent.py:86: error: "Sequence[str]" has no attribute "append"  [attr-defined]
src\logic\agents\development\TypeSafetyAgent.py:116: error: Return type "str" of "improve_content" incompatible with return type "Coroutine[Any, Any, str]" in supertype "src.core.base.BaseAgent.BaseAgent"  [override]
src\logic\agents\development\ToolEvolutionAgent.py:42: error: Incompatible types in assignment (expression has type "ToolDraftingCore", variable has type "BaseCore")  [assignment]
src\logic\agents\development\ToolEvolutionAgent.py:56: error: Argument 1 to "as_tool" has incompatible type "Callable[[ToolEvolutionAgent, str], str]"; expected "int"  [arg-type]
src\logic\agents\development\ToolEvolutionAgent.py:97: error: Argument 1 to "as_tool" has incompatible type "Callable[[ToolEvolutionAgent, str, str, str], str]"; expected "int"  [arg-type]
src\logic\agents\development\ToolEvolutionAgent.py:117: error: Argument 1 to "as_tool" has incompatible type "Callable[[ToolEvolutionAgent, str, str, str], str]"; expected "int"  [arg-type]
src\logic\agents\development\ToolEvolutionAgent.py:125: error: "BaseCore" has no attribute "validate_tool_name"  [attr-defined]
src\logic\agents\development\ToolEvolutionAgent.py:135: error: "BaseCore" has no attribute "generate_openapi_spec"  [attr-defined]
src\logic\agents\development\ToolEvolutionAgent.py:139: error: Argument 1 to "as_tool" has incompatible type "Callable[[ToolEvolutionAgent, str], str]"; expected "int"  [arg-type]
src\logic\agents\development\TestAgent.py:47: error: Argument 1 to "as_tool" has incompatible type "Callable[[TestAgent, str], str]"; expected "int"  [arg-type]
src\logic\agents\development\TestAgent.py:75: error: Argument 1 to "as_tool" has incompatible type "Callable[[TestAgent, str], str]"; expected "int"  [arg-type]
src\logic\agents\development\TestAgent.py:80: error: Return type "str" of "improve_content" incompatible with return type "Coroutine[Any, Any, str]" in supertype "src.core.base.BaseAgent.BaseAgent"  [override]
src\logic\agents\development\SpecToolAgent.py:46: error: Argument 1 to "as_tool" has incompatible type "Callable[[SpecToolAgent, str, str], str]"; expected "int"  [arg-type]
src\logic\agents\development\SpecToolAgent.py:61: error: Argument 1 to "as_tool" has incompatible type "Callable[[SpecToolAgent, str], str]"; expected "int"  [arg-type]
src\logic\agents\development\SpecToolAgent.py:80: error: Argument 1 to "as_tool" has incompatible type "Callable[[SpecToolAgent], str]"; expected "int"  [arg-type]
src\logic\agents\development\SpecToolAgent.py:89: error: Argument 1 to "as_tool" has incompatible type "Callable[[SpecToolAgent, str, str], str]"; expected "int"  [arg-type]
src\logic\agents\development\SpecToolAgent.py:104: error: Argument 1 to "as_tool" has incompatible type "Callable[[SpecToolAgent, str], str]"; expected "int"  [arg-type]
src\logic\agents\development\SpecToolAgent.py:116: error: Argument 1 to "as_tool" has incompatible type "Callable[[SpecToolAgent, str], str]"; expected "int"  [arg-type]
src\logic\agents\development\SpecToolAgent.py:164: error: Return type "str" of "improve_content" incompatible with return type "Coroutine[Any, Any, str]" in supertype "src.core.base.BaseAgent.BaseAgent"  [override]
src\logic\agents\development\SelfOptimizerAgent.py:65: error: Need type annotation for "categories"  [var-annotated]
src\logic\agents\development\SelfOptimizerAgent.py:95: error: Return type "str" of "improve_content" incompatible with return type "Coroutine[Any, Any, str]" in supertype "src.core.base.BaseAgent.BaseAgent"  [override]
src\logic\agents\development\SelfHealingAgent.py:49: error: Argument 1 to "as_tool" has incompatible type "Callable[[SelfHealingAgent], str]"; expected "int"  [arg-type]
src\logic\agents\development\SelfHealingAgent.py:90: error: Return type "str" of "improve_content" incompatible with return type "Coroutine[Any, Any, str]" in supertype "src.core.base.BaseAgent.BaseAgent"  [override]
src\logic\agents\development\SandboxAgent.py:45: error: Argument 1 to "as_tool" has incompatible type "Callable[[SandboxAgent, str], str]"; expected "int"  [arg-type]
src\logic\agents\development\SandboxAgent.py:58: error: Argument 1 to "as_tool" has incompatible type "Callable[[SandboxAgent, str], str]"; expected "int"  [arg-type]
src\logic\agents\development\SandboxAgent.py:73: error: Return type "str" of "improve_content" incompatible with return type "Coroutine[Any, Any, str]" in supertype "src.core.base.BaseAgent.BaseAgent"  [override]
src\logic\agents\development\RefinementAgent.py:50: error: Argument 1 to "as_tool" has incompatible type "Callable[[RefinementAgent, str], str]"; expected "int"  [arg-type]
src\logic\agents\development\RefinementAgent.py:63: error: Argument 1 to "as_tool" has incompatible type "Callable[[RefinementAgent, str, str], str]"; expected "int"  [arg-type]
src\logic\agents\development\RefinementAgent.py:80: error: Argument 1 to "as_tool" has incompatible type "Callable[[RefinementAgent, str, str], str]"; expected "int"  [arg-type]
src\logic\agents\development\RefinementAgent.py:95: error: Return type "str" of "improve_content" incompatible with return type "Coroutine[Any, Any, str]" in supertype "src.core.base.BaseAgent.BaseAgent"  [override]
src\logic\agents\development\QualityGateAgent.py:116: error: Argument 1 to "as_tool" has incompatible type "Callable[[QualityGateAgent, str | None, str | None], str]"; expected "int"  [arg-type]
src\logic\agents\development\QualityGateAgent.py:127: error: Signature of "improve_content" incompatible with supertype "src.core.base.BaseAgent.BaseAgent"  [override]
src\logic\agents\development\QualityGateAgent.py:127: note:      Superclass:
src\logic\agents\development\QualityGateAgent.py:127: note:          def improve_content(self, prompt: str) -> Coroutine[Any, Any, str]
src\logic\agents\development\QualityGateAgent.py:127: note:      Subclass:
src\logic\agents\development\QualityGateAgent.py:127: note:          def improve_content(self, prompt: str | None = ...) -> str
src\logic\agents\development\PullRequestAgent.py:51: error: Incompatible types in assignment (expression has type "LocalContextRecorder | None", variable has type "LocalContextRecorder")  [assignment]
src\logic\agents\development\PullRequestAgent.py:53: error: Signature of "_record" incompatible with supertype "src.core.base.BaseAgent.BaseAgent"  [override]
src\logic\agents\development\PullRequestAgent.py:53: note:      Superclass:
src\logic\agents\development\PullRequestAgent.py:53: note:          def _record(self, prompt: str, result: str, provider: str = ..., model: str = ..., meta: dict[str, Any] | None = ...) -> None
src\logic\agents\development\PullRequestAgent.py:53: note:      Subclass:
src\logic\agents\development\PullRequestAgent.py:53: note:          def _record(self, action: str, details: Any, result: str) -> None
src\logic\agents\development\PullRequestAgent.py:62: error: Argument 1 to "as_tool" has incompatible type "Callable[[PullRequestAgent, str], str]"; expected "int"  [arg-type]
src\logic\agents\development\PullRequestAgent.py:88: error: Argument 1 to "as_tool" has incompatible type "Callable[[PullRequestAgent, int], str]"; expected "int"  [arg-type]
src\logic\agents\development\PullRequestAgent.py:101: error: Argument 1 to "as_tool" has incompatible type "Callable[[PullRequestAgent, str], str]"; expected "int"  [arg-type]
src\logic\agents\development\PullRequestAgent.py:110: error: Argument 1 to "as_tool" has incompatible type "Callable[[PullRequestAgent, str], str]"; expected "int"  [arg-type]
src\logic\agents\development\PullRequestAgent.py:120: error: Argument 1 to "as_tool" has incompatible type "Callable[[PullRequestAgent, str], str]"; expected "int"  [arg-type]
src\logic\agents\development\PullRequestAgent.py:155: error: Argument 1 to "as_tool" has incompatible type "Callable[[PullRequestAgent], str]"; expected "int"  [arg-type]
src\logic\agents\development\PullRequestAgent.py:175: error: Return type "str" of "improve_content" incompatible with return type "Coroutine[Any, Any, str]" in supertype "src.core.base.BaseAgent.BaseAgent"  [override]
src\logic\agents\development\NetworkArchSearchAgent.py:46: error: Argument 1 to "as_tool" has incompatible type "Callable[[NetworkArchSearchAgent, str, int], dict[str, Any]]"; expected "int"  [arg-type]
src\logic\agents\development\LintingAgent.py:81: error: Return type "str" of "improve_content" incompatible with return type "Coroutine[Any, Any, str]" in supertype "src.core.base.BaseAgent.BaseAgent"  [override]
src\logic\agents\development\InfrastructureManagerAgent.py:46: error: Argument 1 to "as_tool" has incompatible type "Callable[[InfrastructureManagerAgent, str, str, str], str]"; expected "int"  [arg-type]
src\logic\agents\development\InfrastructureManagerAgent.py:66: error: Argument 1 to "as_tool" has incompatible type "Callable[[InfrastructureManagerAgent, str, str, str, str], str]"; expected "int"  [arg-type]
src\logic\agents\development\InfrastructureManagerAgent.py:82: error: Argument 1 to "as_tool" has incompatible type "Callable[[InfrastructureManagerAgent, str], dict[str, Any]]"; expected "int"  [arg-type]
src\logic\agents\development\InfrastructureManagerAgent.py:95: error: Return type "str" of "improve_content" incompatible with return type "Coroutine[Any, Any, str]" in supertype "src.core.base.BaseAgent.BaseAgent"  [override]
src\logic\agents\development\HandyAgent.py:51: error: Incompatible types in assignment (expression has type "LocalContextRecorder | None", variable has type "LocalContextRecorder")  [assignment]
src\logic\agents\development\HandyAgent.py:53: error: Signature of "_record" incompatible with supertype "src.core.base.BaseAgent.BaseAgent"  [override]
src\logic\agents\development\HandyAgent.py:53: note:      Superclass:
src\logic\agents\development\HandyAgent.py:53: note:          def _record(self, prompt: str, result: str, provider: str = ..., model: str = ..., meta: dict[str, Any] | None = ...) -> None
src\logic\agents\development\HandyAgent.py:53: note:      Subclass:
src\logic\agents\development\HandyAgent.py:53: note:          def _record(self, tool_name: str, input: Any, output: str) -> None
src\logic\agents\development\HandyAgent.py:62: error: Argument 1 to "as_tool" has incompatible type "Callable[[HandyAgent, str, str], str]"; expected "int"  [arg-type]
src\logic\agents\development\HandyAgent.py:74: error: Item "None" of "IO[bytes] | None" has no attribute "close"  [union-attr]
src\logic\agents\development\HandyAgent.py:82: error: Argument 1 to "as_tool" has incompatible type "Callable[[HandyAgent, str, list[str]], str]"; expected "int"  [arg-type]
src\logic\agents\development\HandyAgent.py:98: error: Argument 1 to "as_tool" has incompatible type "Callable[[HandyAgent, str], str]"; expected "int"  [arg-type]
src\logic\agents\development\HandyAgent.py:142: error: Return type "str" of "improve_content" incompatible with return type "Coroutine[Any, Any, str]" in supertype "src.core.base.BaseAgent.BaseAgent"  [override]
src\logic\agents\development\DocumentationIndexerAgent.py:43: error: Need type annotation for "index"  [var-annotated]
src\logic\agents\development\DocumentationIndexerAgent.py:63: error: Return type "str" of "improve_content" incompatible with return type "Coroutine[Any, Any, str]" in supertype "src.core.base.BaseAgent.BaseAgent"  [override]
src\logic\agents\development\DocumentationAgent.py:38: error: Incompatible types in assignment (expression has type "KnowledgeAgent", variable has type "KnowledgeEngine")  [assignment]
src\logic\agents\development\DocumentationAgent.py:50: error: "KnowledgeEngine" has no attribute "build_index"  [attr-defined]
src\logic\agents\development\DocumentationAgent.py:55: error: "KnowledgeEngine" has no attribute "get_compressed_briefing"  [attr-defined]
src\logic\agents\development\DocumentationAgent.py:67: error: "KnowledgeEngine" has no attribute "get_graph_mermaid"  [attr-defined]
src\logic\agents\development\DocumentationAgent.py:80: error: Return type "str" of "improve_content" incompatible with return type "Coroutine[Any, Any, str]" in supertype "src.core.base.BaseAgent.BaseAgent"  [override]
src\logic\agents\development\DocInferenceAgent.py:55: error: Argument 1 to "as_tool" has incompatible type "Callable[[DocInferenceAgent, str], str]"; expected "int"  [arg-type]
src\logic\agents\development\DocInferenceAgent.py:78: error: Argument 1 to "as_tool" has incompatible type "Callable[[DocInferenceAgent, str, list[str] | None], dict[str, Any]]"; expected "int"  [arg-type]
src\logic\agents\development\DocInferenceAgent.py:110: error: Argument 1 to "as_tool" has incompatible type "Callable[[DocInferenceAgent, str, str], str]"; expected "int"  [arg-type]
src\logic\agents\development\DocInferenceAgent.py:121: error: Argument 1 to "as_tool" has incompatible type "Callable[[DocInferenceAgent, str], dict[str, Any]]"; expected "int"  [arg-type]
src\logic\agents\development\DocInferenceAgent.py:131: error: Argument 1 to "as_tool" has incompatible type "Callable[[DocInferenceAgent, str], str]"; expected "int"  [arg-type]
src\logic\agents\development\DocInferenceAgent.py:136: error: Return type "str" of "improve_content" incompatible with return type "Coroutine[Any, Any, str]" in supertype "src.core.base.BaseAgent.BaseAgent"  [override]
src\logic\agents\development\DashboardAgent.py:41: error: Argument 1 to "as_tool" has incompatible type "Callable[[DashboardAgent, str, str], str]"; expected "int"  [arg-type]
src\logic\agents\development\DashboardAgent.py:63: error: Argument 1 to "as_tool" has incompatible type "Callable[[DashboardAgent, list[str]], str]"; expected "int"  [arg-type]
src\logic\agents\development\CoderAgent.py:74: error: Incompatible types in assignment (expression has type "CoderCore", variable has type "BaseCore")  [assignment]
src\logic\agents\development\CoderAgent.py:106: error: "BaseCore" has no attribute "language"  [attr-defined]
src\logic\agents\development\CoderAgent.py:150: error: "BaseCore" has no attribute "check_style"  [attr-defined]
src\logic\agents\development\CoderAgent.py:154: error: "BaseCore" has no attribute "auto_fix_style"  [attr-defined]
src\logic\agents\development\CoderAgent.py:161: error: "BaseCore" has no attribute "calculate_metrics"  [attr-defined]
src\logic\agents\development\CoderAgent.py:215: error: "BaseCore" has no attribute "calculate_quality_score"  [attr-defined]
src\logic\agents\development\CoderAgent.py:223: error: "BaseCore" has no attribute "detect_code_smells"  [attr-defined]
src\logic\agents\development\CoderAgent.py:235: error: "BaseCore" has no attribute "find_duplicate_code"  [attr-defined]
src\logic\agents\development\CoderAgent.py:273: error: "BaseCore" has no attribute "suggest_refactorings"  [attr-defined]
src\logic\agents\development\CoderAgent.py:280: error: "BaseCore" has no attribute "generate_documentation"  [attr-defined]
src\logic\agents\development\CoderAgent.py:295: error: "BaseCore" has no attribute "validate_syntax"  [attr-defined]
src\logic\agents\development\CoderAgent.py:299: error: "BaseCore" has no attribute "validate_flake8"  [attr-defined]
src\logic\agents\development\CodeReviewerAgent.py:52: error: Argument 1 to "as_tool" has incompatible type "Callable[[CodeReviewerAgent, str], list[ReviewFinding]]"; expected "int"  [arg-type]
src\logic\agents\development\BenchmarkAgent.py:43: error: Incompatible types in assignment (expression has type "BenchmarkCore", variable has type "BaseCore")  [assignment]
src\logic\agents\development\BenchmarkAgent.py:55: error: Argument 1 to "as_tool" has incompatible type "Callable[[BenchmarkAgent, str, str], dict[str, Any]]"; expected "int"  [arg-type]
src\logic\agents\development\BenchmarkAgent.py:75: error: "BenchmarkAgent" has no attribute "results"  [attr-defined]
src\logic\agents\development\BenchmarkAgent.py:78: error: Argument 1 to "as_tool" has incompatible type "Callable[[BenchmarkAgent, str, str], str]"; expected "int"  [arg-type]
src\logic\agents\development\BenchmarkAgent.py:96: error: Argument 1 to "as_tool" has incompatible type "Callable[[BenchmarkAgent, str, str], dict[str, Any]]"; expected "int"  [arg-type]
src\logic\agents\development\BenchmarkAgent.py:109: error: Argument 1 to "as_tool" has incompatible type "Callable[[BenchmarkAgent, str, str, str | None], str]"; expected "int"  [arg-type]
src\logic\agents\development\BenchmarkAgent.py:129: error: "BenchmarkAgent" has no attribute "results"  [attr-defined]
src\logic\agents\development\BenchmarkAgent.py:133: error: Argument 1 to "as_tool" has incompatible type "Callable[[BenchmarkAgent, str, float], str]"; expected "int"  [arg-type]
src\logic\agents\development\BenchmarkAgent.py:136: error: "BaseCore" has no attribute "calculate_baseline"  [attr-defined]
src\logic\agents\development\BenchmarkAgent.py:137: error: "BaseCore" has no attribute "check_regression"  [attr-defined]
src\logic\agents\development\BenchmarkAgent.py:146: error: Argument 1 to "as_tool" has incompatible type "Callable[[BenchmarkAgent], str]"; expected "int"  [arg-type]
src\logic\agents\development\BenchmarkAgent.py:149: error: "BenchmarkAgent" has no attribute "results"  [attr-defined]
src\logic\agents\development\BenchmarkAgent.py:153: error: "BenchmarkAgent" has no attribute "results"  [attr-defined]
src\logic\agents\development\ArchitectAgent.py:45: error: Argument 1 to "as_tool" has incompatible type "Callable[[ArchitectAgent, str], dict[str, Any]]"; expected "int"  [arg-type]
src\logic\agents\development\ArchAdvisorAgent.py:55: error: Argument 1 to "calculate_coupling_metrics" of "ArchCore" has incompatible type "dict[str, set[str]]"; expected "dict[str, list[Any]]"  [arg-type]
src\logic\agents\development\ArchAdvisorAgent.py:74: error: Return type "str" of "improve_content" incompatible with return type "Coroutine[Any, Any, str]" in supertype "src.core.base.BaseAgent.BaseAgent"  [override]
src\logic\agents\development\AndroidAgent.py:42: error: Incompatible types in assignment (expression has type "AndroidCore", variable has type "BaseCore")  [assignment]
src\logic\agents\development\AndroidAgent.py:52: error: Incompatible types in assignment (expression has type "LocalContextRecorder | None", variable has type "LocalContextRecorder")  [assignment]
src\logic\agents\development\AndroidAgent.py:54: error: Signature of "_record" incompatible with supertype "src.core.base.BaseAgent.BaseAgent"  [override]
src\logic\agents\development\AndroidAgent.py:54: note:      Superclass:
src\logic\agents\development\AndroidAgent.py:54: note:          def _record(self, prompt: str, result: str, provider: str = ..., model: str = ..., meta: dict[str, Any] | None = ...) -> None
src\logic\agents\development\AndroidAgent.py:54: note:      Subclass:
src\logic\agents\development\AndroidAgent.py:54: note:          def _record(self, action: str, details: str) -> None
src\logic\agents\development\AndroidAgent.py:63: error: Argument 1 to "as_tool" has incompatible type "Callable[[AndroidAgent], dict[str, Any]]"; expected "int"  [arg-type]
src\logic\agents\development\AndroidAgent.py:77: error: Argument 1 to "as_tool" has incompatible type "Callable[[AndroidAgent, str, dict[str, Any]], str]"; expected "int"  [arg-type]
src\logic\agents\development\AndroidAgent.py:99: error: Argument 1 to "as_tool" has incompatible type "Callable[[AndroidAgent, str], str]"; expected "int"  [arg-type]
src\logic\agents\development\AccessibilityAgent.py:95: error: Argument 1 to "as_tool" has incompatible type "Callable[[AccessibilityAgent, str], AccessibilityReport]"; expected "int"  [arg-type]
src\logic\agents\compliance\ComplianceAgent.py:24: error: Incompatible types in assignment (expression has type "ComplianceCore", variable has type "BaseCore")  [assignment]
src\logic\agents\compliance\ComplianceAgent.py:26: error: Incompatible types in assignment (expression has type "None", variable has type "BaseCore")  [assignment]
src\logic\agents\compliance\ComplianceAgent.py:29: error: Argument 1 to "as_tool" has incompatible type "Callable[[ComplianceAgent, dict[str, str]], dict[str, Any]]"; expected "int"  [arg-type]
src\logic\agents\compliance\ComplianceAgent.py:37: error: "BaseCore" has no attribute "audit_content"  [attr-defined]
src\logic\agents\compliance\ComplianceAgent.py:38: error: Name "all_issues" is not defined  [name-defined]
src\logic\agents\compliance\ComplianceAgent.py:40: error: "BaseCore" has no attribute "aggregate_score"  [attr-defined]
src\logic\agents\compliance\ComplianceAgent.py:40: error: Name "all_issues" is not defined  [name-defined]
src\logic\agents\compliance\ComplianceAgent.py:44: error: Name "all_issues" is not defined  [name-defined]
src\logic\agents\compliance\ComplianceAgent.py:45: error: Name "all_issues" is not defined  [name-defined]
src\logic\agents\cognitive\WorldModelAgent.py:67: error: Argument 1 to "as_tool" has incompatible type "Callable[[WorldModelAgent, str, str], dict[str, Any]]"; expected "int"  [arg-type]
src\logic\agents\cognitive\WorldModelAgent.py:94: error: Argument 1 to "as_tool" has incompatible type "Callable[[WorldModelAgent, list[str]], str]"; expected "int"  [arg-type]
src\logic\agents\cognitive\WorldModelAgent.py:108: error: Argument 1 to "as_tool" has incompatible type "Callable[[WorldModelAgent, str, str, str], dict[str, Any]]"; expected "int"  [arg-type]
src\logic\agents\cognitive\VoiceInteractionAgent.py:46: error: Argument 1 to "as_tool" has incompatible type "Callable[[VoiceInteractionAgent, str, str], str]"; expected "int"  [arg-type]
src\logic\agents\cognitive\VoiceInteractionAgent.py:64: error: Argument 1 to "as_tool" has incompatible type "Callable[[VoiceInteractionAgent, str], str]"; expected "int"  [arg-type]
src\logic\agents\cognitive\VoiceInteractionAgent.py:83: error: "VoiceInteractionAgent" has no attribute "id"  [attr-defined]
src\logic\agents\cognitive\VoiceAgent.py:45: error: Argument 1 to "as_tool" has incompatible type "Callable[[VoiceAgent, str, str | None, str], str]"; expected "int"  [arg-type]
src\logic\agents\cognitive\VoiceAgent.py:59: error: Argument 1 to "as_tool" has incompatible type "Callable[[VoiceAgent, str], str]"; expected "int"  [arg-type]
src\logic\agents\cognitive\VoiceAgent.py:65: error: Argument 1 to "as_tool" has incompatible type "Callable[[VoiceAgent, str, str], str]"; expected "int"  [arg-type]
src\logic\agents\cognitive\VoiceAgent.py:78: error: Argument 1 to "as_tool" has incompatible type "Callable[[VoiceAgent, str], str]"; expected "int"  [arg-type]
src\logic\agents\cognitive\VoiceAgent.py:84: error: Argument 1 to "as_tool" has incompatible type "Callable[[VoiceAgent, str, str], str]"; expected "int"  [arg-type]
src\logic\agents\cognitive\VoiceAgent.py:90: error: Return type "str" of "improve_content" incompatible with return type "Coroutine[Any, Any, str]" in supertype "src.core.base.BaseAgent.BaseAgent"  [override]
src\logic\agents\cognitive\SynthesisAgent.py:49: error: Argument 1 to "as_tool" has incompatible type "Callable[[SynthesisAgent, list[str], str], dict[str, Any]]"; expected "int"  [arg-type]
src\logic\agents\cognitive\SynthesisAgent.py:113: error: Argument 1 to "as_tool" has incompatible type "Callable[[SynthesisAgent, list[str]], list[dict[str, Any]]]"; expected "int"  [arg-type]
src\logic\agents\cognitive\SpeciationAgent.py:43: error: Argument 1 to "as_tool" has incompatible type "Callable[[SpeciationAgent, str, str], str]"; expected "int"  [arg-type]
src\logic\agents\cognitive\SpeciationAgent.py:98: error: Argument 1 to "as_tool" has incompatible type "Callable[[SpeciationAgent, str, str], dict[str, Any]]"; expected "int"  [arg-type]
src\logic\agents\cognitive\SpeciationAgent.py:118: error: Argument 1 to "as_tool" has incompatible type "Callable[[SpeciationAgent, str], str]"; expected "int"  [arg-type]
src\logic\agents\cognitive\ReflectionAgent.py:41: error: Argument 1 to "as_tool" has incompatible type "Callable[[ReflectionAgent, str], str]"; expected "int"  [arg-type]
src\logic\agents\cognitive\ReflectionAgent.py:46: error: Return type "str" of "improve_content" incompatible with return type "Coroutine[Any, Any, str]" in supertype "src.core.base.BaseAgent.BaseAgent"  [override]
src\logic\agents\cognitive\ReasoningAgent.py:48: error: Argument 1 to "as_tool" has incompatible type "Callable[[ReasoningAgent, str, str | None], str]"; expected "int"  [arg-type]
src\logic\agents\cognitive\ReasoningAgent.py:78: error: Argument 1 to "as_tool" has incompatible type "Callable[[ReasoningAgent, str], str]"; expected "int"  [arg-type]
src\logic\agents\cognitive\ReasoningAgent.py:90: error: Argument 1 to "as_tool" has incompatible type "Callable[[ReasoningAgent, str, str], dict[str, Any]]"; expected "int"  [arg-type]
src\logic\agents\cognitive\ReasoningAgent.py:109: error: Return type "str" of "improve_content" incompatible with return type "Coroutine[Any, Any, str]" in supertype "src.core.base.BaseAgent.BaseAgent"  [override]
src\logic\agents\cognitive\RealityGraftingAgent.py:43: error: Argument 1 to "as_tool" has incompatible type "Callable[[RealityGraftingAgent, str, str], str]"; expected "int"  [arg-type]
src\logic\agents\cognitive\RealityGraftingAgent.py:64: error: Return type "str" of "improve_content" incompatible with return type "Coroutine[Any, Any, str]" in supertype "src.core.base.BaseAgent.BaseAgent"  [override]
src\logic\agents\cognitive\RealityAnchorAgent.py:46: error: Argument 1 to "as_tool" has incompatible type "Callable[[RealityAnchorAgent, str, str], dict[str, Any]]"; expected "int"  [arg-type]
src\logic\agents\cognitive\RealityAnchorAgent.py:67: error: Argument 1 to "as_tool" has incompatible type "Callable[[RealityAnchorAgent, str, dict[str, Any]], dict[str, Any]]"; expected "int"  [arg-type]
src\logic\agents\cognitive\RealityAnchorAgent.py:90: error: Argument 1 to "as_tool" has incompatible type "Callable[[RealityAnchorAgent, str, list[str]], dict[str, Any]]"; expected "int"  [arg-type]
src\logic\agents\cognitive\RealityAnchorAgent.py:120: error: Argument 1 to "as_tool" has incompatible type "Callable[[RealityAnchorAgent, str], str]"; expected "int"  [arg-type]
src\logic\agents\cognitive\QuantumReasonerAgent.py:46: error: Argument 1 to "as_tool" has incompatible type "Callable[[QuantumReasonerAgent, str, int], dict[str, Any]]"; expected "int"  [arg-type]
src\logic\agents\cognitive\QuantumReasonerAgent.py:69: error: Argument 1 to "_calculate_interference" of "QuantumReasonerAgent" has incompatible type "object"; expected "str"  [arg-type]
src\logic\agents\cognitive\QuantumReasonerAgent.py:69: error: Argument 2 to "_calculate_interference" of "QuantumReasonerAgent" has incompatible type "list[object]"; expected "list[str]"  [arg-type]
src\logic\agents\cognitive\QuantumReasonerAgent.py:73: error: Argument "key" to "max" has incompatible type "Callable[[dict[str, object]], object]"; expected "Callable[[dict[str, object]], SupportsDunderLT[Any] | SupportsDunderGT[Any]]"  [arg-type]
src\logic\agents\cognitive\QuantumReasonerAgent.py:73: error: Incompatible return value type (got "object", expected "SupportsDunderLT[Any] | SupportsDunderGT[Any]")  [return-value]
src\logic\agents\cognitive\QuantumReasonerAgent.py:104: error: Argument 1 to "as_tool" has incompatible type "Callable[[QuantumReasonerAgent, list[dict[str, Any]]], str]"; expected "int"  [arg-type]
src\logic\agents\cognitive\ProactiveAgent.py:103: error: Return type "str" of "improve_content" incompatible with return type "Coroutine[Any, Any, str]" in supertype "src.core.base.BaseAgent.BaseAgent"  [override]
src\logic\agents\cognitive\ProactiveAgent.py:109: error: Missing positional arguments "description", "context_help" in call to "create_main_function"  [call-arg]
src\logic\agents\cognitive\PersonalityCoreAgent.py:45: error: Argument 1 to "as_tool" has incompatible type "Callable[[PersonalityCoreAgent, str], dict[str, Any]]"; expected "int"  [arg-type]
src\logic\agents\cognitive\PersonalityCoreAgent.py:70: error: Value of type "Coroutine[Any, Any, None]" must be used  [unused-coroutine]
src\logic\agents\cognitive\PersonalityCoreAgent.py:70: note: Are you missing an await?
src\logic\agents\cognitive\PersonalityCoreAgent.py:82: error: Argument 1 to "as_tool" has incompatible type "Callable[[PersonalityCoreAgent], str]"; expected "int"  [arg-type]
src\logic\agents\cognitive\NeuroSymbolicAgent.py:50: error: Argument 1 to "as_tool" has incompatible type "Callable[[NeuroSymbolicAgent, str], dict[str, Any]]"; expected "int"  [arg-type]
src\logic\agents\cognitive\NeuroSymbolicAgent.py:74: error: Return type "str" of "improve_content" incompatible with return type "Coroutine[Any, Any, str]" in supertype "src.core.base.BaseAgent.BaseAgent"  [override]
src\logic\agents\cognitive\MemoryConsolidator.py:49: error: Incompatible types in assignment (expression has type "MemoryConsolidatorCore", variable has type "BaseCore")  [assignment]
src\logic\agents\cognitive\MemoryConsolidator.py:51: error: Argument 1 to "as_tool" has incompatible type "Callable[[MemoryConsolidator, str, str, str], None]"; expected "int"  [arg-type]
src\logic\agents\cognitive\MemoryConsolidator.py:54: error: "BaseCore" has no attribute "create_interaction_entry"  [attr-defined]
src\logic\agents\cognitive\MemoryConsolidator.py:57: error: Argument 1 to "as_tool" has incompatible type "Callable[[MemoryConsolidator], str]"; expected "int"  [arg-type]
src\logic\agents\cognitive\MemoryConsolidator.py:66: error: "BaseCore" has no attribute "distill_buffer"  [attr-defined]
src\logic\agents\cognitive\MemoryConsolidator.py:70: error: "BaseCore" has no attribute "format_daily_memory"  [attr-defined]
src\logic\agents\cognitive\MemoryConsolidator.py:105: error: Argument 1 to "as_tool" has incompatible type "Callable[[MemoryConsolidator, str], list[str]]"; expected "int"  [arg-type]
src\logic\agents\cognitive\MemoryConsolidator.py:109: error: "BaseCore" has no attribute "filter_memory_by_query"  [attr-defined]
src\logic\agents\cognitive\MemoryConsolidationAgent.py:47: error: Argument 1 to "as_tool" has incompatible type "Callable[[MemoryConsolidationAgent], str]"; expected "int"  [arg-type]
src\logic\agents\cognitive\MemoryConsolidationAgent.py:70: error: Invalid index type "int" for "dict[str, str]"; expected type "str"  [index]
src\logic\agents\cognitive\MemoryConsolidationAgent.py:93: error: Return type "str" of "improve_content" incompatible with return type "Coroutine[Any, Any, str]" in supertype "src.core.base.BaseAgent.BaseAgent"  [override]
src\logic\agents\cognitive\LinguisticAgent.py:60: error: Argument 1 to "as_tool" has incompatible type "Callable[[LinguisticAgent, str, str], str]"; expected "int"  [arg-type]
src\logic\agents\cognitive\LinguisticAgent.py:75: error: Return type "str" of "improve_content" incompatible with return type "Coroutine[Any, Any, str]" in supertype "src.core.base.BaseAgent.BaseAgent"  [override]
src\logic\agents\cognitive\LatentReasoningAgent.py:52: error: Argument 1 to "as_tool" has incompatible type "Callable[[LatentReasoningAgent, str, str, str], dict[str, Any]]"; expected "int"  [arg-type]
src\logic\agents\cognitive\LatentReasoningAgent.py:73: error: Argument 1 to "as_tool" has incompatible type "Callable[[LatentReasoningAgent, list[str], str], bool]"; expected "int"  [arg-type]
src\logic\agents\cognitive\LatentReasoningAgent.py:81: error: Return type "str" of "improve_content" incompatible with return type "Coroutine[Any, Any, str]" in supertype "src.core.base.BaseAgent.BaseAgent"  [override]
src\logic\agents\cognitive\KnowledgeFusionAgent.py:74: error: Argument 1 to "as_tool" has incompatible type "Callable[[KnowledgeFusionAgent, list[str]], str]"; expected "int"  [arg-type]
src\logic\agents\cognitive\KnowledgeFusionAgent.py:106: error: Argument 1 to "as_tool" has incompatible type "Callable[[KnowledgeFusionAgent, str], str]"; expected "int"  [arg-type]
src\logic\agents\cognitive\KnowledgeFusionAgent.py:112: error: Return type "str" of "improve_content" incompatible with return type "Coroutine[Any, Any, str]" in supertype "src.core.base.BaseAgent.BaseAgent"  [override]
src\logic\agents\cognitive\IdiomExtractorAgent.py:43: error: Argument 1 to "as_tool" has incompatible type "Callable[[IdiomExtractorAgent, str], str]"; expected "int"  [arg-type]
src\logic\agents\cognitive\IdiomExtractorAgent.py:75: error: "Collection[str]" has no attribute "extend"  [attr-defined]
src\logic\agents\cognitive\IdiomExtractorAgent.py:79: error: "Collection[str]" has no attribute "extend"  [attr-defined]
src\logic\agents\cognitive\IdiomExtractorAgent.py:101: error: Argument 1 to "as_tool" has incompatible type "Callable[[IdiomExtractorAgent], dict[str, Any]]"; expected "int"  [arg-type]
src\logic\agents\cognitive\HolographicContextAgent.py:48: error: Argument 1 to "as_tool" has incompatible type "Callable[[HolographicContextAgent, str, dict[str, Any], list[str]], str]"; expected "int"  [arg-type]
src\logic\agents\cognitive\HolographicContextAgent.py:61: error: Unsupported target for indexed assignment ("object")  [index]
src\logic\agents\cognitive\HolographicContextAgent.py:71: error: Argument 1 to "as_tool" has incompatible type "Callable[[HolographicContextAgent, str, str], dict[str, Any]]"; expected "int"  [arg-type]
src\logic\agents\cognitive\HolographicContextAgent.py:81: error: Argument 1 to "as_tool" has incompatible type "Callable[[HolographicContextAgent], list[str]]"; expected "int"  [arg-type]
src\logic\agents\cognitive\HierarchicalMemoryAgent.py:57: error: Argument 1 to "as_tool" has incompatible type "Callable[[HierarchicalMemoryAgent, str, float, list[str] | None], str]"; expected "int"  [arg-type]
src\logic\agents\cognitive\HierarchicalMemoryAgent.py:82: error: Argument 1 to "as_tool" has incompatible type "Callable[[HierarchicalMemoryAgent], str]"; expected "int"  [arg-type]
src\logic\agents\cognitive\HierarchicalMemoryAgent.py:105: error: Name "logging" is not defined  [name-defined]
src\logic\agents\cognitive\HierarchicalMemoryAgent.py:109: error: Argument 1 to "as_tool" has incompatible type "Callable[[HierarchicalMemoryAgent, str, bool], str]"; expected "int"  [arg-type]
src\logic\agents\cognitive\HierarchicalMemoryAgent.py:134: error: Return type "str" of "improve_content" incompatible with return type "Coroutine[Any, Any, str]" in supertype "src.core.base.BaseAgent.BaseAgent"  [override]
src\logic\agents\cognitive\GraphMemoryAgent.py:46: error: Need type annotation for "memory_store"  [var-annotated]
src\logic\agents\cognitive\GraphMemoryAgent.py:117: error: Missing return statement  [return]
src\logic\agents\cognitive\GraphMemoryAgent.py:123: error: Argument 1 to "as_tool" has incompatible type "Callable[[GraphMemoryAgent, str, str, Any], str]"; expected "int"  [arg-type]
src\logic\agents\cognitive\GraphMemoryAgent.py:137: error: "Collection[Any]" has no attribute "append"  [attr-defined]
src\logic\agents\cognitive\GraphMemoryAgent.py:139: error: Unsupported target for indexed assignment ("Collection[Any]")  [index]
src\logic\agents\cognitive\GraphMemoryAgent.py:143: error: Argument 1 to "as_tool" has incompatible type "Callable[[GraphMemoryAgent, float], str]"; expected "int"  [arg-type]
src\logic\agents\cognitive\GraphMemoryAgent.py:169: error: Argument 1 to "as_tool" has incompatible type "Callable[[GraphMemoryAgent, str, bool], str]"; expected "int"  [arg-type]
src\logic\agents\cognitive\GraphMemoryAgent.py:188: error: Argument 1 to "as_tool" has incompatible type "Callable[[GraphMemoryAgent, str, str | None, int], str]"; expected "int"  [arg-type]
src\logic\agents\cognitive\GraphMemoryAgent.py:211: error: Argument 1 to "as_tool" has incompatible type "Callable[[GraphMemoryAgent, str, str], str]"; expected "int"  [arg-type]
src\logic\agents\cognitive\GraphMemoryAgent.py:221: error: Argument 1 to "as_tool" has incompatible type "Callable[[GraphMemoryAgent, int], str]"; expected "int"  [arg-type]
src\logic\agents\cognitive\GraphMemoryAgent.py:235: error: Argument 1 to "as_tool" has incompatible type "Callable[[GraphMemoryAgent, str, dict[str, Any], str | None], str]"; expected "int"  [arg-type]
src\logic\agents\cognitive\GraphMemoryAgent.py:245: error: Argument 1 to "as_tool" has incompatible type "Callable[[GraphMemoryAgent, str, str, str], str]"; expected "int"  [arg-type]
src\logic\agents\cognitive\GraphMemoryAgent.py:254: error: Argument 1 to "as_tool" has incompatible type "Callable[[GraphMemoryAgent, str], str]"; expected "int"  [arg-type]
src\logic\agents\cognitive\GraphMemoryAgent.py:266: error: Argument 1 to "as_tool" has incompatible type "Callable[[GraphMemoryAgent, str], dict[str, Any]]"; expected "int"  [arg-type]
src\logic\agents\cognitive\GraphMemoryAgent.py:276: error: Return type "str" of "improve_content" incompatible with return type "Coroutine[Any, Any, str]" in supertype "src.core.base.BaseAgent.BaseAgent"  [override]
src\logic\agents\cognitive\ExplainabilityAgent.py:62: error: Missing return statement  [return]
src\logic\agents\cognitive\ExplainabilityAgent.py:71: error: Return value expected  [return-value]
src\logic\agents\cognitive\EvolutionaryPromptAgent.py:42: error: Incompatible types in assignment (expression has type "EvolutionCore", variable has type "BaseCore")  [assignment]
src\logic\agents\cognitive\EvolutionaryPromptAgent.py:49: error: Argument 1 to "as_tool" has incompatible type "Callable[[EvolutionaryPromptAgent, str], str]"; expected "int"  [arg-type]
src\logic\agents\cognitive\EvolutionaryPromptAgent.py:66: error: Argument 1 to "as_tool" has incompatible type "Callable[[EvolutionaryPromptAgent, int, float], str]"; expected "int"  [arg-type]
src\logic\agents\cognitive\EvolutionaryPromptAgent.py:77: error: Argument 1 to "as_tool" has incompatible type "Callable[[EvolutionaryPromptAgent], dict[str, Any]]"; expected "int"  [arg-type]
src\logic\agents\cognitive\EvolutionaryPromptAgent.py:95: error: "BaseCore" has no attribute "prompt_crossover"  [attr-defined]
src\logic\agents\cognitive\EvolutionaryPromptAgent.py:96: error: "BaseCore" has no attribute "mutate_prompt"  [attr-defined]
src\logic\agents\cognitive\EvolutionaryPromptAgent.py:99: error: "BaseCore" has no attribute "calculate_prompt_sha"  [attr-defined]
src\logic\agents\cognitive\EvolutionaryPromptAgent.py:117: error: Argument 1 to "as_tool" has incompatible type "Callable[[EvolutionaryPromptAgent], str]"; expected "int"  [arg-type]
src\logic\agents\cognitive\EmpathyAgent.py:42: error: Argument 1 to "as_tool" has incompatible type "Callable[[EmpathyAgent, str], Coroutine[Any, Any, dict[str, Any]]]"; expected "int"  [arg-type]
src\logic\agents\cognitive\EmpathyAgent.py:80: error: Argument 1 to "as_tool" has incompatible type "Callable[[EmpathyAgent, str, str], Coroutine[Any, Any, str]]"; expected "int"  [arg-type]
src\logic\agents\cognitive\DynamicDecomposerAgent.py:47: error: Argument 1 to "as_tool" has incompatible type "Callable[[DynamicDecomposerAgent, str, list[str]], str]"; expected "int"  [arg-type]
src\logic\agents\cognitive\DynamicDecomposerAgent.py:71: error: Argument 1 to "as_tool" has incompatible type "Callable[[DynamicDecomposerAgent, list[dict[str, Any]]], str]"; expected "int"  [arg-type]
src\logic\agents\cognitive\DynamicDecomposerAgent.py:76: error: Return type "str" of "improve_content" incompatible with return type "Coroutine[Any, Any, str]" in supertype "src.core.base.BaseAgent.BaseAgent"  [override]
src\logic\agents\cognitive\CooperativeCommunicationAgent.py:45: error: Argument 1 to "as_tool" has incompatible type "Callable[[CooperativeCommunicationAgent, str, str], dict[str, Any]]"; expected "int"  [arg-type]
src\logic\agents\cognitive\CooperativeCommunicationAgent.py:61: error: Argument 1 to "as_tool" has incompatible type "Callable[[CooperativeCommunicationAgent, str, Any], dict[str, Any]]"; expected "int"  [arg-type]
src\logic\agents\cognitive\CooperativeCommunicationAgent.py:76: error: Argument 1 to "as_tool" has incompatible type "Callable[[CooperativeCommunicationAgent, Any], dict[str, Any]]"; expected "int"  [arg-type]
src\logic\agents\cognitive\CooperativeCommunicationAgent.py:93: error: Argument 1 to "as_tool" has incompatible type "Callable[[CooperativeCommunicationAgent, list[str]], str]"; expected "int"  [arg-type]
src\logic\agents\cognitive\ContextAgent.py:251: error: Return type "ContextTemplate | None" of "get_template" incompatible with return type "PromptTemplate | None" in supertype "src.core.base.BaseAgent.BaseAgent"  [override]
src\logic\agents\cognitive\ContextAgent.py:629: error: Return type "str" of "improve_content" incompatible with return type "Coroutine[Any, Any, str]" in supertype "src.core.base.BaseAgent.BaseAgent"  [override]
src\logic\agents\cognitive\ContextAgent.py:648: error: Incompatible return value type (got "Coroutine[Any, Any, str]", expected "str")  [return-value]
src\logic\agents\cognitive\ContextAgent.py:648: note: Maybe you forgot to use "await"?
src\logic\agents\cognitive\ContextAgent.py:652: error: Incompatible return value type (got "Coroutine[Any, Any, str]", expected "str")  [return-value]
src\logic\agents\cognitive\ContextAgent.py:652: note: Maybe you forgot to use "await"?
src\logic\agents\cognitive\CognitiveSuperAgent.py:36: error: Argument 1 to "as_tool" has incompatible type "Callable[[CognitiveSuperAgent, str], str]"; expected "int"  [arg-type]
src\logic\agents\cognitive\CognitiveSuperAgent.py:44: error: Return type "str" of "improve_content" incompatible with return type "Coroutine[Any, Any, str]" in supertype "src.core.base.BaseAgent.BaseAgent"  [override]
src\logic\agents\cognitive\BayesianReasoningAgent.py:47: error: Argument 1 to "as_tool" has incompatible type "Callable[[BayesianReasoningAgent, str, str, float], dict[str, float]]"; expected "int"  [arg-type]
src\logic\agents\cognitive\BayesianReasoningAgent.py:74: error: Argument 1 to "as_tool" has incompatible type "Callable[[BayesianReasoningAgent, list[dict[str, Any]]], str]"; expected "int"  [arg-type]
src\logic\agents\cognitive\BayesianReasoningAgent.py:97: error: Return type "str" of "improve_content" incompatible with return type "Coroutine[Any, Any, str]" in supertype "src.core.base.BaseAgent.BaseAgent"  [override]
src\logic\agents\cognitive\AttentionBufferAgent.py:47: error: Argument 1 to "as_tool" has incompatible type "Callable[[AttentionBufferAgent, str, str, int], str]"; expected "int"  [arg-type]
src\logic\agents\cognitive\AttentionBufferAgent.py:68: error: Argument 1 to "as_tool" has incompatible type "Callable[[AttentionBufferAgent], dict[str, Any]]"; expected "int"  [arg-type]
src\logic\agents\cognitive\AttentionBufferAgent.py:80: error: Argument 1 to "as_tool" has incompatible type "Callable[[AttentionBufferAgent, int], str]"; expected "int"  [arg-type]
src\infrastructure\plugins\BrokenImportAgent.py:40: error: Incompatible types in assignment (expression has type "ImportHealerCore", variable has type "BaseCore")  [assignment]
src\infrastructure\plugins\BrokenImportAgent.py:45: error: "BaseCore" has no attribute "suggest_fix"  [attr-defined]
src\infrastructure\plugins\BrokenImportAgent.py:51: error: "BaseCore" has no attribute "build_internal_import_map"  [attr-defined]
src\infrastructure\plugins\mock_plugin\MockAgent.py:40: error: Incompatible types in assignment (expression has type "MockCore", variable has type "BaseCore")  [assignment]
src\infrastructure\plugins\mock_plugin\MockAgent.py:43: error: Signature of "run" incompatible with supertype "src.core.base.BaseAgent.BaseAgent"  [override]
src\infrastructure\plugins\mock_plugin\MockAgent.py:43: note:      Superclass:
src\infrastructure\plugins\mock_plugin\MockAgent.py:43: note:          def run(self, prompt: str = ...) -> None
src\infrastructure\plugins\mock_plugin\MockAgent.py:43: note:      Subclass:
src\infrastructure\plugins\mock_plugin\MockAgent.py:43: note:          def run(self, task: str) -> str
src\infrastructure\plugins\mock_plugin\MockAgent.py:46: error: "BaseCore" has no attribute "format_mock_response"  [attr-defined]
src\infrastructure\plugins\mock_plugin\MockAgent.py:54: error: "BaseCore" has no attribute "get_metadata"  [attr-defined]
src\infrastructure\plugins\example_math_plugin\SimpleMathAgent.py:23: error: Module "src.infrastructure.orchestration.ToolRegistry" has no attribute "as_tool"  [attr-defined]
src\infrastructure\plugins\example_math_plugin\SimpleMathAgent.py:47: error: Return type "str" of "improve_content" incompatible with return type "Coroutine[Any, Any, str]" in supertype "src.core.base.BaseAgent.BaseAgent"  [override]
src\infrastructure\plugins\community_demo\CommunityAgent.py:38: error: Argument 1 to "__init__" of "BaseAgent" has incompatible type "str | None"; expected "str"  [arg-type]
src\infrastructure\plugins\community_demo\CommunityAgent.py:40: error: Incompatible types in assignment (expression has type "CommunityCore", variable has type "BaseCore")  [assignment]
src\infrastructure\plugins\community_demo\CommunityAgent.py:43: error: Return type "str" of "improve_content" incompatible with return type "Coroutine[Any, Any, str]" in supertype "src.core.base.BaseAgent.BaseAgent"  [override]
src\infrastructure\plugins\community_demo\CommunityAgent.py:46: error: "BaseCore" has no attribute "process_data"  [attr-defined]
src\infrastructure\plugins\community_demo\CommunityAgent.py:48: error: Signature of "run" incompatible with supertype "src.core.base.BaseAgent.BaseAgent"  [override]
src\infrastructure\plugins\community_demo\CommunityAgent.py:48: note:      Superclass:
src\infrastructure\plugins\community_demo\CommunityAgent.py:48: note:          def run(self, prompt: str = ...) -> None
src\infrastructure\plugins\community_demo\CommunityAgent.py:48: note:      Subclass:
src\infrastructure\plugins\community_demo\CommunityAgent.py:48: note:          def run(self, task: str) -> str
src\infrastructure\orchestration\WeightOrchestrator.py:47: error: Missing return statement  [return]
src\infrastructure\orchestration\WeightOrchestrator.py:56: error: Missing return statement  [return]
src\infrastructure\orchestration\WeightOrchestrator.py:64: error: Argument 1 to "as_tool" has incompatible type "Callable[[WeightOrchestrator, str, str], bool]"; expected "int"  [arg-type]
src\infrastructure\orchestration\WeightOrchestrator.py:73: error: Argument 1 to "as_tool" has incompatible type "Callable[[WeightOrchestrator, str], str | None]"; expected "int"  [arg-type]
src\infrastructure\orchestration\WeightOrchestrator.py:78: error: Argument 1 to "as_tool" has incompatible type "Callable[[WeightOrchestrator, str], bool]"; expected "int"  [arg-type]
src\infrastructure\orchestration\WeightOrchestrator.py:87: error: Argument 1 to "as_tool" has incompatible type "Callable[[WeightOrchestrator], dict[str, str]]"; expected "int"  [arg-type]
src\infrastructure\orchestration\WeightOrchestrator.py:92: error: Return type "str" of "improve_content" incompatible with return type "Coroutine[Any, Any, str]" in supertype "src.core.base.BaseAgent.BaseAgent"  [override]
src\infrastructure\orchestration\SignalAgent.py:42: error: Argument 2 to "subscribe" of "SignalRegistry" has incompatible type "Callable[[dict[str, Any]], str]"; expected "Callable[[Any], Coroutine[Any, Any, None] | None]"  [arg-type]
src\infrastructure\orchestration\SignalAgent.py:43: error: Argument 2 to "subscribe" of "SignalRegistry" has incompatible type "Callable[[dict[str, Any]], str]"; expected "Callable[[Any], Coroutine[Any, Any, None] | None]"  [arg-type]
src\infrastructure\orchestration\SignalAgent.py:55: error: Missing return statement  [return]
src\infrastructure\orchestration\SignalAgent.py:61: error: "SignalAgent" has no attribute "append_to_file"  [attr-defined]
src\infrastructure\orchestration\SignalAgent.py:63: error: Missing return statement  [return]
src\infrastructure\orchestration\SignalAgent.py:67: error: "SignalAgent" has no attribute "append_to_file"  [attr-defined]
src\infrastructure\orchestration\SignalAgent.py:71: error: Item "None" of "SignalRegistry | None" has no attribute "get_history"  [union-attr]
src\infrastructure\orchestration\QuantumShardOrchestrator.py:67: error: Argument 1 to "as_tool" has incompatible type "Callable[[QuantumShardOrchestrator, str, Any], str]"; expected "int"  [arg-type]
src\infrastructure\orchestration\QuantumShardOrchestrator.py:75: error: Argument 1 to "as_tool" has incompatible type "Callable[[QuantumShardOrchestrator, str], Any]"; expected "int"  [arg-type]
src\infrastructure\orchestration\QuantumShardOrchestrator.py:87: error: Return type "str" of "improve_content" incompatible with return type "Coroutine[Any, Any, str]" in supertype "src.core.base.BaseAgent.BaseAgent"  [override]
src\infrastructure\orchestration\PhaseOrchestrator.py:142: error: Unexpected keyword argument "error_msg" for "record_lesson" of "GlobalContextEngine"  [call-arg]
src\logic\agents\cognitive\context\engines\GlobalContextEngine.py:191: note: "record_lesson" of "GlobalContextEngine" defined here
src\infrastructure\orchestration\PhaseOrchestrator.py:142: error: Unexpected keyword argument "lesson" for "record_lesson" of "GlobalContextEngine"  [call-arg]
src\infrastructure\orchestration\PhaseOrchestrator.py:142: error: "record_lesson" of "GlobalContextEngine" does not return a value (it only ever returns None)  [func-returns-value]
src\infrastructure\orchestration\NeuralBridgeOrchestrator.py:53: error: Value of type "Coroutine[Any, Any, None]" must be used  [unused-coroutine]
src\infrastructure\orchestration\NeuralBridgeOrchestrator.py:53: note: Are you missing an await?
src\infrastructure\orchestration\MetaOrchestratorAgent.py:32: error: Too many arguments for "__init__" of "BaseAgent"  [call-arg]
src\infrastructure\orchestration\MetaOrchestratorAgent.py:54: error: Argument 1 to "solve_complex_objective" of "MetaOrchestratorAgent" has incompatible type "Any | None"; expected "str"  [arg-type]
src\infrastructure\orchestration\MetaOrchestratorAgent.py:110: error: Signature of "run" incompatible with supertype "src.core.base.BaseAgent.BaseAgent"  [override]
src\infrastructure\orchestration\MetaOrchestratorAgent.py:110: note:      Superclass:
src\infrastructure\orchestration\MetaOrchestratorAgent.py:110: note:          def run(self, prompt: str = ...) -> None
src\infrastructure\orchestration\MetaOrchestratorAgent.py:110: note:      Subclass:
src\infrastructure\orchestration\MetaOrchestratorAgent.py:110: note:          def run(self, objective: str) -> Coroutine[Any, Any, str]
src\infrastructure\orchestration\McpToolRegistry.py:42: error: Incompatible types in assignment (expression has type "Any | None", variable has type "str")  [assignment]
src\infrastructure\orchestration\LatentSignalBus.py:64: error: Value of type "Coroutine[Any, Any, None]" must be used  [unused-coroutine]
src\infrastructure\orchestration\LatentSignalBus.py:64: note: Are you missing an await?
src\infrastructure\orchestration\IntentCoherenceEngine.py:55: error: Value of type "Coroutine[Any, Any, None]" must be used  [unused-coroutine]
src\infrastructure\orchestration\IntentCoherenceEngine.py:55: note: Are you missing an await?
src\infrastructure\orchestration\ImmunizationOrchestrator.py:73: error: Value of type "Coroutine[Any, Any, None]" must be used  [unused-coroutine]
src\infrastructure\orchestration\ImmunizationOrchestrator.py:73: note: Are you missing an await?
src\infrastructure\orchestration\FederatedKnowledgeOrchestrator.py:99: error: Item "None" of "Any | None" has no attribute "record_tier_memory"  [union-attr]
src\infrastructure\orchestration\ExperimentOrchestrator.py:47: error: Argument 1 to "as_tool" has incompatible type "Callable[[ExperimentOrchestrator, str, list[str]], dict[str, Any]]"; expected "int"  [arg-type]
src\infrastructure\orchestration\ExperimentOrchestrator.py:79: error: Return type "str" of "improve_content" incompatible with return type "Coroutine[Any, Any, str]" in supertype "src.core.base.BaseAgent.BaseAgent"  [override]
src\infrastructure\orchestration\DiscoveryOrchestrator.py:65: error: Incompatible types in assignment (expression has type "float", variable has type "int")  [assignment]
src\infrastructure\orchestration\DiscoveryOrchestrator.py:105: error: Incompatible types in assignment (expression has type "float", variable has type "int")  [assignment]
src\infrastructure\orchestration\DiscoveryOrchestrator.py:164: error: Incompatible types in assignment (expression has type "float", variable has type "int")  [assignment]
src\infrastructure\orchestration\DiscoveryOrchestrator.py:200: error: Item "None" of "bytes | None" has no attribute "decode"  [union-attr]
src\infrastructure\orchestration\DirectorAgent.py:43: error: Argument 2 to "subscribe" of "SignalRegistry" has incompatible type "Callable[[dict[Any, Any]], str]"; expected "Callable[[Any], Coroutine[Any, Any, None] | None]"  [arg-type]
src\infrastructure\orchestration\DirectorAgent.py:44: error: Argument 2 to "subscribe" of "SignalRegistry" has incompatible type "Callable[[dict[Any, Any]], str]"; expected "Callable[[Any], Coroutine[Any, Any, None] | None]"  [arg-type]
src\infrastructure\orchestration\DirectorAgent.py:74: error: Missing return statement  [return]
src\infrastructure\orchestration\DirectorAgent.py:81: error: Missing return statement  [return]
src\infrastructure\orchestration\DirectorAgent.py:107: error: No overload variant of "search" matches argument types "str", "Coroutine[Any, Any, str]", "RegexFlag"  [call-overload]
src\infrastructure\orchestration\DirectorAgent.py:107: note: Possible overload variants:
src\infrastructure\orchestration\DirectorAgent.py:107: note:     def search(pattern: str | Pattern[str], string: str, flags: int | RegexFlag = ...) -> Match[str] | None
src\infrastructure\orchestration\DirectorAgent.py:107: note:     def search(pattern: bytes | Pattern[bytes], string: Buffer, flags: int | RegexFlag = ...) -> Match[bytes] | None
src\infrastructure\orchestration\DirectorAgent.py:109: error: Value of type "Coroutine[Any, Any, str]" is not indexable  [index]
src\infrastructure\orchestration\DirectorAgent.py:109: note: Maybe you forgot to use "await"?
src\infrastructure\orchestration\DirectorAgent.py:145: error: Return type "str" of "improve_content" incompatible with return type "Coroutine[Any, Any, str]" in supertype "src.core.base.BaseAgent.BaseAgent"  [override]
src\infrastructure\orchestration\ConsensusOrchestrator.py:125: error: Name "loop" is not defined  [name-defined]
src\infrastructure\orchestration\ConsensusOrchestrator.py:129: error: Name "loop" is not defined  [name-defined]
src\infrastructure\orchestration\AgentDAO.py:47: error: Argument 1 to "as_tool" has incompatible type "Callable[[AgentDAO, dict[str, float]], str]"; expected "int"  [arg-type]
src\infrastructure\orchestration\AgentDAO.py:58: error: Argument 1 to "as_tool" has incompatible type "Callable[[AgentDAO, list[str]], list[str]]"; expected "int"  [arg-type]
src\infrastructure\orchestration\AgentDAO.py:65: error: Return type "str" of "improve_content" incompatible with return type "Coroutine[Any, Any, str]" in supertype "src.core.base.BaseAgent.BaseAgent"  [override]
src\infrastructure\fleet\TaskPlannerAgent.py:45: error: Argument 1 to "as_tool" has incompatible type "Callable[[TaskPlannerAgent, str], str]"; expected "int"  [arg-type]
src\infrastructure\fleet\TaskPlannerAgent.py:102: error: Return type "str" of "improve_content" incompatible with return type "Coroutine[Any, Any, str]" in supertype "src.core.base.BaseAgent.BaseAgent"  [override]
src\infrastructure\fleet\AsyncFleetManager.py:171: error: Invalid index type "Any | None" for "LazyAgentMap"; expected type "str"  [index]
src\infrastructure\fleet\AsyncFleetManager.py:172: error: Argument 2 to "getattr" has incompatible type "Any | None"; expected "str"  [arg-type]
src\infrastructure\fleet\AsyncFleetManager.py:199: error: Argument 2 to "end_trace" of "ObservabilityEngine" has incompatible type "Any | None"; expected "str"  [arg-type]
src\infrastructure\fleet\AsyncFleetManager.py:199: error: Argument 3 to "end_trace" of "ObservabilityEngine" has incompatible type "Any | None"; expected "str"  [arg-type]
src\infrastructure\fleet\AsyncFleetManager.py:202: error: Argument 2 to "_pre_commit_audit" of "AsyncFleetManager" has incompatible type "Any | None"; expected "str"  [arg-type]
src\infrastructure\fleet\AsyncFleetManager.py:206: error: Argument 2 to "end_trace" of "ObservabilityEngine" has incompatible type "Any | None"; expected "str"  [arg-type]
src\infrastructure\fleet\AsyncFleetManager.py:206: error: Argument 3 to "end_trace" of "ObservabilityEngine" has incompatible type "Any | None"; expected "str"  [arg-type]
src\infrastructure\dev\scripts\strategic_swarm_build.py:42: error: Library stubs not installed for "requests"  [import-untyped]
src\infrastructure\dev\scripts\run_fleet_self_improvement.py:127: error: "object" has no attribute "extend"  [attr-defined]
src\infrastructure\dev\scripts\run_fleet_self_improvement.py:138: error: "object" has no attribute "__iter__"; maybe "__dir__" or "__str__"? (not iterable)  [attr-defined]
src\infrastructure\dev\scripts\run_fleet_self_improvement.py:172: error: Assignment to variable "e" outside except: block  [misc]
src\infrastructure\dev\scripts\run_fleet_self_improvement.py:257: error: Library stubs not installed for "requests"  [import-untyped]
src\infrastructure\dev\scripts\management\debug_production.py:42: error: "ObservabilityEngine" has no attribute "export_to_elk"  [attr-defined]
src\infrastructure\dev\scripts\management\debug_production.py:45: error: "ObservabilityEngine" has no attribute "get_metrics"; maybe "metrics"?  [attr-defined]
src\infrastructure\dev\scripts\management\debug_phase_15.py:42: error: Unsupported right operand type for in ("Coroutine[Any, Any, str]")  [operator]
src\infrastructure\dev\scripts\management\debug_phase_15.py:42: note: Maybe you forgot to use "await"?
src\infrastructure\dev\agent_tests\agents.py:497: error: Return type "str" of "improve_content" incompatible with return type "Coroutine[Any, Any, str]" in supertype "src.core.base.BaseAgent.BaseAgent"  [override]
src\infrastructure\dev\agent_tests\agents.py:527: error: Argument 1 to "_validate_syntax" of "TestsAgent" has incompatible type "Coroutine[Any, Any, str]"; expected "str"  [arg-type]
src\infrastructure\dev\agent_tests\agents.py:527: note: Maybe you forgot to use "await"?
src\infrastructure\dev\agent_tests\agents.py:533: error: Argument 1 to "_validate_test_structure" of "TestsAgent" has incompatible type "Coroutine[Any, Any, str]"; expected "str"  [arg-type]
src\infrastructure\dev\agent_tests\agents.py:533: note: Maybe you forgot to use "await"?
src\infrastructure\dev\agent_tests\agents.py:534: error: Incompatible return value type (got "Coroutine[Any, Any, str]", expected "str")  [return-value]
src\infrastructure\dev\agent_tests\agents.py:534: note: Maybe you forgot to use "await"?
src\infrastructure\api\AgentAPIServer.py:92: error: Argument 1 to "balance_request" of "FleetLoadBalancer" has incompatible type "str | None"; expected "str"  [arg-type]
src\core\base\NeuralPruningEngine.py:116: error: Need type annotation for "res" (hint: "res: dict[<type>, <type>] = ...")  [var-annotated]
src\core\base\NeuralPruningEngine.py:225: error: Missing return statement  [return]
src\core\base\NeuralPruningEngine.py:278: error: Incompatible types in assignment (expression has type "floating[Any] | float", variable has type "float")  [assignment]
src\observability\improvements\__init__.py:56: error: Module "src.observability.improvements.ImprovementsAgent" has no attribute "DEFAULT_TEMPLATES"  [attr-defined]
src\infrastructure\dev\scripts\management\debug_evolution.py:72: error: Value of type "Coroutine[Any, Any, str]" must be used  [unused-coroutine]
src\infrastructure\dev\scripts\management\debug_evolution.py:72: note: Are you missing an await?
src\logic\agents\development\YamlAgent.py:35: error: Incompatible types in assignment (expression has type "str", variable has type "CodeLanguage")  [assignment]
src\logic\agents\development\SvgAgent.py:35: error: Incompatible types in assignment (expression has type "str", variable has type "CodeLanguage")  [assignment]
src\logic\agents\development\SQLCoderAgent.py:35: error: Incompatible types in assignment (expression has type "str", variable has type "CodeLanguage")  [assignment]
src\logic\agents\development\RustAgent.py:35: error: Incompatible types in assignment (expression has type "str", variable has type "CodeLanguage")  [assignment]
src\logic\agents\development\PowershellAgent.py:35: error: Incompatible types in assignment (expression has type "str", variable has type "CodeLanguage")  [assignment]
src\logic\agents\development\MarkdownAgent.py:29: error: Library stubs not installed for "yaml"  [import-untyped]
src\logic\agents\development\MarkdownAgent.py:39: error: Incompatible types in assignment (expression has type "str", variable has type "CodeLanguage")  [assignment]
src\logic\agents\development\MarkdownAgent.py:79: error: Incompatible default for argument "default_props" (default has type "None", argument has type "dict[Any, Any]")  [assignment]
src\logic\agents\development\MarkdownAgent.py:79: note: PEP 484 prohibits implicit Optional. Accordingly, mypy has changed its default to no_implicit_optional=True
src\logic\agents\development\MarkdownAgent.py:79: note: Use https://github.com/hauntsaninja/no_implicit_optional to automatically upgrade your codebase
src\logic\agents\development\MarkdownAgent.py:126: error: Return type "str" of "improve_content" incompatible with return type "Coroutine[Any, Any, str]" in supertype "src.logic.agents.development.CoderAgent.CoderAgent"  [override]
src\logic\agents\development\MarkdownAgent.py:126: error: Return type "str" of "improve_content" incompatible with return type "Coroutine[Any, Any, str]" in supertype "src.core.base.BaseAgent.BaseAgent"  [override]
src\logic\agents\development\MarkdownAgent.py:147: error: Incompatible return value type (got "Coroutine[Any, Any, str]", expected "str")  [return-value]
src\logic\agents\development\MarkdownAgent.py:147: note: Maybe you forgot to use "await"?
src\logic\agents\development\GoAgent.py:35: error: Incompatible types in assignment (expression has type "str", variable has type "CodeLanguage")  [assignment]
src\logic\agents\development\CPlusPlusAgent.py:35: error: Incompatible types in assignment (expression has type "str", variable has type "CodeLanguage")  [assignment]
src\logic\agents\development\BashAgent.py:37: error: Incompatible types in assignment (expression has type "str", variable has type "CodeLanguage")  [assignment]
src\logic\agents\development\BashAgent.py:38: error: Incompatible types in assignment (expression has type "BashCore", variable has type "BaseCore")  [assignment]
src\logic\agents\development\BashAgent.py:45: error: Argument 1 to "as_tool" has incompatible type "Callable[[BashAgent, str], str]"; expected "int"  [arg-type]
src\logic\agents\development\BashAgent.py:49: error: "BaseCore" has no attribute "lint_script"  [attr-defined]
src\infrastructure\orchestration\AutoDebuggerOrchestrator.py:53: error: Argument 1 to "as_tool" has incompatible type "Callable[[AutoDebuggerOrchestrator, str], Coroutine[Any, Any, dict[str, Any]]]"; expected "int"  [arg-type]
src\infrastructure\orchestration\AutoDebuggerOrchestrator.py:116: error: Argument 1 to "as_tool" has incompatible type "Callable[[AutoDebuggerOrchestrator], str]"; expected "int"  [arg-type]
tests\unit\logic\test_coder_CORE_UNIT.py:30: error: Name "AGENT_DIR" already defined (possibly by an import)  [no-redef]
tests\unit\logic\test_coder_CORE_UNIT.py:32: error: Name "agent_sys_path" already defined (possibly by an import)  [no-redef]
tests\unit\logic\test_coder_CORE_UNIT.py:35: error: Incompatible return value type (got "agent_sys_path", expected "str")  [return-value]
tests\unit\logic\test_coder_CORE_UNIT.py:36: error: Missing return statement  [return]
tests\unit\logic\test_coder_CORE_UNIT.py:54: error: Name "sys.ModuleType" is not defined  [name-defined]
tests\unit\logic\test_coder_CORE_UNIT.py:63: error: Name "sys.ModuleType" is not defined  [name-defined]
tests\unit\logic\test_coder_CORE_UNIT.py:75: error: Name "sys.ModuleType" is not defined  [name-defined]
tests\unit\logic\test_coder_CORE_UNIT.py:84: error: Name "sys.ModuleType" is not defined  [name-defined]
tests\unit\logic\test_coder_CORE_UNIT.py:97: error: Name "sys.ModuleType" is not defined  [name-defined]
tests\unit\logic\test_coder_CORE_UNIT.py:105: error: Name "sys.ModuleType" is not defined  [name-defined]
tests\unit\logic\test_coder_CORE_UNIT.py:116: error: Name "sys.ModuleType" is not defined  [name-defined]
tests\unit\logic\test_coder_CORE_UNIT.py:134: error: Name "sys.ModuleType" is not defined  [name-defined]
tests\unit\logic\test_coder_CORE_UNIT.py:155: error: Name "sys.ModuleType" is not defined  [name-defined]
tests\unit\logic\test_coder_CORE_UNIT.py:175: error: Name "sys.ModuleType" is not defined  [name-defined]
tests\unit\logic\test_coder_CORE_UNIT.py:191: error: Name "sys.ModuleType" is not defined  [name-defined]
tests\unit\logic\test_coder_CORE_UNIT.py:205: error: Name "sys.ModuleType" is not defined  [name-defined]
tests\unit\logic\test_coder_CORE_UNIT.py:223: error: Name "sys.ModuleType" is not defined  [name-defined]
tests\unit\logic\test_coder_CORE_UNIT.py:231: error: Name "sys.ModuleType" is not defined  [name-defined]
tests\unit\logic\test_coder_CORE_UNIT.py:242: error: Name "sys.ModuleType" is not defined  [name-defined]
tests\unit\logic\test_coder_CORE_UNIT.py:253: error: Name "sys.ModuleType" is not defined  [name-defined]
tests\unit\logic\test_coder_CORE_UNIT.py:264: error: Name "sys.ModuleType" is not defined  [name-defined]
tests\unit\logic\test_coder_CORE_UNIT.py:276: error: Name "sys.ModuleType" is not defined  [name-defined]
tests\unit\logic\test_coder_CORE_UNIT.py:287: error: Name "sys.ModuleType" is not defined  [name-defined]
tests\unit\logic\test_coder_CORE_UNIT.py:298: error: Name "sys.ModuleType" is not defined  [name-defined]
tests\unit\logic\test_coder_CORE_UNIT.py:308: error: Name "sys.ModuleType" is not defined  [name-defined]
tests\unit\logic\test_coder_CORE_UNIT.py:316: error: Name "sys.ModuleType" is not defined  [name-defined]
tests\unit\logic\test_coder_CORE_UNIT.py:325: error: Name "sys.ModuleType" is not defined  [name-defined]
tests\unit\logic\test_coder_CORE_UNIT.py:338: error: Name "sys.ModuleType" is not defined  [name-defined]
tests\unit\logic\test_coder_CORE_UNIT.py:348: error: Name "sys.ModuleType" is not defined  [name-defined]
tests\unit\logic\test_coder_CORE_UNIT.py:358: error: Name "sys.ModuleType" is not defined  [name-defined]
tests\unit\logic\test_coder_CORE_UNIT.py:377: error: Name "sys.ModuleType" is not defined  [name-defined]
tests\unit\logic\test_coder_CORE_UNIT.py:386: error: Name "sys.ModuleType" is not defined  [name-defined]
tests\unit\logic\test_coder_CORE_UNIT.py:396: error: Name "sys.ModuleType" is not defined  [name-defined]
tests\unit\logic\test_coder_CORE_UNIT.py:409: error: Name "sys.ModuleType" is not defined  [name-defined]
tests\unit\logic\test_coder_CORE_UNIT.py:429: error: Name "sys.ModuleType" is not defined  [name-defined]
tests\unit\logic\test_coder_CORE_UNIT.py:451: error: Name "sys.ModuleType" is not defined  [name-defined]
tests\unit\logic\test_coder_CORE_UNIT.py:475: error: Name "sys.ModuleType" is not defined  [name-defined]
tests\unit\logic\test_coder_CORE_UNIT.py:539: error: Name "sys.LiteralString" is not defined  [name-defined]
src\logic\agents\cognitive\VisualizerAgent.py:54: error: Argument 1 to "as_tool" has incompatible type "Callable[[VisualizerAgent, list[dict[str, Any]], str], str]"; expected "int"  [arg-type]
src\logic\agents\cognitive\VisualizerAgent.py:74: error: Argument 1 to "as_tool" has incompatible type "Callable[[VisualizerAgent, list[dict[str, Any]], str], dict[str, Any]]"; expected "int"  [arg-type]
src\logic\agents\cognitive\VisualizerAgent.py:95: error: Argument 1 to "as_tool" has incompatible type "Callable[[VisualizerAgent, str, list[dict[str, Any]]], str]"; expected "int"  [arg-type]
src\logic\agents\cognitive\VisualizerAgent.py:137: error: Argument 1 to "as_tool" has incompatible type "Callable[[VisualizerAgent, str], dict[str, Any]]"; expected "int"  [arg-type]
src\logic\agents\cognitive\VisualizerAgent.py:164: error: Argument 1 to "as_tool" has incompatible type "Callable[[VisualizerAgent], str]"; expected "int"  [arg-type]
src\logic\agents\cognitive\VisualizerAgent.py:183: error: Argument 1 to "as_tool" has incompatible type "Callable[[VisualizerAgent], str]"; expected "int"  [arg-type]
src\logic\agents\cognitive\VisualizerAgent.py:206: error: Argument 1 to "as_tool" has incompatible type "Callable[[VisualizerAgent, str], str]"; expected "int"  [arg-type]
src\logic\agents\cognitive\VisualizerAgent.py:256: error: Return type "str" of "improve_content" incompatible with return type "Coroutine[Any, Any, str]" in supertype "src.core.base.BaseAgent.BaseAgent"  [override]
src\infrastructure\orchestration\SwarmPruningOrchestrator.py:93: error: Argument 1 to "NeuralPruningEngine" has incompatible type "MockFleet"; expected "FleetManager"  [arg-type]
tests\unit\logic\test_coder_LEGACY.py:25: error: Argument 1 to "module_from_spec" has incompatible type "ModuleSpec | None"; expected "ModuleSpec"  [arg-type]
tests\unit\logic\test_coder_LEGACY.py:26: error: Item "None" of "ModuleSpec | None" has no attribute "loader"  [union-attr]
tests\unit\logic\test_coder_LEGACY.py:26: error: Item "None" of "Loader | Any | None" has no attribute "exec_module"  [union-attr]
tests\unit\infrastructure\test_models_propagation.py:29: error: "BaseAgent" has no attribute "models"; maybe "_model"?  [attr-defined]
tests\integration\test_webhooks_integration.py:36: error: "R" has no attribute "status_code"  [attr-defined]
tests\integration\test_webhooks_integration.py:37: error: Incompatible return value type (got "R", expected "MagicMock")  [return-value]
tests\integration\test_webhooks_integration.py:41: error: Library stubs not installed for "requests"  [import-untyped]
tests\integration\test_webhooks_integration.py:67: error: Value of type "Collection[str]" is not indexable  [index]
src\logic\agents\swarm\OrchestratorAgent.py:191: error: "AgentCommandHandler" has no attribute "strategy"  [attr-defined]
src\logic\agents\swarm\OrchestratorAgent.py:198: error: "bool" is invalid as return type for "__exit__" that always returns False  [exit-return]
src\logic\agents\swarm\OrchestratorAgent.py:198: note: Use "typing.Literal[False]" as the return type or change it to "None"
src\logic\agents\swarm\OrchestratorAgent.py:198: note: If return type of "__exit__" implies that it may return True, the context manager may swallow exceptions
tests\specialists\test_specialists.py:24: error: Argument 1 to "KnowledgeAgent" has incompatible type "Path"; expected "str | None"  [arg-type]
src\observability\stats\ReportingAgent.py:34: error: Too many arguments for "__init__" of "BaseAgent"  [call-arg]
src\observability\stats\ReportingAgent.py:47: error: Module "src.logic.agents.development.PullRequestAgent" has no attribute "PRAgent"  [attr-defined]
src\observability\stats\ReportingAgent.py:115: error: Missing positional argument "workspace_root" in call to "FleetManager"  [call-arg]
src\infrastructure\dev\scripts\management\debug_phase_20_21.py:71: error: "ObservabilityEngine" has no attribute "get_metrics"; maybe "metrics"?  [attr-defined]
tests\unit\infrastructure\test_gossip_UNIT.py:9: error: "GossipProtocolOrchestrator" expects no type arguments, but 1 given  [type-arg]
tests\unit\infrastructure\test_gossip_UNIT.py:22: error: "GossipProtocolOrchestrator" expects no type arguments, but 1 given  [type-arg]
tests\phases\test_phase40.py:53: error: Cannot infer value of type parameter "_T" of "assertGreater" of "TestCase"  [misc]
tests\phases\test_phase40.py:53: error: Argument 1 to "assertGreater" of "TestCase" has incompatible type "float | None"; expected "SupportsDunderGT[Any]"  [arg-type]
tests\phases\test_phase40.py:71: error: Cannot assign to a method  [method-assign]
tests\performance\test_agent_PERFORMANCE.py:17: error: Name "agent_sys_path" already defined (possibly by an import)  [no-redef]
tests\performance\test_agent_PERFORMANCE.py:32: error: "AgentMetrics" has no attribute "metrics"  [attr-defined]
tests\integration\test_agent_logic_integration.py:16: error: Name "AGENT_DIR" already defined (possibly by an import)  [no-redef]
tests\integration\test_agent_logic_integration.py:18: error: Name "agent_sys_path" already defined (possibly by an import)  [no-redef]
tests\integration\test_agent_logic_integration.py:21: error: Incompatible return value type (got "agent_sys_path", expected "bool")  [return-value]
tests\integration\test_agent_logic_integration.py:22: error: Missing return statement  [return]
tests\integration\test_agent_logic_integration.py:37: error: Incompatible return value type (got "dict[str, Any]", expected "bool")  [return-value]
src\observability\stats\__init__.py:34: error: Module "src.observability.stats.metrics_engine" has no attribute "DerivedMetricCalculator"  [attr-defined]
src\observability\stats\__init__.py:34: error: Module "src.observability.stats.metrics_engine" has no attribute "CorrelationAnalyzer"  [attr-defined]
src\observability\stats\__init__.py:34: error: Module "src.observability.stats.metrics_engine" has no attribute "FormulaEngine"  [attr-defined]
src\observability\stats\__init__.py:34: error: Module "src.observability.stats.metrics_engine" has no attribute "FormulaEngineCore"  [attr-defined]
src\observability\stats\__init__.py:34: error: Module "src.observability.stats.metrics_engine" has no attribute "FormulaValidation"  [attr-defined]
src\observability\stats\__init__.py:34: error: Module "src.observability.stats.metrics_engine" has no attribute "ResourceMonitor"  [attr-defined]
src\observability\stats\__init__.py:34: error: Module "src.observability.stats.metrics_engine" has no attribute "RetentionEnforcer"  [attr-defined]
src\observability\stats\__init__.py:34: error: Module "src.observability.stats.metrics_engine" has no attribute "StatsRollupCalculator"  [attr-defined]
src\observability\stats\__init__.py:34: error: Module "src.observability.stats.metrics_engine" has no attribute "StatsRollup"  [attr-defined]
src\observability\stats\__init__.py:34: error: Module "src.observability.stats.metrics_engine" has no attribute "StatsChangeDetector"  [attr-defined]
src\observability\stats\__init__.py:34: error: Module "src.observability.stats.metrics_engine" has no attribute "StatsForecaster"  [attr-defined]
src\observability\stats\__init__.py:34: error: Module "src.observability.stats.metrics_engine" has no attribute "StatsQueryEngine"  [attr-defined]
src\observability\stats\__init__.py:34: error: Module "src.observability.stats.metrics_engine" has no attribute "ABComparisonEngine"  [attr-defined]
src\observability\stats\__init__.py:34: error: Module "src.observability.stats.metrics_engine" has no attribute "ABComparator"  [attr-defined]
src\observability\stats\__init__.py:34: error: Module "src.observability.stats.metrics_engine" has no attribute "ABComparisonResult"  [attr-defined]
src\observability\stats\__init__.py:34: error: Module "src.observability.stats.metrics_engine" has no attribute "ABSignificanceResult"  [attr-defined]
src\observability\stats\__init__.py:34: error: Module "src.observability.stats.metrics_engine" has no attribute "ABComparison"  [attr-defined]
tests\integration\test_agent_integration.py:12: error: Cannot assign to a method  [method-assign]
tests\integration\test_agent_integration.py:20: error: "Callable[[list[str], int, int], CompletedProcess[str]]" has no attribute "return_value"  [attr-defined]
tests\integration\test_agent_integration.py:26: error: "Callable[[list[str], int, int], CompletedProcess[str]]" has no attribute "call_args_list"  [attr-defined]
tests\unit\observability\conftest.py:37: error: Name "reports" already defined (by an import)  [no-redef]
Found 1374 errors in 350 files (checked 1263 source files)
