tests\unit\test_path_behavior.py:14: error: Argument 1 to "Path" has incompatible type "MockFleet"; expected "str | PathLike[str]"  [arg-type]
src\logic\agents\swarm\core\AuctionCore.py:57: error: Module has no attribute "enforce_vram_quota"  [attr-defined]
src\logic\agents\documentation\core\TopologyCore.py:63: error: Module has no attribute "filter_active_topology_relationships"  [attr-defined]
src\logic\agents\cognitive\core\QuantumCore.py:21: error: Module "rust_core" has no attribute "calculate_superposition_weights"  [attr-defined]
src\core\base\managers\ResourceQuotaManager.py:46: error: Missing return statement  [return]
src\infrastructure\fleet\core\LoadBalancerCore.py:39: error: Argument "key" to "min" has incompatible type overloaded function; expected "Callable[[str], SupportsDunderLT[Any] | SupportsDunderGT[Any]]"  [arg-type]
src\infrastructure\backend\core\PoolingCore.py:40: error: Argument "key" to "min" has incompatible type overloaded function; expected "Callable[[str], SupportsDunderLT[Any] | SupportsDunderGT[Any]]"  [arg-type]
src\core\base\core\PruningCore.py:48: error: Module has no attribute "is_in_refractory"  [attr-defined]
temp\fix_f401_inits.py:30: error: Assignment to variable "e" outside except: block  [misc]
temp\fix_f401_inits.py:55: error: Assignment to variable "e" outside except: block  [misc]
data\agents\security\DataPrivacyGuardAgent.py:60: error: Argument 1 to "append" of "list" has incompatible type "str"; expected "dict[Any, Any]"  [arg-type]
src\observability\stats\exporters\PrometheusExporter.py:38: error: Missing return statement  [return]
src\logic\agents\system\CoreEvolutionGuard.py:59: error: Incompatible types in assignment (expression has type "str | None", target has type "str")  [assignment]
src\logic\agents\system\CoreEvolutionGuard.py:63: error: Incompatible types in assignment (expression has type "str | None", target has type "str")  [assignment]
src\logic\agents\swarm\SwarmArbitratorAgent.py:66: error: Argument 1 to "_update_reputation" of "SwarmArbitratorAgent" has incompatible type "Any | None"; expected "str"  [arg-type]
src\logic\agents\swarm\SwarmArbitratorAgent.py:68: error: Argument 1 to "_update_reputation" of "SwarmArbitratorAgent" has incompatible type "Any | None"; expected "str"  [arg-type]
src\logic\agents\intelligence\WebCore.py:29: error: Cannot find implementation or library stub for module named "bs4"  [import-not-found]
src\logic\agents\cognitive\TheoryOfMind.py:53: error: "TheoryOfMindCore" has no attribute "update_profile_logic"  [attr-defined]
src\logic\agents\cognitive\TheoryOfMind.py:61: error: "TheoryOfMindCore" has no attribute "estimate_knowledge_score"  [attr-defined]
src\logic\agents\cognitive\TheoryOfMind.py:67: error: "TheoryOfMindCore" has no attribute "rank_collaborators"  [attr-defined]
src\logic\agents\cognitive\ConsensusConflictAgent.py:86: error: Argument "key" to "max" has incompatible type overloaded function; expected "Callable[[Any], SupportsDunderLT[Any] | SupportsDunderGT[Any]]"  [arg-type]
src\logic\agents\cognitive\context\engines\MemoryCore.py:57: error: Module has no attribute "create_episode_struct"  [attr-defined]
src\infrastructure\orchestration\TenantIsolationOrchestrator.py:40: error: Missing return statement  [return]
src\infrastructure\orchestration\StatusManager.py:39: error: Need type annotation for "initial_data"  [var-annotated]
src\infrastructure\fleet\FleetCore.py:46: error: Cannot determine type of "default_score_threshold"  [has-type]
src\infrastructure\fleet\FleetCore.py:48: error: Cannot determine type of "default_score_threshold"  [has-type]
src\infrastructure\fleet\FleetCore.py:102: error: Cannot determine type of "default_score_threshold"  [has-type]
src\infrastructure\dev\scripts\sanitize_imports.py:78: error: No return value expected  [return-value]
src\infrastructure\dev\scripts\sanitize_imports.py:88: error: "sanitize_file" does not return a value (it only ever returns None)  [func-returns-value]
src\infrastructure\dev\scripts\apply_basic_types.py:28: error: Missing return statement  [return]
src\infrastructure\dev\scripts\management\repair_packages.py:81: error: Argument 1 to "create_inits" has incompatible type "Path"; expected "str"  [arg-type]
src\infrastructure\dev\scripts\management\repair_packages.py:82: error: Argument 1 to "create_inits" has incompatible type "Path"; expected "str"  [arg-type]
src\infrastructure\dev\scripts\management\repair_packages.py:91: error: Argument 1 to "fix_imports" has incompatible type "Path"; expected "str"  [arg-type]
src\core\modules\BlackboardModule.py:44: error: Argument 1 to "process_post" of "BlackboardModule" has incompatible type "Any | None"; expected "str"  [arg-type]
src\core\modules\BlackboardModule.py:49: error: Argument 1 to "get_value" of "BlackboardModule" has incompatible type "Any | None"; expected "str"  [arg-type]
src\observability\stats\core\ProfilingCore.py:34: error: "Stats" has no attribute "stats"  [attr-defined]
src\logic\agents\swarm\InterFleetIdentityAgent.py:59: error: Incompatible return value type (got "dict[str, str]", expected "bool")  [return-value]
src\logic\agents\swarm\InterFleetIdentityAgent.py:66: error: Incompatible return value type (got "dict[str, str]", expected "bool")  [return-value]
src\logic\agents\swarm\InterFleetIdentityAgent.py:81: error: Incompatible return value type (got "dict[str, str]", expected "bool")  [return-value]
src\interface\ui\gui\ThemeManager.py:69: error: Attribute "is_dark_mode" already defined on line 41  [no-redef]
src\interface\ui\gui\ThemeManager.py:82: error: No overload variant of "configure" of "Listbox" matches argument types "str", "str", "str"  [call-overload]
src\interface\ui\gui\ThemeManager.py:82: note: Possible overload variants:
src\interface\ui\gui\ThemeManager.py:82: note:     def configure(self, cnf: dict[str, Any] | None = ..., *, activestyle: Literal['dotbox', 'none', 'underline'] = ..., background: str = ..., bd: float | str = ..., bg: str = ..., border: float | str = ..., borderwidth: float | str = ..., cursor: str | tuple[str] | tuple[str, str] | tuple[str, str, str] | tuple[str, str, str, str] = ..., disabledforeground: str = ..., exportselection: bool = ..., fg: str = ..., font: str | Font | list[Any] | tuple[str] | tuple[str, int, *tuple[str, ...]] | tuple[str, int, list[str] | tuple[str, ...]] | Tcl_Obj = ..., foreground: str = ..., height: int = ..., highlightbackground: str = ..., highlightcolor: str = ..., highlightthickness: float | str = ..., justify: Literal['left', 'center', 'right'] = ..., listvariable: Variable = ..., relief: Literal['raised', 'sunken', 'flat', 'ridge', 'solid', 'groove'] = ..., selectbackground: str = ..., selectborderwidth: float | str = ..., selectforeground: str = ..., selectmode: Literal['single', 'browse', 'multiple', 'extended'] | str = ..., setgrid: bool = ..., state: Literal['normal', 'disabled'] = ..., takefocus: Literal[0, 1, ''] | bool | Callable[[str], bool | None] = ..., width: int = ..., xscrollcommand: str | Callable[[float, float], object] = ..., yscrollcommand: str | Callable[[float, float], object] = ...) -> dict[str, tuple[str, str, str, Any, Any]] | None
src\interface\ui\gui\ThemeManager.py:82: note:     def configure(self, cnf: str) -> tuple[str, str, str, Any, Any]
src\observability\stats\namespaces.py:53: error: Incompatible types in assignment (expression has type "str | None", variable has type "str")  [assignment]
src\logic\strategies\DirectStrategy.py:30: error: Incompatible types in "await" (actual type "str", expected type "Awaitable[Any]")  [misc]
src\interface\ui\gui\AppMenu.py:77: error: Cannot infer type of lambda  [misc]
src\interface\ui\gui\AppMenu.py:96: error: Cannot infer type of lambda  [misc]
src\core\knowledge\graph_store.py:50: error: Argument 3 of "store" is incompatible with supertype "src.core.knowledge.storage_base.KnowledgeStore"; supertype defines the argument type as "dict[str, Any] | None"  [override]
src\core\knowledge\graph_store.py:50: note: This violates the Liskov substitution principle
src\core\knowledge\graph_store.py:50: note: See https://mypy.readthedocs.io/en/stable/common_issues.html#incompatible-overrides
tests\utils\legacy_support.py:72: error: Incompatible types in assignment (expression has type "None", variable has type "set[Any]")  [assignment]
src\observability\stats\monitoring.py:12: error: Library stubs not installed for "psutil"  [import-untyped]
src\observability\stats\monitoring.py:44: error: Unsupported operand types for < ("int" and "object")  [operator]
src\observability\stats\monitoring.py:46: error: Unsupported operand types for < ("int" and "object")  [operator]
src\observability\stats\api.py:74: error: Unsupported target for indexed assignment ("Collection[str]")  [index]
src\observability\stats\ab_engine.py:91: error: Name "version" is not defined  [name-defined]
src\observability\stats\ab_engine.py:92: error: Name "metric_name" is not defined  [name-defined]
src\observability\stats\ab_engine.py:92: error: Name "value" is not defined  [name-defined]
src\observability\stats\ab_engine.py:93: error: Name "version" is not defined  [name-defined]
src\observability\stats\ab_engine.py:94: error: Name "metric_name" is not defined  [name-defined]
src\observability\stats\ab_engine.py:94: error: Name "value" is not defined  [name-defined]
src\observability\stats\exporters\MetricsExporter.py:41: error: Missing return statement  [return]
src\observability\stats\exporters\MetricsExporter.py:50: error: Missing return statement  [return]
src\logic\strategies\ReflexionStrategy.py:31: error: Incompatible types in "await" (actual type "str", expected type "Awaitable[Any]")  [misc]
src\logic\strategies\ReflexionStrategy.py:42: error: Incompatible types in "await" (actual type "str", expected type "Awaitable[Any]")  [misc]
src\logic\strategies\ReflexionStrategy.py:55: error: Incompatible types in "await" (actual type "str", expected type "Awaitable[Any]")  [misc]
src\logic\strategies\ChainOfThoughtStrategy.py:36: error: Incompatible types in "await" (actual type "str", expected type "Awaitable[Any]")  [misc]
src\logic\strategies\ChainOfThoughtStrategy.py:50: error: Incompatible types in "await" (actual type "str", expected type "Awaitable[Any]")  [misc]
src\logic\agents\swarm\FleetEconomyAgent.py:158: error: "FleetEconomyAgent" has no attribute "wallets"  [attr-defined]
src\logic\agents\cognitive\context\engines\GraphContextEngine.py:78: error: Incompatible types in assignment (expression has type "str", variable has type "Path")  [assignment]
src\logic\agents\cognitive\context\engines\GraphContextEngine.py:79: error: Argument 2 to "add_edge" of "GraphContextEngine" has incompatible type "Path"; expected "str"  [arg-type]
src\interface\ui\web\PyAgent_web.py:42: error: Missing return statement  [return]
src\infrastructure\orchestration\SignalBusOrchestrator.py:40: error: Need type annotation for "_queue"  [var-annotated]
src\infrastructure\orchestration\FleetTelemetryVisualizer.py:40: error: Missing return statement  [return]
src\infrastructure\fleet\SchemaManager.py:37: error: Missing return statement  [return]
src\infrastructure\fleet\SafetyAuditTrail.py:42: error: Missing return statement  [return]
src\infrastructure\fleet\SafetyAuditTrail.py:50: error: Missing return statement  [return]
src\infrastructure\fleet\SafetyAuditTrail.py:65: error: Missing return statement  [return]
src\infrastructure\fleet\MCPConnector.py:110: error: Item "None" of "IO[Any] | None" has no attribute "readline"  [union-attr]
src\infrastructure\fleet\AgentEconomy.py:69: error: Missing return statement  [return]
src\infrastructure\dev\test_utils\LogCapturer.py:39: error: Cannot assign to a method  [method-assign]
src\infrastructure\base\BaseManager.py:26: error: Incompatible default for argument "workspace_root" (default has type "None", argument has type "str")  [assignment]
src\infrastructure\base\BaseManager.py:26: note: PEP 484 prohibits implicit Optional. Accordingly, mypy has changed its default to no_implicit_optional=True
src\infrastructure\base\BaseManager.py:26: note: Use https://github.com/hauntsaninja/no_implicit_optional to automatically upgrade your codebase
src\infrastructure\backend\RunnerBackends.py:58: error: Dict entry 1 has incompatible type "str": "dict[str, str | Any]"; expected "str": "str"  [dict-item]
src\infrastructure\backend\llm_backends\GitHubModelsBackend.py:109: error: Incompatible types in assignment (expression has type "str", variable has type "list[object]")  [assignment]
src\core\base\logging_config.py:69: error: Name "level" already defined on line 66  [no-redef]
src\core\base\logging_config.py:72: error: Name "level" already defined on line 66  [no-redef]
src\core\base\connectivity.py:21: error: Skipping analyzing "msgpack": module is installed, but missing library stubs or py.typed marker  [import-untyped]
src\core\base\connectivity.py:22: error: Library stubs not installed for "zstd"  [import-untyped]
src\core\base\connectivity.py:22: note: Hint: "python3 -m pip install types-zstd"
src\core\base\ShardedKnowledgeCore.py:35: error: Library stubs not installed for "aiofiles"  [import-untyped]
src\core\base\ShardedKnowledgeCore.py:35: note: Hint: "python3 -m pip install types-aiofiles"
src\core\base\ShardedKnowledgeCore.py:35: note: (or run "mypy --install-types" to install all missing stub packages)
src\core\base\ShardedKnowledgeCore.py:36: error: Skipping analyzing "msgpack": module is installed, but missing library stubs or py.typed marker  [import-untyped]
src\core\base\ShardedKnowledgeCore.py:173: error: Library stubs not installed for "pandas"  [import-untyped]
src\core\base\ShardedKnowledgeCore.py:173: note: Hint: "python3 -m pip install pandas-stubs"
src\core\base\ShardedKnowledgeCore.py:174: error: Cannot find implementation or library stub for module named "pyarrow"  [import-not-found]
src\core\base\ShardedKnowledgeCore.py:175: error: Cannot find implementation or library stub for module named "pyarrow.parquet"  [import-not-found]
src\core\base\ShardedKnowledgeCore.py:175: note: See https://mypy.readthedocs.io/en/stable/running_mypy.html#missing-imports
src\core\base\ConnectivityManager.py:47: error: Cannot determine type of "_initialized"  [has-type]
src\core\base\ConnectivityManager.py:159: error: Function "builtins.callable" is not valid as a type  [valid-type]
src\core\base\ConnectivityManager.py:159: note: Perhaps you meant "typing.Callable" instead of "callable"?
src\core\base\ConnectivityManager.py:166: error: callable? not callable  [misc]
src\core\base\utils\core_utils.py:186: error: Name "_fallback" already defined on line 174  [no-redef]
src\core\base\managers\AgentMetrics.py:59: error: Unsupported operand types for - ("None" and "float")  [operator]
src\core\base\managers\AgentMetrics.py:59: note: Left operand is of type "float | None"
src\core\base\managers\AgentMetrics.py:78: error: Unsupported operand types for - ("None" and "float")  [operator]
src\core\base\managers\AgentMetrics.py:78: note: Left operand is of type "float | None"
src\core\base\managers\AgentMetrics.py:102: error: Unsupported operand types for - ("None" and "float")  [operator]
src\core\base\managers\AgentMetrics.py:102: note: Left operand is of type "float | None"
src\core\base\core\ResilienceCore.py:48: error: Module has no attribute "calculate_backoff"  [attr-defined]
src\core\base\core\ResilienceCore.py:78: error: Module has no attribute "should_attempt_recovery"  [attr-defined]
src\interface\ui\gui\DialogManager.py:182: error: Argument "text" to "Label" has incompatible type "Sequence[str]"; expected "float | str"  [arg-type]
src\interface\ui\gui\DialogManager.py:187: error: No overload variant matches argument type "Sequence[str]"  [call-overload]
src\interface\ui\gui\DialogManager.py:187: note: Possible overload variants:
src\interface\ui\gui\DialogManager.py:187: note:     def (cnf: dict[str, Any] | None = ..., *, anchor: Literal['nw', 'n', 'ne', 'w', 'center', 'e', 'sw', 's', 'se'] = ..., background: str = ..., border: float | str = ..., borderwidth: float | str = ..., compound: Literal['', 'text', 'image', 'top', 'left', 'center', 'right', 'bottom', 'none'] = ..., cursor: str | tuple[str] | tuple[str, str] | tuple[str, str, str] | tuple[str, str, str, str] = ..., font: str | Font | list[Any] | tuple[str] | tuple[str, int, *tuple[str, ...]] | tuple[str, int, list[str] | tuple[str, ...]] | Tcl_Obj = ..., foreground: str = ..., image: _Image | str = ..., justify: Literal['left', 'center', 'right'] = ..., padding: float | str | tuple[float | str] | tuple[float | str, float | str] | tuple[float | str, float | str, float | str] | tuple[float | str, float | str, float | str, float | str] = ..., relief: Literal['raised', 'sunken', 'flat', 'ridge', 'solid', 'groove'] = ..., state: str = ..., style: str = ..., takefocus: Literal[0, 1, ''] | bool | Callable[[str], bool | None] = ..., text: float | str = ..., textvariable: Variable = ..., underline: int = ..., width: int | Literal[''] = ..., wraplength: float | str = ...) -> dict[str, tuple[str, str, str, Any, Any]] | None
src\interface\ui\gui\DialogManager.py:187: note:     def (cnf: str) -> tuple[str, str, str, Any, Any]
src\interface\ui\gui\DialogManager.py:291: error: Cannot infer type of lambda  [misc]
src\interface\ui\gui\DialogManager.py:300: error: Cannot infer type of lambda  [misc]
src\interface\ui\gui\BmadManager.py:74: error: Argument "text" to "Label" has incompatible type "Sequence[str]"; expected "float | str"  [arg-type]
src\interface\ui\gui\BmadManager.py:161: error: No overload variant matches argument type "Sequence[str]"  [call-overload]
src\interface\ui\gui\BmadManager.py:161: note: Possible overload variants:
src\interface\ui\gui\BmadManager.py:161: note:     def (cnf: dict[str, Any] | None = ..., *, anchor: Literal['nw', 'n', 'ne', 'w', 'center', 'e', 'sw', 's', 'se'] = ..., background: str = ..., border: float | str = ..., borderwidth: float | str = ..., compound: Literal['', 'text', 'image', 'top', 'left', 'center', 'right', 'bottom', 'none'] = ..., cursor: str | tuple[str] | tuple[str, str] | tuple[str, str, str] | tuple[str, str, str, str] = ..., font: str | Font | list[Any] | tuple[str] | tuple[str, int, *tuple[str, ...]] | tuple[str, int, list[str] | tuple[str, ...]] | Tcl_Obj = ..., foreground: str = ..., image: _Image | str = ..., justify: Literal['left', 'center', 'right'] = ..., padding: float | str | tuple[float | str] | tuple[float | str, float | str] | tuple[float | str, float | str, float | str] | tuple[float | str, float | str, float | str, float | str] = ..., relief: Literal['raised', 'sunken', 'flat', 'ridge', 'solid', 'groove'] = ..., state: str = ..., style: str = ..., takefocus: Literal[0, 1, ''] | bool | Callable[[str], bool | None] = ..., text: float | str = ..., textvariable: Variable = ..., underline: int = ..., width: int | Literal[''] = ..., wraplength: float | str = ...) -> dict[str, tuple[str, str, str, Any, Any]] | None
src\interface\ui\gui\BmadManager.py:161: note:     def (cnf: str) -> tuple[str, str, str, Any, Any]
src\interface\ui\gui\AgentColumn.py:50: error: Cannot assign to a method  [method-assign]
src\interface\ui\gui\AgentColumn.py:50: error: Incompatible types in assignment (expression has type "Any | None", variable has type "Callable[[Widget, str], None]")  [assignment]
src\interface\ui\gui\AgentColumn.py:105: error: "None" not callable  [misc]
src\interface\ui\gui\AgentColumn.py:124: error: "None" not callable  [misc]
src\interface\ui\gui\AgentColumn.py:148: error: "None" not callable  [misc]
src\interface\ui\gui\AgentColumn.py:160: error: "None" not callable  [misc]
src\interface\ui\gui\AgentColumn.py:204: error: Argument "command" to "Button" has incompatible type "Any | None"; expected "str | Callable[[], Any]"  [arg-type]
src\interface\ui\gui\AgentColumn.py:224: error: "None" not callable  [misc]
src\interface\ui\gui\AgentColumn.py:233: error: "None" not callable  [misc]
src\interface\ui\gui\AgentColumn.py:241: error: "None" not callable  [misc]
src\interface\ui\gui\AgentColumn.py:264: error: "None" not callable  [misc]
src\interface\ui\gui\AgentColumn.py:276: error: Cannot infer type of lambda  [misc]
src\infrastructure\dev\core\RebirthCore.py:8: error: Library stubs not installed for "yaml"  [import-untyped]
src\core\base\state.py:45: error: Need type annotation for "buffer"  [var-annotated]
src\infrastructure\dev\agent_tests\test_management.py:124: error: Argument 1 to "contextmanager" has incompatible type "Callable[[], bool]"; expected "Callable[[], Iterator[Never]]"  [arg-type]
src\infrastructure\dev\agent_tests\test_management.py:125: error: The return type of a generator function should be "Generator" or one of its supertypes  [misc]
src\infrastructure\dev\agent_tests\environment.py:93: error: Incompatible return value type (got "ProvisionedEnvironment", expected "dict[str, Any]")  [return-value]
src\infrastructure\dev\agent_tests\environment.py:96: error: Incompatible types in assignment (expression has type "TestEnvironment | None", variable has type "ProvisionedEnvironment")  [assignment]
src\infrastructure\dev\agent_tests\environment.py:103: error: "ProvisionedEnvironment" has no attribute "setup_commands"  [attr-defined]
src\infrastructure\dev\agent_tests\environment.py:106: error: "ProvisionedEnvironment" has no attribute "variables"  [attr-defined]
src\logic\agents\development\CoderCore.py:221: error: Incompatible types in assignment (expression has type "StyleRule | None", variable has type "StyleRule")  [assignment]
src\logic\agents\development\CoderCore.py:238: error: Name "violations" already defined on line 217  [no-redef]
src\infrastructure\fleet\AgentRegistryCore.py:74: error: Name "short_name" already defined on line 70  [no-redef]
src\infrastructure\orchestration\RoutingEngine.py:45: error: "type[BackendHandlers]" has no attribute "get_performance_report"  [attr-defined]
src\infrastructure\orchestration\RoutingEngine.py:76: error: "type[BackendHandlers]" has no attribute "get_performance_report"  [attr-defined]
src\infrastructure\plugins\tools\notification_tools.py:25: error: Library stubs not installed for "requests"  [import-untyped]
src\core\base\utils\NotificationManager.py:35: error: Library stubs not installed for "requests"  [import-untyped]
src\core\base\utils\NotificationManager.py:35: note: Hint: "python3 -m pip install types-requests"
src\interface\ui\gui\AgentManager.py:58: error: "AgentManager" has no attribute "config_manager"  [attr-defined]
src\observability\reports\ReportGenerator.py:104: error: Missing return statement  [return]
src\observability\reports\ReportGenerator.py:383: error: "AST" has no attribute "body"  [attr-defined]
src\infrastructure\orchestration\MultiCloudBridgeOrchestrator.py:38: error: Need type annotation for "cloud_nodes"  [var-annotated]
src\core\knowledge\btree_store.py:35: error: The return type of "__init__" must be None  [misc]
src\core\knowledge\btree_store.py:35: error: Missing return statement  [return]
src\infrastructure\dev\scripts\full_reset.py:35: error: Library stubs not installed for "yaml"  [import-untyped]
src\interface\ui\gui\MainApp.py:68: error: "WorkflowManager" expects no type arguments, but 1 given  [type-arg]
src\interface\ui\gui\MainApp.py:73: error: "AgentManager" has no attribute "add_column"  [attr-defined]
src\interface\ui\gui\MainApp.py:79: error: "ThemeManager" expects no type arguments, but 1 given  [type-arg]
src\interface\ui\gui\MainApp.py:80: error: "DiffViewer" expects no type arguments, but 1 given  [type-arg]
src\interface\ui\gui\MainApp.py:81: error: "AgentRunner" expects no type arguments, but 1 given  [type-arg]
src\interface\ui\gui\MainApp.py:95: error: "AgentManager" expects no type arguments, but 2 given  [type-arg]
src\interface\ui\gui\MainApp.py:117: error: "AppMenu" expects no type arguments, but 2 given  [type-arg]
src\interface\ui\gui\MainApp.py:128: error: "HeaderPanel" expects no type arguments, but 3 given  [type-arg]
src\interface\ui\gui\MainApp.py:145: error: "ProjectExplorer" expects no type arguments, but 3 given  [type-arg]
src\interface\ui\gui\MainApp.py:161: error: "BmadManager" expects no type arguments, but 2 given  [type-arg]
src\interface\ui\gui\MainApp.py:167: error: "ProjectStatusPanel" expects no type arguments, but 1 given  [type-arg]
src\interface\ui\gui\MainApp.py:173: error: "AgentDashboard" expects no type arguments, but 2 given  [type-arg]
src\interface\ui\gui\MainApp.py:198: error: "StatusBar" expects no type arguments, but 2 given  [type-arg]
src\infrastructure\api\ExternalImporter.py:33: error: Library stubs not installed for "requests"  [import-untyped]
src\infrastructure\api\ExternalImporter.py:61: error: Incompatible types in assignment (expression has type "None", variable has type "LocalContextRecorder")  [assignment]
src\infrastructure\api\ExternalImporter.py:148: error: Unexpected keyword argument "metadata" for "Impo
... [TRUNCATED] ...
ager.py:223: error: Argument 3 to "end_trace" of "ObservabilityEngine" has incompatible type "Any | None"; expected "str"  [arg-type]
src\infrastructure\fleet\AsyncFleetManager.py:227: error: Argument 2 to "_pre_commit_audit" of "AsyncFleetManager" has incompatible type "Any | None"; expected "str"  [arg-type]
src\infrastructure\fleet\AsyncFleetManager.py:233: error: Argument 2 to "end_trace" of "ObservabilityEngine" has incompatible type "Any | None"; expected "str"  [arg-type]
src\infrastructure\fleet\AsyncFleetManager.py:234: error: Argument 3 to "end_trace" of "ObservabilityEngine" has incompatible type "Any | None"; expected "str"  [arg-type]
src\infrastructure\fleet\AsyncFleetManager.py:280: error: Skipping analyzing "src.logic.agents.security.SecurityGuardAgent": module is installed, but missing library stubs or py.typed marker  [import-untyped]
src\infrastructure\dev\scripts\strategic_swarm_build.py:43: error: Library stubs not installed for "requests"  [import-untyped]
src\infrastructure\dev\scripts\run_fleet_self_improvement.py:151: error: "object" has no attribute "extend"  [attr-defined]
src\infrastructure\dev\scripts\run_fleet_self_improvement.py:162: error: "object" has no attribute "__iter__"; maybe "__dir__" or "__str__"? (not iterable)  [attr-defined]
src\infrastructure\dev\scripts\run_fleet_self_improvement.py:213: error: Assignment to variable "e" outside except: block  [misc]
src\infrastructure\dev\scripts\run_fleet_self_improvement.py:352: error: Library stubs not installed for "requests"  [import-untyped]
src\infrastructure\dev\scripts\management\debug_phase_15.py:44: error: Unsupported right operand type for in ("Coroutine[Any, Any, str]")  [operator]
src\infrastructure\dev\scripts\management\debug_phase_15.py:44: note: Maybe you forgot to use "await"?
src\infrastructure\dev\agent_tests\agents.py:517: error: Return type "str" of "improve_content" incompatible with return type "Coroutine[Any, Any, str]" in supertype "src.core.base.BaseAgent.BaseAgent"  [override]
src\infrastructure\dev\agent_tests\agents.py:550: error: Argument 1 to "_validate_syntax" of "TestsAgent" has incompatible type "Coroutine[Any, Any, str]"; expected "str"  [arg-type]
src\infrastructure\dev\agent_tests\agents.py:550: note: Maybe you forgot to use "await"?
src\infrastructure\dev\agent_tests\agents.py:557: error: Argument 1 to "_validate_test_structure" of "TestsAgent" has incompatible type "Coroutine[Any, Any, str]"; expected "str"  [arg-type]
src\infrastructure\dev\agent_tests\agents.py:557: note: Maybe you forgot to use "await"?
src\infrastructure\dev\agent_tests\agents.py:559: error: Incompatible return value type (got "Coroutine[Any, Any, str]", expected "str")  [return-value]
src\infrastructure\dev\agent_tests\agents.py:559: note: Maybe you forgot to use "await"?
src\infrastructure\api\AgentAPIServer.py:100: error: Argument 1 to "balance_request" of "FleetLoadBalancer" has incompatible type "str | None"; expected "str"  [arg-type]
src\core\base\NeuralPruningEngine.py:264: error: Missing return statement  [return]
src\core\base\NeuralPruningEngine.py:327: error: Incompatible types in assignment (expression has type "floating[Any] | float", variable has type "float")  [assignment]
src\observability\improvements\refinement_engine.py:29: error: Skipping analyzing "src.core.base.entrypoint": module is installed, but missing library stubs or py.typed marker  [import-untyped]
src\observability\improvements\__init__.py:56: error: Module "src.observability.improvements.ImprovementsAgent" has no attribute "DEFAULT_TEMPLATES"  [attr-defined]
src\infrastructure\dev\scripts\management\debug_evolution.py:83: error: Value of type "Coroutine[Any, Any, str]" must be used  [unused-coroutine]
src\infrastructure\dev\scripts\management\debug_evolution.py:83: note: Are you missing an await?
src\logic\agents\development\YamlAgent.py:36: error: Incompatible types in assignment (expression has type "str", variable has type "CodeLanguage")  [assignment]
src\logic\agents\development\SvgAgent.py:36: error: Incompatible types in assignment (expression has type "str", variable has type "CodeLanguage")  [assignment]
src\logic\agents\development\SQLCoderAgent.py:36: error: Incompatible types in assignment (expression has type "str", variable has type "CodeLanguage")  [assignment]
src\logic\agents\development\RustAgent.py:36: error: Incompatible types in assignment (expression has type "str", variable has type "CodeLanguage")  [assignment]
src\logic\agents\development\PowershellAgent.py:37: error: Incompatible types in assignment (expression has type "str", variable has type "CodeLanguage")  [assignment]
src\logic\agents\development\MarkdownAgent.py:29: error: Library stubs not installed for "yaml"  [import-untyped]
src\logic\agents\development\MarkdownAgent.py:40: error: Incompatible types in assignment (expression has type "str", variable has type "CodeLanguage")  [assignment]
src\logic\agents\development\MarkdownAgent.py:86: error: Incompatible default for argument "default_props" (default has type "None", argument has type "dict[Any, Any]")  [assignment]
src\logic\agents\development\MarkdownAgent.py:86: note: PEP 484 prohibits implicit Optional. Accordingly, mypy has changed its default to no_implicit_optional=True
src\logic\agents\development\MarkdownAgent.py:86: note: Use https://github.com/hauntsaninja/no_implicit_optional to automatically upgrade your codebase
src\logic\agents\development\MarkdownAgent.py:136: error: Return type "str" of "improve_content" incompatible with return type "Coroutine[Any, Any, str]" in supertype "src.logic.agents.development.CoderAgent.CoderAgent"  [override]
src\logic\agents\development\MarkdownAgent.py:136: error: Return type "str" of "improve_content" incompatible with return type "Coroutine[Any, Any, str]" in supertype "src.core.base.BaseAgent.BaseAgent"  [override]
src\logic\agents\development\MarkdownAgent.py:157: error: Incompatible return value type (got "Coroutine[Any, Any, str]", expected "str")  [return-value]
src\logic\agents\development\MarkdownAgent.py:157: note: Maybe you forgot to use "await"?
src\logic\agents\development\GoAgent.py:36: error: Incompatible types in assignment (expression has type "str", variable has type "CodeLanguage")  [assignment]
src\logic\agents\development\CPlusPlusAgent.py:36: error: Incompatible types in assignment (expression has type "str", variable has type "CodeLanguage")  [assignment]
src\logic\agents\development\BashAgent.py:40: error: Incompatible types in assignment (expression has type "str", variable has type "CodeLanguage")  [assignment]
src\logic\agents\development\BashAgent.py:41: error: Incompatible types in assignment (expression has type "BashCore", variable has type "BaseCore")  [assignment]
src\logic\agents\development\BashAgent.py:48: error: Argument 1 to "as_tool" has incompatible type "Callable[[BashAgent, str], str]"; expected "int"  [arg-type]
src\logic\agents\development\BashAgent.py:53: error: "BaseCore" has no attribute "lint_script"  [attr-defined]
src\infrastructure\orchestration\AutoDebuggerOrchestrator.py:58: error: Argument 1 to "as_tool" has incompatible type "Callable[[AutoDebuggerOrchestrator, str], Coroutine[Any, Any, dict[str, Any]]]"; expected "int"  [arg-type]
src\infrastructure\orchestration\AutoDebuggerOrchestrator.py:140: error: Argument 1 to "as_tool" has incompatible type "Callable[[AutoDebuggerOrchestrator], str]"; expected "int"  [arg-type]
tests\unit\logic\test_coder_CORE_UNIT.py:35: error: Name "AGENT_DIR" already defined (possibly by an import)  [no-redef]
tests\unit\logic\test_coder_CORE_UNIT.py:37: error: Name "agent_sys_path" already defined (possibly by an import)  [no-redef]
tests\unit\logic\test_coder_CORE_UNIT.py:39: error: Incompatible return value type (got "agent_sys_path", expected "str")  [return-value]
tests\unit\logic\test_coder_CORE_UNIT.py:41: error: Missing return statement  [return]
tests\unit\logic\test_coder_CORE_UNIT.py:61: error: Name "sys.ModuleType" is not defined  [name-defined]
tests\unit\logic\test_coder_CORE_UNIT.py:72: error: Name "sys.ModuleType" is not defined  [name-defined]
tests\unit\logic\test_coder_CORE_UNIT.py:85: error: Name "sys.ModuleType" is not defined  [name-defined]
tests\unit\logic\test_coder_CORE_UNIT.py:96: error: Name "sys.ModuleType" is not defined  [name-defined]
tests\unit\logic\test_coder_CORE_UNIT.py:114: error: Name "sys.ModuleType" is not defined  [name-defined]
tests\unit\logic\test_coder_CORE_UNIT.py:124: error: Name "sys.ModuleType" is not defined  [name-defined]
tests\unit\logic\test_coder_CORE_UNIT.py:136: error: Name "sys.ModuleType" is not defined  [name-defined]
tests\unit\logic\test_coder_CORE_UNIT.py:156: error: Name "sys.ModuleType" is not defined  [name-defined]
tests\unit\logic\test_coder_CORE_UNIT.py:178: error: Name "sys.ModuleType" is not defined  [name-defined]
tests\unit\logic\test_coder_CORE_UNIT.py:199: error: Name "sys.ModuleType" is not defined  [name-defined]
tests\unit\logic\test_coder_CORE_UNIT.py:217: error: Name "sys.ModuleType" is not defined  [name-defined]
tests\unit\logic\test_coder_CORE_UNIT.py:232: error: Name "sys.ModuleType" is not defined  [name-defined]
tests\unit\logic\test_coder_CORE_UNIT.py:247: error: Name "sys.ModuleType" is not defined  [name-defined]
tests\unit\logic\test_coder_CORE_UNIT.py:257: error: Name "sys.ModuleType" is not defined  [name-defined]
tests\unit\logic\test_coder_CORE_UNIT.py:273: error: Name "sys.ModuleType" is not defined  [name-defined]
tests\unit\logic\test_coder_CORE_UNIT.py:289: error: Name "sys.ModuleType" is not defined  [name-defined]
tests\unit\logic\test_coder_CORE_UNIT.py:305: error: Name "sys.ModuleType" is not defined  [name-defined]
tests\unit\logic\test_coder_CORE_UNIT.py:322: error: Name "sys.ModuleType" is not defined  [name-defined]
tests\unit\logic\test_coder_CORE_UNIT.py:338: error: Name "sys.ModuleType" is not defined  [name-defined]
tests\unit\logic\test_coder_CORE_UNIT.py:354: error: Name "sys.ModuleType" is not defined  [name-defined]
tests\unit\logic\test_coder_CORE_UNIT.py:366: error: Name "sys.ModuleType" is not defined  [name-defined]
tests\unit\logic\test_coder_CORE_UNIT.py:376: error: Name "sys.ModuleType" is not defined  [name-defined]
tests\unit\logic\test_coder_CORE_UNIT.py:387: error: Name "sys.ModuleType" is not defined  [name-defined]
tests\unit\logic\test_coder_CORE_UNIT.py:403: error: Name "sys.ModuleType" is not defined  [name-defined]
tests\unit\logic\test_coder_CORE_UNIT.py:415: error: Name "sys.ModuleType" is not defined  [name-defined]
tests\unit\logic\test_coder_CORE_UNIT.py:427: error: Name "sys.ModuleType" is not defined  [name-defined]
tests\unit\logic\test_coder_CORE_UNIT.py:448: error: Name "sys.ModuleType" is not defined  [name-defined]
tests\unit\logic\test_coder_CORE_UNIT.py:459: error: Name "sys.ModuleType" is not defined  [name-defined]
tests\unit\logic\test_coder_CORE_UNIT.py:471: error: Name "sys.ModuleType" is not defined  [name-defined]
tests\unit\logic\test_coder_CORE_UNIT.py:486: error: Name "sys.ModuleType" is not defined  [name-defined]
tests\unit\logic\test_coder_CORE_UNIT.py:507: error: Name "sys.ModuleType" is not defined  [name-defined]
tests\unit\logic\test_coder_CORE_UNIT.py:531: error: Name "sys.ModuleType" is not defined  [name-defined]
tests\unit\logic\test_coder_CORE_UNIT.py:556: error: Name "sys.ModuleType" is not defined  [name-defined]
tests\unit\logic\test_coder_CORE_UNIT.py:620: error: Name "sys.LiteralString" is not defined  [name-defined]
src\logic\tools\mcp_server.py:23: error: Cannot find implementation or library stub for module named "fastapi_mcp"  [import-not-found]
src\logic\agents\cognitive\VisualizerAgent.py:57: error: Argument 1 to "as_tool" has incompatible type "Callable[[VisualizerAgent, list[dict[str, Any]], str], str]"; expected "int"  [arg-type]
src\logic\agents\cognitive\VisualizerAgent.py:77: error: Argument 1 to "as_tool" has incompatible type "Callable[[VisualizerAgent, list[dict[str, Any]], str], dict[str, Any]]"; expected "int"  [arg-type]
src\logic\agents\cognitive\VisualizerAgent.py:100: error: Argument 1 to "as_tool" has incompatible type "Callable[[VisualizerAgent, str, list[dict[str, Any]]], str]"; expected "int"  [arg-type]
src\logic\agents\cognitive\VisualizerAgent.py:154: error: Argument 1 to "as_tool" has incompatible type "Callable[[VisualizerAgent, str], dict[str, Any]]"; expected "int"  [arg-type]
src\logic\agents\cognitive\VisualizerAgent.py:183: error: Argument 1 to "as_tool" has incompatible type "Callable[[VisualizerAgent], str]"; expected "int"  [arg-type]
src\logic\agents\cognitive\VisualizerAgent.py:202: error: Argument 1 to "as_tool" has incompatible type "Callable[[VisualizerAgent], str]"; expected "int"  [arg-type]
src\logic\agents\cognitive\VisualizerAgent.py:227: error: Argument 1 to "as_tool" has incompatible type "Callable[[VisualizerAgent, str], str]"; expected "int"  [arg-type]
src\logic\agents\cognitive\VisualizerAgent.py:274: error: Return type "str" of "improve_content" incompatible with return type "Coroutine[Any, Any, str]" in supertype "src.core.base.BaseAgent.BaseAgent"  [override]
src\logic\agents\cognitive\context\knowledge_base.py:39: error: Skipping analyzing "src.core.base.entrypoint": module is installed, but missing library stubs or py.typed marker  [import-untyped]
src\infrastructure\orchestration\SwarmPruningOrchestrator.py:102: error: Argument 1 to "NeuralPruningEngine" has incompatible type "MockFleet"; expected "FleetManager"  [arg-type]
tests\unit\logic\test_coder_LEGACY.py:30: error: Argument 1 to "module_from_spec" has incompatible type "ModuleSpec | None"; expected "ModuleSpec"  [arg-type]
tests\unit\logic\test_coder_LEGACY.py:31: error: Item "None" of "ModuleSpec | None" has no attribute "loader"  [union-attr]
tests\unit\logic\test_coder_LEGACY.py:31: error: Item "None" of "Loader | Any | None" has no attribute "exec_module"  [union-attr]
tests\unit\infrastructure\test_models_propagation.py:35: error: "BaseAgent" has no attribute "models"; maybe "_model"?  [attr-defined]
tests\integration\test_webhooks_integration.py:41: error: "R" has no attribute "status_code"  [attr-defined]
tests\integration\test_webhooks_integration.py:42: error: Incompatible return value type (got "R", expected "MagicMock")  [return-value]
tests\integration\test_webhooks_integration.py:46: error: Library stubs not installed for "requests"  [import-untyped]
tests\integration\test_webhooks_integration.py:80: error: Value of type "Collection[str]" is not indexable  [index]
src\observability\errors\error_handler.py:27: error: Skipping analyzing "src.core.base.entrypoint": module is installed, but missing library stubs or py.typed marker  [import-untyped]
tests\specialists\test_specialists.py:26: error: Argument 1 to "KnowledgeAgent" has incompatible type "Path"; expected "str | None"  [arg-type]
src\observability\stats\ReportingAgent.py:35: error: Too many arguments for "__init__" of "BaseAgent"  [call-arg]
src\observability\stats\ReportingAgent.py:50: error: Module "src.logic.agents.development.PullRequestAgent" has no attribute "PRAgent"  [attr-defined]
src\observability\stats\ReportingAgent.py:185: error: Missing positional argument "workspace_root" in call to "FleetManager"  [call-arg]
src\infrastructure\dev\scripts\management\debug_phase_20_21.py:32: error: Skipping analyzing "src.core.base.MultiModalContextAgent": module is installed, but missing library stubs or py.typed marker  [import-untyped]
tests\unit\infrastructure\test_gossip_UNIT.py:14: error: "GossipProtocolOrchestrator" expects no type arguments, but 1 given  [type-arg]
tests\unit\infrastructure\test_gossip_UNIT.py:31: error: "GossipProtocolOrchestrator" expects no type arguments, but 1 given  [type-arg]
tests\phases\test_phase40.py:57: error: Cannot infer value of type parameter "_T" of "assertGreater" of "TestCase"  [misc]
tests\phases\test_phase40.py:57: error: Argument 1 to "assertGreater" of "TestCase" has incompatible type "float | None"; expected "SupportsDunderGT[Any]"  [arg-type]
tests\phases\test_phase40.py:78: error: Cannot assign to a method  [method-assign]
tests\unit\observability\conftest.py:38: error: Cannot find implementation or library stub for module named "observability.reports"  [import-not-found]
tests\unit\observability\conftest.py:38: error: Cannot find implementation or library stub for module named "observability"  [import-not-found]
tests\unit\observability\conftest.py:38: error: Name "reports" already defined (by an import)  [no-redef]
src\logic\agents\swarm\OrchestratorFeatures.py:270: error: "HealthChecker" has no attribute "print_report"  [attr-defined]
src\logic\agents\swarm\OrchestratorFeatures.py:282: error: Argument 1 to "contextmanager" has incompatible type "Callable[[OrchestratorFeatures, str], bool]"; expected "Callable[[OrchestratorFeatures, str], Iterator[Never]]"  [arg-type]
src\logic\agents\swarm\OrchestratorFeatures.py:283: error: The return type of a generator function should be "Generator" or one of its supertypes  [misc]
src\logic\agents\swarm\OrchestratorFeatures.py:322: error: "OrchestratorFeatures" has no attribute "update_errors_improvements"  [attr-defined]
src\logic\agents\swarm\OrchestratorFeatures.py:325: error: "OrchestratorFeatures" has no attribute "update_code"  [attr-defined]
src\logic\agents\swarm\OrchestratorFeatures.py:327: error: "OrchestratorFeatures" has no attribute "update_changelog_context_tests"  [attr-defined]
src\logic\agents\swarm\OrchestratorFeatures.py:357: error: "OrchestratorFeatures" has no attribute "find_code_files"  [attr-defined]
src\logic\agents\swarm\OrchestratorFeatures.py:367: error: "OrchestratorFeatures" has no attribute "process_files_multiprocessing"  [attr-defined]
src\logic\agents\swarm\OrchestratorFeatures.py:370: error: "OrchestratorFeatures" has no attribute "async_process_files"; maybe "process_file"?  [attr-defined]
src\logic\agents\swarm\OrchestratorFeatures.py:373: error: "OrchestratorFeatures" has no attribute "process_files_threaded"  [attr-defined]
src\logic\agents\swarm\OrchestratorFeatures.py:379: error: "OrchestratorFeatures" has no attribute "execute_callbacks"  [attr-defined]
src\logic\agents\swarm\OrchestratorFeatures.py:379: error: "OrchestratorFeatures" has no attribute "metrics"  [attr-defined]
src\logic\agents\swarm\OrchestratorFeatures.py:380: error: "OrchestratorFeatures" has no attribute "send_webhook_notification"  [attr-defined]
src\logic\agents\swarm\OrchestratorFeatures.py:380: error: "OrchestratorFeatures" has no attribute "metrics"  [attr-defined]
src\logic\agents\swarm\OrchestratorFeatures.py:415: error: "OrchestratorFeatures" has no attribute "_check_files_ready"  [attr-defined]
src\logic\agents\swarm\OrchestratorFeatures.py:481: error: "OrchestratorFeatures" has no attribute "find_code_files"  [attr-defined]
src\logic\agents\swarm\OrchestratorFeatures.py:497: error: "OrchestratorFeatures" has no attribute "execute_callbacks"  [attr-defined]
src\logic\agents\swarm\OrchestratorFeatures.py:497: error: "OrchestratorFeatures" has no attribute "metrics"  [attr-defined]
src\logic\agents\swarm\OrchestratorFeatures.py:498: error: "OrchestratorFeatures" has no attribute "send_webhook_notification"  [attr-defined]
src\logic\agents\swarm\OrchestratorFeatures.py:498: error: "OrchestratorFeatures" has no attribute "metrics"  [attr-defined]
src\interface\ui\gui\dashboard_server.py:172: error: "object" has no attribute "exists"  [attr-defined]
src\interface\ui\gui\dashboard_server.py:172: error: "object" has no attribute "is_dir"  [attr-defined]
src\interface\ui\gui\dashboard_server.py:173: error: "object" has no attribute "iterdir"  [attr-defined]
src\logic\agents\swarm\OrchestratorAgent.py:206: error: "AgentCommandHandler" has no attribute "strategy"  [attr-defined]
src\logic\agents\swarm\OrchestratorAgent.py:213: error: "bool" is invalid as return type for "__exit__" that always returns False  [exit-return]
src\logic\agents\swarm\OrchestratorAgent.py:213: note: Use "typing.Literal[False]" as the return type or change it to "None"
src\logic\agents\swarm\OrchestratorAgent.py:213: note: If return type of "__exit__" implies that it may return True, the context manager may swallow exceptions
tests\performance\test_agent_PERFORMANCE.py:22: error: Name "agent_sys_path" already defined (possibly by an import)  [no-redef]
tests\performance\test_agent_PERFORMANCE.py:38: error: "AgentMetrics" has no attribute "metrics"  [attr-defined]
tests\integration\test_agent_logic_integration.py:21: error: Name "AGENT_DIR" already defined (possibly by an import)  [no-redef]
tests\integration\test_agent_logic_integration.py:23: error: Name "agent_sys_path" already defined (possibly by an import)  [no-redef]
tests\integration\test_agent_logic_integration.py:25: error: Incompatible return value type (got "agent_sys_path", expected "bool")  [return-value]
tests\integration\test_agent_logic_integration.py:27: error: Missing return statement  [return]
tests\integration\test_agent_logic_integration.py:45: error: Incompatible return value type (got "dict[str, Any]", expected "bool")  [return-value]
tests\integration\test_agent_integration.py:13: error: Cannot assign to a method  [method-assign]
tests\integration\test_agent_integration.py:21: error: "Callable[[list[str], int, int], CompletedProcess[str]]" has no attribute "return_value"  [attr-defined]
tests\integration\test_agent_integration.py:30: error: "Callable[[list[str], int, int], CompletedProcess[str]]" has no attribute "call_args_list"  [attr-defined]
src\logic\agents\swarm\PatternOrchestrator.py:57: error: Unsupported operand types for < ("int" and "str")  [operator]
src\logic\agents\swarm\PatternOrchestrator.py:57: note: Right operand is of type "str | int"
src\logic\agents\swarm\PatternOrchestrator.py:57: error: Unsupported operand types for <= ("str" and "int")  [operator]
src\logic\agents\swarm\PatternOrchestrator.py:57: note: Left operand is of type "str | int"
src\logic\agents\swarm\PatternOrchestrator.py:80: error: Argument 1 to "as_tool" has incompatible type "Callable[[PatternOrchestrator, str], str]"; expected "int"  [arg-type]
src\logic\agents\swarm\PatternOrchestrator.py:92: error: Argument 1 to "as_tool" has incompatible type "Callable[[PatternOrchestrator], str]"; expected "int"  [arg-type]
src\logic\agents\swarm\PatternOrchestrator.py:109: error: Too many arguments for "AgentDelegator"  [call-arg]
src\logic\agents\swarm\PatternOrchestrator.py:116: error: Unexpected keyword argument "task" for "delegate" of "AgentDelegator"  [call-arg]
src\core\base\delegation.py:38: note: "delegate" of "AgentDelegator" defined here
src\logic\agents\swarm\PatternOrchestrator.py:102: error: Argument 1 to "as_tool" has incompatible type "Callable[[PatternOrchestrator, str, list[str]], str]"; expected "int"  [arg-type]
src\logic\agents\swarm\PatternOrchestrator.py:133: error: Too many arguments for "AgentDelegator"  [call-arg]
src\logic\agents\swarm\PatternOrchestrator.py:137: error: Unexpected keyword argument "task" for "delegate" of "AgentDelegator"  [call-arg]
src\logic\agents\swarm\PatternOrchestrator.py:141: error: Unexpected keyword argument "task" for "delegate" of "AgentDelegator"  [call-arg]
src\logic\agents\swarm\PatternOrchestrator.py:147: error: Unexpected keyword argument "task" for "delegate" of "AgentDelegator"  [call-arg]
src\logic\agents\swarm\PatternOrchestrator.py:126: error: Argument 1 to "as_tool" has incompatible type "Callable[[PatternOrchestrator, str, str, str], str]"; expected "int"  [arg-type]
src\logic\agents\swarm\PatternOrchestrator.py:159: error: Argument 1 to "as_tool" has incompatible type "Callable[[PatternOrchestrator, str, list[str]], str]"; expected "int"  [arg-type]
src\logic\agents\swarm\PatternOrchestrator.py:175: error: Argument 1 to "as_tool" has incompatible type "Callable[[PatternOrchestrator, str, list[str]], str]"; expected "int"  [arg-type]
src\logic\agents\swarm\PatternOrchestrator.py:198: error: Too many arguments for "AgentDelegator"  [call-arg]
src\logic\agents\swarm\PatternOrchestrator.py:205: error: Unexpected keyword argument "task" for "delegate" of "AgentDelegator"  [call-arg]
src\logic\agents\swarm\PatternOrchestrator.py:213: error: Unexpected keyword argument "task" for "delegate" of "AgentDelegator"  [call-arg]
src\logic\agents\swarm\PatternOrchestrator.py:184: error: Argument 1 to "as_tool" has incompatible type "Callable[[PatternOrchestrator, str, int], str]"; expected "int"  [arg-type]
src\logic\agents\swarm\PatternOrchestrator.py:221: error: Argument 1 to "as_tool" has incompatible type "Callable[[PatternOrchestrator, str], str]"; expected "int"  [arg-type]
src\logic\agents\swarm\PatternOrchestrator.py:228: error: Return type "str" of "improve_content" incompatible with return type "Coroutine[Any, Any, str]" in supertype "src.core.base.BaseAgent.BaseAgent"  [override]
Found 1407 errors in 356 files (checked 1275 source files)
