tests\unit\test_path_behavior.py:15: error: Argument 1 to "Path" has incompatible type "MockFleet"; expected "str | PathLike[str]"  [arg-type]
src\core\base\managers\ResourceQuotaManager.py:68: error: Missing return statement  [return]
src\infrastructure\fleet\core\LoadBalancerCore.py:39: error: Argument "key" to "min" has incompatible type overloaded function; expected "Callable[[str], SupportsDunderLT[Any] | SupportsDunderGT[Any]]"  [arg-type]
src\infrastructure\backend\core\PoolingCore.py:44: error: Argument "key" to "min" has incompatible type overloaded function; expected "Callable[[str], SupportsDunderLT[Any] | SupportsDunderGT[Any]]"  [arg-type]
temp\fix_f401_inits.py:32: error: Assignment to variable "e" outside except: block  [misc]
temp\fix_f401_inits.py:53: error: Assignment to variable "e" outside except: block  [misc]
data\agents\security\DataPrivacyGuardAgent.py:60: error: Argument 1 to "append" of "list" has incompatible type "str"; expected "dict[Any, Any]"  [arg-type]
src\observability\stats\exporters\PrometheusExporter.py:40: error: Missing return statement  [return]
src\logic\agents\system\CoreEvolutionGuard.py:60: error: Incompatible types in assignment (expression has type "str | None", target has type "str")  [assignment]
src\logic\agents\system\CoreEvolutionGuard.py:64: error: Incompatible types in assignment (expression has type "str | None", target has type "str")  [assignment]
src\logic\agents\swarm\SwarmArbitratorAgent.py:68: error: Argument 1 to "_update_reputation" of "SwarmArbitratorAgent" has incompatible type "Any | None"; expected "str"  [arg-type]
src\logic\agents\swarm\SwarmArbitratorAgent.py:70: error: Argument 1 to "_update_reputation" of "SwarmArbitratorAgent" has incompatible type "Any | None"; expected "str"  [arg-type]
src\logic\agents\intelligence\WebCore.py:29: error: Cannot find implementation or library stub for module named "bs4"  [import-not-found]
src\logic\agents\cognitive\TheoryOfMind.py:52: error: "TheoryOfMindCore" has no attribute "update_profile_logic"  [attr-defined]
src\logic\agents\cognitive\TheoryOfMind.py:60: error: "TheoryOfMindCore" has no attribute "estimate_knowledge_score"  [attr-defined]
src\logic\agents\cognitive\TheoryOfMind.py:64: error: "TheoryOfMindCore" has no attribute "rank_collaborators"  [attr-defined]
src\logic\agents\cognitive\ConsensusConflictAgent.py:81: error: Argument "key" to "max" has incompatible type overloaded function; expected "Callable[[Any], SupportsDunderLT[Any] | SupportsDunderGT[Any]]"  [arg-type]
src\infrastructure\orchestration\TenantIsolationOrchestrator.py:42: error: Missing return statement  [return]
src\infrastructure\orchestration\StatusManager.py:41: error: Need type annotation for "initial_data"  [var-annotated]
src\infrastructure\fleet\FleetCore.py:44: error: Cannot determine type of "default_score_threshold"  [has-type]
src\infrastructure\fleet\FleetCore.py:46: error: Cannot determine type of "default_score_threshold"  [has-type]
src\infrastructure\fleet\FleetCore.py:95: error: Cannot determine type of "default_score_threshold"  [has-type]
src\infrastructure\dev\scripts\sanitize_imports.py:97: error: No return value expected  [return-value]
src\infrastructure\dev\scripts\sanitize_imports.py:110: error: "sanitize_file" does not return a value (it only ever returns None)  [func-returns-value]
src\infrastructure\dev\scripts\apply_basic_types.py:33: error: Missing return statement  [return]
src\infrastructure\dev\scripts\management\repair_packages.py:119: error: Argument 1 to "create_inits" has incompatible type "Path"; expected "str"  [arg-type]
src\infrastructure\dev\scripts\management\repair_packages.py:120: error: Argument 1 to "create_inits" has incompatible type "Path"; expected "str"  [arg-type]
src\infrastructure\dev\scripts\management\repair_packages.py:131: error: Argument 1 to "fix_imports" has incompatible type "Path"; expected "str"  [arg-type]
src\core\modules\BlackboardModule.py:50: error: Argument 1 to "process_post" of "BlackboardModule" has incompatible type "Any | None"; expected "str"  [arg-type]
src\core\modules\BlackboardModule.py:55: error: Argument 1 to "get_value" of "BlackboardModule" has incompatible type "Any | None"; expected "str"  [arg-type]
src\observability\stats\core\ProfilingCore.py:38: error: "Stats" has no attribute "stats"  [attr-defined]
src\logic\agents\swarm\InterFleetIdentityAgent.py:62: error: Incompatible return value type (got "dict[str, str]", expected "bool")  [return-value]
src\logic\agents\swarm\InterFleetIdentityAgent.py:67: error: Incompatible return value type (got "dict[str, str]", expected "bool")  [return-value]
src\logic\agents\swarm\InterFleetIdentityAgent.py:82: error: Incompatible return value type (got "dict[str, str]", expected "bool")  [return-value]
src\interface\ui\gui\ThemeManager.py:65: error: Attribute "is_dark_mode" already defined on line 42  [no-redef]
src\interface\ui\gui\ThemeManager.py:78: error: No overload variant of "configure" of "Listbox" matches argument types "str", "str", "str"  [call-overload]
src\interface\ui\gui\ThemeManager.py:78: note: Possible overload variants:
src\interface\ui\gui\ThemeManager.py:78: note:     def configure(self, cnf: dict[str, Any] | None = ..., *, activestyle: Literal['dotbox', 'none', 'underline'] = ..., background: str = ..., bd: float | str = ..., bg: str = ..., border: float | str = ..., borderwidth: float | str = ..., cursor: str | tuple[str] | tuple[str, str] | tuple[str, str, str] | tuple[str, str, str, str] = ..., disabledforeground: str = ..., exportselection: bool = ..., fg: str = ..., font: str | Font | list[Any] | tuple[str] | tuple[str, int, *tuple[str, ...]] | tuple[str, int, list[str] | tuple[str, ...]] | Tcl_Obj = ..., foreground: str = ..., height: int = ..., highlightbackground: str = ..., highlightcolor: str = ..., highlightthickness: float | str = ..., justify: Literal['left', 'center', 'right'] = ..., listvariable: Variable = ..., relief: Literal['raised', 'sunken', 'flat', 'ridge', 'solid', 'groove'] = ..., selectbackground: str = ..., selectborderwidth: float | str = ..., selectforeground: str = ..., selectmode: Literal['single', 'browse', 'multiple', 'extended'] | str = ..., setgrid: bool = ..., state: Literal['normal', 'disabled'] = ..., takefocus: Literal[0, 1, ''] | bool | Callable[[str], bool | None] = ..., width: int = ..., xscrollcommand: str | Callable[[float, float], object] = ..., yscrollcommand: str | Callable[[float, float], object] = ...) -> dict[str, tuple[str, str, str, Any, Any]] | None
src\interface\ui\gui\ThemeManager.py:78: note:     def configure(self, cnf: str) -> tuple[str, str, str, Any, Any]
src\observability\stats\namespaces.py:44: error: Incompatible types in assignment (expression has type "str | None", variable has type "str")  [assignment]
src\logic\strategies\DirectStrategy.py:31: error: Incompatible types in "await" (actual type "str", expected type "Awaitable[Any]")  [misc]
src\interface\ui\gui\AppMenu.py:67: error: Cannot infer type of lambda  [misc]
src\interface\ui\gui\AppMenu.py:79: error: Cannot infer type of lambda  [misc]
src\core\knowledge\graph_store.py:55: error: Argument 3 of "store" is incompatible with supertype "src.core.knowledge.storage_base.KnowledgeStore"; supertype defines the argument type as "dict[str, Any] | None"  [override]
src\core\knowledge\graph_store.py:55: note: This violates the Liskov substitution principle
src\core\knowledge\graph_store.py:55: note: See https://mypy.readthedocs.io/en/stable/common_issues.html#incompatible-overrides
tests\utils\legacy_support.py:55: error: Incompatible types in assignment (expression has type "None", variable has type "set[Any]")  [assignment]
src\observability\stats\monitoring.py:12: error: Library stubs not installed for "psutil"  [import-untyped]
src\observability\stats\monitoring.py:36: error: Unsupported operand types for < ("int" and "object")  [operator]
src\observability\stats\monitoring.py:37: error: Unsupported operand types for < ("int" and "object")  [operator]
src\observability\stats\api.py:57: error: Unsupported target for indexed assignment ("Collection[str]")  [index]
src\observability\stats\ab_engine.py:119: error: Name "version" is not defined  [name-defined]
src\observability\stats\ab_engine.py:119: error: Name "metric_name" is not defined  [name-defined]
src\observability\stats\ab_engine.py:119: error: Name "value" is not defined  [name-defined]
src\observability\stats\ab_engine.py:120: error: Name "version" is not defined  [name-defined]
src\observability\stats\ab_engine.py:120: error: Name "metric_name" is not defined  [name-defined]
src\observability\stats\ab_engine.py:120: error: Name "value" is not defined  [name-defined]
src\observability\stats\exporters\MetricsExporter.py:43: error: Missing return statement  [return]
src\observability\stats\exporters\MetricsExporter.py:59: error: Missing return statement  [return]
src\logic\strategies\ReflexionStrategy.py:32: error: Incompatible types in "await" (actual type "str", expected type "Awaitable[Any]")  [misc]
src\logic\strategies\ReflexionStrategy.py:41: error: Incompatible types in "await" (actual type "str", expected type "Awaitable[Any]")  [misc]
src\logic\strategies\ReflexionStrategy.py:52: error: Incompatible types in "await" (actual type "str", expected type "Awaitable[Any]")  [misc]
src\logic\strategies\ChainOfThoughtStrategy.py:37: error: Incompatible types in "await" (actual type "str", expected type "Awaitable[Any]")  [misc]
src\logic\strategies\ChainOfThoughtStrategy.py:51: error: Incompatible types in "await" (actual type "str", expected type "Awaitable[Any]")  [misc]
src\logic\agents\swarm\FleetEconomyAgent.py:128: error: "FleetEconomyAgent" has no attribute "wallets"  [attr-defined]
src\logic\agents\cognitive\context\engines\GraphContextEngine.py:80: error: Incompatible types in assignment (expression has type "str", variable has type "Path")  [assignment]
src\logic\agents\cognitive\context\engines\GraphContextEngine.py:81: error: Argument 2 to "add_edge" of "GraphContextEngine" has incompatible type "Path"; expected "str"  [arg-type]
src\interface\ui\web\PyAgent_web.py:44: error: Missing return statement  [return]
src\infrastructure\orchestration\SignalBusOrchestrator.py:42: error: Need type annotation for "_queue"  [var-annotated]
src\infrastructure\orchestration\FleetTelemetryVisualizer.py:42: error: Missing return statement  [return]
src\infrastructure\fleet\SchemaManager.py:39: error: Missing return statement  [return]
src\infrastructure\fleet\SafetyAuditTrail.py:44: error: Missing return statement  [return]
src\infrastructure\fleet\SafetyAuditTrail.py:52: error: Missing return statement  [return]
src\infrastructure\fleet\SafetyAuditTrail.py:65: error: Missing return statement  [return]
src\infrastructure\fleet\MCPConnector.py:107: error: Item "None" of "IO[Any] | None" has no attribute "readline"  [union-attr]
src\infrastructure\fleet\AgentEconomy.py:90: error: Missing return statement  [return]
src\infrastructure\dev\test_utils\LogCapturer.py:41: error: Cannot assign to a method  [method-assign]
src\infrastructure\base\BaseManager.py:32: error: Incompatible default for argument "workspace_root" (default has type "None", argument has type "str")  [assignment]
src\infrastructure\base\BaseManager.py:32: note: PEP 484 prohibits implicit Optional. Accordingly, mypy has changed its default to no_implicit_optional=True
src\infrastructure\base\BaseManager.py:32: note: Use https://github.com/hauntsaninja/no_implicit_optional to automatically upgrade your codebase
src\infrastructure\backend\RunnerBackends.py:64: error: Dict entry 1 has incompatible type "str": "dict[str, str | Any]"; expected "str": "str"  [dict-item]
src\infrastructure\backend\llm_backends\GitHubModelsBackend.py:96: error: Incompatible types in assignment (expression has type "str", variable has type "list[object]")  [assignment]
src\core\base\logging_config.py:74: error: Name "level" already defined on line 71  [no-redef]
src\core\base\logging_config.py:77: error: Name "level" already defined on line 71  [no-redef]
src\core\base\connectivity.py:21: error: Skipping analyzing "msgpack": module is installed, but missing library stubs or py.typed marker  [import-untyped]
src\core\base\connectivity.py:22: error: Library stubs not installed for "zstd"  [import-untyped]
src\core\base\connectivity.py:22: note: Hint: "python3 -m pip install types-zstd"
src\core\base\ShardedKnowledgeCore.py:35: error: Library stubs not installed for "aiofiles"  [import-untyped]
src\core\base\ShardedKnowledgeCore.py:35: note: Hint: "python3 -m pip install types-aiofiles"
src\core\base\ShardedKnowledgeCore.py:36: error: Skipping analyzing "msgpack": module is installed, but missing library stubs or py.typed marker  [import-untyped]
src\core\base\ShardedKnowledgeCore.py:160: error: Name "right_to_be_forgotten" already defined on line 108  [no-redef]
src\core\base\ShardedKnowledgeCore.py:179: error: Library stubs not installed for "pandas"  [import-untyped]
src\core\base\ShardedKnowledgeCore.py:179: note: Hint: "python3 -m pip install pandas-stubs"
src\core\base\ShardedKnowledgeCore.py:180: error: Cannot find implementation or library stub for module named "pyarrow"  [import-not-found]
src\core\base\ShardedKnowledgeCore.py:181: error: Cannot find implementation or library stub for module named "pyarrow.parquet"  [import-not-found]
src\core\base\ConnectivityManager.py:51: error: Cannot determine type of "_initialized"  [has-type]
src\core\base\ConnectivityManager.py:157: error: Function "builtins.callable" is not valid as a type  [valid-type]
src\core\base\ConnectivityManager.py:157: note: Perhaps you meant "typing.Callable" instead of "callable"?
src\core\base\ConnectivityManager.py:163: error: callable? not callable  [misc]
src\core\base\utils\core_utils.py:244: error: Name "_fallback" already defined on line 232  [no-redef]
src\core\base\managers\AgentMetrics.py:63: error: Unsupported operand types for - ("None" and "float")  [operator]
src\core\base\managers\AgentMetrics.py:63: note: Left operand is of type "float | None"
src\core\base\managers\AgentMetrics.py:82: error: Unsupported operand types for - ("None" and "float")  [operator]
src\core\base\managers\AgentMetrics.py:82: note: Left operand is of type "float | None"
src\core\base\managers\AgentMetrics.py:101: error: Unsupported operand types for - ("None" and "float")  [operator]
src\core\base\managers\AgentMetrics.py:101: note: Left operand is of type "float | None"
src\interface\ui\gui\DialogManager.py:148: error: Argument "text" to "Label" has incompatible type "Sequence[str]"; expected "float | str"  [arg-type]
src\interface\ui\gui\DialogManager.py:152: error: No overload variant matches argument type "Sequence[str]"  [call-overload]
src\interface\ui\gui\DialogManager.py:152: note: Possible overload variants:
src\interface\ui\gui\DialogManager.py:152: note:     def (cnf: dict[str, Any] | None = ..., *, anchor: Literal['nw', 'n', 'ne', 'w', 'center', 'e', 'sw', 's', 'se'] = ..., background: str = ..., border: float | str = ..., borderwidth: float | str = ..., compound: Literal['', 'text', 'image', 'top', 'left', 'center', 'right', 'bottom', 'none'] = ..., cursor: str | tuple[str] | tuple[str, str] | tuple[str, str, str] | tuple[str, str, str, str] = ..., font: str | Font | list[Any] | tuple[str] | tuple[str, int, *tuple[str, ...]] | tuple[str, int, list[str] | tuple[str, ...]] | Tcl_Obj = ..., foreground: str = ..., image: _Image | str = ..., justify: Literal['left', 'center', 'right'] = ..., padding: float | str | tuple[float | str] | tuple[float | str, float | str] | tuple[float | str, float | str, float | str] | tuple[float | str, float | str, float | str, float | str] = ..., relief: Literal['raised', 'sunken', 'flat', 'ridge', 'solid', 'groove'] = ..., state: str = ..., style: str = ..., takefocus: Literal[0, 1, ''] | bool | Callable[[str], bool | None] = ..., text: float | str = ..., textvariable: Variable = ..., underline: int = ..., width: int | Literal[''] = ..., wraplength: float | str = ...) -> dict[str, tuple[str, str, str, Any, Any]] | None
src\interface\ui\gui\DialogManager.py:152: note:     def (cnf: str) -> tuple[str, str, str, Any, Any]
src\interface\ui\gui\DialogManager.py:234: error: Cannot infer type of lambda  [misc]
src\interface\ui\gui\DialogManager.py:239: error: Cannot infer type of lambda  [misc]
src\interface\ui\gui\BmadManager.py:64: error: Argument "text" to "Label" has incompatible type "Sequence[str]"; expected "float | str"  [arg-type]
src\interface\ui\gui\BmadManager.py:117: error: No overload variant matches argument type "Sequence[str]"  [call-overload]
src\interface\ui\gui\BmadManager.py:117: note: Possible overload variants:
src\interface\ui\gui\BmadManager.py:117: note:     def (cnf: dict[str, Any] | None = ..., *, anchor: Literal['nw', 'n', 'ne', 'w', 'center', 'e', 'sw', 's', 'se'] = ..., background: str = ..., border: float | str = ..., borderwidth: float | str = ..., compound: Literal['', 'text', 'image', 'top', 'left', 'center', 'right', 'bottom', 'none'] = ..., cursor: str | tuple[str] | tuple[str, str] | tuple[str, str, str] | tuple[str, str, str, str] = ..., font: str | Font | list[Any] | tuple[str] | tuple[str, int, *tuple[str, ...]] | tuple[str, int, list[str] | tuple[str, ...]] | Tcl_Obj = ..., foreground: str = ..., image: _Image | str = ..., justify: Literal['left', 'center', 'right'] = ..., padding: float | str | tuple[float | str] | tuple[float | str, float | str] | tuple[float | str, float | str, float | str] | tuple[float | str, float | str, float | str, float | str] = ..., relief: Literal['raised', 'sunken', 'flat', 'ridge', 'solid', 'groove'] = ..., state: str = ..., style: str = ..., takefocus: Literal[0, 1, ''] | bool | Callable[[str], bool | None] = ..., text: float | str = ..., textvariable: Variable = ..., underline: int = ..., width: int | Literal[''] = ..., wraplength: float | str = ...) -> dict[str, tuple[str, str, str, Any, Any]] | None
src\interface\ui\gui\BmadManager.py:117: note:     def (cnf: str) -> tuple[str, str, str, Any, Any]
src\interface\ui\gui\AgentColumn.py:49: error: Cannot assign to a method  [method-assign]
src\interface\ui\gui\AgentColumn.py:49: error: Incompatible types in assignment (expression has type "Any | None", variable has type "Callable[[Widget, str], None]")  [assignment]
src\interface\ui\gui\AgentColumn.py:82: error: "None" not callable  [misc]
src\interface\ui\gui\AgentColumn.py:96: error: "None" not callable  [misc]
src\interface\ui\gui\AgentColumn.py:109: error: "None" not callable  [misc]
src\interface\ui\gui\AgentColumn.py:111: error: "None" not callable  [misc]
src\interface\ui\gui\AgentColumn.py:137: error: Argument "command" to "Button" has incompatible type "Any | None"; expected "str | Callable[[], Any]"  [arg-type]
src\interface\ui\gui\AgentColumn.py:150: error: "None" not callable  [misc]
src\interface\ui\gui\AgentColumn.py:153: error: "None" not callable  [misc]
src\interface\ui\gui\AgentColumn.py:156: error: "None" not callable  [misc]
src\interface\ui\gui\AgentColumn.py:176: error: "None" not callable  [misc]
src\interface\ui\gui\AgentColumn.py:185: error: Cannot infer type of lambda  [misc]
src\infrastructure\dev\core\RebirthCore.py:9: error: Library stubs not installed for "yaml"  [import-untyped]
src\core\base\state.py:58: error: Need type annotation for "buffer"  [var-annotated]
src\infrastructure\dev\agent_tests\test_management.py:180: error: Argument 1 to "contextmanager" has incompatible type "Callable[[], bool]"; expected "Callable[[], Iterator[Never]]"  [arg-type]
src\infrastructure\dev\agent_tests\test_management.py:181: error: The return type of a generator function should be "Generator" or one of its supertypes  [misc]
src\infrastructure\dev\agent_tests\environment.py:99: error: Incompatible return value type (got "ProvisionedEnvironment", expected "dict[str, Any]")  [return-value]
src\infrastructure\dev\agent_tests\environment.py:102: error: Incompatible types in assignment (expression has type "TestEnvironment | None", variable has type "ProvisionedEnvironment")  [assignment]
src\infrastructure\dev\agent_tests\environment.py:127: error: "ProvisionedEnvironment" has no attribute "setup_commands"  [attr-defined]
src\infrastructure\dev\agent_tests\environment.py:134: error: "ProvisionedEnvironment" has no attribute "variables"  [attr-defined]
src\logic\agents\development\CoderCore.py:204: error: Incompatible types in assignment (expression has type "StyleRule | None", variable has type "StyleRule")  [assignment]
src\logic\agents\development\CoderCore.py:217: error: Name "violations" already defined on line 200  [no-redef]
src\infrastructure\fleet\AgentRegistryCore.py:70: error: Name "short_name" already defined on line 66  [no-redef]
src\infrastructure\orchestration\RoutingEngine.py:35: error: "type[BackendHandlers]" has no attribute "get_performance_report"  [attr-defined]
src\infrastructure\orchestration\RoutingEngine.py:66: error: "type[BackendHandlers]" has no attribute "get_performance_report"  [attr-defined]
src\infrastructure\plugins\tools\notification_tools.py:25: error: Library stubs not installed for "requests"  [import-untyped]
src\core\base\utils\NotificationManager.py:35: error: Library stubs not installed for "requests"  [import-untyped]
src\core\base\utils\NotificationManager.py:35: note: Hint: "python3 -m pip install types-requests"
src\interface\ui\gui\AgentManager.py:56: error: "AgentManager" has no attribute "config_manager"  [attr-defined]
src\observability\reports\ReportGenerator.py:97: error: Missing return statement  [return]
src\observability\reports\ReportGenerator.py:346: error: "AST" has no attribute "body"  [attr-defined]
src\infrastructure\orchestration\MultiCloudBridgeOrchestrator.py:39: error: Need type annotation for "cloud_nodes"  [var-annotated]
src\core\knowledge\btree_store.py:40: error: The return type of "__init__" must be None  [misc]
src\core\knowledge\btree_store.py:40: error: Missing return statement  [return]
src\infrastructure\dev\scripts\full_reset.py:59: error: Library stubs not installed for "yaml"  [import-untyped]
src\core\base\GracefulShutdown.py:67: error: Incompatible types in assignment (expression has type "Callable[[int, FrameType | None], Any] | int | None", variable has type "None")  [assignment]
src\core\base\GracefulShutdown.py:69: error: Incompatible types in assignment (expression has type "Callable[[int, FrameType | None], Any] | int | None", variable has type "None")  [assignment]
src\core\base\utils\_helpers.py:35: error: Library stubs not installed for "requests"  [import-untyped]
src\core\base\utils\_helpers.py:35: note: Hint: "python3 -m pip install types-requests"
src\core\base\utils\_helpers.py:44: error: Library stubs not installed for "tqdm"  [import-untyped]
src\core\base\utils\_helpers.py:44: note: Hint: "python3 -m pip install types-tqdm"
src\core\base\utils\_helpers.py:57: error: All type parameters should be declared ("_T" not declared)  [valid-type]
src\core\base\utils\ValidationRuleManager.py:93: error: "None" not callable  [misc]
src\core\base\utils\ValidationRuleManager.py:98: error: "ValidationRule" has no attribute "error_message"  [attr-defined]
src\core\base\utils\DiffGenerator.py:48: error: The return type of "__init__" must be None  [misc]
src\core\base\utils\DiffGenerator.py:48: error: Missing return statement  [return]
src\core\base\utils\DiffGenerator.py:139: error: Name "sys" is not defined  [name-defined]
src\core\base\utils\DiffGenerator.py:141: error: Name "sys" is not defined  [name-defined]
src\core\base\utils\DiffGenerator.py:143: error: Name "sys" is not defined  [name-defined]
src\core\base\utils\DiffGenerator.py:145: error: Name "sys" is not defined  [name-defined]
src\core\base\utils\DiffGenerator.py:146: error: Name "sys" is not defined  [name-defined]
src\core\base\managers\SystemManagers.py:43: error: Cannot assign to a type  [misc]
src\core\base\managers\SystemManagers.py:43: error: Incompatible types in assignment (expression has type "None", variable has type "type[VersionGate]")  [assignment]
src\core\base\managers\OrchestrationManagers.py:33: error: Skipping analyzing "src.core.base.agent": module is installed, but missing library stubs or py.typed marker  [import-untyped]
src\core\base\managers\BatchManagers.py:33: error: Skipping analyzing "src.core.base.agent": module is installed, but missing library stubs or py.typed marker  [import-untyped]
src\core\base\managers\BatchManagers.py:33: note: See https://mypy.readthedocs.io/en/stable/running_mypy.html#missing-imports
src\interface\ui\gui\MainApp.py:69: error: "WorkflowManager" expects no type arguments, but 1 given  [type-arg]
src\interface\ui\gui\MainApp.py:71: error: "AgentManager" has no attribute "add_column"  [attr-defined]
src\interface\ui\gui\MainApp.py:76: error: "ThemeManager" expects no type arguments, but 1 given  [type-arg]
... [TRUNCATED] ...
src\infrastructure\orchestration\MetaOrchestratorAgent.py:57: error: Argument 1 to "solve_complex_objective" of "MetaOrchestratorAgent" has incompatible type "Any | None"; expected "str"  [arg-type]
src\infrastructure\orchestration\MetaOrchestratorAgent.py:113: error: Signature of "run" incompatible with supertype "src.core.base.BaseAgent.BaseAgent"  [override]
src\infrastructure\orchestration\MetaOrchestratorAgent.py:113: note:      Superclass:
src\infrastructure\orchestration\MetaOrchestratorAgent.py:113: note:          def run(self, prompt: str = ...) -> None
src\infrastructure\orchestration\MetaOrchestratorAgent.py:113: note:      Subclass:
src\infrastructure\orchestration\MetaOrchestratorAgent.py:113: note:          def run(self, objective: str) -> Coroutine[Any, Any, str]
src\infrastructure\orchestration\McpToolRegistry.py:45: error: Incompatible types in assignment (expression has type "Any | None", variable has type "str")  [assignment]
src\infrastructure\orchestration\LatentSignalBus.py:67: error: Value of type "Coroutine[Any, Any, None]" must be used  [unused-coroutine]
src\infrastructure\orchestration\LatentSignalBus.py:67: note: Are you missing an await?
src\infrastructure\orchestration\IntentCoherenceEngine.py:58: error: Value of type "Coroutine[Any, Any, None]" must be used  [unused-coroutine]
src\infrastructure\orchestration\IntentCoherenceEngine.py:58: note: Are you missing an await?
src\infrastructure\orchestration\ImmunizationOrchestrator.py:76: error: Value of type "Coroutine[Any, Any, None]" must be used  [unused-coroutine]
src\infrastructure\orchestration\ImmunizationOrchestrator.py:76: note: Are you missing an await?
src\infrastructure\orchestration\FederatedKnowledgeOrchestrator.py:102: error: Item "None" of "Any | None" has no attribute "record_tier_memory"  [union-attr]
src\infrastructure\orchestration\ExperimentOrchestrator.py:50: error: Argument 1 to "as_tool" has incompatible type "Callable[[ExperimentOrchestrator, str, list[str]], dict[str, Any]]"; expected "int"  [arg-type]
src\infrastructure\orchestration\ExperimentOrchestrator.py:101: error: Return type "str" of "improve_content" incompatible with return type "Coroutine[Any, Any, str]" in supertype "src.core.base.BaseAgent.BaseAgent"  [override]
src\infrastructure\orchestration\DiscoveryOrchestrator.py:68: error: Incompatible types in assignment (expression has type "float", variable has type "int")  [assignment]
src\infrastructure\orchestration\DiscoveryOrchestrator.py:108: error: Incompatible types in assignment (expression has type "float", variable has type "int")  [assignment]
src\infrastructure\orchestration\DiscoveryOrchestrator.py:191: error: Incompatible types in assignment (expression has type "float", variable has type "int")  [assignment]
src\infrastructure\orchestration\DiscoveryOrchestrator.py:227: error: Item "None" of "bytes | None" has no attribute "decode"  [union-attr]
src\infrastructure\orchestration\DirectorAgent.py:46: error: Argument 2 to "subscribe" of "SignalRegistry" has incompatible type "Callable[[dict[Any, Any]], str]"; expected "Callable[[Any], Coroutine[Any, Any, None] | None]"  [arg-type]
src\infrastructure\orchestration\DirectorAgent.py:47: error: Argument 2 to "subscribe" of "SignalRegistry" has incompatible type "Callable[[dict[Any, Any]], str]"; expected "Callable[[Any], Coroutine[Any, Any, None] | None]"  [arg-type]
src\infrastructure\orchestration\DirectorAgent.py:77: error: Missing return statement  [return]
src\infrastructure\orchestration\DirectorAgent.py:84: error: Missing return statement  [return]
src\infrastructure\orchestration\DirectorAgent.py:110: error: No overload variant of "search" matches argument types "str", "Coroutine[Any, Any, str]", "RegexFlag"  [call-overload]
src\infrastructure\orchestration\DirectorAgent.py:110: note: Possible overload variants:
src\infrastructure\orchestration\DirectorAgent.py:110: note:     def search(pattern: str | Pattern[str], string: str, flags: int | RegexFlag = ...) -> Match[str] | None
src\infrastructure\orchestration\DirectorAgent.py:110: note:     def search(pattern: bytes | Pattern[bytes], string: Buffer, flags: int | RegexFlag = ...) -> Match[bytes] | None
src\infrastructure\orchestration\DirectorAgent.py:112: error: Value of type "Coroutine[Any, Any, str]" is not indexable  [index]
src\infrastructure\orchestration\DirectorAgent.py:112: note: Maybe you forgot to use "await"?
src\infrastructure\orchestration\DirectorAgent.py:162: error: Return type "str" of "improve_content" incompatible with return type "Coroutine[Any, Any, str]" in supertype "src.core.base.BaseAgent.BaseAgent"  [override]
src\infrastructure\orchestration\ConsensusOrchestrator.py:128: error: Name "loop" is not defined  [name-defined]
src\infrastructure\orchestration\ConsensusOrchestrator.py:132: error: Name "loop" is not defined  [name-defined]
src\infrastructure\orchestration\AgentDAO.py:50: error: Argument 1 to "as_tool" has incompatible type "Callable[[AgentDAO, dict[str, float]], str]"; expected "int"  [arg-type]
src\infrastructure\orchestration\AgentDAO.py:78: error: Argument 1 to "as_tool" has incompatible type "Callable[[AgentDAO, list[str]], list[str]]"; expected "int"  [arg-type]
src\infrastructure\orchestration\AgentDAO.py:89: error: Return type "str" of "improve_content" incompatible with return type "Coroutine[Any, Any, str]" in supertype "src.core.base.BaseAgent.BaseAgent"  [override]
src\infrastructure\fleet\TaskPlannerAgent.py:48: error: Argument 1 to "as_tool" has incompatible type "Callable[[TaskPlannerAgent, str], str]"; expected "int"  [arg-type]
src\infrastructure\fleet\TaskPlannerAgent.py:110: error: Return type "str" of "improve_content" incompatible with return type "Coroutine[Any, Any, str]" in supertype "src.core.base.BaseAgent.BaseAgent"  [override]
src\infrastructure\fleet\AsyncFleetManager.py:174: error: Invalid index type "Any | None" for "LazyAgentMap"; expected type "str"  [index]
src\infrastructure\fleet\AsyncFleetManager.py:175: error: Argument 2 to "getattr" has incompatible type "Any | None"; expected "str"  [arg-type]
src\infrastructure\fleet\AsyncFleetManager.py:202: error: Argument 2 to "end_trace" of "ObservabilityEngine" has incompatible type "Any | None"; expected "str"  [arg-type]
src\infrastructure\fleet\AsyncFleetManager.py:202: error: Argument 3 to "end_trace" of "ObservabilityEngine" has incompatible type "Any | None"; expected "str"  [arg-type]
src\infrastructure\fleet\AsyncFleetManager.py:205: error: Argument 2 to "_pre_commit_audit" of "AsyncFleetManager" has incompatible type "Any | None"; expected "str"  [arg-type]
src\infrastructure\fleet\AsyncFleetManager.py:209: error: Argument 2 to "end_trace" of "ObservabilityEngine" has incompatible type "Any | None"; expected "str"  [arg-type]
src\infrastructure\fleet\AsyncFleetManager.py:209: error: Argument 3 to "end_trace" of "ObservabilityEngine" has incompatible type "Any | None"; expected "str"  [arg-type]
src\infrastructure\fleet\AsyncFleetManager.py:267: error: Skipping analyzing "src.logic.agents.security.SecurityGuardAgent": module is installed, but missing library stubs or py.typed marker  [import-untyped]
src\infrastructure\dev\scripts\strategic_swarm_build.py:42: error: Library stubs not installed for "requests"  [import-untyped]
src\infrastructure\dev\scripts\run_fleet_self_improvement.py:133: error: "object" has no attribute "extend"  [attr-defined]
src\infrastructure\dev\scripts\run_fleet_self_improvement.py:144: error: "object" has no attribute "__iter__"; maybe "__dir__" or "__str__"? (not iterable)  [attr-defined]
src\infrastructure\dev\scripts\run_fleet_self_improvement.py:178: error: Assignment to variable "e" outside except: block  [misc]
src\infrastructure\dev\scripts\run_fleet_self_improvement.py:290: error: Library stubs not installed for "requests"  [import-untyped]
src\infrastructure\dev\scripts\management\debug_phase_15.py:61: error: Unsupported right operand type for in ("Coroutine[Any, Any, str]")  [operator]
src\infrastructure\dev\scripts\management\debug_phase_15.py:61: note: Maybe you forgot to use "await"?
src\infrastructure\dev\agent_tests\agents.py:503: error: Return type "str" of "improve_content" incompatible with return type "Coroutine[Any, Any, str]" in supertype "src.core.base.BaseAgent.BaseAgent"  [override]
src\infrastructure\dev\agent_tests\agents.py:543: error: Argument 1 to "_validate_syntax" of "TestsAgent" has incompatible type "Coroutine[Any, Any, str]"; expected "str"  [arg-type]
src\infrastructure\dev\agent_tests\agents.py:543: note: Maybe you forgot to use "await"?
src\infrastructure\dev\agent_tests\agents.py:552: error: Argument 1 to "_validate_test_structure" of "TestsAgent" has incompatible type "Coroutine[Any, Any, str]"; expected "str"  [arg-type]
src\infrastructure\dev\agent_tests\agents.py:552: note: Maybe you forgot to use "await"?
src\infrastructure\dev\agent_tests\agents.py:558: error: Incompatible return value type (got "Coroutine[Any, Any, str]", expected "str")  [return-value]
src\infrastructure\dev\agent_tests\agents.py:558: note: Maybe you forgot to use "await"?
src\infrastructure\api\AgentAPIServer.py:146: error: Argument 1 to "balance_request" of "FleetLoadBalancer" has incompatible type "str | None"; expected "str"  [arg-type]
src\core\base\NeuralPruningEngine.py:231: error: Missing return statement  [return]
src\core\base\NeuralPruningEngine.py:284: error: Incompatible types in assignment (expression has type "floating[Any] | float", variable has type "float")  [assignment]
src\observability\improvements\refinement_engine.py:29: error: Skipping analyzing "src.core.base.entrypoint": module is installed, but missing library stubs or py.typed marker  [import-untyped]
src\observability\improvements\__init__.py:56: error: Module "src.observability.improvements.ImprovementsAgent" has no attribute "DEFAULT_TEMPLATES"  [attr-defined]
src\infrastructure\dev\scripts\management\debug_evolution.py:104: error: Value of type "Coroutine[Any, Any, str]" must be used  [unused-coroutine]
src\infrastructure\dev\scripts\management\debug_evolution.py:104: note: Are you missing an await?
src\logic\agents\development\YamlAgent.py:47: error: Incompatible types in assignment (expression has type "str", variable has type "CodeLanguage")  [assignment]
src\logic\agents\development\SvgAgent.py:47: error: Incompatible types in assignment (expression has type "str", variable has type "CodeLanguage")  [assignment]
src\logic\agents\development\SQLCoderAgent.py:47: error: Incompatible types in assignment (expression has type "str", variable has type "CodeLanguage")  [assignment]
src\logic\agents\development\RustAgent.py:47: error: Incompatible types in assignment (expression has type "str", variable has type "CodeLanguage")  [assignment]
src\logic\agents\development\PowershellAgent.py:42: error: Incompatible types in assignment (expression has type "str", variable has type "CodeLanguage")  [assignment]
src\logic\agents\development\MarkdownAgent.py:29: error: Library stubs not installed for "yaml"  [import-untyped]
src\logic\agents\development\MarkdownAgent.py:42: error: Incompatible types in assignment (expression has type "str", variable has type "CodeLanguage")  [assignment]
src\logic\agents\development\MarkdownAgent.py:82: error: Incompatible default for argument "default_props" (default has type "None", argument has type "dict[Any, Any]")  [assignment]
src\logic\agents\development\MarkdownAgent.py:82: note: PEP 484 prohibits implicit Optional. Accordingly, mypy has changed its default to no_implicit_optional=True
src\logic\agents\development\MarkdownAgent.py:82: note: Use https://github.com/hauntsaninja/no_implicit_optional to automatically upgrade your codebase
src\logic\agents\development\MarkdownAgent.py:129: error: Return type "str" of "improve_content" incompatible with return type "Coroutine[Any, Any, str]" in supertype "src.logic.agents.development.CoderAgent.CoderAgent"  [override]
src\logic\agents\development\MarkdownAgent.py:129: error: Return type "str" of "improve_content" incompatible with return type "Coroutine[Any, Any, str]" in supertype "src.core.base.BaseAgent.BaseAgent"  [override]
src\logic\agents\development\MarkdownAgent.py:170: error: Incompatible return value type (got "Coroutine[Any, Any, str]", expected "str")  [return-value]
src\logic\agents\development\MarkdownAgent.py:170: note: Maybe you forgot to use "await"?
src\logic\agents\development\GoAgent.py:47: error: Incompatible types in assignment (expression has type "str", variable has type "CodeLanguage")  [assignment]
src\logic\agents\development\CPlusPlusAgent.py:47: error: Incompatible types in assignment (expression has type "str", variable has type "CodeLanguage")  [assignment]
src\logic\agents\development\BashAgent.py:40: error: Incompatible types in assignment (expression has type "str", variable has type "CodeLanguage")  [assignment]
src\logic\agents\development\BashAgent.py:41: error: Incompatible types in assignment (expression has type "BashCore", variable has type "BaseCore")  [assignment]
src\logic\agents\development\BashAgent.py:53: error: Argument 1 to "as_tool" has incompatible type "Callable[[BashAgent, str], str]"; expected "int"  [arg-type]
src\logic\agents\development\BashAgent.py:61: error: "BaseCore" has no attribute "lint_script"  [attr-defined]
src\infrastructure\orchestration\AutoDebuggerOrchestrator.py:56: error: Argument 1 to "as_tool" has incompatible type "Callable[[AutoDebuggerOrchestrator, str], Coroutine[Any, Any, dict[str, Any]]]"; expected "int"  [arg-type]
src\infrastructure\orchestration\AutoDebuggerOrchestrator.py:119: error: Argument 1 to "as_tool" has incompatible type "Callable[[AutoDebuggerOrchestrator], str]"; expected "int"  [arg-type]
tests\unit\logic\test_coder_CORE_UNIT.py:29: error: Name "AGENT_DIR" already defined (possibly by an import)  [no-redef]
tests\unit\logic\test_coder_CORE_UNIT.py:31: error: Name "agent_sys_path" already defined (possibly by an import)  [no-redef]
tests\unit\logic\test_coder_CORE_UNIT.py:34: error: Incompatible return value type (got "agent_sys_path", expected "str")  [return-value]
tests\unit\logic\test_coder_CORE_UNIT.py:37: error: Missing return statement  [return]
tests\unit\logic\test_coder_CORE_UNIT.py:77: error: Name "sys.ModuleType" is not defined  [name-defined]
tests\unit\logic\test_coder_CORE_UNIT.py:86: error: Name "sys.ModuleType" is not defined  [name-defined]
tests\unit\logic\test_coder_CORE_UNIT.py:97: error: Name "sys.ModuleType" is not defined  [name-defined]
tests\unit\logic\test_coder_CORE_UNIT.py:106: error: Name "sys.ModuleType" is not defined  [name-defined]
tests\unit\logic\test_coder_CORE_UNIT.py:118: error: Name "sys.ModuleType" is not defined  [name-defined]
tests\unit\logic\test_coder_CORE_UNIT.py:126: error: Name "sys.ModuleType" is not defined  [name-defined]
tests\unit\logic\test_coder_CORE_UNIT.py:136: error: Name "sys.ModuleType" is not defined  [name-defined]
tests\unit\logic\test_coder_CORE_UNIT.py:154: error: Name "sys.ModuleType" is not defined  [name-defined]
tests\unit\logic\test_coder_CORE_UNIT.py:174: error: Name "sys.ModuleType" is not defined  [name-defined]
tests\unit\logic\test_coder_CORE_UNIT.py:193: error: Name "sys.ModuleType" is not defined  [name-defined]
tests\unit\logic\test_coder_CORE_UNIT.py:209: error: Name "sys.ModuleType" is not defined  [name-defined]
tests\unit\logic\test_coder_CORE_UNIT.py:222: error: Name "sys.ModuleType" is not defined  [name-defined]
tests\unit\logic\test_coder_CORE_UNIT.py:239: error: Name "sys.ModuleType" is not defined  [name-defined]
tests\unit\logic\test_coder_CORE_UNIT.py:247: error: Name "sys.ModuleType" is not defined  [name-defined]
tests\unit\logic\test_coder_CORE_UNIT.py:258: error: Name "sys.ModuleType" is not defined  [name-defined]
tests\unit\logic\test_coder_CORE_UNIT.py:269: error: Name "sys.ModuleType" is not defined  [name-defined]
tests\unit\logic\test_coder_CORE_UNIT.py:280: error: Name "sys.ModuleType" is not defined  [name-defined]
tests\unit\logic\test_coder_CORE_UNIT.py:292: error: Name "sys.ModuleType" is not defined  [name-defined]
tests\unit\logic\test_coder_CORE_UNIT.py:303: error: Name "sys.ModuleType" is not defined  [name-defined]
tests\unit\logic\test_coder_CORE_UNIT.py:314: error: Name "sys.ModuleType" is not defined  [name-defined]
tests\unit\logic\test_coder_CORE_UNIT.py:324: error: Name "sys.ModuleType" is not defined  [name-defined]
tests\unit\logic\test_coder_CORE_UNIT.py:332: error: Name "sys.ModuleType" is not defined  [name-defined]
tests\unit\logic\test_coder_CORE_UNIT.py:341: error: Name "sys.ModuleType" is not defined  [name-defined]
tests\unit\logic\test_coder_CORE_UNIT.py:354: error: Name "sys.ModuleType" is not defined  [name-defined]
tests\unit\logic\test_coder_CORE_UNIT.py:364: error: Name "sys.ModuleType" is not defined  [name-defined]
tests\unit\logic\test_coder_CORE_UNIT.py:374: error: Name "sys.ModuleType" is not defined  [name-defined]
tests\unit\logic\test_coder_CORE_UNIT.py:393: error: Name "sys.ModuleType" is not defined  [name-defined]
tests\unit\logic\test_coder_CORE_UNIT.py:402: error: Name "sys.ModuleType" is not defined  [name-defined]
tests\unit\logic\test_coder_CORE_UNIT.py:412: error: Name "sys.ModuleType" is not defined  [name-defined]
tests\unit\logic\test_coder_CORE_UNIT.py:425: error: Name "sys.ModuleType" is not defined  [name-defined]
tests\unit\logic\test_coder_CORE_UNIT.py:444: error: Name "sys.ModuleType" is not defined  [name-defined]
tests\unit\logic\test_coder_CORE_UNIT.py:466: error: Name "sys.ModuleType" is not defined  [name-defined]
tests\unit\logic\test_coder_CORE_UNIT.py:489: error: Name "sys.ModuleType" is not defined  [name-defined]
tests\unit\logic\test_coder_CORE_UNIT.py:551: error: Name "sys.LiteralString" is not defined  [name-defined]
src\logic\tools\mcp_server.py:23: error: Cannot find implementation or library stub for module named "fastapi_mcp"  [import-not-found]
src\logic\agents\cognitive\VisualizerAgent.py:57: error: Argument 1 to "as_tool" has incompatible type "Callable[[VisualizerAgent, list[dict[str, Any]], str], str]"; expected "int"  [arg-type]
src\logic\agents\cognitive\VisualizerAgent.py:77: error: Argument 1 to "as_tool" has incompatible type "Callable[[VisualizerAgent, list[dict[str, Any]], str], dict[str, Any]]"; expected "int"  [arg-type]
src\logic\agents\cognitive\VisualizerAgent.py:98: error: Argument 1 to "as_tool" has incompatible type "Callable[[VisualizerAgent, str, list[dict[str, Any]]], str]"; expected "int"  [arg-type]
src\logic\agents\cognitive\VisualizerAgent.py:140: error: Argument 1 to "as_tool" has incompatible type "Callable[[VisualizerAgent, str], dict[str, Any]]"; expected "int"  [arg-type]
src\logic\agents\cognitive\VisualizerAgent.py:167: error: Argument 1 to "as_tool" has incompatible type "Callable[[VisualizerAgent], str]"; expected "int"  [arg-type]
src\logic\agents\cognitive\VisualizerAgent.py:186: error: Argument 1 to "as_tool" has incompatible type "Callable[[VisualizerAgent], str]"; expected "int"  [arg-type]
src\logic\agents\cognitive\VisualizerAgent.py:209: error: Argument 1 to "as_tool" has incompatible type "Callable[[VisualizerAgent, str], str]"; expected "int"  [arg-type]
src\logic\agents\cognitive\VisualizerAgent.py:259: error: Return type "str" of "improve_content" incompatible with return type "Coroutine[Any, Any, str]" in supertype "src.core.base.BaseAgent.BaseAgent"  [override]
src\logic\agents\cognitive\context\knowledge_base.py:39: error: Skipping analyzing "src.core.base.entrypoint": module is installed, but missing library stubs or py.typed marker  [import-untyped]
src\infrastructure\orchestration\SwarmPruningOrchestrator.py:135: error: Argument 1 to "NeuralPruningEngine" has incompatible type "MockFleet"; expected "FleetManager"  [arg-type]
tests\unit\logic\test_coder_LEGACY.py:42: error: Argument 1 to "module_from_spec" has incompatible type "ModuleSpec | None"; expected "ModuleSpec"  [arg-type]
tests\unit\logic\test_coder_LEGACY.py:43: error: Item "None" of "ModuleSpec | None" has no attribute "loader"  [union-attr]
tests\unit\logic\test_coder_LEGACY.py:43: error: Item "None" of "Loader | Any | None" has no attribute "exec_module"  [union-attr]
tests\unit\infrastructure\test_models_propagation.py:29: error: "BaseAgent" has no attribute "models"; maybe "_model"?  [attr-defined]
tests\integration\test_webhooks_integration.py:36: error: "R" has no attribute "status_code"  [attr-defined]
tests\integration\test_webhooks_integration.py:37: error: Incompatible return value type (got "R", expected "MagicMock")  [return-value]
tests\integration\test_webhooks_integration.py:41: error: Library stubs not installed for "requests"  [import-untyped]
tests\integration\test_webhooks_integration.py:67: error: Value of type "Collection[str]" is not indexable  [index]
src\observability\errors\error_handler.py:27: error: Skipping analyzing "src.core.base.entrypoint": module is installed, but missing library stubs or py.typed marker  [import-untyped]
src\logic\agents\swarm\OrchestratorAgent.py:194: error: "AgentCommandHandler" has no attribute "strategy"  [attr-defined]
src\logic\agents\swarm\OrchestratorAgent.py:201: error: "bool" is invalid as return type for "__exit__" that always returns False  [exit-return]
src\logic\agents\swarm\OrchestratorAgent.py:201: note: Use "typing.Literal[False]" as the return type or change it to "None"
src\logic\agents\swarm\OrchestratorAgent.py:201: note: If return type of "__exit__" implies that it may return True, the context manager may swallow exceptions
tests\specialists\test_specialists.py:38: error: Argument 1 to "KnowledgeAgent" has incompatible type "Path"; expected "str | None"  [arg-type]
src\observability\stats\ReportingAgent.py:37: error: Too many arguments for "__init__" of "BaseAgent"  [call-arg]
src\observability\stats\ReportingAgent.py:50: error: Module "src.logic.agents.development.PullRequestAgent" has no attribute "PRAgent"  [attr-defined]
src\observability\stats\ReportingAgent.py:140: error: Missing positional argument "workspace_root" in call to "FleetManager"  [call-arg]
src\infrastructure\dev\scripts\management\debug_phase_20_21.py:32: error: Skipping analyzing "src.core.base.MultiModalContextAgent": module is installed, but missing library stubs or py.typed marker  [import-untyped]
tests\unit\infrastructure\test_gossip_UNIT.py:11: error: "GossipProtocolOrchestrator" expects no type arguments, but 1 given  [type-arg]
tests\unit\infrastructure\test_gossip_UNIT.py:27: error: "GossipProtocolOrchestrator" expects no type arguments, but 1 given  [type-arg]
tests\phases\test_phase40.py:56: error: Cannot infer value of type parameter "_T" of "assertGreater" of "TestCase"  [misc]
tests\phases\test_phase40.py:56: error: Argument 1 to "assertGreater" of "TestCase" has incompatible type "float | None"; expected "SupportsDunderGT[Any]"  [arg-type]
tests\phases\test_phase40.py:88: error: Cannot assign to a method  [method-assign]
tests\performance\test_agent_PERFORMANCE.py:17: error: Name "agent_sys_path" already defined (possibly by an import)  [no-redef]
tests\performance\test_agent_PERFORMANCE.py:40: error: "AgentMetrics" has no attribute "metrics"  [attr-defined]
tests\integration\test_agent_logic_integration.py:16: error: Name "AGENT_DIR" already defined (possibly by an import)  [no-redef]
tests\integration\test_agent_logic_integration.py:18: error: Name "agent_sys_path" already defined (possibly by an import)  [no-redef]
tests\integration\test_agent_logic_integration.py:21: error: Incompatible return value type (got "agent_sys_path", expected "bool")  [return-value]
tests\integration\test_agent_logic_integration.py:29: error: Missing return statement  [return]
tests\integration\test_agent_logic_integration.py:45: error: Incompatible return value type (got "dict[str, Any]", expected "bool")  [return-value]
tests\integration\test_agent_integration.py:15: error: Cannot assign to a method  [method-assign]
tests\integration\test_agent_integration.py:23: error: "Callable[[list[str], int, int], CompletedProcess[str]]" has no attribute "return_value"  [attr-defined]
tests\integration\test_agent_integration.py:39: error: "Callable[[list[str], int, int], CompletedProcess[str]]" has no attribute "call_args_list"  [attr-defined]
tests\unit\observability\conftest.py:37: error: Cannot find implementation or library stub for module named "observability.reports"  [import-not-found]
tests\unit\observability\conftest.py:37: error: Cannot find implementation or library stub for module named "observability"  [import-not-found]
tests\unit\observability\conftest.py:37: error: Name "reports" already defined (by an import)  [no-redef]
src\maintenance\agents.py:18: error: Syntax error in type annotation  [syntax]
src\maintenance\agents.py:18: note: Suggestion: Use Tuple[T1, ..., Tn] instead of (T1, ..., Tn)
Found 1401 errors in 349 files (checked 1275 source files)
