tests\unit\test_path_behavior.py:15: error: Argument 1 to "Path" has incompatible type "MockFleet"; expected "str | PathLike[str]"  [arg-type]
src\core\base\managers\ResourceQuotaManager.py:68: error: Missing return statement  [return]
src\infrastructure\fleet\core\LoadBalancerCore.py:39: error: Argument "key" to "min" has incompatible type overloaded function; expected "Callable[[str], SupportsDunderLT[Any] | SupportsDunderGT[Any]]"  [arg-type]
src\infrastructure\backend\core\PoolingCore.py:44: error: Argument "key" to "min" has incompatible type overloaded function; expected "Callable[[str], SupportsDunderLT[Any] | SupportsDunderGT[Any]]"  [arg-type]
temp\fix_f401_inits.py:32: error: Assignment to variable "e" outside except: block  [misc]
temp\fix_f401_inits.py:53: error: Assignment to variable "e" outside except: block  [misc]
data\agents\security\DataPrivacyGuardAgent.py:60: error: Argument 1 to "append" of "list" has incompatible type "str"; expected "dict[Any, Any]"  [arg-type]
src\observability\stats\exporters\PrometheusExporter.py:40: error: Missing return statement  [return]
src\logic\agents\system\CoreEvolutionGuard.py:60: error: Incompatible types in assignment (expression has type "str | None", target has type "str")  [assignment]
src\logic\agents\system\CoreEvolutionGuard.py:64: error: Incompatible types in assignment (expression has type "str | None", target has type "str")  [assignment]
src\logic\agents\swarm\SwarmArbitratorAgent.py:68: error: Argument 1 to "_update_reputation" of "SwarmArbitratorAgent" has incompatible type "Any | None"; expected "str"  [arg-type]
src\logic\agents\swarm\SwarmArbitratorAgent.py:70: error: Argument 1 to "_update_reputation" of "SwarmArbitratorAgent" has incompatible type "Any | None"; expected "str"  [arg-type]
src\logic\agents\intelligence\WebCore.py:29: error: Cannot find implementation or library stub for module named "bs4"  [import-not-found]
src\logic\agents\cognitive\TheoryOfMind.py:52: error: "TheoryOfMindCore" has no attribute "update_profile_logic"  [attr-defined]
src\logic\agents\cognitive\TheoryOfMind.py:60: error: "TheoryOfMindCore" has no attribute "estimate_knowledge_score"  [attr-defined]
src\logic\agents\cognitive\TheoryOfMind.py:64: error: "TheoryOfMindCore" has no attribute "rank_collaborators"  [attr-defined]
src\logic\agents\cognitive\ConsensusConflictAgent.py:81: error: Argument "key" to "max" has incompatible type overloaded function; expected "Callable[[Any], SupportsDunderLT[Any] | SupportsDunderGT[Any]]"  [arg-type]
src\infrastructure\orchestration\TenantIsolationOrchestrator.py:42: error: Missing return statement  [return]
src\infrastructure\orchestration\StatusManager.py:41: error: Need type annotation for "initial_data"  [var-annotated]
src\infrastructure\fleet\FleetCore.py:44: error: Cannot determine type of "default_score_threshold"  [has-type]
src\infrastructure\fleet\FleetCore.py:46: error: Cannot determine type of "default_score_threshold"  [has-type]
src\infrastructure\fleet\FleetCore.py:95: error: Cannot determine type of "default_score_threshold"  [has-type]
src\infrastructure\dev\scripts\sanitize_imports.py:97: error: No return value expected  [return-value]
src\infrastructure\dev\scripts\sanitize_imports.py:110: error: "sanitize_file" does not return a value (it only ever returns None)  [func-returns-value]
src\infrastructure\dev\scripts\apply_basic_types.py:33: error: Missing return statement  [return]
src\infrastructure\dev\scripts\management\repair_packages.py:119: error: Argument 1 to "create_inits" has incompatible type "Path"; expected "str"  [arg-type]
src\infrastructure\dev\scripts\management\repair_packages.py:120: error: Argument 1 to "create_inits" has incompatible type "Path"; expected "str"  [arg-type]
src\infrastructure\dev\scripts\management\repair_packages.py:131: error: Argument 1 to "fix_imports" has incompatible type "Path"; expected "str"  [arg-type]
src\core\modules\BlackboardModule.py:50: error: Argument 1 to "process_post" of "BlackboardModule" has incompatible type "Any | None"; expected "str"  [arg-type]
src\core\modules\BlackboardModule.py:55: error: Argument 1 to "get_value" of "BlackboardModule" has incompatible type "Any | None"; expected "str"  [arg-type]
src\observability\stats\core\ProfilingCore.py:38: error: "Stats" has no attribute "stats"  [attr-defined]
src\logic\agents\swarm\InterFleetIdentityAgent.py:62: error: Incompatible return value type (got "dict[str, str]", expected "bool")  [return-value]
src\logic\agents\swarm\InterFleetIdentityAgent.py:67: error: Incompatible return value type (got "dict[str, str]", expected "bool")  [return-value]
src\logic\agents\swarm\InterFleetIdentityAgent.py:82: error: Incompatible return value type (got "dict[str, str]", expected "bool")  [return-value]
src\interface\ui\gui\ThemeManager.py:65: error: Attribute "is_dark_mode" already defined on line 42  [no-redef]
src\interface\ui\gui\ThemeManager.py:78: error: No overload variant of "configure" of "Listbox" matches argument types "str", "str", "str"  [call-overload]
src\interface\ui\gui\ThemeManager.py:78: note: Possible overload variants:
src\interface\ui\gui\ThemeManager.py:78: note:     def configure(self, cnf: dict[str, Any] | None = ..., *, activestyle: Literal['dotbox', 'none', 'underline'] = ..., background: str = ..., bd: float | str = ..., bg: str = ..., border: float | str = ..., borderwidth: float | str = ..., cursor: str | tuple[str] | tuple[str, str] | tuple[str, str, str] | tuple[str, str, str, str] = ..., disabledforeground: str = ..., exportselection: bool = ..., fg: str = ..., font: str | Font | list[Any] | tuple[str] | tuple[str, int, *tuple[str, ...]] | tuple[str, int, list[str] | tuple[str, ...]] | Tcl_Obj = ..., foreground: str = ..., height: int = ..., highlightbackground: str = ..., highlightcolor: str = ..., highlightthickness: float | str = ..., justify: Literal['left', 'center', 'right'] = ..., listvariable: Variable = ..., relief: Literal['raised', 'sunken', 'flat', 'ridge', 'solid', 'groove'] = ..., selectbackground: str = ..., selectborderwidth: float | str = ..., selectforeground: str = ..., selectmode: Literal['single', 'browse', 'multiple', 'extended'] | str = ..., setgrid: bool = ..., state: Literal['normal', 'disabled'] = ..., takefocus: Literal[0, 1, ''] | bool | Callable[[str], bool | None] = ..., width: int = ..., xscrollcommand: str | Callable[[float, float], object] = ..., yscrollcommand: str | Callable[[float, float], object] = ...) -> dict[str, tuple[str, str, str, Any, Any]] | None
src\interface\ui\gui\ThemeManager.py:78: note:     def configure(self, cnf: str) -> tuple[str, str, str, Any, Any]
src\observability\stats\namespaces.py:44: error: Incompatible types in assignment (expression has type "str | None", variable has type "str")  [assignment]
src\logic\strategies\DirectStrategy.py:31: error: Incompatible types in "await" (actual type "str", expected type "Awaitable[Any]")  [misc]
src\interface\ui\gui\AppMenu.py:67: error: Cannot infer type of lambda  [misc]
src\interface\ui\gui\AppMenu.py:79: error: Cannot infer type of lambda  [misc]
src\core\knowledge\graph_store.py:55: error: Argument 3 of "store" is incompatible with supertype "src.core.knowledge.storage_base.KnowledgeStore"; supertype defines the argument type as "dict[str, Any] | None"  [override]
src\core\knowledge\graph_store.py:55: note: This violates the Liskov substitution principle
src\core\knowledge\graph_store.py:55: note: See https://mypy.readthedocs.io/en/stable/common_issues.html#incompatible-overrides
tests\utils\legacy_support.py:55: error: Incompatible types in assignment (expression has type "None", variable has type "set[Any]")  [assignment]
src\observability\stats\monitoring.py:12: error: Library stubs not installed for "psutil"  [import-untyped]
src\observability\stats\monitoring.py:36: error: Unsupported operand types for < ("int" and "object")  [operator]
src\observability\stats\monitoring.py:37: error: Unsupported operand types for < ("int" and "object")  [operator]
src\observability\stats\api.py:57: error: Unsupported target for indexed assignment ("Collection[str]")  [index]
src\observability\stats\ab_engine.py:119: error: Name "version" is not defined  [name-defined]
src\observability\stats\ab_engine.py:119: error: Name "metric_name" is not defined  [name-defined]
src\observability\stats\ab_engine.py:119: error: Name "value" is not defined  [name-defined]
src\observability\stats\ab_engine.py:120: error: Name "version" is not defined  [name-defined]
src\observability\stats\ab_engine.py:120: error: Name "metric_name" is not defined  [name-defined]
src\observability\stats\ab_engine.py:120: error: Name "value" is not defined  [name-defined]
src\observability\stats\exporters\MetricsExporter.py:43: error: Missing return statement  [return]
src\observability\stats\exporters\MetricsExporter.py:59: error: Missing return statement  [return]
src\logic\strategies\ReflexionStrategy.py:32: error: Incompatible types in "await" (actual type "str", expected type "Awaitable[Any]")  [misc]
src\logic\strategies\ReflexionStrategy.py:41: error: Incompatible types in "await" (actual type "str", expected type "Awaitable[Any]")  [misc]
src\logic\strategies\ReflexionStrategy.py:52: error: Incompatible types in "await" (actual type "str", expected type "Awaitable[Any]")  [misc]
src\logic\strategies\ChainOfThoughtStrategy.py:37: error: Incompatible types in "await" (actual type "str", expected type "Awaitable[Any]")  [misc]
src\logic\strategies\ChainOfThoughtStrategy.py:51: error: Incompatible types in "await" (actual type "str", expected type "Awaitable[Any]")  [misc]
src\logic\agents\swarm\FleetEconomyAgent.py:128: error: "FleetEconomyAgent" has no attribute "wallets"  [attr-defined]
src\logic\agents\cognitive\context\engines\GraphContextEngine.py:80: error: Incompatible types in assignment (expression has type "str", variable has type "Path")  [assignment]
src\logic\agents\cognitive\context\engines\GraphContextEngine.py:81: error: Argument 2 to "add_edge" of "GraphContextEngine" has incompatible type "Path"; expected "str"  [arg-type]
src\interface\ui\web\PyAgent_web.py:44: error: Missing return statement  [return]
src\infrastructure\orchestration\SignalBusOrchestrator.py:42: error: Need type annotation for "_queue"  [var-annotated]
src\infrastructure\orchestration\FleetTelemetryVisualizer.py:42: error: Missing return statement  [return]
src\infrastructure\fleet\SchemaManager.py:39: error: Missing return statement  [return]
src\infrastructure\fleet\SafetyAuditTrail.py:44: error: Missing return statement  [return]
src\infrastructure\fleet\SafetyAuditTrail.py:52: error: Missing return statement  [return]
src\infrastructure\fleet\SafetyAuditTrail.py:65: error: Missing return statement  [return]
src\infrastructure\fleet\MCPConnector.py:107: error: Item "None" of "IO[Any] | None" has no attribute "readline"  [union-attr]
src\infrastructure\fleet\AgentEconomy.py:90: error: Missing return statement  [return]
src\infrastructure\dev\test_utils\LogCapturer.py:41: error: Cannot assign to a method  [method-assign]
src\infrastructure\base\BaseManager.py:32: error: Incompatible default for argument "workspace_root" (default has type "None", argument has type "str")  [assignment]
src\infrastructure\base\BaseManager.py:32: note: PEP 484 prohibits implicit Optional. Accordingly, mypy has changed its default to no_implicit_optional=True
src\infrastructure\base\BaseManager.py:32: note: Use https://github.com/hauntsaninja/no_implicit_optional to automatically upgrade your codebase
src\infrastructure\backend\RunnerBackends.py:64: error: Dict entry 1 has incompatible type "str": "dict[str, str | Any]"; expected "str": "str"  [dict-item]
src\infrastructure\backend\llm_backends\GitHubModelsBackend.py:96: error: Incompatible types in assignment (expression has type "str", variable has type "list[object]")  [assignment]
src\core\base\logging_config.py:74: error: Name "level" already defined on line 71  [no-redef]
src\core\base\logging_config.py:77: error: Name "level" already defined on line 71  [no-redef]
src\core\base\connectivity.py:21: error: Skipping analyzing "msgpack": module is installed, but missing library stubs or py.typed marker  [import-untyped]
src\core\base\connectivity.py:22: error: Library stubs not installed for "zstd"  [import-untyped]
src\core\base\connectivity.py:22: note: Hint: "python3 -m pip install types-zstd"
src\core\base\ShardedKnowledgeCore.py:35: error: Library stubs not installed for "aiofiles"  [import-untyped]
src\core\base\ShardedKnowledgeCore.py:35: note: Hint: "python3 -m pip install types-aiofiles"
src\core\base\ShardedKnowledgeCore.py:36: error: Skipping analyzing "msgpack": module is installed, but missing library stubs or py.typed marker  [import-untyped]
src\core\base\ShardedKnowledgeCore.py:160: error: Name "right_to_be_forgotten" already defined on line 108  [no-redef]
src\core\base\ShardedKnowledgeCore.py:179: error: Library stubs not installed for "pandas"  [import-untyped]
src\core\base\ShardedKnowledgeCore.py:179: note: Hint: "python3 -m pip install pandas-stubs"
src\core\base\ShardedKnowledgeCore.py:180: error: Cannot find implementation or library stub for module named "pyarrow"  [import-not-found]
src\core\base\ShardedKnowledgeCore.py:181: error: Cannot find implementation or library stub for module named "pyarrow.parquet"  [import-not-found]
src\core\base\ConnectivityManager.py:51: error: Cannot determine type of "_initialized"  [has-type]
src\core\base\ConnectivityManager.py:157: error: Function "builtins.callable" is not valid as a type  [valid-type]
src\core\base\ConnectivityManager.py:157: note: Perhaps you meant "typing.Callable" instead of "callable"?
src\core\base\ConnectivityManager.py:163: error: callable? not callable  [misc]
src\core\base\utils\core_utils.py:244: error: Name "_fallback" already defined on line 232  [no-redef]
src\core\base\managers\AgentMetrics.py:63: error: Unsupported operand types for - ("None" and "float")  [operator]
src\core\base\managers\AgentMetrics.py:63: note: Left operand is of type "float | None"
src\core\base\managers\AgentMetrics.py:82: error: Unsupported operand types for - ("None" and "float")  [operator]
src\core\base\managers\AgentMetrics.py:82: note: Left operand is of type "float | None"
src\core\base\managers\AgentMetrics.py:101: error: Unsupported operand types for - ("None" and "float")  [operator]
src\core\base\managers\AgentMetrics.py:101: note: Left operand is of type "float | None"
src\interface\ui\gui\DialogManager.py:148: error: Argument "text" to "Label" has incompatible type "Sequence[str]"; expected "float | str"  [arg-type]
src\interface\ui\gui\DialogManager.py:152: error: No overload variant matches argument type "Sequence[str]"  [call-overload]
src\interface\ui\gui\DialogManager.py:152: note: Possible overload variants:
src\interface\ui\gui\DialogManager.py:152: note:     def (cnf: dict[str, Any] | None = ..., *, anchor: Literal['nw', 'n', 'ne', 'w', 'center', 'e', 'sw', 's', 'se'] = ..., background: str = ..., border: float | str = ..., borderwidth: float | str = ..., compound: Literal['', 'text', 'image', 'top', 'left', 'center', 'right', 'bottom', 'none'] = ..., cursor: str | tuple[str] | tuple[str, str] | tuple[str, str, str] | tuple[str, str, str, str] = ..., font: str | Font | list[Any] | tuple[str] | tuple[str, int, *tuple[str, ...]] | tuple[str, int, list[str] | tuple[str, ...]] | Tcl_Obj = ..., foreground: str = ..., image: _Image | str = ..., justify: Literal['left', 'center', 'right'] = ..., padding: float | str | tuple[float | str] | tuple[float | str, float | str] | tuple[float | str, float | str, float | str] | tuple[float | str, float | str, float | str, float | str] = ..., relief: Literal['raised', 'sunken', 'flat', 'ridge', 'solid', 'groove'] = ..., state: str = ..., style: str = ..., takefocus: Literal[0, 1, ''] | bool | Callable[[str], bool | None] = ..., text: float | str = ..., textvariable: Variable = ..., underline: int = ..., width: int | Literal[''] = ..., wraplength: float | str = ...) -> dict[str, tuple[str, str, str, Any, Any]] | None
src\interface\ui\gui\DialogManager.py:152: note:     def (cnf: str) -> tuple[str, str, str, Any, Any]
src\interface\ui\gui\DialogManager.py:234: error: Cannot infer type of lambda  [misc]
src\interface\ui\gui\DialogManager.py:239: error: Cannot infer type of lambda  [misc]
src\interface\ui\gui\BmadManager.py:64: error: Argument "text" to "Label" has incompatible type "Sequence[str]"; expected "float | str"  [arg-type]
src\interface\ui\gui\BmadManager.py:117: error: No overload variant matches argument type "Sequence[str]"  [call-overload]
src\interface\ui\gui\BmadManager.py:117: note: Possible overload variants:
src\interface\ui\gui\BmadManager.py:117: note:     def (cnf: dict[str, Any] | None = ..., *, anchor: Literal['nw', 'n', 'ne', 'w', 'center', 'e', 'sw', 's', 'se'] = ..., background: str = ..., border: float | str = ..., borderwidth: float | str = ..., compound: Literal['', 'text', 'image', 'top', 'left', 'center', 'right', 'bottom', 'none'] = ..., cursor: str | tuple[str] | tuple[str, str] | tuple[str, str, str] | tuple[str, str, str, str] = ..., font: str | Font | list[Any] | tuple[str] | tuple[str, int, *tuple[str, ...]] | tuple[str, int, list[str] | tuple[str, ...]] | Tcl_Obj = ..., foreground: str = ..., image: _Image | str = ..., justify: Literal['left', 'center', 'right'] = ..., padding: float | str | tuple[float | str] | tuple[float | str, float | str] | tuple[float | str, float | str, float | str] | tuple[float | str, float | str, float | str, float | str] = ..., relief: Literal['raised', 'sunken', 'flat', 'ridge', 'solid', 'groove'] = ..., state: str = ..., style: str = ..., takefocus: Literal[0, 1, ''] | bool | Callable[[str], bool | None] = ..., text: float | str = ..., textvariable: Variable = ..., underline: int = ..., width: int | Literal[''] = ..., wraplength: float | str = ...) -> dict[str, tuple[str, str, str, Any, Any]] | None
src\interface\ui\gui\BmadManager.py:117: note:     def (cnf: str) -> tuple[str, str, str, Any, Any]
src\interface\ui\gui\AgentColumn.py:49: error: Cannot assign to a method  [method-assign]
src\interface\ui\gui\AgentColumn.py:49: error: Incompatible types in assignment (expression has type "Any | None", variable has type "Callable[[Widget, str], None]")  [assignment]
src\interface\ui\gui\AgentColumn.py:82: error: "None" not callable  [misc]
src\interface\ui\gui\AgentColumn.py:96: error: "None" not callable  [misc]
src\interface\ui\gui\AgentColumn.py:109: error: "None" not callable  [misc]
src\interface\ui\gui\AgentColumn.py:111: error: "None" not callable  [misc]
src\interface\ui\gui\AgentColumn.py:137: error: Argument "command" to "Button" has incompatible type "Any | None"; expected "str | Callable[[], Any]"  [arg-type]
src\interface\ui\gui\AgentColumn.py:150: error: "None" not callable  [misc]
src\interface\ui\gui\AgentColumn.py:153: error: "None" not callable  [misc]
src\interface\ui\gui\AgentColumn.py:156: error: "None" not callable  [misc]
src\interface\ui\gui\AgentColumn.py:176: error: "None" not callable  [misc]
src\interface\ui\gui\AgentColumn.py:185: error: Cannot infer type of lambda  [misc]
src\infrastructure\dev\core\RebirthCore.py:9: error: Library stubs not installed for "yaml"  [import-untyped]
src\core\base\state.py:58: error: Need type annotation for "buffer"  [var-annotated]
src\infrastructure\dev\agent_tests\test_management.py:180: error: Argument 1 to "contextmanager" has incompatible type "Callable[[], bool]"; expected "Callable[[], Iterator[Never]]"  [arg-type]
src\infrastructure\dev\agent_tests\test_management.py:181: error: The return type of a generator function should be "Generator" or one of its supertypes  [misc]
src\infrastructure\dev\agent_tests\environment.py:99: error: Incompatible return value type (got "ProvisionedEnvironment", expected "dict[str, Any]")  [return-value]
src\infrastructure\dev\agent_tests\environment.py:102: error: Incompatible types in assignment (expression has type "TestEnvironment | None", variable has type "ProvisionedEnvironment")  [assignment]
src\infrastructure\dev\agent_tests\environment.py:127: error: "ProvisionedEnvironment" has no attribute "setup_commands"  [attr-defined]
src\infrastructure\dev\agent_tests\environment.py:134: error: "ProvisionedEnvironment" has no attribute "variables"  [attr-defined]
src\logic\agents\development\CoderCore.py:204: error: Incompatible types in assignment (expression has type "StyleRule | None", variable has type "StyleRule")  [assignment]
src\logic\agents\development\CoderCore.py:217: error: Name "violations" already defined on line 200  [no-redef]
src\infrastructure\fleet\AgentRegistryCore.py:70: error: Name "short_name" already defined on line 66  [no-redef]
src\infrastructure\orchestration\RoutingEngine.py:35: error: "type[BackendHandlers]" has no attribute "get_performance_report"  [attr-defined]
src\infrastructure\orchestration\RoutingEngine.py:66: error: "type[BackendHandlers]" has no attribute "get_performance_report"  [attr-defined]
src\infrastructure\plugins\tools\notification_tools.py:25: error: Library stubs not installed for "requests"  [import-untyped]
src\core\base\utils\NotificationManager.py:35: error: Library stubs not installed for "requests"  [import-untyped]
src\core\base\utils\NotificationManager.py:35: note: Hint: "python3 -m pip install types-requests"
src\interface\ui\gui\AgentManager.py:56: error: "AgentManager" has no attribute "config_manager"  [attr-defined]
src\observability\reports\ReportGenerator.py:97: error: Missing return statement  [return]
src\observability\reports\ReportGenerator.py:346: error: "AST" has no attribute "body"  [attr-defined]
src\infrastructure\orchestration\MultiCloudBridgeOrchestrator.py:39: error: Need type annotation for "cloud_nodes"  [var-annotated]
src\core\knowledge\btree_store.py:40: error: The return type of "__init__" must be None  [misc]
src\core\knowledge\btree_store.py:40: error: Missing return statement  [return]
src\infrastructure\dev\scripts\full_reset.py:59: error: Library stubs not installed for "yaml"  [import-untyped]
src\interface\ui\cli\pyagent_cli.py:33: error: Library stubs not installed for "requests"  [import-untyped]
src\maintenance\agents.py:18: error: Syntax error in type annotation  [syntax]
src\maintenance\agents.py:18: note: Suggestion: Use Tuple[T1, ..., Tn] instead of (T1, ..., Tn)
src\infrastructure\orchestration\SignalRegistry.py:48: error: "SignalRegistry" has no attribute "subscribers"; maybe "subscribe"?  [attr-defined]
src\infrastructure\orchestration\SignalRegistry.py:49: error: Cannot determine type of "history"  [has-type]
src\infrastructure\orchestration\SignalRegistry.py:50: error: "SignalRegistry" has no attribute "core"  [attr-defined]
src\infrastructure\orchestration\SignalRegistry.py:51: error: Type cannot be declared in assignment to non-self attribute  [misc]
src\infrastructure\orchestration\SignalRegistry.py:51: error: "SignalRegistry" has no attribute "capabilities"  [attr-defined]
src\infrastructure\orchestration\SignalRegistry.py:64: error: "SignalRegistry" has no attribute "capabilities"  [attr-defined]
src\infrastructure\orchestration\SignalRegistry.py:69: error: "SignalRegistry" has no attribute "capabilities"  [attr-defined]
src\infrastructure\orchestration\SignalRegistry.py:73: error: "SignalRegistry" has no attribute "subscribers"; maybe "subscribe"?  [attr-defined]
src\infrastructure\orchestration\SignalRegistry.py:74: error: "SignalRegistry" has no attribute "subscribers"; maybe "subscribe"?  [attr-defined]
src\infrastructure\orchestration\SignalRegistry.py:75: error: "SignalRegistry" has no attribute "subscribers"; maybe "subscribe"?  [attr-defined]
src\infrastructure\orchestration\SignalRegistry.py:80: error: "SignalRegistry" has no attribute "core"  [attr-defined]
src\infrastructure\orchestration\SignalRegistry.py:81: error: Cannot determine type of "history"  [has-type]
src\infrastructure\orchestration\SignalRegistry.py:86: error: Cannot determine type of "history"  [has-type]
src\infrastructure\orchestration\SignalRegistry.py:90: error: "SignalRegistry" has no attribute "subscribers"; maybe "subscribe"?  [attr-defined]
src\infrastructure\orchestration\SignalRegistry.py:92: error: "SignalRegistry" has no attribute "subscribers"; maybe "subscribe"?  [attr-defined]
src\infrastructure\orchestration\SignalRegistry.py:106: error: "SignalRegistry" has no attribute "core"  [attr-defined]
src\infrastructure\orchestration\LockManager.py:66: error: Name "AsyncGenerator" is not defined  [name-defined]
src\infrastructure\orchestration\LockManager.py:106: error: Argument 1 to "contextmanager" has incompatible type "Callable[[LockManager, str, float], ContextManager[None]]"; expected "Callable[[LockManager, str, float], Iterator[Never]]"  [arg-type]
src\infrastructure\orchestration\LockManager.py:107: error: The return type of a generator function should be "Generator" or one of its supertypes  [misc]
src\infrastructure\orchestration\LockManager.py:133: error: Name "Generator" is not defined  [name-defined]
src\core\base\utilities.py:36: error: Skipping analyzing "src.core.base.agent": module is installed, but missing library stubs or py.typed marker  [import-untyped]
src\core\base\utilities.py:173: error: "_Wrapped[[VarArg(Any), KwArg(Any)], Any, [Any, VarArg(Any), KwArg(Any)], Coroutine[Any, Any, Any]]" has no attribute "_is_tool"  [attr-defined]
src\core\base\utilities.py:174: error: "_Wrapped[[VarArg(Any), KwArg(Any)], Any, [Any, VarArg(Any), KwArg(Any)], Coroutine[Any, Any, Any]]" has no attribute "_tool_priority"  [attr-defined]
src\core\base\utilities.py:176: error: "_Wrapped[[VarArg(Any), KwArg(Any)], Any, [Any, VarArg(Any), KwArg(Any)], Coroutine[Any, Any, Any]]" has no attribute "_tool_category"  [attr-defined]
src\core\base\shell.py:116: error: Argument 1 to "stream_reader" has incompatible type "StreamReader | None"; expected "StreamReader"  [arg-type]
src\core\base\shell.py:117: error: Argument 1 to "stream_reader" has incompatible type "StreamReader | None"; expected "StreamReader"  [arg-type]
src\core\base\shell.py:159: error: Incompatible types in assignment (expression has type "str | None", target has type "str")  [assignment]
src\core\base\shell.py:189: error: Incompatible types in assignment (expression has type "Exception", variable has type "TimeoutExpired | None")  [assignment]
src\core\base\utils\ParallelProcessor.py:33: error: Library stubs not installed for "tqdm"  [import-untyped]
src\core\base\utils\ParallelProcessor.py:33: note: Hint: "python3 -m pip install types-tqdm"
tests\unit\observability\test_stats_UNIT.py:143: error: Unsupported operand types for + ("int" and "object")  [operator]
tests\unit\observability\test_stats_UNIT.py:161: error: Unsupported operand types for + ("int" and "object")  [operator]
tests\unit\observability\test_stats_UNIT.py:291: error: Argument "key" to "sorted" has incompatible type "Callable[[dict[str, object]], object]"; expected "Callable[[dict[str, object]], SupportsDunderLT[Any] | SupportsDunderGT[Any]]"  [arg-type]
tests\unit\observability\test_stats_UNIT.py:291: error: Incompatible return value type (got "object", expected "SupportsDunderLT[Any] | SupportsDunderGT[Any]")  [return-value]
tests\unit\observability\test_stats_UNIT.py:415: error: Unsupported operand types for < ("float" and "object")  [operator]
tests\unit\observability\test_stats_UNIT.py:451: error: Unsupported left operand type for - ("object")  [operator]
tests\unit\observability\test_stats_UNIT.py:498: error: Value of type "object" is not indexable  [index]
tests\unit\observability\test_stats_UNIT.py:552: error: Unsupported left operand type for < ("object")  [operator]
tests\unit\observability\test_stats_UNIT.py:573: error: Unsupported operand types for >= ("str" and "object")  [operator]
tests\unit\observability\test_stats_UNIT.py:573: error: Unsupported operand types for <= ("str" and "object")  [operator]
tests\unit\observability\test_stats_UNIT.py:589: error: "object" has no attribute "startswith"  [attr-defined]
tests\unit\observability\test_stats_UNIT.py:611: error: Unsupported operand types for <= ("str" and "object")  [operator]
tests\unit\observability\test_stats_UNIT.py:652: error: Unsupported left operand type for > ("object")  [operator]
tests\unit\observability\test_stats_UNIT.py:776: error: Unsupported left operand type for / ("object")  [operator]
tests\unit\observability\test_stats_UNIT.py:778: error: Argument "key" to "sorted" has incompatible type "Callable[[dict[str, object]], object]"; expected "Callable[[dict[str, object]], SupportsDunderLT[Any] | SupportsDunderGT[Any]]"  [arg-type]
tests\unit\observability\test_stats_UNIT.py:778: error: Incompatible return value type (got "object", expected "SupportsDunderLT[Any] | SupportsDunderGT[Any]")  [return-value]
tests\integration\test_gui_modular.py:32: error: "type[TestGUIModular]" has no attribute "root"  [attr-defined]
tests\integration\test_gui_modular.py:33: error: "type[TestGUIModular]" has no attribute "root"  [attr-defined]
tests\integration\test_gui_modular.py:34: error: "type[TestGUIModular]" has no attribute "_tk_available"  [attr-defined]
tests\integration\test_gui_modular.py:37: error: "type[TestGUIModular]" has no attribute "_tk_available"  [attr-defined]
tests\integration\test_gui_modular.py:40: error: "TestGUIModular" has no attribute "_tk_available"  [attr-defined]
tests\integration\test_gui_modular.py:45: error: "type[TestGUIModular]" has no attribute "_tk_available"  [attr-defined]
tests\integration\test_gui_modular.py:46: error: "type[TestGUIModular]" has no attribute "root"  [attr-defined]
tests\integration\test_gui_modular.py:49: error: "TestGUIModular" has no attribute "root"  [attr-defined]
tests\integration\test_gui_modular.py:53: error: "TestGUIModular" has no attribute "root"  [attr-defined]
tests\integration\test_gui_modular.py:58: error: "TestGUIModular" has no attribute "root"  [attr-defined]
tests\integration\test_gui_modular.py:65: error: "TestGUIModular" has no attribute "root"  [attr-defined]
tests\integration\test_gui_modular.py:79: error: "TestGUIModular" has no attribute "root"  [attr-defined]
tests\integration\test_gui_modular.py:85: error: "TestGUIModular" has no attribute "root"  [attr-defined]
tests\integration\test_gui_modular.py:100: error: "TestGUIModular" has no attribute "root"  [attr-defined]
src\infrastructure\fleet\ConsciousnessRegistry.py:34: error: Type cannot be declared in assignment to non-self attribute  [misc]
src\infrastructure\fleet\ConsciousnessRegistry.py:34: error: "ConsciousnessRegistry" has no attribute "thought_index"  [attr-defined]
src\infrastructure\fleet\ConsciousnessRegistry.py:35: error: Type cannot be declared in assignment to non-self attribute  [misc]
src\infrastructure\fleet\ConsciousnessRegistry.py:35: error: "ConsciousnessRegistry" has no attribute "global_summary"  [attr-defined]
src\infrastructure\fleet\ConsciousnessRegistry.py:56: error: "ConsciousnessRegistry" has no attribute "thought_index"  [attr-defined]
src\infrastructure\fleet\ConsciousnessRegistry.py:57: error: "ConsciousnessRegistry" has no attribute "thought_index"  [attr-defined]
src\infrastructure\fleet\ConsciousnessRegistry.py:65: error: "ConsciousnessRegistry" has no attribute "thought_index"  [attr-defined]
src\infrastructure\fleet\ConsciousnessRegistry.py:68: error: "ConsciousnessRegistry" has no attribute "thought_index"  [attr-defined]
src\infrastructure\fleet\ConsciousnessRegistry.py:69: error: "ConsciousnessRegistry" has no attribute "thought_index"  [attr-defined]
src\infrastructure\fleet\ConsciousnessRegistry.py:73: error: "ConsciousnessRegistry" has no attribute "thought_index"  [attr-defined]
src\infrastructure\fleet\ConsciousnessRegistry.py:79: error: "ConsciousnessRegistry" has no attribute "thought_index"  [attr-defined]
src\infrastructure\dev\scripts\visualize_swarm_graph.py:33: error: "SignalRegistry" has no attribute "subscribers"; maybe "subscribe"?  [attr-defined]
src\infrastructure\fleet\ShardingOrchestrator.py:32: error: Skipping analyzing "sklearn.cluster": module is installed, but missing library stubs or py.typed marker  [import-untyped]
src\infrastructure\fleet\ShardingOrchestrator.py:33: error: Skipping analyzing "sklearn.preprocessing": module is installed, but missing library stubs or py.typed marker  [import-untyped]
src\infrastructure\fleet\ShardingOrchestrator.py:150: error: Name "_save_mapping" already defined on line 141  [no-redef]
src\infrastructure\dev\test_utils\TestDataSeeder.py:34: error: Name "np" already defined (by an import)  [no-redef]
src\observability\stats\exporters\OTelManager.py:85: error: Incompatible types in assignment (expression has type "None", variable has type "Tracer")  [assignment]
tests\utils\verify_async.py:11: error: Cannot find implementation or library stub for module named "agent"  [import-not-found]
src\observability\stats\observability_core.py:477: error: Incompatible types in assignment (expression has type "float", target has type "int")  [assignment]
src\observability\stats\analysis.py:23: error: Library stubs not installed for "psutil"  [import-untyped]
src\observability\stats\analysis.py:23: note: Hint: "python3 -m pip install types-psutil"
src\observability\stats\analysis.py:258: error: Argument 1 to "float" has incompatible type "str | bytes | int | float | complex | EllipsisType | None"; expected "str | Buffer | SupportsFloat | SupportsIndex"  [arg-type]
src\observability\stats\analysis.py:267: error: Argument 1 to "float" has incompatible type "str | bytes | int | float | complex | EllipsisType | None"; expected "str | Buffer | SupportsFloat | SupportsIndex"  [arg-type]
src\observability\stats\analysis.py:269: error: Cannot call function of unknown type  [operator]
src\observability\stats\analysis.py:271: error: Cannot call function of unknown type  [operator]
src\observability\stats\analysis.py:428: error: Argument 1 to "float" has incompatible type "str | bytes | int | float | complex | EllipsisType | None"; expected "str | Buffer | SupportsFloat | SupportsIndex"  [arg-type]
src\observability\stats\analysis.py:430: error: Argument 1 to "float" has incompatible type "str | bytes | int | float | complex | EllipsisType | None"; expected "str | Buffer | SupportsFloat | SupportsIndex"  [arg-type]
src\observability\stats\analysis.py:435: error: Cannot call function of unknown type  [operator]
src\observability\stats\analysis.py:441: error: Cannot call function of unknown type  [operator]
src\observability\stats\federation.py:44: error: "ConnectivityManager" has no attribute "get_json"  [attr-defined]
src\observability\stats\MetricsCore.py:225: error: Argument 1 to "float" has incompatible type "str | bytes | int | float | complex | EllipsisType | None"; expected "str | Buffer | SupportsFloat | SupportsIndex"  [arg-type]
src\observability\stats\MetricsCore.py:227: error: Argument 1 to "float" has incompatible type "str | bytes | int | float | complex | EllipsisType | None"; expected "str | Buffer | SupportsFloat | SupportsIndex"  [arg-type]
src\observability\stats\MetricsCore.py:229: error: Cannot call function of unknown type  [operator]
src\observability\stats\MetricsCore.py:231: error: Cannot call function of unknown type  [operator]
src\observability\stats\MetricsCore.py:306: error: Name "calculate" already defined on line 257  [no-redef]
src\observability\stats\MetricsCore.py:335: error: Argument 1 to "float" has incompatible type "str | bytes | int | float | complex | EllipsisType | None"; expected "str | Buffer | SupportsFloat | SupportsIndex"  [arg-type]
src\observability\stats\MetricsCore.py:343: error: Cannot call function of unknown type  [operator]
src\infrastructure\backend\SystemHealthMonitor.py:189: error: Argument 1 to "calculate_stability_score" of "StabilityCore" has incompatible type "src.observability.stats.analysis.FleetMetrics"; expected "src.observability.stats.core.StabilityCore.FleetMetrics"  [arg-type]
src\observability\stats\rollup_engine.py:111: error: Argument "aggregation" to "RollupConfig" has incompatible type "src.observability.stats.metrics.AggregationType"; expected "src.observability.stats.observability_core.AggregationType"  [arg-type]
src\observability\stats\rollup_engine.py:244: error: Argument 1 to "float" has incompatible type "Any | None"; expected "str | Buffer | SupportsFloat | SupportsIndex"  [arg-type]
src\infrastructure\backend\VllmNativeEngine.py:106: error: Argument 1 to "LLM" has incompatible type "**dict[str, object]"; expected "str"  [arg-type]
src\infrastructure\backend\VllmNativeEngine.py:106: error: Argument 1 to "LLM" has incompatible type "**dict[str, object]"; expected "Literal['auto', 'generate', 'pooling', 'draft']"  [arg-type]
src\infrastructure\backend\VllmNativeEngine.py:106: error: Argument 1 to "LLM" has incompatible type "**dict[str, object]"; expected "Literal['auto', 'none', 'embed', 'classify', 'reward']"  [arg-type]
src\infrastructure\backend\VllmNativeEngine.py:106: error: Argument 1 to "LLM" has incompatible type "**dict[str, object]"; expected "str | None"  [arg-type]
src\infrastructure\backend\VllmNativeEngine.py:106: error: Argument 1 to "LLM" has incompatible type "**dict[str, object]"; expected "Literal['auto', 'hf', 'slow', 'mistral', 'deepseek_v32'] | str"  [arg-type]
src\infrastructure\backend\VllmNativeEngine.py:106: error: Argument 1 to "LLM" has incompatible type "**dict[str, object]"; expected "bool"  [arg-type]
src\infrastructure\backend\VllmNativeEngine.py:106: error: Argument 1 to "LLM" has incompatible type "**dict[str, object]"; expected "list[str] | None"  [arg-type]
src\infrastructure\backend\VllmNativeEngine.py:106: error: Argument 1 to "LLM" has incompatible type "**dict[str, object]"; expected "int"  [arg-type]
src\infrastructure\backend\VllmNativeEngine.py:106: error: Argument 1 to "LLM" has incompatible type "**dict[str, object]"; expected "Literal['auto', 'half', 'float16', 'bfloat16', 'float', 'float32']"  [arg-type]
src\infrastructure\backend\VllmNativeEngine.py:106: error: Argument 1 to "LLM" has incompatible type "**dict[str, object]"; expected "Literal['awq', 'deepspeedfp', 'tpu_int8', 'fp8', 'ptpc_fp8', 'fbgemm_fp8', 'fp_quant', 'modelopt', 'modelopt_fp4', 'bitblas', 'gguf', 'gptq_marlin_24', 'gptq_marlin', 'gptq_bitblas', 'awq_marlin', 'gptq', 'compressed-tensors', 'bitsandbytes', 'hqq', 'experts_int8', 'ipex', 'quark', 'moe_wna16', 'torchao', 'auto-round', 'rtn', 'inc', 'mxfp4', 'petit_nvfp4', 'cpu_gptq', 'cpu_awq'] | None"  [arg-type]
src\infrastructure\backend\VllmNativeEngine.py:106: error: Argument 1 to "LLM" has incompatible type "**dict[str, object]"; expected "float"  [arg-type]
src\infrastructure\backend\VllmNativeEngine.py:106: error: Argument 1 to "LLM" has incompatible type "**dict[str, object]"; expected "bool | str | None"  [arg-type]
src\infrastructure\backend\VllmNativeEngine.py:106: error: Argument 1 to "LLM" has incompatible type "**dict[str, object]"; expected "dict[str, Any] | Callable[[PretrainedConfig], PretrainedConfig] | None"  [arg-type]
src\infrastructure\backend\VllmNativeEngine.py:106: error: Argument 1 to "LLM" has incompatible type "**dict[str, object]"; expected "dict[str, Any] | None"  [arg-type]
src\infrastructure\backend\VllmNativeEngine.py:106: note: "dict" is invariant -- see https://mypy.readthedocs.io/en/stable/common_issues.html#variance
src\infrastructure\backend\VllmNativeEngine.py:106: note: Consider using "Mapping" instead, which is covariant in the value type
src\infrastructure\backend\VllmNativeEngine.py:106: error: Argument 1 to "LLM" has incompatible type "**dict[str, object]"; expected "PoolerConfig | None"  [arg-type]
src\infrastructure\backend\VllmNativeEngine.py:106: error: Argument 1 to "LLM" has incompatible type "**dict[str, object]"; expected "dict[str, Any] | StructuredOutputsConfig | None"  [arg-type]
src\infrastructure\backend\VllmNativeEngine.py:106: error: Argument 1 to "LLM" has incompatible type "**dict[str, object]"; expected "dict[str, Any] | ProfilerConfig | None"  [arg-type]
src\infrastructure\backend\VllmNativeEngine.py:106: error: Argument 1 to "LLM" has incompatible type "**dict[str, object]"; expected "int | None"  [arg-type]
src\infrastructure\backend\VllmNativeEngine.py:106: error: Argument 1 to "LLM" has incompatible type "**dict[str, object]"; expected "int | dict[str, Any] | CompilationConfig | None"  [arg-type]
src\infrastructure\backend\VllmNativeEngine.py:106: error: Argument 1 to "LLM" has incompatible type "**dict[str, object]"; expected "list[str | type[LogitsProcessor]] | None"  [arg-type]
src\infrastructure\backend\VllmNativeEngine.py:130: error: Item "None" of "Any | None" has no attribute "generate"  [union-attr]
src\infrastructure\backend\LLMClient.py:59: error: Library stubs not installed for "requests"  [import-untyped]
src\infrastructure\backend\LLMClient.py:118: error: Missing return statement  [return]
src\logic\agents\cognitive\LongTermMemory.py:29: error: Skipping analyzing "diskcache": module is installed, but missing library stubs or py.typed marker  [import-untyped]
src\logic\agents\cognitive\LongTermMemory.py:69: error: Incompatible return value type (got "SentenceTransformer | None", expected "str")  [return-value]
src\logic\agents\cognitive\LongTermMemory.py:89: error: "bytes" has no attribute "tolist"  [attr-defined]
src\core\base\verification.py:106: error: Incompatible return value type (got "None", expected "bool")  [return-value]
src\core\base\verification.py:107: error: Incompatible return value type (got "SentenceTransformer", expected "bool")  [return-value]
src\core\base\verification.py:128: error: "Literal[True]" has no attribute "encode"  [attr-defined]
src\core\base\GracefulShutdown.py:67: error: Incompatible types in assignment (expression has type "Callable[[int, FrameType | None], Any] | int | None", variable has type "None")  [assignment]
src\core\base\GracefulShutdown.py:69: error: Incompatible types in assignment (expression has type "Callable[[int, FrameType | None], Any] | int | None", variable has type "None")  [assignment]
src\core\base\utils\_helpers.py:35: error: Library stubs not installed for "requests"  [import-untyped]
src\core\base\utils\_helpers.py:35: note: Hint: "python3 -m pip install types-requests"
src\core\base\utils\_helpers.py:44: error: Library stubs not installed for "tqdm"  [import-untyped]
src\core\base\utils\_helpers.py:44: note: Hint: "python3 -m pip install types-tqdm"
src\core\base\utils\_helpers.py:57: error: All type parameters should be declared ("_T" not declared)  [valid-type]
src\core\base\utils\ValidationRuleManager.py:93: error: "None" not callable  [misc]
src\core\base\utils\ValidationRuleManager.py:98: error: "ValidationRule" has no attribute "error_message"  [attr-defined]
src\core\base\utils\DiffGenerator.py:48: error: The return type of "__init__" must be None  [misc]
src\core\base\utils\DiffGenerator.py:48: error: Missing return statement  [return]
src\core\base\utils\DiffGenerator.py:139: error: Name "sys" is not defined  [name-defined]
src\core\base\utils\DiffGenerator.py:141: error: Name "sys" is not defined  [name-defined]
src\core\base\utils\DiffGenerator.py:143: error: Name "sys" is not defined  [name-defined]
src\core\base\utils\DiffGenerator.py:145: error: Name "sys" is not defined  [name-defined]
src\core\base\utils\DiffGenerator.py:146: error: Name "sys" is not defined  [name-defined]
src\core\base\managers\SystemManagers.py:43: error: Cannot assign to a type  [misc]
src\core\base\managers\SystemManagers.py:43: error: Incompatible types in assignment (expression has type "None", variable has type "type[VersionGate]")  [assignment]
src\core\base\managers\OrchestrationManagers.py:33: error: Skipping analyzing "src.core.base.agent": module is installed, but missing library stubs or py.typed marker  [import-untyped]
src\core\base\managers\BatchManagers.py:33: error: Skipping analyzing "src.core.base.agent": module is installed, but missing library stubs or py.typed marker  [import-untyped]
src\core\base\managers\BatchManagers.py:33: note: See https://mypy.readthedocs.io/en/stable/running_mypy.html#missing-imports
src\interface\ui\gui\MainApp.py:69: error: "WorkflowManager" expects no type arguments, but 1 given  [type-arg]
src\interface\ui\gui\MainApp.py:71: error: "AgentManager" has no attribute "add_column"  [attr-defined]
src\interface\ui\gui\MainApp.py:76: error: "ThemeManager" expects no type arguments, but 1 given  [type-arg]
src\interface\ui\gui\MainApp.py:77: error: "DiffViewer" expects no type arguments, but 1 given  [type-arg]
src\interface\ui\gui\MainApp.py:78: error: "AgentRunner" expects no type arguments, but 1 given  [type-arg]
src\interface\ui\gui\MainApp.py:86: error: "AgentManager" expects no type arguments, but 2 given  [type-arg]
src\interface\ui\gui\MainApp.py:104: error: "AppMenu" expects no type arguments, but 2 given  [type-arg]
src\interface\ui\gui\MainApp.py:115: error: "HeaderPanel" expects no type arguments, but 3 given  [type-arg]
src\interface\ui\gui\MainApp.py:128: error: "ProjectExplorer" expects no type arguments, but 3 given  [type-arg]
src\interface\ui\gui\MainApp.py:142: error: "BmadManager" expects no type arguments, but 2 given  [type-arg]
src\interface\ui\gui\MainApp.py:146: error: "ProjectStatusPanel" expects no type arguments, but 1 given  [type-arg]
src\interface\ui\gui\MainApp.py:150: error: "AgentDashboard" expects no type arguments, but 2 given  [type-arg]
src\interface\ui\gui\MainApp.py:161: error: "StatusBar" expects no type arguments, but 2 given  [type-arg]
src\logic\tools\evolved\sampletask.py:24: error: Library stubs not installed for "pyautogui"  [import-untyped]
src\logic\tools\evolved\sampletask.py:32: error: Argument 1 to "as_tool" has incompatible type "Callable[[], None]"; expected "int"  [arg-type]
src\infrastructure\plugins\tools\weather_api_tool.py:24: error: Library stubs not installed for "requests"  [import-untyped]
src\infrastructure\plugins\tools\weather_api_tool.py:39: error: Argument 1 to "as_tool" has incompatible type "def get_weather(self: Weather_APITool, **kwargs: Any) -> Any"; expected "int"  [arg-type]
src\observability\stats\metrics_engine.py:51: error: Library stubs not installed for "psutil"  [import-untyped]
src\observability\stats\metrics_engine.py:51: note: Hint: "python3 -m pip install types-psutil"
src\observability\stats\metrics_engine.py:61: error: Cannot assign to a type  [misc]
src\observability\stats\metrics_engine.py:61: error: Incompatible types in assignment (expression has type "None", variable has type "type[GrafanaDashboardGenerator]")  [assignment]
src\observability\stats\metrics_engine.py:74: error: Incompatible default for argument "workspace_root" (default has type "None", argument has type "str")  [assignment]
src\observability\stats\metrics_engine.py:74: note: PEP 484 prohibits implicit Optional. Accordingly, mypy has changed its default to no_implicit_optional=True
src\observability\stats\metrics_engine.py:74: note: Use https://github.com/hauntsaninja/no_implicit_optional to automatically upgrade your codebase
src\observability\stats\metrics_engine.py:141: error: Function "GrafanaGenerator" could always be true in boolean context  [truthy-function]
src\observability\stats\metrics_engine.py:142: error: Argument 1 to "GrafanaDashboardGenerator" has incompatible type "Path"; expected "str"  [arg-type]
src\observability\stats\metrics_engine.py:225: error: Unsupported right operand type for in ("object")  [operator]
src\observability\stats\metrics_engine.py:226: error: Unsupported target for indexed assignment ("object")  [index]
src\observability\stats\metrics_engine.py:227: error: Value of type "object" is not indexable  [index]
src\observability\stats\metrics_engine.py:228: error: Value of type "object" is not indexable  [index]
src\observability\stats\metrics_engine.py:229: error: Value of type "object" is not indexable  [index]
src\observability\stats\metrics_engine.py:231: error: "object" has no attribute "__iter__"; maybe "__dir__" or "__str__"? (not iterable)  [attr-defined]
src\observability\stats\metrics_engine.py:232: error: Value of type "object" is not indexable  [index]
src\observability\stats\metrics_engine.py:233: error: Value of type "object" is not indexable  [index]
src\observability\stats\metrics_engine.py:234: error: Value of type "object" is not indexable  [index]
src\observability\stats\metrics_engine.py:235: error: Value of type "object" is not indexable  [index]
src\observability\stats\metrics_engine.py:236: error: Value of type "object" is not indexable  [index]
src\observability\stats\metrics_engine.py:284: error: Name "DerivedMetricCalculator" already defined (possibly by an import)  [no-redef]
src\observability\stats\metrics_engine.py:306: error: Argument 1 to "float" has incompatible type "str | bytes | int | float | complex | EllipsisType | None"; expected "str | Buffer | SupportsFloat | SupportsIndex"  [arg-type]
src\observability\stats\metrics_engine.py:308: error: Argument 1 to "float" has incompatible type "str | bytes | int | float | complex | EllipsisType | None"; expected "str | Buffer | SupportsFloat | SupportsIndex"  [arg-type]
src\observability\stats\metrics_engine.py:310: error: Cannot call function of unknown type  [operator]
src\observability\stats\metrics_engine.py:312: error: Cannot call function of unknown type  [operator]
src\observability\stats\metrics_engine.py:832: error: Unsupported operand types for < ("int" and "object")  [operator]
src\observability\stats\metrics_engine.py:834: error: Unsupported operand types for < ("int" and "object")  [operator]
src\observability\stats\metrics_engine.py:880: error: Missing return statement  [return]
src\observability\stats\metrics_engine.py:1076: error: "ModelFallbackCore" has no attribute "determine_next_model"  [attr-defined]
src\observability\stats\metrics_engine.py:1087: error: "ModelFallbackCore" has no attribute "rank_models_by_cost"  [attr-defined]
src\observability\stats\metrics_engine.py:1623: error: Argument 1 to "float" has incompatible type "Any | None"; expected "str | Buffer | SupportsFloat | SupportsIndex"  [arg-type]
src\observability\stats\metrics_engine.py:3145: error: "ConnectivityManager" has no attribute "get_json"  [attr-defined]
tests\unit\infrastructure\test_ollama_access.py:5: error: Library stubs not installed for "requests"  [import-untyped]
src\infrastructure\orchestration\IntelligenceOrchestrator.py:46: error: Library stubs not installed for "requests"  [import-untyped]
src\infrastructure\backend\SubagentRunner.py:40: error: Library stubs not installed for "requests"  [import-untyped]
src\logic\agents\cognitive\context\engines\SemanticSearchEngine.py:68: error: Incompatible types in assignment (expression has type "ClientAPI", variable has type "None")  [assignment]
src\logic\agents\cognitive\context\engines\SemanticSearchEngine.py:70: error: Incompatible types in assignment (expression has type "ClientAPI", variable has type "None")  [assignment]
src\logic\agents\cognitive\context\engines\SemanticSearchEngine.py:76: error: "None" has no attribute "get_or_create_collection"  [attr-defined]
src\logic\agents\cognitive\context\engines\MemoryEngine.py:62: error: Incompatible types in assignment (expression has type "Collection", variable has type "None")  [assignment]
src\core\knowledge\vector_store.py:47: error: Incompatible types in assignment (expression has type "None", variable has type "ClientAPI")  [assignment]
src\core\knowledge\vector_store.py:67: error: Value of type "list[list[str]] | None" is not indexable  [index]
src\core\base\BaseAgentCore.py:130: error: Incompatible return value type (got "list[tuple[MethodType, str, int]]", expected "list[tuple[Callable[..., Any], str, int]]")  [return-value]
src\core\base\BaseAgentCore.py:130: note: "list" is invariant -- see https://mypy.readthedocs.io/en/stable/common_issues.html#variance
src\core\base\BaseAgentCore.py:130: note: Consider using "Sequence" instead, which is covariant
src\core\base\BaseAgentCore.py:130: note: Perhaps you need a type annotation for "collected"? Suggestion: "list[tuple[Callable[..., Any], str, int]]"
src\infrastructure\api\ExternalImporter.py:33: error: Library stubs not installed for "requests"  [import-untyped]
src\infrastructure\api\ExternalImporter.py:63: error: Incompatible types in assignment (expression has type "None", variable has type "LocalContextRecorder")  [assignment]
src\infrastructure\api\ExternalImporter.py:122: error: Unexpected keyword argument "metadata" for "ImportedEntry"  [call-arg]
src\infrastructure\api\ExternalImporter.py:152: error: Library stubs not installed for "requests.auth"  [import-untyped]
src\infrastructure\api\ImportedEntry.py: note: "ImportedEntry" defined here
src\infrastructure\api\ExternalImporter.py:175: error: Unexpected keyword argument "metadata" for "ImportedEntry"  [call-arg]
src\core\utils\EntryReorderer.py:26: error: Skipping analyzing "src.core.utils.GroupingStrategy": module is installed, but missing library stubs or py.typed marker  [import-untyped]
src\core\base\managers\PluginManager.py:32: error: Cannot assign to a type  [misc]
src\core\base\managers\PluginManager.py:32: error: Incompatible types in assignment (expression has type "None", variable has type "type[VersionGate]")  [assignment]
src\core\base\managers\PluginManager.py:51: error: Incompatible types in assignment (expression has type "None", variable has type "list[str]")  [assignment]
src\core\base\managers\PluginManager.py:136: error: Argument "permissions" to "PluginMetadata" has incompatible type "Any | None"; expected "list[str]"  [arg-type]
src\core\base\managers\PluginManager.py:145: error: Function "VersionGate" could always be true in boolean context  [truthy-function]
src\core\base\managers\PluginManager.py:182: error: Library stubs not installed for "docker"  [import-untyped]
src\core\base\managers\PluginManager.py:182: note: Hint: "python3 -m pip install types-docker"
src\core\base\managers\PluginManager.py:182: note: (or run "mypy --install-types" to install all missing stub packages)
tests\integration\test_gui_integration.py:29: error: "type[TestGUIIntegration]" has no attribute "root"  [attr-defined]
tests\integration\test_gui_integration.py:30: error: "type[TestGUIIntegration]" has no attribute "root"  [attr-defined]
tests\integration\test_gui_integration.py:31: error: "type[TestGUIIntegration]" has no attribute "_tk_available"  [attr-defined]
tests\integration\test_gui_integration.py:33: error: Name "logging" is not defined  [name-defined]
tests\integration\test_gui_integration.py:34: error: "type[TestGUIIntegration]" has no attribute "_tk_available"  [attr-defined]
tests\integration\test_gui_integration.py:38: error: "type[TestGUIIntegration]" has no attribute "_tk_available"  [attr-defined]
tests\integration\test_gui_integration.py:39: error: "type[TestGUIIntegration]" has no attribute "root"  [attr-defined]
tests\integration\test_gui_integration.py:42: error: "TestGUIIntegration" has no attribute "_tk_available"  [attr-defined]
tests\integration\test_gui_integration.py:44: error: "TestGUIIntegration" has no attribute "root"  [attr-defined]
src\infrastructure\backend\execution_engine.py:28: error: Library stubs not installed for "requests"  [import-untyped]
tests\unit\core\test_semantic.py:40: error: Name "results" already defined on line 33  [no-redef]
src\core\base\ConfigLoader.py:96: error: Library stubs not installed for "yaml"  [import-untyped]
src\core\base\ConfigLoader.py:96: note: Hint: "python3 -m pip install types-PyYAML"
src\core\base\ConfigLoader.py:97: error: Name "raw" already defined on line 92  [no-redef]
src\core\base\ConfigLoader.py:105: error: Name "raw" already defined on line 92  [no-redef]
src\core\base\ConfigLoader.py:109: error: Library stubs not installed for "toml"  [import-untyped]
src\core\base\ConfigLoader.py:109: note: Hint: "python3 -m pip install types-toml"
src\core\base\ConfigLoader.py:110: error: Name "raw" already defined on line 92  [no-redef]
tests\unit\test_utils\test_test_utils_UNIT.py:16: error: Name "AGENT_DIR" already defined (possibly by an import)  [no-redef]
tests\unit\test_utils\test_test_utils_UNIT.py:18: error: Name "agent_sys_path" already defined (possibly by an import)  [no-redef]
tests\unit\test_utils\test_test_utils_UNIT.py:21: error: Incompatible return value type (got "agent_sys_path", expected "str")  [return-value]
tests\unit\test_utils\test_test_utils_UNIT.py:29: error: Missing return statement  [return]
tests\unit\test_utils\test_test_utils_PERFORMANCE.py:15: error: Name "AGENT_DIR" already defined (possibly by an import)  [no-redef]
tests\unit\test_utils\test_test_utils_PERFORMANCE.py:17: error: Name "agent_sys_path" already defined (possibly by an import)  [no-redef]
tests\unit\test_utils\test_test_utils_PERFORMANCE.py:18: error: Name "Self" is not defined  [name-defined]
tests\unit\test_utils\test_test_utils_INTEGRATION.py:18: error: Name "AGENT_DIR" already defined (possibly by an import)  [no-redef]
tests\unit\test_utils\test_test_utils_INTEGRATION.py:20: error: Name "agent_sys_path" already defined (possibly by an import)  [no-redef]
tests\unit\test_utils\test_test_utils_INTEGRATION.py:21: error: Name "Self" is not defined  [name-defined]
tests\unit\test_utils\test_test_utils_CORE_UNIT.py:18: error: Name "AGENT_DIR" already defined (possibly by an import)  [no-redef]
tests\unit\test_utils\test_test_utils_CORE_UNIT.py:20: error: Name "agent_sys_path" already defined (possibly by an import)  [no-redef]
tests\unit\test_utils\test_test_utils_CORE_UNIT.py:23: error: Incompatible return value type (got "agent_sys_path", expected "str")  [return-value]
tests\unit\test_utils\test_test_utils_CORE_UNIT.py:31: error: Missing return statement  [return]
tests\unit\test_utils\test_test_utils_CORE_UNIT.py:131: error: No return value expected  [return-value]
tests\unit\test_utils\test_test_utils_CORE_UNIT.py:784: error: Name "sys.NoReturn" is not defined  [name-defined]
tests\unit\test_utils\test_test_utils_COMPREHENSIVE_UNIT.py:20: error: Name "AGENT_DIR" already defined (possibly by an import)  [no-redef]
tests\unit\test_utils\test_test_utils_COMPREHENSIVE_UNIT.py:22: error: Name "agent_sys_path" already defined (possibly by an import)  [no-redef]
tests\unit\test_utils\test_test_utils_COMPREHENSIVE_UNIT.py:25: error: Incompatible return value type (got "agent_sys_path", expected "str")  [return-value]
tests\unit\test_utils\test_test_utils_COMPREHENSIVE_UNIT.py:33: error: Missing return statement  [return]
tests\unit\test_utils\test_test_utils_COMPREHENSIVE_UNIT.py:193: error: Incompatible return value type (got "TestContext", expected "str")  [return-value]
tests\unit\test_utils\test_test_utils_COMPREHENSIVE_UNIT.py:195: error: Missing return statement  [return]
tests\unit\test_utils\test_test_utils_COMPREHENSIVE_UNIT.py:238: error: List item 0 has incompatible type "tuple[int, int, int]"; expected "tuple[int]"  [list-item]
tests\unit\test_utils\test_test_utils_COMPREHENSIVE_UNIT.py:239: error: List item 1 has incompatible type "tuple[int, int, int]"; expected "tuple[int]"  [list-item]
tests\unit\test_utils\test_test_utils_COMPREHENSIVE_UNIT.py:240: error: List item 2 has incompatible type "tuple[int, int, int]"; expected "tuple[int]"  [list-item]
tests\unit\test_utils\test_test_utils_COMPREHENSIVE_UNIT.py:241: error: List item 3 has incompatible type "tuple[int, int, int]"; expected "tuple[int]"  [list-item]
tests\unit\test_utils\test_test_utils_COMPREHENSIVE_UNIT.py:244: error: Need more than 1 value to unpack (3 expected)  [misc]
tests\unit\test_utils\test_test_utils_COMPREHENSIVE_UNIT.py:251: error: List item 0 has incompatible type "tuple[str, int, bool]"; expected "tuple[str | int | bool]"  [list-item]
tests\unit\test_utils\test_test_utils_COMPREHENSIVE_UNIT.py:252: error: List item 1 has incompatible type "tuple[str, int, bool]"; expected "tuple[str | int | bool]"  [list-item]
tests\unit\test_utils\test_test_utils_COMPREHENSIVE_UNIT.py:253: error: List item 2 has incompatible type "tuple[str, int, bool]"; expected "tuple[str | int | bool]"  [list-item]
tests\unit\test_utils\test_test_utils_COMPREHENSIVE_UNIT.py:256: error: Need more than 1 value to unpack (3 expected)  [misc]
tests\unit\test_utils\test_test_utils_COMPREHENSIVE_UNIT.py:329: error: Name "sys.NoReturn" is not defined  [name-defined]
tests\unit\test_utils\test_test_utils_COMPREHENSIVE_UNIT.py:337: error: Name "sys.NoReturn" is not defined  [name-defined]
tests\unit\observability\test_stats_SHELL.py:209: error: List comprehension has incompatible type List[tuple[str, int]]; expected List[tuple[str | int]]  [misc]
tests\unit\observability\test_stats_PERFORMANCE.py:16: error: Name "AGENT_DIR" already defined (possibly by an import)  [no-redef]
tests\unit\observability\test_stats_PERFORMANCE.py:18: error: Name "agent_sys_path" already defined (possibly by an import)  [no-redef]
tests\unit\observability\test_stats_PERFORMANCE.py:19: error: Name "Self" is not defined  [name-defined]
tests\unit\observability\test_stats_PERFORMANCE.py:104: error: Generator has incompatible item type "object"; expected "bool"  [misc]
tests\unit\observability\test_stats_PERFORMANCE.py:115: error: Unsupported left operand type for - ("object")  [operator]
tests\unit\observability\test_stats_INTEGRATION.py:16: error: Name "AGENT_DIR" already defined (possibly by an import)  [no-redef]
tests\unit\observability\test_stats_INTEGRATION.py:18: error: Name "agent_sys_path" already defined (possibly by an import)  [no-redef]
tests\unit\observability\test_stats_INTEGRATION.py:19: error: Name "Self" is not defined  [name-defined]
tests\unit\observability\test_stats_INTEGRATION.py:47: error: Generator has incompatible item type "object"; expected "bool"  [misc]
tests\unit\observability\test_stats_INTEGRATION.py:48: error: Generator has incompatible item type "object"; expected "bool"  [misc]
tests\unit\observability\test_reports_SHELL.py:1168: error: Value of type "object" is not indexable  [index]
tests\unit\observability\test_reports_PERFORMANCE.py:15: error: Name "AGENT_DIR" already defined (possibly by an import)  [no-redef]
tests\unit\observability\test_reports_PERFORMANCE.py:17: error: Name "agent_sys_path" already defined (possibly by an import)  [no-redef]
tests\unit\observability\test_reports_PERFORMANCE.py:18: error: Name "Self" is not defined  [name-defined]
tests\unit\observability\test_reports_PERFORMANCE.py:66: error: Unsupported left operand type for - ("object")  [operator]
tests\unit\observability\test_reports_INTEGRATION.py:19: error: Name "AGENT_DIR" already defined (possibly by an import)  [no-redef]
tests\unit\observability\test_reports_INTEGRATION.py:21: error: Name "agent_sys_path" already defined (possibly by an import)  [no-redef]
tests\unit\observability\test_reports_INTEGRATION.py:22: error: Name "Self" is not defined  [name-defined]
tests\unit\observability\test_reports_INTEGRATION.py:223: error: Value of type "Collection[str]" is not indexable  [index]
tests\unit\observability\test_reports_INTEGRATION.py:261: error: Value of type "object" is not indexable  [index]
tests\unit\observability\test_reports_INTEGRATION.py:345: error: Unsupported left operand type for - ("object")  [operator]
tests\unit\observability\edge_cases.py:17: error: Name "AGENT_DIR" already defined (possibly by an import)  [no-redef]
tests\unit\observability\edge_cases.py:19: error: Name "agent_sys_path" already defined (possibly by an import)  [no-redef]
tests\unit\observability\edge_cases.py:20: error: Name "Self" is not defined  [name-defined]
tests\unit\observability\advanced.py:20: error: Name "AGENT_DIR" already defined (possibly by an import)  [no-redef]
tests\unit\observability\advanced.py:22: error: Name "agent_sys_path" already defined (possibly by an import)  [no-redef]
tests\unit\observability\advanced.py:23: error: Name "Self" is not defined  [name-defined]
tests\unit\observability\advanced.py:71: error: Unsupported left operand type for < ("object")  [operator]
tests\unit\observability\advanced.py:86: error: Unsupported left operand type for - ("object")  [operator]
tests\unit\observability\advanced.py:88: error: Unsupported left operand type for - ("object")  [operator]
tests\unit\observability\advanced.py:249: error: Unsupported operand types for + ("int" and "object")  [operator]
tests\unit\observability\advanced.py:250: error: Unsupported operand types for + ("int" and "object")  [operator]
tests\unit\observability\advanced.py:331: error: Argument "key" to "max" has incompatible type overloaded function; expected "Callable[[str], SupportsDunderLT[Any] | SupportsDunderGT[Any]]"  [arg-type]
tests\unit\observability\advanced.py:405: error: Unsupported operand types for - ("float" and "object")  [operator]
tests\unit\logic\test_coder_UNIT.py:15: error: Name "AGENT_DIR" already defined (possibly by an import)  [no-redef]
tests\unit\logic\test_coder_UNIT.py:17: error: Name "agent_sys_path" already defined (possibly by an import)  [no-redef]
tests\unit\logic\test_coder_UNIT.py:20: error: Incompatible return value type (got "agent_sys_path", expected "str")  [return-value]
tests\unit\logic\test_coder_UNIT.py:29: error: Missing return statement  [return]
tests\unit\logic\test_coder_UNIT.py:32: error: Name "mod" is not defined  [name-defined]
tests\unit\logic\test_coder_UNIT.py:32: error: Name "target" is not defined  [name-defined]
tests\unit\logic\test_coder_UNIT.py:35: error: Name "mod" is not defined  [name-defined]
tests\unit\logic\test_coder_UNIT.py:40: error: Name "sys.ModuleType" is not defined  [name-defined]
tests\unit\logic\test_coder_UNIT.py:60: error: Name "sys.ModuleType" is not defined  [name-defined]
tests\unit\logic\test_coder_UNIT.py:77: error: Name "sys.ModuleType" is not defined  [name-defined]
tests\unit\logic\test_coder_UNIT.py:102: error: Name "sys.ModuleType" is not defined  [name-defined]
tests\unit\logic\test_coder_UNIT.py:120: error: Name "sys.ModuleType" is not defined  [name-defined]
tests\unit\logic\test_coder_UNIT.py:145: error: Name "sys.ModuleType" is not defined  [name-defined]
tests\unit\logic\test_coder_UNIT.py:164: error: Name "sys.ModuleType" is not defined  [name-defined]
tests\unit\logic\test_coder_UNIT.py:189: error: Name "sys.ModuleType" is not defined  [name-defined]
tests\unit\logic\test_coder_UNIT.py:214: error: Name "sys.ModuleType" is not defined  [name-defined]
tests\unit\logic\test_coder_UNIT.py:217: error: Name "code" already defined on line 216  [no-redef]
tests\unit\logic\test_coder_UNIT.py:236: error: Name "sys.ModuleType" is not defined  [name-defined]
tests\unit\logic\test_coder_UNIT.py:264: error: Name "sys.ModuleType" is not defined  [name-defined]
tests\unit\logic\test_coder_UNIT.py:290: error: Name "sys.ModuleType" is not defined  [name-defined]
tests\unit\logic\test_coder_UNIT.py:307: error: Name "sys.ModuleType" is not defined  [name-defined]
tests\unit\logic\test_coder_UNIT.py:331: error: Name "sys.ModuleType" is not defined  [name-defined]
tests\unit\logic\test_coder_UNIT.py:356: error: Name "sys.ModuleType" is not defined  [name-defined]
tests\unit\logic\test_coder_UNIT.py:383: error: Name "sys.ModuleType" is not defined  [name-defined]
tests\unit\logic\test_coder_UNIT.py:407: error: Name "sys.ModuleType" is not defined  [name-defined]
tests\unit\logic\test_coder_UNIT.py:428: error: Name "sys.ModuleType" is not defined  [name-defined]
tests\unit\logic\test_coder_UNIT.py:454: error: Name "sys.ModuleType" is not defined  [name-defined]
tests\unit\logic\test_coder_UNIT.py:477: error: Name "sys.ModuleType" is not defined  [name-defined]
tests\unit\logic\test_coder_UNIT.py:505: error: Name "sys.ModuleType" is not defined  [name-defined]
tests\unit\logic\test_coder_UNIT.py:529: error: Name "sys.ModuleType" is not defined  [name-defined]
tests\unit\logic\test_coder_UNIT.py:546: error: Name "sys.ModuleType" is not defined  [name-defined]
tests\unit\logic\test_agent_UNIT.py:18: error: Name "AGENT_DIR" already defined (possibly by an import)  [no-redef]
tests\unit\logic\test_agent_UNIT.py:20: error: Name "agent_sys_path" already defined (possibly by an import)  [no-redef]
tests\unit\logic\test_agent_UNIT.py:23: error: Incompatible return value type (got "agent_sys_path", expected "bool")  [return-value]
tests\unit\logic\test_agent_UNIT.py:31: error: Missing return statement  [return]
tests\unit\logic\test_agent_UNIT.py:216: error: Missing return statement  [return]
tests\unit\logic\test_agent_UNIT.py:243: error: Missing return statement  [return]
tests\unit\logic\test_agent_UNIT.py:316: error: Missing return statement  [empty-body]
tests\unit\logic\test_agent_UNIT.py:433: error: Incompatible return value type (got "str", expected "bool")  [return-value]
tests\unit\logic\test_agent_CORE_UNIT.py:15: error: Name "AGENT_DIR" already defined (possibly by an import)  [no-redef]
tests\unit\logic\test_agent_CORE_UNIT.py:17: error: Name "agent_sys_path" already defined (possibly by an import)  [no-redef]
tests\unit\logic\test_agent_CORE_UNIT.py:20: error: Incompatible return value type (got "agent_sys_path", expected "bool")  [return-value]
tests\unit\logic\test_agent_CORE_UNIT.py:28: error: Missing return statement  [return]
tests\unit\logic\test_agent_ADVANCED_UNIT.py:18: error: Name "AGENT_DIR" already defined (possibly by an import)  [no-redef]
tests\unit\logic\test_agent_ADVANCED_UNIT.py:20: error: Name "agent_sys_path" already defined (possibly by an import)  [no-redef]
tests\unit\logic\test_agent_ADVANCED_UNIT.py:23: error: Incompatible return value type (got "agent_sys_path", expected "bool")  [return-value]
tests\unit\logic\test_agent_ADVANCED_UNIT.py:31: error: Missing return statement  [return]
tests\unit\logic\edge_cases.py:15: error: Name "AGENT_DIR" already defined (possibly by an import)  [no-redef]
tests\unit\logic\edge_cases.py:17: error: Name "agent_sys_path" already defined (possibly by an import)  [no-redef]
tests\unit\logic\edge_cases.py:20: error: Incompatible return value type (got "agent_sys_path", expected "str")  [return-value]
tests\unit\logic\edge_cases.py:28: error: Missing return statement  [return]
tests\unit\logic\advanced.py:15: error: Name "AGENT_DIR" already defined (possibly by an import)  [no-redef]
tests\unit\logic\advanced.py:17: error: Name "agent_sys_path" already defined (possibly by an import)  [no-redef]
tests\unit\logic\advanced.py:18: error: Name "Self" is not defined  [name-defined]
tests\unit\infrastructure\test_backend_UNIT.py:14: error: Name "AGENT_DIR" already defined (possibly by an import)  [no-redef]
tests\unit\infrastructure\test_backend_UNIT.py:16: error: Name "agent_sys_path" already defined (possibly by an import)  [no-redef]
tests\unit\infrastructure\test_backend_UNIT.py:19: error: Incompatible return value type (got "agent_sys_path", expected "bool")  [return-value]
tests\unit\infrastructure\test_backend_UNIT.py:27: error: Missing return statement  [return]
tests\unit\infrastructure\test_backend_CORE_UNIT.py:18: error: Name "AGENT_DIR" already defined (possibly by an import)  [no-redef]
tests\unit\infrastructure\test_backend_CORE_UNIT.py:20: error: Name "agent_sys_path" already defined (possibly by an import)  [no-redef]
tests\unit\infrastructure\test_backend_CORE_UNIT.py:23: error: Incompatible return value type (got "agent_sys_path", expected "bool")  [return-value]
tests\unit\infrastructure\test_backend_CORE_UNIT.py:31: error: Missing return statement  [return]
tests\unit\infrastructure\test_backend_CORE_UNIT.py:714: error: The return type of "__init__" must be None  [misc]
tests\unit\infrastructure\test_backend_CORE_UNIT.py:714: error: Missing return statement  [return]
tests\unit\infrastructure\test_backend_CORE_UNIT.py:726: error: Incompatible return value type (got "dict[str, str]", expected "bool")  [return-value]
tests\unit\infrastructure\test_backend_CORE_UNIT.py:729: error: Incompatible return value type (got "dict[str, Any]", expected "bool")  [return-value]
tests\unit\infrastructure\test_backend_CORE_UNIT.py:736: error: Name "TestCustomModelEndpoints.CustomEndpointClient" is not defined  [name-defined]
tests\unit\infrastructure\test_backend_CORE_UNIT.py:739: error: Value of type "bool" is not indexable  [index]
tests\unit\infrastructure\test_backend_CORE_UNIT.py:765: error: Missing return statement  [return]
tests\unit\infrastructure\test_backend_CORE_UNIT.py:796: error: Value of type "bool" is not indexable  [index]
tests\unit\infrastructure\test_backend_CORE_UNIT.py:826: error: Incompatible return value type (got "dict[str, Any]", expected "bool")  [return-value]
tests\unit\infrastructure\test_backend_CORE_UNIT.py:834: error: Incompatible return value type (got "dict[str, Any]", expected "bool")  [return-value]
tests\unit\infrastructure\test_backend_CORE_UNIT.py:842: error: Incompatible return value type (got "dict[str, Any]", expected "bool")  [return-value]
tests\unit\infrastructure\test_backend_CORE_UNIT.py:856: error: Value of type "bool" is not indexable  [index]
tests\unit\infrastructure\test_backend_CORE_UNIT.py:857: error: Value of type "bool" is not indexable  [index]
tests\unit\infrastructure\test_backend_CORE_UNIT.py:902: error: Incompatible types in assignment (expression has type "bool", variable has type "None")  [assignment]
tests\unit\infrastructure\test_backend_CORE_UNIT.py:903: error: Attribute "last_check" already defined on line 895  [no-redef]
tests\unit\infrastructure\test_backend_CORE_UNIT.py:903: error: Incompatible types in assignment (expression has type "datetime", variable has type "None")  [assignment]
tests\unit\infrastructure\test_backend_CORE_UNIT.py:906: error: Incompatible types in assignment (expression has type "bool", variable has type "None")  [assignment]
tests\unit\infrastructure\test_backend_CORE_UNIT.py:907: error: Attribute "last_check" already defined on line 895  [no-redef]
tests\unit\infrastructure\test_backend_CORE_UNIT.py:907: error: Incompatible types in assignment (expression has type "datetime", variable has type "None")  [assignment]
tests\unit\infrastructure\test_backend_CORE_UNIT.py:910: error: Name "TestCustomModelEndpoints.EndpointHealthCheck" is not defined  [name-defined]
tests\unit\core\test_context_UNIT.py:22: error: Name "sys.ModuleType" is not defined  [name-defined]
tests\unit\core\test_context_UNIT.py:36: error: Name "sys.ModuleType" is not defined  [name-defined]
tests\unit\core\test_context_UNIT.py:60: error: Name "sys.ModuleType" is not defined  [name-defined]
tests\unit\core\test_context_UNIT.py:84: error: Name "sys.ModuleType" is not defined  [name-defined]
tests\unit\core\test_context_UNIT.py:114: error: Name "sys.ModuleType" is not defined  [name-defined]
tests\unit\core\test_context_UNIT.py:138: error: Name "sys.ModuleType" is not defined  [name-defined]
tests\unit\core\test_context_UNIT.py:162: error: Name "sys.ModuleType" is not defined  [name-defined]
tests\unit\core\test_context_UNIT.py:176: error: Name "sys.ModuleType" is not defined  [name-defined]
tests\unit\core\test_context_UNIT.py:200: error: Name "sys.ModuleType" is not defined  [name-defined]
tests\unit\core\test_context_UNIT.py:224: error: Name "sys.ModuleType" is not defined  [name-defined]
tests\unit\core\test_context_UNIT.py:248: error: Name "sys.ModuleType" is not defined  [name-defined]
tests\unit\core\test_context_UNIT.py:273: error: Name "sys.ModuleType" is not defined  [name-defined]
tests\unit\core\test_context_UNIT.py:298: error: Name "sys.ModuleType" is not defined  [name-defined]
tests\unit\core\test_context_UNIT.py:322: error: Name "sys.ModuleType" is not defined  [name-defined]
tests\unit\core\test_context_UNIT.py:346: error: Name "sys.ModuleType" is not defined  [name-defined]
tests\unit\core\test_context_UNIT.py:370: error: Name "sys.ModuleType" is not defined  [name-defined]
tests\unit\core\test_context_UNIT.py:401: error: Name "sys.ModuleType" is not defined  [name-defined]
tests\unit\core\test_context_UNIT.py:425: error: Name "sys.ModuleType" is not defined  [name-defined]
tests\unit\core\test_context_UNIT.py:455: error: Name "sys.ModuleType" is not defined  [name-defined]
tests\unit\core\test_context_UNIT.py:479: error: Name "sys.ModuleType" is not defined  [name-defined]
tests\unit\core\test_context_UNIT.py:503: error: Name "sys.ModuleType" is not defined  [name-defined]
tests\unit\core\test_context_CORE_UNIT.py:31: error: Name "sys.ModuleType" is not defined  [name-defined]
tests\unit\core\test_context_CORE_UNIT.py:45: error: Name "sys.ModuleType" is not defined  [name-defined]
tests\unit\core\test_context_CORE_UNIT.py:101: error: Value of type "object" is not indexable  [index]
tests\unit\core\test_context_CORE_UNIT.py:102: error: Value of type "object" is not indexable  [index]
tests\unit\core\test_context_CORE_UNIT.py:115: error: Value of type "object" is not indexable  [index]
tests\unit\core\test_context_CORE_UNIT.py:174: error: Incompatible types in assignment (expression has type "bool", target has type "str")  [assignment]
tests\unit\core\test_context_CORE_UNIT.py:261: error: Unsupported right operand type for in ("object")  [operator]
tests\unit\core\test_context_CORE_UNIT.py:311: error: Incompatible return value type (got "str", expected "bool")  [return-value]
tests\unit\core\test_context_CORE_UNIT.py:314: error: Incompatible return value type (got "bool", expected "str")  [return-value]
tests\unit\core\test_context_CORE_UNIT.py:435: error: "stmt" has no attribute "name"  [attr-defined]
tests\unit\core\test_context_CORE_UNIT.py:436: error: "stmt" has no attribute "args"  [attr-defined]
tests\unit\core\test_context_CORE_UNIT.py:452: error: "stmt" has no attribute "name"  [attr-defined]
tests\unit\core\test_context_CORE_UNIT.py:453: error: "stmt" has no attribute "body"  [attr-defined]
tests\unit\core\test_context_CORE_UNIT.py:467: error: "stmt" has no attribute "body"  [attr-defined]
tests\unit\core\test_context_CORE_UNIT.py:615: error: Argument "key" to "sorted" has incompatible type "Callable[[dict[str, object]], object]"; expected "Callable[[dict[str, object]], SupportsDunderLT[Any] | SupportsDunderGT[Any]]"  [arg-type]
tests\unit\core\test_context_CORE_UNIT.py:615: error: Incompatible return value type (got "object", expected "SupportsDunderLT[Any] | SupportsDunderGT[Any]")  [return-value]
tests\unit\core\test_context_CORE_UNIT.py:693: error: Unsupported operand types for > ("int" and "object")  [operator]
tests\unit\core\test_context_CORE_UNIT.py:929: error: Argument "key" to "sorted" has incompatible type "Callable[[dict[str, object]], object]"; expected "Callable[[dict[str, object]], SupportsDunderLT[Any] | SupportsDunderGT[Any]]"  [arg-type]
tests\unit\core\test_context_CORE_UNIT.py:929: error: Incompatible return value type (got "object", expected "SupportsDunderLT[Any] | SupportsDunderGT[Any]")  [return-value]
tests\unit\core\advanced.py:16: error: Name "AGENT_DIR" already defined (possibly by an import)  [no-redef]
tests\unit\core\advanced.py:18: error: Name "agent_sys_path" already defined (possibly by an import)  [no-redef]
tests\unit\core\advanced.py:19: error: Function "tests.utils.agent_test_utils.agent_sys_path" is not valid as a type  [valid-type]
tests\unit\core\advanced.py:19: note: Perhaps you need "Callable[...]" or a callback protocol?
tests\unit\core\advanced.py:75: error: "Sequence[str]" has no attribute "append"  [attr-defined]
tests\unit\core\advanced.py:76: error: "Sequence[str]" has no attribute "append"  [attr-defined]
tests\performance\test_coder_PERFORMANCE.py:15: error: Name "agent_sys_path" already defined (possibly by an import)  [no-redef]
tests\performance\test_base_agent_PERFORMANCE.py:16: error: Name "agent_sys_path" already defined (possibly by an import)  [no-redef]
tests\integration\test_context_integration.py:15: error: Name "AGENT_DIR" already defined (possibly by an import)  [no-redef]
tests\integration\test_context_integration.py:17: error: Name "agent_sys_path" already defined (possibly by an import)  [no-redef]
tests\integration\test_context_integration.py:18: error: Name "Self" is not defined  [name-defined]
tests\integration\test_context_integration.py:64: error: Incompatible types in assignment (expression has type "bool", target has type "str")  [assignment]
tests\integration\test_context_integration.py:137: error: Argument "key" to "max" has incompatible type "Callable[[dict[str, object]], object]"; expected "Callable[[dict[str, object]], SupportsDunderLT[Any] | SupportsDunderGT[Any]]"  [arg-type]
tests\integration\test_context_integration.py:137: error: Incompatible return value type (got "object", expected "SupportsDunderLT[Any] | SupportsDunderGT[Any]")  [return-value]
tests\integration\test_coder_logic_integration.py:15: error: Name "AGENT_DIR" already defined (possibly by an import)  [no-redef]
tests\integration\test_coder_logic_integration.py:17: error: Name "agent_sys_path" already defined (possibly by an import)  [no-redef]
tests\integration\test_coder_logic_integration.py:18: error: Name "Self" is not defined  [name-defined]
tests\integration\test_backend_integration.py:17: error: Name "AGENT_DIR" already defined (possibly by an import)  [no-redef]
tests\integration\test_backend_integration.py:19: error: Name "agent_sys_path" already defined (possibly by an import)  [no-redef]
tests\integration\test_backend_integration.py:20: error: Name "Self" is not defined  [name-defined]
tests\integration\test_backend_integration.py:151: error: Argument 1 to "len" has incompatible type "object"; expected "Sized"  [arg-type]
tests\integration\test_backend_integration.py:152: error: Value of type "object" is not indexable  [index]
tests\integration\test_backend_integration.py:179: error: Value of type "object" is not indexable  [index]
tests\integration\test_backend_integration.py:285: error: Missing return statement  [return]
tests\integration\test_backend_integration.py:295: error: Value of type "dict[str, str] | None" is not indexable  [index]
tests\unit\core\test_base_agent_LEGACY.py:32: error: Missing return statement  [return]
src\infrastructure\fleet\FleetRoutingCore.py:54: error: "Iterable[str]" has no attribute "__next__"  [attr-defined]
src\infrastructure\fleet\FleetRoutingCore.py:94: error: Argument 2 to "run_in_executor" of "AbstractEventLoop" has incompatible type "def call_tool(self, name: str, **kwargs: Any) -> Coroutine[Any, Any, Any]"; expected "Callable[[Any], str]"  [arg-type]
src\infrastructure\fleet\FleetRoutingCore.py:146: error: "ObservabilityEngine" has no attribute "orchestrator"  [attr-defined]
src\infrastructure\fleet\FleetExecutionCore.py:126: error: Argument 1 to "get" of "LazyAgentMap" has incompatible type "Any | None"; expected "str"  [arg-type]
src\infrastructure\fleet\FleetExecutionCore.py:139: error: Argument 2 to "getattr" has incompatible type "Any | None"; expected "str"  [arg-type]
src\infrastructure\fleet\FleetExecutionCore.py:189: error: Argument 2 to "end_trace" of "ObservabilityEngine" has incompatible type "Any | None"; expected "str"  [arg-type]
src\infrastructure\fleet\FleetExecutionCore.py:189: error: Argument 3 to "end_trace" of "ObservabilityEngine" has incompatible type "Any | None"; expected "str"  [arg-type]
src\infrastructure\fleet\FleetExecutionCore.py:204: error: Argument 2 to "end_trace" of "ObservabilityEngine" has incompatible type "Any | None"; expected "str"  [arg-type]
src\infrastructure\fleet\FleetExecutionCore.py:204: error: Argument 3 to "end_trace" of "ObservabilityEngine" has incompatible type "Any | None"; expected "str"  [arg-type]
src\core\knowledge\knowledge_pruning_engine.py:81: error: Need type annotation for "pruned_report"  [var-annotated]
src\core\knowledge\knowledge_pruning_engine.py:110: error: "GraphKnowledgeStore" has no attribute "nodes"  [attr-defined]
src\core\knowledge\knowledge_pruning_engine.py:111: error: "GraphKnowledgeStore" has no attribute "nodes"  [attr-defined]
src\core\base\delegation.py:60: error: "CascadeContext" has no attribute "parent_id"  [attr-defined]
src\core\knowledge\knowledge_engine.py:59: error: Incompatible types in assignment (expression has type "CompressionAgent", variable has type "None")  [assignment]
src\core\knowledge\knowledge_engine.py:63: error: Incompatible return value type (got "None", expected "bool")  [return-value]
src\core\knowledge\knowledge_engine.py:83: error: "Literal[True]" has no attribute "extract_gist"  [attr-defined]
src\core\base\BaseAgent.py:56: error: Library stubs not installed for "requests"  [import-untyped]
src\core\base\BaseAgent.py:68: error: Cannot assign to a type  [misc]
src\core\base\BaseAgent.py:68: error: Incompatible types in assignment (expression has type "None", variable has type "type[LongTermMemory]")  [assignment]
src\core\base\BaseAgent.py:69: error: Cannot assign to a type  [misc]
src\core\base\BaseAgent.py:69: error: Incompatible types in assignment (expression has type "None", variable has type "type[SignalRegistry]")  [assignment]
src\core\base\BaseAgent.py:70: error: Cannot assign to a type  [misc]
src\core\base\BaseAgent.py:70: error: Incompatible types in assignment (expression has type "None", variable has type "type[ToolRegistry]")  [assignment]
src\core\base\BaseAgent.py:129: error: Incompatible types in assignment (expression has type "None", variable has type "KnowledgeEngine")  [assignment]
src\core\base\BaseAgent.py:162: error: Function "LongTermMemory" could always be true in boolean context  [truthy-function]
src\core\base\BaseAgent.py:167: error: Function "SignalRegistry" could always be true in boolean context  [truthy-function]
src\core\base\BaseAgent.py:168: error: Function "ToolRegistry" could always be true in boolean context  [truthy-function]
src\core\base\BaseAgent.py:260: error: Name "strategy" already defined on line 228  [no-redef]
src\core\base\BaseAgent.py:260: error: "Callable[[BaseAgent], Any]" has no attribute "setter"  [attr-defined]
src\core\base\BaseAgent.py:275: error: Incompatible types in assignment (expression has type "GlobalContextEngine", variable has type "None")  [assignment]
src\core\base\BaseAgent.py:299: error: Property "strategy" defined in "BaseAgent" is read-only  [misc]
src\core\base\BaseAgent.py:322: error: "bool" is invalid as return type for "__exit__" that always returns False  [exit-return]
src\core\base\BaseAgent.py:322: note: Use "typing.Literal[False]" as the return type or change it to "None"
src\core\base\BaseAgent.py:322: note: If return type of "__exit__" implies that it may return True, the context manager may swallow exceptions
src\core\base\BaseAgent.py:398: error: Attribute "_state" already defined on line 138  [no-redef]
src\core\base\BaseAgent.py:400: error: Value of type "Coroutine[Any, Any, None]" must be used  [unused-coroutine]
src\core\base\BaseAgent.py:400: note: Are you missing an await?
src\core\base\BaseAgent.py:422: error: Attribute "_state" already defined on line 138  [no-redef]
src\core\base\BaseAgent.py:432: error: Attribute "_state" already defined on line 138  [no-redef]
src\core\base\BaseAgent.py:486: error: Argument 1 to "CycleInterrupt" has incompatible type "str | None"; expected "str"  [arg-type]
src\core\base\BaseAgent.py:617: error: Incompatible return value type (got "Coroutine[Any, Any, str]", expected "str")  [return-value]
src\core\base\BaseAgent.py:617: note: Maybe you forgot to use "await"?
src\logic\agents\system\CompressionAgent.py:48: error: Argument 1 to "as_tool" has incompatible type "Callable[[CompressionAgent, list[dict[str, str]], int], str]"; expected "int"  [arg-type]
src\logic\agents\system\CompressionAgent.py:83: error: Argument 1 to "as_tool" has incompatible type "Callable[[CompressionAgent, str], str]"; expected "int"  [arg-type]
src\logic\agents\system\CompressionAgent.py:94: error: Return type "str" of "improve_content" incompatible with return type "Coroutine[Any, Any, str]" in supertype "src.core.base.BaseAgent.BaseAgent"  [override]
src\logic\agents\system\MCPAgent.py:55: error: Argument 1 to "as_tool" has incompatible type "Callable[[MCPAgent], Coroutine[Any, Any, str]]"; expected "int"  [arg-type]
src\logic\agents\system\MCPAgent.py:76: error: Argument 1 to "as_tool" has incompatible type "Callable[[MCPAgent, str, str, dict[str, Any]], Coroutine[Any, Any, str]]"; expected "int"  [arg-type]
src\logic\agents\system\MCPAgent.py:97: error: Argument 1 to "as_tool" has incompatible type "Callable[[MCPAgent, str, list[str]], Coroutine[Any, Any, str]]"; expected "int"  [arg-type]
src\logic\agents\development\SecurityGuardAgent.py:113: error: Return type "str" of "improve_content" incompatible with return type "Coroutine[Any, Any, str]" in supertype "src.core.base.BaseAgent.BaseAgent"  [override]
src\logic\agents\cognitive\KnowledgeAgent.py:86: error: Incompatible types in assignment (expression has type "ClientAPI", variable has type "None")  [assignment]
src\logic\agents\cognitive\KnowledgeAgent.py:87: error: "None" has no attribute "get_or_create_collection"  [attr-defined]
src\logic\agents\cognitive\KnowledgeAgent.py:88: error: "None" has no attribute "get_or_create_collection"  [attr-defined]
src\logic\agents\cognitive\KnowledgeAgent.py:94: error: Missing return statement  [return]
src\logic\agents\cognitive\KnowledgeAgent.py:115: error: Missing return statement  [return]
src\logic\agents\cognitive\KnowledgeAgent.py:120: error: Return value expected  [return-value]
src\logic\agents\cognitive\KnowledgeAgent.py:131: error: "None" has no attribute "add"  [attr-defined]
src\logic\agents\cognitive\KnowledgeAgent.py:145: error: "None" has no attribute "query"  [attr-defined]
src\logic\agents\cognitive\KnowledgeAgent.py:159: error: Missing return statement  [return]
src\logic\agents\cognitive\KnowledgeAgent.py:163: error: Return value expected  [return-value]
src\logic\agents\cognitive\KnowledgeAgent.py:193: error: "None" has no attribute "upsert"  [attr-defined]
src\logic\agents\cognitive\KnowledgeAgent.py:206: error: "None" has no attribute "query"  [attr-defined]
src\logic\agents\cognitive\KnowledgeAgent.py:437: error: Incompatible types in assignment (expression has type "list[dict[str, Any]]", target has type "Sequence[str]")  [assignment]
src\logic\agents\cognitive\KnowledgeAgent.py:444: error: "str" has no attribute "get"  [attr-defined]
src\logic\agents\cognitive\KnowledgeAgent.py:451: error: "GraphContextEngine" has no attribute "get_neighbors"  [attr-defined]
src\logic\agents\cognitive\KnowledgeAgent.py:453: error: "Sequence[str]" has no attribute "append"  [attr-defined]
src\logic\agents\cognitive\KnowledgeAgent.py:462: error: "str" has no attribute "get"  [attr-defined]
src\logic\agents\cognitive\KnowledgeAgent.py:476: error: Argument 1 to "as_tool" has incompatible type "Callable[[KnowledgeAgent, str], str]"; expected "int"  [arg-type]
src\logic\agents\cognitive\KnowledgeAgent.py:519: error: Return type "str" of "improve_content" incompatible with return type "Coroutine[Any, Any, str]" in supertype "src.core.base.BaseAgent.BaseAgent"  [override]
src\logic\agents\cognitive\KnowledgeAgent.py:531: error: Incompatible return value type (got "Coroutine[Any, Any, str]", expected "str")  [return-value]
src\logic\agents\cognitive\KnowledgeAgent.py:531: note: Maybe you forgot to use "await"?
src\infrastructure\orchestration\SelfImprovementOrchestrator.py:64: error: Library stubs not installed for "requests"  [import-untyped]
src\infrastructure\orchestration\SelfImprovementOrchestrator.py:66: error: Incompatible types in assignment (expression has type "SelfImprovementCore", variable has type "BaseCore")  [assignment]
src\infrastructure\orchestration\SelfImprovementOrchestrator.py:102: error: Incompatible types in assignment (expression has type "Iterator[tuple[str, list[str], list[str]]]", variable has type "list[Any]")  [assignment]
src\infrastructure\orchestration\SelfImprovementOrchestrator.py:108: error: Unsupported operand types for + ("object" and "int")  [operator]
src\infrastructure\orchestration\SelfImprovementOrchestrator.py:111: error: Unsupported operand types for + ("object" and "int")  [operator]
src\infrastructure\orchestration\SelfImprovementOrchestrator.py:114: error: Unsupported operand types for + ("object" and "int")  [operator]
src\infrastructure\orchestration\SelfImprovementOrchestrator.py:126: error: "object" has no attribute "append"  [attr-defined]
src\infrastructure\orchestration\SelfImprovementOrchestrator.py:160: error: Missing return statement  [return]
src\infrastructure\orchestration\SelfImprovementOrchestrator.py:163: error: Return value expected  [return-value]
src\infrastructure\orchestration\SelfImprovementOrchestrator.py:224: error: "BaseCore" has no attribute "analyze_content"  [attr-defined]
src\infrastructure\orchestration\SelfImprovementOrchestrator.py:264: error: "BaseCore" has no attribute "generate_simple_fix"  [attr-defined]
src\infrastructure\fleet\RemoteAgentProxy.py:27: error: Library stubs not installed for "requests"  [import-untyped]
src\infrastructure\fleet\RemoteAgentProxy.py:132: error: Unexpected keyword argument "agent_name" for "record_interaction" of "LocalContextRecorder"  [call-arg]
src\infrastructure\backend\LocalContextRecorder.py: note: "record_interaction" of "LocalContextRecorder" defined here
src\infrastructure\fleet\RemoteAgentProxy.py:132: error: Unexpected keyword argument "tool_name" for "record_interaction" of "LocalContextRecorder"  [call-arg]
src\infrastructure\fleet\RemoteAgentProxy.py:132: error: Unexpected keyword argument "payload" for "record_interaction" of "LocalContextRecorder"  [call-arg]
src\infrastructure\fleet\RemoteAgentProxy.py:132: error: Unexpected keyword argument "response" for "record_interaction" of "LocalContextRecorder"  [call-arg]
src\infrastructure\fleet\RemoteAgentProxy.py:141: error: Return type "str" of "improve_content" incompatible with return type "Coroutine[Any, Any, str]" in supertype "src.core.base.BaseAgent.BaseAgent"  [override]
src\infrastructure\fleet\FleetLifecycleManager.py:52: error: Value of type "Coroutine[Any, Any, None]" must be used  [unused-coroutine]
src\infrastructure\fleet\FleetLifecycleManager.py:52: note: Are you missing an await?
src\infrastructure\fleet\FleetLifecycleManager.py:61: error: Value of type "Coroutine[Any, Any, None]" must be used  [unused-coroutine]
src\infrastructure\fleet\FleetLifecycleManager.py:61: note: Are you missing an await?
src\infrastructure\fleet\FleetLifecycleManager.py:71: error: Value of type "Coroutine[Any, Any, None]" must be used  [unused-coroutine]
src\infrastructure\fleet\FleetLifecycleManager.py:71: note: Are you missing an await?
src\infrastructure\fleet\AgentRegistry.py:46: error: Incompatible default for argument "registry_configs" (default has type "None", argument has type "dict[str, tuple[Any, ...]]")  [assignment]
src\infrastructure\fleet\AgentRegistry.py:46: note: PEP 484 prohibits implicit Optional. Accordingly, mypy has changed its default to no_implicit_optional=True
src\infrastructure\fleet\AgentRegistry.py:46: note: Use https://github.com/hauntsaninja/no_implicit_optional to automatically upgrade your codebase
src\infrastructure\fleet\AgentRegistry.py:164: error: Return type "list[str]" of "keys" incompatible with return type "dict_keys[Any, Any]" in supertype "builtins.dict"  [override]
src\infrastructure\fleet\AgentRegistry.py:164: error: Return type "list[str]" of "keys" incompatible with return type "KeysView[Any]" in supertype "typing.Mapping"  [override]
src\infrastructure\fleet\AgentRegistry.py:172: error: Return type "Iterable[str]" of "__iter__" incompatible with return type "Iterator[Any]" in supertype "builtins.dict"  [override]
src\infrastructure\fleet\AgentRegistry.py:172: error: Return type "Iterable[str]" of "__iter__" incompatible with return type "Iterator[Any]" in supertype "typing.Iterable"  [override]
src\infrastructure\fleet\AgentRegistry.py:178: error: Return type "list[tuple[str, Any]]" of "items" incompatible with return type "dict_items[Any, Any]" in supertype "builtins.dict"  [override]
src\infrastructure\fleet\AgentRegistry.py:178: error: Return type "list[tuple[str, Any]]" of "items" incompatible with return type "ItemsView[Any, Any]" in supertype "typing.Mapping"  [override]
src\infrastructure\fleet\AgentRegistry.py:181: error: Return type "list[Any]" of "values" incompatible with return type "dict_values[Any, Any]" in supertype "builtins.dict"  [override]
src\infrastructure\fleet\AgentRegistry.py:181: error: Return type "list[Any]" of "values" incompatible with return type "ValuesView[Any]" in supertype "typing.Mapping"  [override]
src\infrastructure\fleet\AgentRegistry.py:230: error: Name "importlib.ModuleType" is not defined  [name-defined]
src\infrastructure\fleet\AgentRegistry.py:315: error: Signature of "update" incompatible with supertype "typing.MutableMapping"  [override]
src\infrastructure\fleet\AgentRegistry.py:315: note:      Superclass:
src\infrastructure\fleet\AgentRegistry.py:315: note:          @overload
src\infrastructure\fleet\AgentRegistry.py:315: note:          def update(self, SupportsKeysAndGetItem[Any, Any], /) -> None
src\infrastructure\fleet\AgentRegistry.py:315: note:          @overload
src\infrastructure\fleet\AgentRegistry.py:315: note:          def update(self, SupportsKeysAndGetItem[str, Any], /, **kwargs: Any) -> None
src\infrastructure\fleet\AgentRegistry.py:315: note:          @overload
src\infrastructure\fleet\AgentRegistry.py:315: note:          def update(self, Iterable[tuple[Any, Any]], /) -> None
src\infrastructure\fleet\AgentRegistry.py:315: note:          @overload
src\infrastructure\fleet\AgentRegistry.py:315: note:          def update(self, Iterable[tuple[str, Any]], /, **kwargs: Any) -> None
src\infrastructure\fleet\AgentRegistry.py:315: note:          @overload
src\infrastructure\fleet\AgentRegistry.py:315: note:          def update(self, **kwargs: Any) -> None
src\infrastructure\fleet\AgentRegistry.py:315: note:      Subclass:
src\infrastructure\fleet\AgentRegistry.py:315: note:          def update(self, other: dict[str, Any]) -> None
src\infrastructure\fleet\FleetManager.py:278: error: Missing return statement  [return]
src\infrastructure\fleet\FleetManager.py:289: error: Return value expected  [return-value]
src\logic\agents\swarm\OrchestratorFeatures.py:266: error: "HealthChecker" has no attribute "print_report"  [attr-defined]
src\logic\agents\swarm\OrchestratorFeatures.py:277: error: Argument 1 to "contextmanager" has incompatible type "Callable[[OrchestratorFeatures, str], bool]"; expected "Callable[[OrchestratorFeatures, str], Iterator[Never]]"  [arg-type]
src\logic\agents\swarm\OrchestratorFeatures.py:278: error: The return type of a generator function should be "Generator" or one of its supertypes  [misc]
src\logic\agents\swarm\OrchestratorFeatures.py:316: error: "OrchestratorFeatures" has no attribute "update_errors_improvements"  [attr-defined]
src\logic\agents\swarm\OrchestratorFeatures.py:319: error: "OrchestratorFeatures" has no attribute "update_code"  [attr-defined]
src\logic\agents\swarm\OrchestratorFeatures.py:321: error: "OrchestratorFeatures" has no attribute "update_changelog_context_tests"  [attr-defined]
src\logic\agents\swarm\OrchestratorFeatures.py:351: error: "OrchestratorFeatures" has no attribute "find_code_files"  [attr-defined]
src\logic\agents\swarm\OrchestratorFeatures.py:359: error: "OrchestratorFeatures" has no attribute "process_files_multiprocessing"  [attr-defined]
src\logic\agents\swarm\OrchestratorFeatures.py:362: error: "OrchestratorFeatures" has no attribute "async_process_files"; maybe "process_file"?  [attr-defined]
src\logic\agents\swarm\OrchestratorFeatures.py:365: error: "OrchestratorFeatures" has no attribute "process_files_threaded"  [attr-defined]
src\logic\agents\swarm\OrchestratorFeatures.py:369: error: "OrchestratorFeatures" has no attribute "execute_callbacks"  [attr-defined]
src\logic\agents\swarm\OrchestratorFeatures.py:369: error: "OrchestratorFeatures" has no attribute "metrics"  [attr-defined]
src\logic\agents\swarm\OrchestratorFeatures.py:370: error: "OrchestratorFeatures" has no attribute "send_webhook_notification"  [attr-defined]
src\logic\agents\swarm\OrchestratorFeatures.py:370: error: "OrchestratorFeatures" has no attribute "metrics"  [attr-defined]
src\logic\agents\swarm\OrchestratorFeatures.py:398: error: "OrchestratorFeatures" has no attribute "_check_files_ready"  [attr-defined]
src\logic\agents\swarm\OrchestratorFeatures.py:452: error: "OrchestratorFeatures" has no attribute "find_code_files"  [attr-defined]
src\logic\agents\swarm\OrchestratorFeatures.py:462: error: "OrchestratorFeatures" has no attribute "execute_callbacks"  [attr-defined]
src\logic\agents\swarm\OrchestratorFeatures.py:462: error: "OrchestratorFeatures" has no attribute "metrics"  [attr-defined]
src\logic\agents\swarm\OrchestratorFeatures.py:463: error: "OrchestratorFeatures" has no attribute "send_webhook_notification"  [attr-defined]
src\logic\agents\swarm\OrchestratorFeatures.py:463: error: "OrchestratorFeatures" has no attribute "metrics"  [attr-defined]
src\interface\ui\gui\dashboard_server.py:241: error: "object" has no attribute "exists"  [attr-defined]
src\interface\ui\gui\dashboard_server.py:241: error: "object" has no attribute "is_dir"  [attr-defined]
src\interface\ui\gui\dashboard_server.py:242: error: "object" has no attribute "iterdir"  [attr-defined]
tests\unit\logic\conftest.py:101: error: Cannot assign to a method  [method-assign]
tests\unit\logic\conftest.py:269: error: Variable "BaseAgentClass" is not valid as a type  [valid-type]
tests\unit\logic\conftest.py:269: note: See https://mypy.readthedocs.io/en/stable/common_issues.html#variables-vs-type-aliases
tests\unit\logic\conftest.py:269: error: Invalid base class "BaseAgentClass"  [misc]
tests\unit\logic\conftest.py:309: error: Incompatible types in assignment (expression has type "None", variable has type "set[Any]")  [assignment]
tests\unit\logic\conftest.py:326: error: "None" has no attribute "config"  [attr-defined]
tests\unit\logic\conftest.py:328: error: "None" has no attribute "config"  [attr-defined]
tests\unit\logic\conftest.py:339: error: "None" has no attribute "lock_timeout"  [attr-defined]
tests\unit\test_utils\__init__.py:66: error: Incompatible import of "TestTestStatusEnum" (imported name has type "type[tests.unit.test_utils.test_test_utils_COMPREHENSIVE_UNIT.TestTestStatusEnum]", local name has type "type[tests.unit.test_utils.test_test_utils_UNIT.TestTestStatusEnum]")  [assignment]
tests\unit\infrastructure\test_strategies.py:24: error: Cannot assign to a method  [method-assign]
tests\unit\infrastructure\test_strategies.py:31: error: Cannot assign to a method  [method-assign]
tests\unit\infrastructure\test_strategies.py:42: error: "Callable[[str, str, str], Coroutine[Any, Any, str]]" has no attribute "assert_called_once"  [attr-defined]
tests\unit\infrastructure\test_strategies.py:43: error: "Callable[[str, str, str], Coroutine[Any, Any, str]]" has no attribute "call_args"  [attr-defined]
tests\unit\infrastructure\test_strategies.py:53: error: "Callable[[str, str, str], Coroutine[Any, Any, str]]" has no attribute "call_count"  [attr-defined]
tests\unit\infrastructure\test_strategies.py:56: error: "Callable[[str, str, str], Coroutine[Any, Any, str]]" has no attribute "call_args_list"  [attr-defined]
tests\unit\infrastructure\test_strategies.py:60: error: "Callable[[str, str, str], Coroutine[Any, Any, str]]" has no attribute "call_args_list"  [attr-defined]
tests\unit\infrastructure\test_strategies.py:90: error: Cannot assign to a method  [method-assign]
tests\unit\infrastructure\test_orchestrator_resilience.py:26: error: Argument 1 to "get_orchestrator_map" of "OrchestratorRegistry" has incompatible type "MockFleet"; expected "FleetManager"  [arg-type]
tests\unit\infrastructure\test_orchestrator_resilience.py:50: error: Name "is_in_manifest" already defined on line 39  [no-redef]
tests\unit\core\test_knowledge_graph.py:29: error: Argument 1 to "KnowledgeAgent" has incompatible type "Path"; expected "str | None"  [arg-type]
tests\phases\test_phase35.py:52: error: Value of type "Coroutine[Any, Any, None]" must be used  [unused-coroutine]
tests\phases\test_phase35.py:52: note: Are you missing an await?
tests\community\test_community_orchestrator.py:25: error: Argument 1 to "get_orchestrator_map" of "OrchestratorRegistry" has incompatible type "MockFleet"; expected "FleetManager"  [arg-type]
src\observability\stats\agents.py:37: error: Argument 1 to "record" of "StatsCore" has incompatible type "src.observability.stats.observability_core.Metric"; expected "src.observability.stats.metrics.Metric"  [arg-type]
src\observability\stats\agents.py:111: error: Too many arguments for "__init__" of "BaseAgent"  [call-arg]
src\observability\stats\TransparencyAgent.py:47: error: Argument 1 to "as_tool" has incompatible type "Callable[[TransparencyAgent, str | None], str]"; expected "int"  [arg-type]
src\observability\stats\TransparencyAgent.py:95: error: Return type "str" of "improve_content" incompatible with return type "Coroutine[Any, Any, str]" in supertype "src.core.base.BaseAgent.BaseAgent"  [override]
src\observability\improvements\ImprovementManager.py:252: error: "type[ImprovementStatus]" has no attribute "PENDING"  [attr-defined]
src\observability\improvements\ImprovementManager.py:255: error: Name "total" is not defined  [name-defined]
src\observability\improvements\ImprovementsAgent.py:316: error: "ImprovementsAgent" has no attribute "save_to_file"  [attr-defined]
src\observability\improvements\ImprovementsAgent.py:512: error: Return type "str" of "improve_content" incompatible with return type "Coroutine[Any, Any, str]" in supertype "src.core.base.BaseAgent.BaseAgent"  [override]
src\observability\improvements\ImprovementsAgent.py:528: error: Incompatible return value type (got "Coroutine[Any, Any, str]", expected "str")  [return-value]
src\observability\improvements\ImprovementsAgent.py:528: note: Maybe you forgot to use "await"?
src\observability\errors\ErrorsAgent.py:452: error: Return type "str" of "improve_content" incompatible with return type "Coroutine[Any, Any, str]" in supertype "src.core.base.BaseAgent.BaseAgent"  [override]
src\observability\errors\ErrorsAgent.py:459: error: Incompatible return value type (got "Coroutine[Any, Any, str]", expected "str")  [return-value]
src\observability\errors\ErrorsAgent.py:459: note: Maybe you forgot to use "await"?
src\logic\agents\system\TopologicalNavigator.py:62: error: Argument 1 to "as_tool" has incompatible type "Callable[[TopologicalNavigator, str], str]"; expected "int"  [arg-type]
src\logic\agents\system\TopologicalNavigator.py:119: error: Argument 1 to "as_tool" has incompatible type "Callable[[TopologicalNavigator, str], str]"; expected "int"  [arg-type]
src\logic\agents\system\TopologicalNavigator.py:138: error: Argument 1 to "as_tool" has incompatible type "Callable[[TopologicalNavigator, str, int], dict[str, Any]]"; expected "int"  [arg-type]
src\logic\agents\system\TopologicalNavigator.py:175: error: Argument 1 to "as_tool" has incompatible type "Callable[[TopologicalNavigator], list[str]]"; expected "int"  [arg-type]
src\logic\agents\system\TemporalShardAgent.py:47: error: Argument 1 to "as_tool" has incompatible type "Callable[[TemporalShardAgent, str, str], str]"; expected "int"  [arg-type]
src\logic\agents\system\TemporalShardAgent.py:57: error: Argument 1 to "as_tool" has incompatible type "Callable[[TemporalShardAgent, str], bool]"; expected "int"  [arg-type]
src\logic\agents\system\TemporalPredictorAgent.py:69: error: Missing return statement  [return]
src\logic\agents\system\TemporalPredictorAgent.py:77: error: Argument 1 to "as_tool" has incompatible type "Callable[[TemporalPredictorAgent, str, str, dict[str, Any]], str]"; expected "int"  [arg-type]
src\logic\agents\system\TemporalPredictorAgent.py:92: error: Argument 1 to "as_tool" has incompatible type "Callable[[TemporalPredictorAgent], dict[str, Any]]"; expected "int"  [arg-type]
src\logic\agents\system\TemporalPredictorAgent.py:126: error: Argument 1 to "as_tool" has incompatible type "Callable[[TemporalPredictorAgent, str], str]"; expected "int"  [arg-type]
src\logic\agents\system\TemporalPredictorAgent.py:137: error: Return type "str" of "improve_content" incompatible with return type "Coroutine[Any, Any, str]" in supertype "src.core.base.BaseAgent.BaseAgent"  [override]
src\logic\agents\system\SelfArchivingAgent.py:49: error: Argument 1 to "as_tool" has incompatible type "Callable[[SelfArchivingAgent, int], list[str]]"; expected "int"  [arg-type]
src\logic\agents\system\SelfArchivingAgent.py:62: error: Argument 1 to "as_tool" has incompatible type "Callable[[SelfArchivingAgent, list[str]], str]"; expected "int"  [arg-type]
src\logic\agents\system\SelfArchivingAgent.py:80: error: Return type "str" of "improve_content" incompatible with return type "Coroutine[Any, Any, str]" in supertype "src.core.base.BaseAgent.BaseAgent"  [override]
src\logic\agents\system\RewardModelAgent.py:49: error: Argument 1 to "as_tool" has incompatible type "Callable[[RewardModelAgent, str, dict[str, str]], Coroutine[Any, Any, dict[str, Any]]]"; expected "int"  [arg-type]
src\logic\agents\system\RewardModelAgent.py:111: error: Argument "key" to "sorted" has incompatible type overloaded function; expected "Callable[[str], SupportsDunderLT[Any] | SupportsDunderGT[Any]]"  [arg-type]
src\logic\agents\system\ResilienceAgent.py:55: error: Incompatible types in assignment (expression has type "LocalContextRecorder | None", variable has type "LocalContextRecorder")  [assignment]
src\logic\agents\system\ResilienceAgent.py:57: error: Signature of "_record" incompatible with supertype "src.core.base.BaseAgent.BaseAgent"  [override]
src\logic\agents\system\ResilienceAgent.py:57: note:      Superclass:
src\logic\agents\system\ResilienceAgent.py:57: note:          def _record(self, prompt: str, result: str, provider: str = ..., model: str = ..., meta: dict[str, Any] | None = ...) -> None
src\logic\agents\system\ResilienceAgent.py:57: note:      Subclass:
src\logic\agents\system\ResilienceAgent.py:57: note:          def _record(self, event_type: str, details: Any) -> None
src\logic\agents\system\ResilienceAgent.py:66: error: Argument 1 to "as_tool" has incompatible type "Callable[[ResilienceAgent, str, str], bool]"; expected "int"  [arg-type]
src\logic\agents\system\ResilienceAgent.py:76: error: Argument 1 to "as_tool" has incompatible type "Callable[[ResilienceAgent], dict[str, Any]]"; expected "int"  [arg-type]
src\logic\agents\system\QuantumMemoryAgent.py:56: error: Argument 1 to "as_tool" has incompatible type "Callable[[QuantumMemoryAgent, str, float], str]"; expected "int"  [arg-type]
src\logic\agents\system\QuantumMemoryAgent.py:78: error: Argument 1 to "as_tool" has incompatible type "Callable[[QuantumMemoryAgent, str], str]"; expected "int"  [arg-type]
src\logic\agents\system\QuantumMemoryAgent.py:101: error: Argument 1 to "as_tool" has incompatible type "Callable[[QuantumMemoryAgent], str]"; expected "int"  [arg-type]
src\logic\agents\system\QuantumMemoryAgent.py:116: error: Return type "str" of "improve_content" incompatible with return type "Coroutine[Any, Any, str]" in supertype "src.core.base.BaseAgent.BaseAgent"  [override]
src\logic\agents\system\PerformanceProfilingAgent.py:51: error: Unsupported target for indexed assignment ("object")  [index]
src\logic\agents\system\NeuralAnchorAgent.py:48: error: Argument 1 to "as_tool" has incompatible type "Callable[[NeuralAnchorAgent, str, str, str], str]"; expected "int"  [arg-type]
src\logic\agents\system\NeuralAnchorAgent.py:60: error: Argument 1 to "as_tool" has incompatible type "Callable[[NeuralAnchorAgent, str, list[str]], dict[str, Any]]"; expected "int"  [arg-type]
src\logic\agents\system\NeuralAnchorAgent.py:80: error: Unsupported operand types for > ("str" and "float")  [operator]
src\logic\agents\system\NeuralAnchorAgent.py:80: note: Left operand is of type "float | int | str"
src\logic\agents\system\NeuralAnchorAgent.py:87: error: Argument 1 to "as_tool" has incompatible type "Callable[[NeuralAnchorAgent, list[str], list[str]], list[dict[str, Any]]]"; expected "int"  [arg-type]
src\logic\agents\system\MultiModalContextAgent.py:31: error: Library stubs not installed for "pyautogui"  [import-untyped]
src\logic\agents\system\MultiModalContextAgent.py:31: note: Hint: "python3 -m pip install types-PyAutoGUI"
src\logic\agents\system\MultiModalContextAgent.py:40: error: Library stubs not installed for "pynput"  [import-untyped]
src\logic\agents\system\MultiModalContextAgent.py:40: note: Hint: "python3 -m pip install types-pynput"
src\logic\agents\system\MultiModalContextAgent.py:67: error: Argument 1 to "as_tool" has incompatible type "Callable[[MultiModalContextAgent, str], str]"; expected "int"  [arg-type]
src\logic\agents\system\MultiModalContextAgent.py:82: error: Argument 1 to "as_tool" has incompatible type "Callable[[MultiModalContextAgent, str, str], str]"; expected "int"  [arg-type]
src\logic\agents\system\MultiModalContextAgent.py:120: error: Argument 1 to "as_tool" has incompatible type "Callable[[MultiModalContextAgent, str], str]"; expected "int"  [arg-type]
src\logic\agents\system\MultiModalContextAgent.py:128: error: Cannot find implementation or library stub for module named "pytesseract"  [import-not-found]
src\logic\agents\system\MultiModalContextAgent.py:138: error: Cannot find implementation or library stub for module named "easyocr"  [import-not-found]
src\logic\agents\system\MultiModalContextAgent.py:168: error: Argument 1 to "as_tool" has incompatible type "Callable[[MultiModalContextAgent, str, dict[str, Any]], str]"; expected "int"  [arg-type]
src\logic\agents\system\MultiModalContextAgent.py:208: error: Argument 1 to "as_tool" has incompatible type "Callable[[MultiModalContextAgent], str]"; expected "int"  [arg-type]
src\logic\agents\system\MultiModalContextAgent.py:215: error: Incompatible types in assignment (expression has type "float", variable has type "int")  [assignment]
src\logic\agents\system\MultiModalContextAgent.py:217: error: Missing return statement  [return]
src\logic\agents\system\MultiModalContextAgent.py:227: error: Missing return statement  [return]
src\logic\agents\system\MultiModalContextAgent.py:241: error: "None" has no attribute "start"  [attr-defined]
src\logic\agents\system\MultiModalContextAgent.py:242: error: "None" has no attribute "start"  [attr-defined]
src\logic\agents\system\MultiModalContextAgent.py:246: error: Argument 1 to "as_tool" has incompatible type "Callable[[MultiModalContextAgent], str]"; expected "int"  [arg-type]
src\logic\agents\system\MultiModalContextAgent.py:264: error: Argument 1 to "as_tool" has incompatible type "Callable[[MultiModalContextAgent], str]"; expected "int"  [arg-type]
src\logic\agents\system\MultiModalContextAgent.py:313: error: Return type "str" of "improve_content" incompatible with return type "Coroutine[Any, Any, str]" in supertype "src.core.base.BaseAgent.BaseAgent"  [override]
src\logic\agents\system\MorphologicalEvolutionAgent.py:43: error: Incompatible types in assignment (expression has type "MorphologyCore", variable has type "BaseCore")  [assignment]
src\logic\agents\system\MorphologicalEvolutionAgent.py:49: error: "BaseCore" has no attribute "encode_agent_dna"  [attr-defined]
src\logic\agents\system\MorphologicalEvolutionAgent.py:60: error: "BaseCore" has no attribute "calculate_path_overlap"  [attr-defined]
src\logic\agents\system\MorphologicalEvolutionAgent.py:66: error: Argument 1 to "as_tool" has incompatible type "Callable[[MorphologicalEvolutionAgent, str, list[dict[str, Any]]], dict[str, Any]]"; expected "int"  [arg-type]
src\logic\agents\system\MorphologicalEvolutionAgent.py:95: error: Return type "str" of "improve_content" incompatible with return type "Coroutine[Any, Any, str]" in supertype "src.core.base.BaseAgent.BaseAgent"  [override]
src\logic\agents\system\ModelOptimizerAgent.py:159: error: Return type "str" of "improve_content" incompatible with return type "Coroutine[Any, Any, str]" in supertype "src.core.base.BaseAgent.BaseAgent"  [override]
src\logic\agents\system\ModelOptimizerAgent.py:180: error: Missing positional arguments "description", "context_help" in call to "create_main_function"  [call-arg]
src\logic\agents\system\ModelForgeAgent.py:55: error: Incompatible types in assignment (expression has type "ModelRegistryCore", variable has type "SignalRegistry | None")  [assignment]
src\logic\agents\system\ModelForgeAgent.py:66: error: Item "SignalRegistry" of "SignalRegistry | None" has no attribute "should_trigger_finetuning"  [union-attr]
src\logic\agents\system\ModelForgeAgent.py:66: error: Item "None" of "SignalRegistry | None" has no attribute "should_trigger_finetuning"  [union-attr]
src\logic\agents\system\ModelForgeAgent.py:71: error: Argument 1 to "as_tool" has incompatible type "Callable[[ModelForgeAgent, str, list[dict[str, str]]], Coroutine[Any, Any, str]]"; expected "int"  [arg-type]
src\logic\agents\system\ModelForgeAgent.py:91: error: Argument 1 to "as_tool" has incompatible type "Callable[[ModelForgeAgent, str, dict[str, Any]], Coroutine[Any, Any, str]]"; expected "int"  [arg-type]
src\logic\agents\system\ModelForgeAgent.py:114: error: Argument 1 to "as_tool" has incompatible type "Callable[[ModelForgeAgent, str, str], Coroutine[Any, Any, str]]"; expected "int"  [arg-type]
src\logic\agents\system\ModelForgeAgent.py:144: error: Argument 1 to "as_tool" has incompatible type "Callable[[ModelForgeAgent, str], Coroutine[Any, Any, str]]"; expected "int"  [arg-type]
src\logic\agents\system\MessagingAgent.py:48: error: Argument 1 to "as_tool" has incompatible type "Callable[[MessagingAgent, str, str, str], Coroutine[Any, Any, str]]"; expected "int"  [arg-type]
src\logic\agents\system\MessagingAgent.py:78: error: Argument 1 to "as_tool" has incompatible type "Callable[[MessagingAgent, str], Coroutine[Any, Any, list[dict[str, Any]]]]"; expected "int"  [arg-type]
src\logic\agents\system\MessagingAgent.py:88: error: Argument 1 to "as_tool" has incompatible type "Callable[[MessagingAgent, str], Coroutine[Any, Any, str]]"; expected "int"  [arg-type]
src\logic\agents\system\LoggingAgent.py:54: error: Argument 1 to "as_tool" has incompatible type "Callable[[LoggingAgent, str | None, str | None, int], Coroutine[Any, Any, str]]"; expected "int"  [arg-type]
src\logic\agents\system\LoggingAgent.py:75: error: Argument 1 to "as_tool" has incompatible type "Callable[[LoggingAgent, str, str, str, dict[str, Any] | None], Coroutine[Any, Any, str]]"; expected "int"  [arg-type]
src\logic\agents\system\LoggingAgent.py:99: error: Missing return statement  [return]
src\logic\agents\system\LoggingAgent.py:120: error: Argument 1 to "as_tool" has incompatible type "Callable[[LoggingAgent], Coroutine[Any, Any, str]]"; expected "int"  [arg-type]
src\logic\agents\system\LoggingAgent.py:125: error: Argument 1 to "as_tool" has incompatible type "Callable[[LoggingAgent], list[dict[str, Any]]]"; expected "int"  [arg-type]
src\logic\agents\system\KernelAgent.py:56: error: Argument 1 to "as_tool" has incompatible type "Callable[[KernelAgent], Coroutine[Any, Any, str]]"; expected "int"  [arg-type]
src\logic\agents\system\KernelAgent.py:72: error: Argument 1 to "as_tool" has incompatible type "Callable[[KernelAgent, str], Coroutine[Any, Any, str]]"; expected "int"  [arg-type]
src\logic\agents\system\KernelAgent.py:81: error: Argument 1 to "as_tool" has incompatible type "Callable[[KernelAgent, str, bool], Coroutine[Any, Any, str]]"; expected "int"  [arg-type]
src\logic\agents\system\ExternalAIRecorderAgent.py:55: error: Argument 1 to "as_tool" has incompatible type "Callable[[ExternalAIRecorderAgent, str, str, str, str], str]"; expected "int"  [arg-type]
src\logic\agents\system\ExternalAIRecorderAgent.py:105: error: Argument 1 to "as_tool" has incompatible type "Callable[[ExternalAIRecorderAgent], str]"; expected "int"  [arg-type]
src\logic\agents\system\ExternalAIRecorderAgent.py:115: error: Return type "str" of "improve_content" incompatible with return type "Coroutine[Any, Any, str]" in supertype "src.core.base.BaseAgent.BaseAgent"  [override]
src\logic\agents\system\CoreExpansionAgent.py:49: error: Argument 1 to "as_tool" has incompatible type "Callable[[CoreExpansionAgent, str], str]"; expected "int"  [arg-type]
src\logic\agents\system\CoreExpansionAgent.py:80: error: Argument 1 to "as_tool" has incompatible type "Callable[[CoreExpansionAgent], list[str]]"; expected "int"  [arg-type]
src\logic\agents\system\ConfigAgent.py:28: error: Library stubs not installed for "yaml"  [import-untyped]
src\logic\agents\system\ConfigAgent.py:50: error: Argument 1 to "as_tool" has incompatible type "Callable[[ConfigAgent], str]"; expected "int"  [arg-type]
src\logic\agents\system\ConfigAgent.py:64: error: Argument 1 to "as_tool" has incompatible type "Callable[[ConfigAgent], str]"; expected "int"  [arg-type]
src\logic\agents\system\ConfigAgent.py:83: error: Return type "str" of "improve_content" incompatible with return type "Coroutine[Any, Any, str]" in supertype "src.core.base.BaseAgent.BaseAgent"  [override]
src\logic\agents\system\CloudProviderAgent.py:78: error: Argument "key" to "min" has incompatible type overloaded function; expected "Callable[[str], SupportsDunderLT[Any] | SupportsDunderGT[Any]]"  [arg-type]
src\logic\agents\swarm\ResourceForecastingAgent.py:50: error: Incompatible return value type (got "dict[str, float]", expected "str")  [return-value]
src\logic\agents\swarm\ResourceCurationAgent.py:50: error: Argument 1 to "as_tool" has incompatible type "Callable[[ResourceCurationAgent, str, str, str | None, list[str] | None], str]"; expected "int"  [arg-type]
src\logic\agents\swarm\ResourceCurationAgent.py:69: error: Argument 1 to "as_tool" has incompatible type "Callable[[ResourceCurationAgent, list[str]], str]"; expected "int"  [arg-type]
src\logic\agents\swarm\ResourceCurationAgent.py:105: error: Return type "str" of "improve_content" incompatible with return type "Coroutine[Any, Any, str]" in supertype "src.core.base.BaseAgent.BaseAgent"  [override]
src\logic\agents\swarm\PatternOrchestrator.py:59: error: Unsupported operand types for < ("int" and "str")  [operator]
src\logic\agents\swarm\PatternOrchestrator.py:59: note: Right operand is of type "str | int"
src\logic\agents\swarm\PatternOrchestrator.py:59: error: Unsupported operand types for <= ("str" and "int")  [operator]
src\logic\agents\swarm\PatternOrchestrator.py:59: note: Left operand is of type "str | int"
src\logic\agents\swarm\PatternOrchestrator.py:82: error: Argument 1 to "as_tool" has incompatible type "Callable[[PatternOrchestrator, str], str]"; expected "int"  [arg-type]
src\logic\agents\swarm\PatternOrchestrator.py:92: error: Argument 1 to "as_tool" has incompatible type "Callable[[PatternOrchestrator], str]"; expected "int"  [arg-type]
src\logic\agents\swarm\PatternOrchestrator.py:108: error: Too many arguments for "AgentDelegator"  [call-arg]
src\logic\agents\swarm\PatternOrchestrator.py:115: error: Unexpected keyword argument "task" for "delegate" of "AgentDelegator"  [call-arg]
src\core\base\delegation.py:44: note: "delegate" of "AgentDelegator" defined here
src\logic\agents\swarm\PatternOrchestrator.py:102: error: Argument 1 to "as_tool" has incompatible type "Callable[[PatternOrchestrator, str, list[str]], str]"; expected "int"  [arg-type]
src\logic\agents\swarm\PatternOrchestrator.py:128: error: Too many arguments for "AgentDelegator"  [call-arg]
src\logic\agents\swarm\PatternOrchestrator.py:132: error: Unexpected keyword argument "task" for "delegate" of "AgentDelegator"  [call-arg]
src\logic\agents\swarm\PatternOrchestrator.py:133: error: Unexpected keyword argument "task" for "delegate" of "AgentDelegator"  [call-arg]
src\logic\agents\swarm\PatternOrchestrator.py:136: error: Unexpected keyword argument "task" for "delegate" of "AgentDelegator"  [call-arg]
src\logic\agents\swarm\PatternOrchestrator.py:122: error: Argument 1 to "as_tool" has incompatible type "Callable[[PatternOrchestrator, str, str, str], str]"; expected "int"  [arg-type]
src\logic\agents\swarm\PatternOrchestrator.py:148: error: Argument 1 to "as_tool" has incompatible type "Callable[[PatternOrchestrator, str, list[str]], str]"; expected "int"  [arg-type]
src\logic\agents\swarm\PatternOrchestrator.py:164: error: Argument 1 to "as_tool" has incompatible type "Callable[[PatternOrchestrator, str, list[str]], str]"; expected "int"  [arg-type]
src\logic\agents\swarm\PatternOrchestrator.py:187: error: Too many arguments for "AgentDelegator"  [call-arg]
src\logic\agents\swarm\PatternOrchestrator.py:203: error: Unexpected keyword argument "task" for "delegate" of "AgentDelegator"  [call-arg]
src\logic\agents\swarm\PatternOrchestrator.py:210: error: Unexpected keyword argument "task" for "delegate" of "AgentDelegator"  [call-arg]
src\logic\agents\swarm\PatternOrchestrator.py:173: error: Argument 1 to "as_tool" has incompatible type "Callable[[PatternOrchestrator, str, int], str]"; expected "int"  [arg-type]
src\logic\agents\swarm\PatternOrchestrator.py:214: error: Argument 1 to "as_tool" has incompatible type "Callable[[PatternOrchestrator, str], str]"; expected "int"  [arg-type]
src\logic\agents\swarm\PatternOrchestrator.py:221: error: Return type "str" of "improve_content" incompatible with return type "Coroutine[Any, Any, str]" in supertype "src.core.base.BaseAgent.BaseAgent"  [override]
src\logic\agents\swarm\FleetDeployerAgent.py:54: error: Argument 1 to "as_tool" has incompatible type "Callable[[FleetDeployerAgent, str, str], Coroutine[Any, Any, str]]"; expected "int"  [arg-type]
src\logic\agents\swarm\FleetDeployerAgent.py:100: error: Missing return statement  [return]
src\logic\agents\swarm\FleetDeployerAgent.py:109: error: Argument 1 to "as_tool" has incompatible type "Callable[[FleetDeployerAgent, str, str], Coroutine[Any, Any, str]]"; expected "int"  [arg-type]
src\logic\agents\swarm\FleetDeployerAgent.py:123: error: Name "time" is not defined  [name-defined]
src\logic\agents\swarm\FleetDeployerAgent.py:128: error: Missing return statement  [return]
src\logic\agents\swarm\FleetDeployerAgent.py:136: error: Argument 1 to "as_tool" has incompatible type "Callable[[FleetDeployerAgent], Coroutine[Any, Any, list[str]]]"; expected "int"  [arg-type]
src\logic\agents\swarm\FleetDeployerAgent.py:152: error: Incompatible return value type (got "list[Any]", expected "str")  [return-value]
src\logic\agents\swarm\FleetDeployerAgent.py:154: error: Argument 1 to "to_thread" has incompatible type "Callable[[], str]"; expected "Callable[[], list[str]]"  [arg-type]
src\logic\agents\swarm\FleetDeployerAgent.py:156: error: Argument 1 to "as_tool" has incompatible type "Callable[[FleetDeployerAgent, str, int], Coroutine[Any, Any, str]]"; expected "int"  [arg-type]
src\logic\agents\swarm\FleetDeployerAgent.py:166: error: Argument 1 to "as_tool" has incompatible type "Callable[[FleetDeployerAgent, str, str], Coroutine[Any, Any, str]]"; expected "int"  [arg-type]
src\logic\agents\swarm\ChangesAgent.py:526: error: Return type "str" of "improve_content" incompatible with return type "Coroutine[Any, Any, str]" in supertype "src.core.base.BaseAgent.BaseAgent"  [override]
src\logic\agents\swarm\ChangesAgent.py:563: error: Module "src.core.base.BaseAgent" has no attribute "entrypoint"  [attr-defined]
src\logic\agents\specialized\asynciothreadingCoderAgent.py:20: error: Signature of "think" incompatible with supertype "src.core.base.BaseAgent.BaseAgent"  [override]
src\logic\agents\specialized\asynciothreadingCoderAgent.py:20: note:      Superclass:
src\logic\agents\specialized\asynciothreadingCoderAgent.py:20: note:          def think(self, prompt: str, system_prompt: str | None = ...) -> str
src\logic\agents\specialized\asynciothreadingCoderAgent.py:20: note:      Subclass:
src\logic\agents\specialized\asynciothreadingCoderAgent.py:20: note:          def think(self) -> str
src\logic\agents\specialized\PrivacyGuardAgent.py:30: error: Argument 1 to "as_tool" has incompatible type "Callable[[PrivacyGuardAgent, str], Coroutine[Any, Any, list[dict[str, Any]]]]"; expected "int"  [arg-type]
src\logic\agents\specialized\LegalAuditAgent.py:42: error: Argument 1 to "as_tool" has incompatible type "Callable[[LegalAuditAgent, str], Coroutine[Any, Any, dict[str, Any]]]"; expected "int"  [arg-type]
src\logic\agents\specialized\LegalAuditAgent.py:46: error: Need type annotation for "results"  [var-annotated]
src\logic\agents\specialized\GraphRelationalAgent.py:19: error: Argument 1 to "as_tool" has incompatible type "Callable[[GraphRelationalAgent, str, str, dict[str, Any]], Coroutine[Any, Any, str]]"; expected "int"  [arg-type]
src\logic\agents\specialized\GraphRelationalAgent.py:20: error: Incompatible default for argument "props" (default has type "None", argument has type "dict[str, Any]")  [assignment]
src\logic\agents\specialized\GraphRelationalAgent.py:20: note: PEP 484 prohibits implicit Optional. Accordingly, mypy has changed its default to no_implicit_optional=True
src\logic\agents\specialized\GraphRelationalAgent.py:20: note: Use https://github.com/hauntsaninja/no_implicit_optional to automatically upgrade your codebase
src\logic\agents\specialized\GraphRelationalAgent.py:26: error: Argument 1 to "as_tool" has incompatible type "Callable[[GraphRelationalAgent, str, str, str], Coroutine[Any, Any, str]]"; expected "int"  [arg-type]
src\logic\agents\specialized\GraphRelationalAgent.py:31: error: Argument 1 to "as_tool" has incompatible type "Callable[[GraphRelationalAgent, str], Coroutine[Any, Any, list[dict[str, Any]]]]"; expected "int"  [arg-type]
src\logic\agents\specialized\FinancialAgent.py:29: error: Argument 1 to "as_tool" has incompatible type "Callable[[FinancialAgent, dict[str, Any]], Coroutine[Any, Any, dict[str, Any]]]"; expected "int"  [arg-type]
src\logic\agents\security\ImmuneSystemAgent.py:64: error: Argument 1 to "as_tool" has incompatible type "Callable[[ImmuneSystemAgent, str, str], str]"; expected "int"  [arg-type]
src\logic\agents\security\ImmuneSystemAgent.py:84: error: Argument 1 to "as_tool" has incompatible type "Callable[[ImmuneSystemAgent, str], dict[str, Any]]"; expected "int"  [arg-type]
src\logic\agents\security\ImmuneSystemAgent.py:108: error: Argument 1 to "as_tool" has incompatible type "Callable[[ImmuneSystemAgent, list[dict[str, Any]]], str]"; expected "int"  [arg-type]
src\logic\agents\security\ImmuneSystemAgent.py:125: error: Argument 1 to "as_tool" has incompatible type "Callable[[ImmuneSystemAgent, str], str]"; expected "int"  [arg-type]
src\logic\agents\security\ImmuneSystemAgent.py:134: error: Argument 1 to "as_tool" has incompatible type "Callable[[ImmuneSystemAgent, str], str]"; expected "int"  [arg-type]
src\logic\agents\security\ImmuneSystemAgent.py:174: error: Return type "str" of "improve_content" incompatible with return type "Coroutine[Any, Any, str]" in supertype "src.core.base.BaseAgent.BaseAgent"  [override]
src\logic\agents\security\HoneypotAgent.py:42: error: Incompatible types in assignment (expression has type "RedQueenCore", variable has type "BaseCore")  [assignment]
src\logic\agents\security\HoneypotAgent.py:51: error: Argument 1 to "as_tool" has incompatible type "Callable[[HoneypotAgent, str], dict[str, Any]]"; expected "int"  [arg-type]
src\logic\agents\security\HoneypotAgent.py:85: error: Argument 1 to "as_tool" has incompatible type "Callable[[HoneypotAgent, str], list[str]]"; expected "int"  [arg-type]
src\logic\agents\security\HoneypotAgent.py:89: error: "BaseCore" has no attribute "MUTATION_STRATEGIES"  [attr-defined]
src\logic\agents\security\HoneypotAgent.py:90: error: "BaseCore" has no attribute "mutate_prompt"  [attr-defined]
src\logic\agents\security\HoneypotAgent.py:95: error: Argument 1 to "as_tool" has incompatible type "Callable[[HoneypotAgent], dict[str, Any]]"; expected "int"  [arg-type]
src\logic\agents\security\GovernanceAgent.py:56: error: Argument 1 to "as_tool" has incompatible type "Callable[[GovernanceAgent, str, str, str, list[str] | None], str]"; expected "int"  [arg-type]
src\logic\agents\security\GovernanceAgent.py:88: error: Argument 1 to "as_tool" has incompatible type "Callable[[GovernanceAgent, str, str, str, str], str]"; expected "int"  [arg-type]
src\logic\agents\security\GovernanceAgent.py:131: error: Argument 1 to "as_tool" has incompatible type "Callable[[GovernanceAgent, str], dict[str, Any]]"; expected "int"  [arg-type]
src\logic\agents\security\GovernanceAgent.py:159: error: Argument "key" to "max" has incompatible type overloaded function; expected "Callable[[Any], SupportsDunderLT[Any] | SupportsDunderGT[Any]]"  [arg-type]
src\logic\agents\security\GovernanceAgent.py:174: error: Return type "str" of "improve_content" incompatible with return type "Coroutine[Any, Any, str]" in supertype "src.core.base.BaseAgent.BaseAgent"  [override]
src\logic\agents\security\GeneticHardeningAgent.py:49: error: Argument 1 to "as_tool" has incompatible type "Callable[[GeneticHardeningAgent, str], list[dict[str, Any]]]"; expected "int"  [arg-type]
src\logic\agents\security\GeneticHardeningAgent.py:73: error: Argument 1 to "as_tool" has incompatible type "Callable[[GeneticHardeningAgent, str, list[str]], str]"; expected "int"  [arg-type]
src\logic\agents\security\EternalAuditAgent.py:59: error: Missing return statement  [return]
src\logic\agents\security\EternalAuditAgent.py:71: error: Argument 1 to "as_tool" has incompatible type "Callable[[EternalAuditAgent, str, str, dict[str, Any]], str]"; expected "int"  [arg-type]
src\logic\agents\security\EternalAuditAgent.py:108: error: Argument 1 to "as_tool" has incompatible type "Callable[[EternalAuditAgent], dict[str, Any]]"; expected "int"  [arg-type]
src\logic\agents\security\ComplianceAgent.py:52: error: Incompatible types in assignment (expression has type "LocalContextRecorder | None", variable has type "LocalContextRecorder")  [assignment]
src\logic\agents\security\ComplianceAgent.py:54: error: Signature of "_record" incompatible with supertype "src.core.base.BaseAgent.BaseAgent"  [override]
src\logic\agents\security\ComplianceAgent.py:54: note:      Superclass:
src\logic\agents\security\ComplianceAgent.py:54: note:          def _record(self, prompt: str, result: str, provider: str = ..., model: str = ..., meta: dict[str, Any] | None = ...) -> None
src\logic\agents\security\ComplianceAgent.py:54: note:      Subclass:
src\logic\agents\security\ComplianceAgent.py:54: note:          def _record(self, action: str, findings: Any) -> None
src\logic\agents\security\ByzantineConsensusAgent.py:44: error: Incompatible types in assignment (expression has type "ByzantineCore", variable has type "BaseCore")  [assignment]
src\logic\agents\security\ByzantineConsensusAgent.py:55: error: "BaseCore" has no attribute "select_committee"  [attr-defined]
src\logic\agents\security\ByzantineConsensusAgent.py:57: error: Argument 1 to "as_tool" has incompatible type "Callable[[ByzantineConsensusAgent, str, dict[str, str], str], dict[str, Any]]"; expected "int"  [arg-type]
src\logic\agents\security\ByzantineConsensusAgent.py:62: error: "BaseCore" has no attribute "get_required_quorum"  [attr-defined]
src\logic\agents\security\ByzantineConsensusAgent.py:107: error: Argument "key" to "max" has incompatible type overloaded function; expected "Callable[[str], SupportsDunderLT[Any] | SupportsDunderGT[Any]]"  [arg-type]
src\logic\agents\security\ByzantineConsensusAgent.py:147: error: Return type "str" of "improve_content" incompatible with return type "Coroutine[Any, Any, str]" in supertype "src.core.base.BaseAgent.BaseAgent"  [override]
src\logic\agents\intelligence\WebAgent.py:26: error: Library stubs not installed for "requests"  [import-untyped]
src\logic\agents\intelligence\WebAgent.py:56: error: Incompatible types in assignment (expression has type "LocalContextRecorder | None", variable has type "LocalContextRecorder")  [assignment]
src\logic\agents\intelligence\WebAgent.py:57: error: Incompatible types in assignment (expression has type "WebCore", variable has type "BaseCore")  [assignment]
src\logic\agents\intelligence\WebAgent.py:59: error: Signature of "_record" incompatible with supertype "src.core.base.BaseAgent.BaseAgent"  [override]
src\logic\agents\intelligence\WebAgent.py:59: note:      Superclass:
src\logic\agents\intelligence\WebAgent.py:59: note:          def _record(self, prompt: str, result: str, provider: str = ..., model: str = ..., meta: dict[str, Any] | None = ...) -> None
src\logic\agents\intelligence\WebAgent.py:59: note:      Subclass:
src\logic\agents\intelligence\WebAgent.py:59: note:          def _record(self, url: str, content: str) -> None
src\logic\agents\intelligence\WebAgent.py:68: error: Argument 1 to "as_tool" has incompatible type "Callable[[WebAgent, str], str]"; expected "int"  [arg-type]
src\logic\agents\intelligence\WebAgent.py:96: error: "BaseCore" has no attribute "clean_html"  [attr-defined]
src\logic\agents\intelligence\WebAgent.py:111: error: Argument 1 to "as_tool" has incompatible type "Callable[[WebAgent, str], list[str]]"; expected "int"  [arg-type]
src\logic\agents\intelligence\WebAgent.py:121: error: Return type "str" of "improve_content" incompatible with return type "Coroutine[Any, Any, str]" in supertype "src.core.base.BaseAgent.BaseAgent"  [override]
src\logic\agents\intelligence\SyntheticDataAgent.py:46: error: Incompatible types in assignment (expression has type "SynthesisCore", variable has type "BaseCore")  [assignment]
src\logic\agents\intelligence\SyntheticDataAgent.py:48: error: Argument 1 to "as_tool" has incompatible type "Callable[[SyntheticDataAgent, int], str]"; expected "int"  [arg-type]
src\logic\agents\intelligence\SyntheticDataAgent.py:54: error: "BaseCore" has no attribute "generate_python_edge_cases"  [attr-defined]
src\logic\agents\intelligence\SyntheticDataAgent.py:63: error: Argument 1 to "as_tool" has incompatible type "Callable[[SyntheticDataAgent, str, int], str]"; expected "int"  [arg-type]
src\logic\agents\intelligence\SyntheticDataAgent.py:90: error: Argument 1 to "as_tool" has incompatible type "Callable[[SyntheticDataAgent, str], str]"; expected "int"  [arg-type]
src\logic\agents\intelligence\SelfSearchAgent.py:90: error: Return type "str" of "improve_content" incompatible with return type "Coroutine[Any, Any, str]" in supertype "src.core.base.BaseAgent.BaseAgent"  [override]
src\logic\agents\intelligence\SelfSearchAgent.py:100: error: Missing positional arguments "description", "context_help" in call to "create_main_function"  [call-arg]
src\logic\agents\intelligence\SearchAgent.py:29: error: Library stubs not installed for "requests"  [import-untyped]
src\logic\agents\intelligence\SearchAgent.py:54: error: Incompatible types in assignment (expression has type "LocalContextRecorder | None", base class "BaseAgent" defined the type as "LocalContextRecorder")  [assignment]
src\logic\agents\intelligence\SearchAgent.py:55: error: Incompatible types in assignment (expression has type "SearchCore", base class "BaseAgent" defined the type as "BaseCore")  [assignment]
src\logic\agents\intelligence\SearchAgent.py:62: error: Signature of "_record" incompatible with supertype "src.core.base.BaseAgent.BaseAgent"  [override]
src\logic\agents\intelligence\SearchAgent.py:62: note:      Superclass:
src\logic\agents\intelligence\SearchAgent.py:62: note:          def _record(self, prompt: str, result: str, provider: str = ..., model: str = ..., meta: dict[str, Any] | None = ...) -> None
src\logic\agents\intelligence\SearchAgent.py:62: note:      Subclass:
src\logic\agents\intelligence\SearchAgent.py:62: note:          def _record(self, provider: str, query: str, result: str) -> None
src\logic\agents\intelligence\SearchAgent.py:77: error: Cannot find implementation or library stub for module named "duckduckgo_search"  [import-not-found]
src\logic\agents\intelligence\SearchAgent.py:190: error: Return type "str" of "improve_content" incompatible with return type "Coroutine[Any, Any, str]" in supertype "src.core.base.BaseAgent.BaseAgent"  [override]
src\logic\agents\intelligence\SearchAgent.py:212: error: Incompatible return value type (got "Coroutine[Any, Any, str]", expected "str")  [return-value]
src\logic\agents\intelligence\SearchAgent.py:212: note: Maybe you forgot to use "await"?
src\logic\agents\intelligence\SQLQueryAgent.py:48: error: Argument 1 to "as_tool" has incompatible type "Callable[[SQLQueryAgent, list[str]], str]"; expected "int"  [arg-type]
src\logic\agents\intelligence\SQLQueryAgent.py:54: error: Argument 1 to "as_tool" has incompatible type "Callable[[SQLQueryAgent, str], str]"; expected "int"  [arg-type]
src\logic\agents\intelligence\SQLQueryAgent.py:60: error: Argument 1 to "as_tool" has incompatible type "Callable[[SQLQueryAgent, str], str]"; expected "int"  [arg-type]
src\logic\agents\intelligence\SQLQueryAgent.py:69: error: Argument 1 to "as_tool" has incompatible type "Callable[[SQLQueryAgent, str], str]"; expected "int"  [arg-type]
src\logic\agents\intelligence\SQLQueryAgent.py:100: error: Argument 1 to "as_tool" has incompatible type "Callable[[SQLQueryAgent, str], str]"; expected "int"  [arg-type]
src\logic\agents\intelligence\SQLQueryAgent.py:120: error: Return type "str" of "improve_content" incompatible with return type "Coroutine[Any, Any, str]" in supertype "src.core.base.BaseAgent.BaseAgent"  [override]
src\logic\agents\intelligence\ResearchAgent.py:42: error: Incompatible types in assignment (expression has type "ResearchCore", variable has type "BaseCore")  [assignment]
src\logic\agents\intelligence\ResearchAgent.py:53: error: Argument 1 to "as_tool" has incompatible type "Callable[[ResearchAgent, str, str], dict[str, str]]"; expected "int"  [arg-type]
src\logic\agents\intelligence\ResearchAgent.py:58: error: "BaseCore" has no attribute "execute_dcap_cycle"  [attr-defined]
src\logic\agents\intelligence\ResearchAgent.py:65: error: Argument 1 to "as_tool" has incompatible type "Callable[[ResearchAgent, str, str], str]"; expected "int"  [arg-type]
src\logic\agents\intelligence\ResearchAgent.py:79: error: "BaseCore" has no attribute "analyze_paper"  [attr-defined]
src\logic\agents\intelligence\ResearchAgent.py:90: error: Argument 1 to "as_tool" has incompatible type "Callable[[ResearchAgent, str], str]"; expected "int"  [arg-type]
src\logic\agents\intelligence\ResearchAgent.py:96: error: "BaseCore" has no attribute "draft_tool_code"  [attr-defined]
src\logic\agents\intelligence\ResearchAgent.py:103: error: Return type "str" of "improve_content" incompatible with return type "Coroutine[Any, Any, str]" in supertype "src.core.base.BaseAgent.BaseAgent"  [override]
src\logic\agents\intelligence\MemoRAGAgent.py:52: error: Argument 1 to "as_tool" has incompatible type "Callable[[MemoRAGAgent, str, str], None]"; expected "int"  [arg-type]
src\logic\agents\intelligence\MemoRAGAgent.py:60: error: Argument 1 to "as_tool" has incompatible type "Callable[[MemoRAGAgent, str, str], list[str]]"; expected "int"  [arg-type]
src\logic\agents\intelligence\MemoRAGAgent.py:73: error: Argument 1 to "as_tool" has incompatible type "Callable[[MemoRAGAgent], list[str]]"; expected "int"  [arg-type]
src\logic\agents\intelligence\MemoRAGAgent.py:78: error: Return type "str" of "improve_content" incompatible with return type "Coroutine[Any, Any, str]" in supertype "src.core.base.BaseAgent.BaseAgent"  [override]
src\logic\agents\intelligence\LocalizationAgent.py:41: error: Incompatible types in assignment (expression has type "LocalizationCore", variable has type "BaseCore")  [assignment]
src\logic\agents\intelligence\LocalizationAgent.py:42: error: "BaseCore" has no attribute "get_supported_locales"  [attr-defined]
src\logic\agents\intelligence\LocalizationAgent.py:48: error: "BaseCore" has no attribute "detect_cultural_issues"  [attr-defined]
src\logic\agents\intelligence\LocalizationAgent.py:62: error: "BaseCore" has no attribute "format_translation_request"  [attr-defined]
src\logic\agents\intelligence\LocalizationAgent.py:92: error: Incompatible return value type (got "Coroutine[Any, Any, str]", expected "str")  [return-value]
src\logic\agents\intelligence\LocalizationAgent.py:92: note: Maybe you forgot to use "await"?
src\logic\agents\intelligence\FinancialAgent.py:49: error: Argument 1 to "as_tool" has incompatible type "Callable[[FinancialAgent, str], str]"; expected "int"  [arg-type]
src\logic\agents\intelligence\FinancialAgent.py:70: error: Argument 1 to "as_tool" has incompatible type "Callable[[FinancialAgent, dict[str, Any]], str]"; expected "int"  [arg-type]
src\logic\agents\intelligence\FinancialAgent.py:82: error: Argument 1 to "as_tool" has incompatible type "Callable[[FinancialAgent, list[str]], str]"; expected "int"  [arg-type]
src\logic\agents\intelligence\FeatureStoreAgent.py:51: error: Incompatible types in assignment (expression has type "SynthesisCore", variable has type "BaseCore")  [assignment]
src\logic\agents\intelligence\FeatureStoreAgent.py:53: error: Argument 1 to "as_tool" has incompatible type "Callable[[FeatureStoreAgent, str, list[str]], str]"; expected "int"  [arg-type]
src\logic\agents\intelligence\FeatureStoreAgent.py:58: error: "BaseCore" has no attribute "vectorize_insight"  [attr-defined]
src\logic\agents\intelligence\FeatureStoreAgent.py:62: error: Argument 1 to "as_tool" has incompatible type "Callable[[FeatureStoreAgent, list[str]], list[float]]"; expected "int"  [arg-type]
src\logic\agents\intelligence\FeatureStoreAgent.py:73: error: "BaseCore" has no attribute "merge_feature_vectors"  [attr-defined]
src\logic\agents\intelligence\FeatureStoreAgent.py:75: error: Argument 1 to "as_tool" has incompatible type "Callable[[FeatureStoreAgent, str, Any, dict[str, Any] | None], str]"; expected "int"  [arg-type]
src\logic\agents\intelligence\FeatureStoreAgent.py:92: error: Argument 1 to "as_tool" has incompatible type "Callable[[FeatureStoreAgent, str], Any | None]"; expected "int"  [arg-type]
src\logic\agents\intelligence\FeatureStoreAgent.py:119: error: Argument 1 to "as_tool" has incompatible type "Callable[[FeatureStoreAgent], list[str]]"; expected "int"  [arg-type]
src\logic\agents\intelligence\FeatureStoreAgent.py:125: error: Return type "str" of "improve_content" incompatible with return type "Coroutine[Any, Any, str]" in supertype "src.core.base.BaseAgent.BaseAgent"  [override]
src\logic\agents\intelligence\ExcelAgent.py:52: error: Library stubs not installed for "openpyxl"  [import-untyped]
src\logic\agents\intelligence\ExcelAgent.py:52: note: Hint: "python3 -m pip install types-openpyxl"
src\logic\agents\intelligence\ExcelAgent.py:57: error: Unsupported target for indexed assignment ("Collection[str]")  [index]
src\logic\agents\intelligence\ExcelAgent.py:106: error: Return type "str" of "improve_content" incompatible with return type "Coroutine[Any, Any, str]" in supertype "src.core.base.BaseAgent.BaseAgent"  [override]
src\logic\agents\intelligence\ExcelAgent.py:125: error: Missing positional arguments "description", "context_help" in call to "create_main_function"  [call-arg]
src\logic\agents\intelligence\DataScienceAgent.py:49: error: Argument 1 to "as_tool" has incompatible type "Callable[[DataScienceAgent, str], dict[str, Any]]"; expected "int"  [arg-type]
src\logic\agents\intelligence\DataScienceAgent.py:72: error: Argument 1 to "as_tool" has incompatible type "Callable[[DataScienceAgent, list[float], list[float], str], dict[str, Any]]"; expected "int"  [arg-type]
src\logic\agents\intelligence\DataScienceAgent.py:94: error: Argument 1 to "as_tool" has incompatible type "Callable[[DataScienceAgent, dict[str, float]], dict[str, Any]]"; expected "int"  [arg-type]
src\logic\agents\intelligence\DataScienceAgent.py:120: error: Return type "str" of "improve_content" incompatible with return type "Coroutine[Any, Any, str]" in supertype "src.core.base.BaseAgent.BaseAgent"  [override]
src\logic\agents\intelligence\DataAgent.py:50: error: Argument 1 to "as_tool" has incompatible type "Callable[[DataAgent, str], str]"; expected "int"  [arg-type]
src\logic\agents\intelligence\DataAgent.py:54: error: Incompatible types in assignment (expression has type "Connection", variable has type "None")  [assignment]
src\logic\agents\intelligence\DataAgent.py:59: error: Argument 1 to "as_tool" has incompatible type "Callable[[DataAgent, str], str]"; expected "int"  [arg-type]
src\logic\agents\intelligence\DataAgent.py:62: error: Library stubs not installed for "pandas"  [import-untyped]
src\logic\agents\intelligence\DataAgent.py:62: note: Hint: "python3 -m pip install pandas-stubs"
src\logic\agents\intelligence\DataAgent.py:81: error: Argument 1 to "as_tool" has incompatible type "Callable[[DataAgent], str]"; expected "int"  [arg-type]
src\logic\agents\intelligence\DataAgent.py:114: error: Argument 1 to "as_tool" has incompatible type "Callable[[DataAgent, str, str], str]"; expected "int"  [arg-type]
src\logic\agents\intelligence\DataAgent.py:136: error: Return type "str" of "improve_content" incompatible with return type "Coroutine[Any, Any, str]" in supertype "src.core.base.BaseAgent.BaseAgent"  [override]
src\logic\agents\intelligence\BrowsingAgent.py:48: error: Argument 1 to "as_tool" has incompatible type "Callable[[BrowsingAgent, str], str]"; expected "int"  [arg-type]
src\logic\agents\intelligence\BrowsingAgent.py:58: error: Argument 1 to "as_tool" has incompatible type "Callable[[BrowsingAgent, str], str]"; expected "int"  [arg-type]
src\logic\agents\intelligence\BrowsingAgent.py:66: error: Return type "str" of "improve_content" incompatible with return type "Coroutine[Any, Any, str]" in supertype "src.core.base.BaseAgent.BaseAgent"  [override]
src\logic\agents\infrastructure\OllamaConnectorAgent.py:26: error: Library stubs not installed for "requests"  [import-untyped]
src\logic\agents\infrastructure\OllamaConnectorAgent.py:124: error: Missing positional arguments "description", "context_help" in call to "create_main_function"  [call-arg]
src\logic\agents\infrastructure\NetworkContextAgent.py:53: error: Missing return statement  [return]
src\logic\agents\infrastructure\NetworkContextAgent.py:63: error: "GraphContextEngine" has no attribute "add_node"  [attr-defined]
src\logic\agents\infrastructure\NetworkContextAgent.py:90: error: "GraphContextEngine" has no attribute "add_node"  [attr-defined]
src\logic\agents\infrastructure\NetworkContextAgent.py:103: error: Too many arguments for "save" of "GraphContextEngine"  [call-arg]
src\logic\agents\infrastructure\NetworkContextAgent.py:108: error: Too many arguments for "load" of "GraphContextEngine"  [call-arg]
src\logic\agents\infrastructure\NetworkContextAgent.py:111: error: "GraphContextEngine" has no attribute "get_transitive_neighbors"  [attr-defined]
src\logic\agents\development\UIArchitectAgent.py:70: error: "Collection[Collection[str]]" has no attribute "append"  [attr-defined]
src\logic\agents\development\UIArchitectAgent.py:75: error: Value of type "Collection[Collection[str]]" is not indexable  [index]
src\logic\agents\development\UIArchitectAgent.py:75: error: Unsupported target for indexed assignment ("Collection[Collection[str]]")  [index]
src\logic\agents\development\UIArchitectAgent.py:87: error: "Sequence[str]" has no attribute "append"  [attr-defined]
src\logic\agents\development\UIArchitectAgent.py:89: error: "Sequence[str]" has no attribute "append"  [attr-defined]
src\logic\agents\development\TypeSafetyAgent.py:137: error: Return type "str" of "improve_content" incompatible with return type "Coroutine[Any, Any, str]" in supertype "src.core.base.BaseAgent.BaseAgent"  [override]
src\logic\agents\development\ToolEvolutionAgent.py:45: error: Incompatible types in assignment (expression has type "ToolDraftingCore", variable has type "BaseCore")  [assignment]
src\logic\agents\development\ToolEvolutionAgent.py:59: error: Argument 1 to "as_tool" has incompatible type "Callable[[ToolEvolutionAgent, str], str]"; expected "int"  [arg-type]
src\logic\agents\development\ToolEvolutionAgent.py:100: error: Argument 1 to "as_tool" has incompatible type "Callable[[ToolEvolutionAgent, str, str, str], str]"; expected "int"  [arg-type]
src\logic\agents\development\ToolEvolutionAgent.py:120: error: Argument 1 to "as_tool" has incompatible type "Callable[[ToolEvolutionAgent, str, str, str], str]"; expected "int"  [arg-type]
src\logic\agents\development\ToolEvolutionAgent.py:138: error: "BaseCore" has no attribute "validate_tool_name"  [attr-defined]
src\logic\agents\development\ToolEvolutionAgent.py:153: error: "BaseCore" has no attribute "generate_openapi_spec"  [attr-defined]
src\logic\agents\development\ToolEvolutionAgent.py:160: error: Argument 1 to "as_tool" has incompatible type "Callable[[ToolEvolutionAgent, str], str]"; expected "int"  [arg-type]
src\logic\agents\development\TestAgent.py:50: error: Argument 1 to "as_tool" has incompatible type "Callable[[TestAgent, str], str]"; expected "int"  [arg-type]
src\logic\agents\development\TestAgent.py:78: error: Argument 1 to "as_tool" has incompatible type "Callable[[TestAgent, str], str]"; expected "int"  [arg-type]
src\logic\agents\development\TestAgent.py:83: error: Return type "str" of "improve_content" incompatible with return type "Coroutine[Any, Any, str]" in supertype "src.core.base.BaseAgent.BaseAgent"  [override]
src\logic\agents\development\SpecToolAgent.py:49: error: Argument 1 to "as_tool" has incompatible type "Callable[[SpecToolAgent, str, str], str]"; expected "int"  [arg-type]
src\logic\agents\development\SpecToolAgent.py:64: error: Argument 1 to "as_tool" has incompatible type "Callable[[SpecToolAgent, str], str]"; expected "int"  [arg-type]
src\logic\agents\development\SpecToolAgent.py:83: error: Argument 1 to "as_tool" has incompatible type "Callable[[SpecToolAgent], str]"; expected "int"  [arg-type]
src\logic\agents\development\SpecToolAgent.py:92: error: Argument 1 to "as_tool" has incompatible type "Callable[[SpecToolAgent, str, str], str]"; expected "int"  [arg-type]
src\logic\agents\development\SpecToolAgent.py:107: error: Argument 1 to "as_tool" has incompatible type "Callable[[SpecToolAgent, str], str]"; expected "int"  [arg-type]
src\logic\agents\development\SpecToolAgent.py:119: error: Argument 1 to "as_tool" has incompatible type "Callable[[SpecToolAgent, str], str]"; expected "int"  [arg-type]
src\logic\agents\development\SpecToolAgent.py:183: error: Return type "str" of "improve_content" incompatible with return type "Coroutine[Any, Any, str]" in supertype "src.core.base.BaseAgent.BaseAgent"  [override]
src\logic\agents\development\SelfOptimizerAgent.py:68: error: Need type annotation for "categories"  [var-annotated]
src\logic\agents\development\SelfOptimizerAgent.py:108: error: Return type "str" of "improve_content" incompatible with return type "Coroutine[Any, Any, str]" in supertype "src.core.base.BaseAgent.BaseAgent"  [override]
src\logic\agents\development\SelfHealingAgent.py:52: error: Argument 1 to "as_tool" has incompatible type "Callable[[SelfHealingAgent], str]"; expected "int"  [arg-type]
src\logic\agents\development\SelfHealingAgent.py:112: error: Return type "str" of "improve_content" incompatible with return type "Coroutine[Any, Any, str]" in supertype "src.core.base.BaseAgent.BaseAgent"  [override]
src\logic\agents\development\SandboxAgent.py:48: error: Argument 1 to "as_tool" has incompatible type "Callable[[SandboxAgent, str], str]"; expected "int"  [arg-type]
src\logic\agents\development\SandboxAgent.py:66: error: Argument 1 to "as_tool" has incompatible type "Callable[[SandboxAgent, str], str]"; expected "int"  [arg-type]
src\logic\agents\development\SandboxAgent.py:85: error: Return type "str" of "improve_content" incompatible with return type "Coroutine[Any, Any, str]" in supertype "src.core.base.BaseAgent.BaseAgent"  [override]
src\logic\agents\development\RefinementAgent.py:53: error: Argument 1 to "as_tool" has incompatible type "Callable[[RefinementAgent, str], str]"; expected "int"  [arg-type]
src\logic\agents\development\RefinementAgent.py:66: error: Argument 1 to "as_tool" has incompatible type "Callable[[RefinementAgent, str, str], str]"; expected "int"  [arg-type]
src\logic\agents\development\RefinementAgent.py:93: error: Argument 1 to "as_tool" has incompatible type "Callable[[RefinementAgent, str, str], str]"; expected "int"  [arg-type]
src\logic\agents\development\RefinementAgent.py:116: error: Return type "str" of "improve_content" incompatible with return type "Coroutine[Any, Any, str]" in supertype "src.core.base.BaseAgent.BaseAgent"  [override]
src\logic\agents\development\QualityGateAgent.py:134: error: Argument 1 to "as_tool" has incompatible type "Callable[[QualityGateAgent, str | None, str | None], str]"; expected "int"  [arg-type]
src\logic\agents\development\QualityGateAgent.py:154: error: Signature of "improve_content" incompatible with supertype "src.core.base.BaseAgent.BaseAgent"  [override]
src\logic\agents\development\QualityGateAgent.py:154: note:      Superclass:
src\logic\agents\development\QualityGateAgent.py:154: note:          def improve_content(self, prompt: str) -> Coroutine[Any, Any, str]
src\logic\agents\development\QualityGateAgent.py:154: note:      Subclass:
src\logic\agents\development\QualityGateAgent.py:154: note:          def improve_content(self, prompt: str | None = ...) -> str
src\logic\agents\development\PullRequestAgent.py:54: error: Incompatible types in assignment (expression has type "LocalContextRecorder | None", variable has type "LocalContextRecorder")  [assignment]
src\logic\agents\development\PullRequestAgent.py:56: error: Signature of "_record" incompatible with supertype "src.core.base.BaseAgent.BaseAgent"  [override]
src\logic\agents\development\PullRequestAgent.py:56: note:      Superclass:
src\logic\agents\development\PullRequestAgent.py:56: note:          def _record(self, prompt: str, result: str, provider: str = ..., model: str = ..., meta: dict[str, Any] | None = ...) -> None
src\logic\agents\development\PullRequestAgent.py:56: note:      Subclass:
src\logic\agents\development\PullRequestAgent.py:56: note:          def _record(self, action: str, details: Any, result: str) -> None
src\logic\agents\development\PullRequestAgent.py:65: error: Argument 1 to "as_tool" has incompatible type "Callable[[PullRequestAgent, str], str]"; expected "int"  [arg-type]
src\logic\agents\development\PullRequestAgent.py:91: error: Argument 1 to "as_tool" has incompatible type "Callable[[PullRequestAgent, int], str]"; expected "int"  [arg-type]
src\logic\agents\development\PullRequestAgent.py:104: error: Argument 1 to "as_tool" has incompatible type "Callable[[PullRequestAgent, str], str]"; expected "int"  [arg-type]
src\logic\agents\development\PullRequestAgent.py:113: error: Argument 1 to "as_tool" has incompatible type "Callable[[PullRequestAgent, str], str]"; expected "int"  [arg-type]
src\logic\agents\development\PullRequestAgent.py:123: error: Argument 1 to "as_tool" has incompatible type "Callable[[PullRequestAgent, str], str]"; expected "int"  [arg-type]
src\logic\agents\development\PullRequestAgent.py:158: error: Argument 1 to "as_tool" has incompatible type "Callable[[PullRequestAgent], str]"; expected "int"  [arg-type]
src\logic\agents\development\PullRequestAgent.py:178: error: Return type "str" of "improve_content" incompatible with return type "Coroutine[Any, Any, str]" in supertype "src.core.base.BaseAgent.BaseAgent"  [override]
src\logic\agents\development\NetworkArchSearchAgent.py:49: error: Argument 1 to "as_tool" has incompatible type "Callable[[NetworkArchSearchAgent, str, int], dict[str, Any]]"; expected "int"  [arg-type]
src\logic\agents\development\LintingAgent.py:103: error: Return type "str" of "improve_content" incompatible with return type "Coroutine[Any, Any, str]" in supertype "src.core.base.BaseAgent.BaseAgent"  [override]
src\logic\agents\development\InfrastructureManagerAgent.py:49: error: Argument 1 to "as_tool" has incompatible type "Callable[[InfrastructureManagerAgent, str, str, str], str]"; expected "int"  [arg-type]
src\logic\agents\development\InfrastructureManagerAgent.py:69: error: Argument 1 to "as_tool" has incompatible type "Callable[[InfrastructureManagerAgent, str, str, str, str], str]"; expected "int"  [arg-type]
src\logic\agents\development\InfrastructureManagerAgent.py:95: error: Argument 1 to "as_tool" has incompatible type "Callable[[InfrastructureManagerAgent, str], dict[str, Any]]"; expected "int"  [arg-type]
src\logic\agents\development\InfrastructureManagerAgent.py:128: error: Return type "str" of "improve_content" incompatible with return type "Coroutine[Any, Any, str]" in supertype "src.core.base.BaseAgent.BaseAgent"  [override]
src\logic\agents\development\HandyAgent.py:54: error: Incompatible types in assignment (expression has type "LocalContextRecorder | None", variable has type "LocalContextRecorder")  [assignment]
src\logic\agents\development\HandyAgent.py:56: error: Signature of "_record" incompatible with supertype "src.core.base.BaseAgent.BaseAgent"  [override]
src\logic\agents\development\HandyAgent.py:56: note:      Superclass:
src\logic\agents\development\HandyAgent.py:56: note:          def _record(self, prompt: str, result: str, provider: str = ..., model: str = ..., meta: dict[str, Any] | None = ...) -> None
src\logic\agents\development\HandyAgent.py:56: note:      Subclass:
src\logic\agents\development\HandyAgent.py:56: note:          def _record(self, tool_name: str, input: Any, output: str) -> None
src\logic\agents\development\HandyAgent.py:65: error: Argument 1 to "as_tool" has incompatible type "Callable[[HandyAgent, str, str], str]"; expected "int"  [arg-type]
src\logic\agents\development\HandyAgent.py:77: error: Item "None" of "IO[bytes] | None" has no attribute "close"  [union-attr]
src\logic\agents\development\HandyAgent.py:85: error: Argument 1 to "as_tool" has incompatible type "Callable[[HandyAgent, str, list[str]], str]"; expected "int"  [arg-type]
src\logic\agents\development\HandyAgent.py:101: error: Argument 1 to "as_tool" has incompatible type "Callable[[HandyAgent, str], str]"; expected "int"  [arg-type]
src\logic\agents\development\HandyAgent.py:145: error: Return type "str" of "improve_content" incompatible with return type "Coroutine[Any, Any, str]" in supertype "src.core.base.BaseAgent.BaseAgent"  [override]
src\logic\agents\development\DocumentationIndexerAgent.py:46: error: Need type annotation for "index"  [var-annotated]
src\logic\agents\development\DocumentationIndexerAgent.py:78: error: Return type "str" of "improve_content" incompatible with return type "Coroutine[Any, Any, str]" in supertype "src.core.base.BaseAgent.BaseAgent"  [override]
src\logic\agents\development\DocumentationAgent.py:41: error: Incompatible types in assignment (expression has type "KnowledgeAgent", variable has type "KnowledgeEngine")  [assignment]
src\logic\agents\development\DocumentationAgent.py:53: error: "KnowledgeEngine" has no attribute "build_index"  [attr-defined]
src\logic\agents\development\DocumentationAgent.py:58: error: "KnowledgeEngine" has no attribute "get_compressed_briefing"  [attr-defined]
src\logic\agents\development\DocumentationAgent.py:80: error: "KnowledgeEngine" has no attribute "get_graph_mermaid"  [attr-defined]
src\logic\agents\development\DocumentationAgent.py:101: error: Return type "str" of "improve_content" incompatible with return type "Coroutine[Any, Any, str]" in supertype "src.core.base.BaseAgent.BaseAgent"  [override]
src\logic\agents\development\DocInferenceAgent.py:58: error: Argument 1 to "as_tool" has incompatible type "Callable[[DocInferenceAgent, str], str]"; expected "int"  [arg-type]
src\logic\agents\development\DocInferenceAgent.py:81: error: Argument 1 to "as_tool" has incompatible type "Callable[[DocInferenceAgent, str, list[str] | None], dict[str, Any]]"; expected "int"  [arg-type]
src\logic\agents\development\DocInferenceAgent.py:113: error: Argument 1 to "as_tool" has incompatible type "Callable[[DocInferenceAgent, str, str], str]"; expected "int"  [arg-type]
src\logic\agents\development\DocInferenceAgent.py:129: error: Argument 1 to "as_tool" has incompatible type "Callable[[DocInferenceAgent, str], dict[str, Any]]"; expected "int"  [arg-type]
src\logic\agents\development\DocInferenceAgent.py:142: error: Argument 1 to "as_tool" has incompatible type "Callable[[DocInferenceAgent, str], str]"; expected "int"  [arg-type]
src\logic\agents\development\DocInferenceAgent.py:148: error: Return type "str" of "improve_content" incompatible with return type "Coroutine[Any, Any, str]" in supertype "src.core.base.BaseAgent.BaseAgent"  [override]
src\logic\agents\development\DashboardAgent.py:44: error: Argument 1 to "as_tool" has incompatible type "Callable[[DashboardAgent, str, str], str]"; expected "int"  [arg-type]
src\logic\agents\development\DashboardAgent.py:82: error: Argument 1 to "as_tool" has incompatible type "Callable[[DashboardAgent, list[str]], str]"; expected "int"  [arg-type]
src\logic\agents\development\CoderAgent.py:77: error: Incompatible types in assignment (expression has type "CoderCore", variable has type "BaseCore")  [assignment]
src\logic\agents\development\CoderAgent.py:109: error: "BaseCore" has no attribute "language"  [attr-defined]
src\logic\agents\development\CoderAgent.py:153: error: "BaseCore" has no attribute "check_style"  [attr-defined]
src\logic\agents\development\CoderAgent.py:157: error: "BaseCore" has no attribute "auto_fix_style"  [attr-defined]
src\logic\agents\development\CoderAgent.py:164: error: "BaseCore" has no attribute "calculate_metrics"  [attr-defined]
src\logic\agents\development\CoderAgent.py:218: error: "BaseCore" has no attribute "calculate_quality_score"  [attr-defined]
src\logic\agents\development\CoderAgent.py:226: error: "BaseCore" has no attribute "detect_code_smells"  [attr-defined]
src\logic\agents\development\CoderAgent.py:238: error: "BaseCore" has no attribute "find_duplicate_code"  [attr-defined]
src\logic\agents\development\CoderAgent.py:276: error: "BaseCore" has no attribute "suggest_refactorings"  [attr-defined]
src\logic\agents\development\CoderAgent.py:283: error: "BaseCore" has no attribute "generate_documentation"  [attr-defined]
src\logic\agents\development\CoderAgent.py:298: error: "BaseCore" has no attribute "validate_syntax"  [attr-defined]
src\logic\agents\development\CoderAgent.py:302: error: "BaseCore" has no attribute "validate_flake8"  [attr-defined]
src\logic\agents\development\CodeReviewerAgent.py:55: error: Argument 1 to "as_tool" has incompatible type "Callable[[CodeReviewerAgent, str], list[ReviewFinding]]"; expected "int"  [arg-type]
src\logic\agents\development\BenchmarkAgent.py:46: error: Incompatible types in assignment (expression has type "BenchmarkCore", variable has type "BaseCore")  [assignment]
src\logic\agents\development\BenchmarkAgent.py:58: error: Argument 1 to "as_tool" has incompatible type "Callable[[BenchmarkAgent, str, str], dict[str, Any]]"; expected "int"  [arg-type]
src\logic\agents\development\BenchmarkAgent.py:78: error: "BenchmarkAgent" has no attribute "results"  [attr-defined]
src\logic\agents\development\BenchmarkAgent.py:81: error: Argument 1 to "as_tool" has incompatible type "Callable[[BenchmarkAgent, str, str], str]"; expected "int"  [arg-type]
src\logic\agents\development\BenchmarkAgent.py:99: error: Argument 1 to "as_tool" has incompatible type "Callable[[BenchmarkAgent, str, str], dict[str, Any]]"; expected "int"  [arg-type]
src\logic\agents\development\BenchmarkAgent.py:112: error: Argument 1 to "as_tool" has incompatible type "Callable[[BenchmarkAgent, str, str, str | None], str]"; expected "int"  [arg-type]
src\logic\agents\development\BenchmarkAgent.py:132: error: "BenchmarkAgent" has no attribute "results"  [attr-defined]
src\logic\agents\development\BenchmarkAgent.py:136: error: Argument 1 to "as_tool" has incompatible type "Callable[[BenchmarkAgent, str, float], str]"; expected "int"  [arg-type]
src\logic\agents\development\BenchmarkAgent.py:139: error: "BaseCore" has no attribute "calculate_baseline"  [attr-defined]
src\logic\agents\development\BenchmarkAgent.py:140: error: "BaseCore" has no attribute "check_regression"  [attr-defined]
src\logic\agents\development\BenchmarkAgent.py:158: error: Argument 1 to "as_tool" has incompatible type "Callable[[BenchmarkAgent], str]"; expected "int"  [arg-type]
src\logic\agents\development\BenchmarkAgent.py:163: error: "BenchmarkAgent" has no attribute "results"  [attr-defined]
src\logic\agents\development\BenchmarkAgent.py:170: error: "BenchmarkAgent" has no attribute "results"  [attr-defined]
src\logic\agents\development\ArchitectAgent.py:48: error: Argument 1 to "as_tool" has incompatible type "Callable[[ArchitectAgent, str], dict[str, Any]]"; expected "int"  [arg-type]
src\logic\agents\development\ArchAdvisorAgent.py:58: error: Argument 1 to "calculate_coupling_metrics" of "ArchCore" has incompatible type "dict[str, set[str]]"; expected "dict[str, list[Any]]"  [arg-type]
src\logic\agents\development\ArchAdvisorAgent.py:95: error: Return type "str" of "improve_content" incompatible with return type "Coroutine[Any, Any, str]" in supertype "src.core.base.BaseAgent.BaseAgent"  [override]
src\logic\agents\development\AndroidAgent.py:45: error: Incompatible types in assignment (expression has type "AndroidCore", variable has type "BaseCore")  [assignment]
src\logic\agents\development\AndroidAgent.py:55: error: Incompatible types in assignment (expression has type "LocalContextRecorder | None", variable has type "LocalContextRecorder")  [assignment]
src\logic\agents\development\AndroidAgent.py:57: error: Signature of "_record" incompatible with supertype "src.core.base.BaseAgent.BaseAgent"  [override]
src\logic\agents\development\AndroidAgent.py:57: note:      Superclass:
src\logic\agents\development\AndroidAgent.py:57: note:          def _record(self, prompt: str, result: str, provider: str = ..., model: str = ..., meta: dict[str, Any] | None = ...) -> None
src\logic\agents\development\AndroidAgent.py:57: note:      Subclass:
src\logic\agents\development\AndroidAgent.py:57: note:          def _record(self, action: str, details: str) -> None
src\logic\agents\development\AndroidAgent.py:66: error: Argument 1 to "as_tool" has incompatible type "Callable[[AndroidAgent], dict[str, Any]]"; expected "int"  [arg-type]
src\logic\agents\development\AndroidAgent.py:80: error: Argument 1 to "as_tool" has incompatible type "Callable[[AndroidAgent, str, dict[str, Any]], str]"; expected "int"  [arg-type]
src\logic\agents\development\AndroidAgent.py:102: error: Argument 1 to "as_tool" has incompatible type "Callable[[AndroidAgent, str], str]"; expected "int"  [arg-type]
src\logic\agents\development\AccessibilityAgent.py:98: error: Argument 1 to "as_tool" has incompatible type "Callable[[AccessibilityAgent, str], AccessibilityReport]"; expected "int"  [arg-type]
src\logic\agents\compliance\ComplianceAgent.py:27: error: Incompatible types in assignment (expression has type "ComplianceCore", variable has type "BaseCore")  [assignment]
src\logic\agents\compliance\ComplianceAgent.py:29: error: Incompatible types in assignment (expression has type "None", variable has type "BaseCore")  [assignment]
src\logic\agents\compliance\ComplianceAgent.py:32: error: Argument 1 to "as_tool" has incompatible type "Callable[[ComplianceAgent, dict[str, str]], dict[str, Any]]"; expected "int"  [arg-type]
src\logic\agents\compliance\ComplianceAgent.py:40: error: "BaseCore" has no attribute "audit_content"  [attr-defined]
src\logic\agents\compliance\ComplianceAgent.py:41: error: Name "all_issues" is not defined  [name-defined]
src\logic\agents\compliance\ComplianceAgent.py:43: error: "BaseCore" has no attribute "aggregate_score"  [attr-defined]
src\logic\agents\compliance\ComplianceAgent.py:43: error: Name "all_issues" is not defined  [name-defined]
src\logic\agents\compliance\ComplianceAgent.py:47: error: Name "all_issues" is not defined  [name-defined]
src\logic\agents\compliance\ComplianceAgent.py:48: error: Name "all_issues" is not defined  [name-defined]
src\logic\agents\cognitive\WorldModelAgent.py:70: error: Argument 1 to "as_tool" has incompatible type "Callable[[WorldModelAgent, str, str], dict[str, Any]]"; expected "int"  [arg-type]
src\logic\agents\cognitive\WorldModelAgent.py:97: error: Argument 1 to "as_tool" has incompatible type "Callable[[WorldModelAgent, list[str]], str]"; expected "int"  [arg-type]
src\logic\agents\cognitive\WorldModelAgent.py:111: error: Argument 1 to "as_tool" has incompatible type "Callable[[WorldModelAgent, str, str, str], dict[str, Any]]"; expected "int"  [arg-type]
src\logic\agents\cognitive\VoiceInteractionAgent.py:49: error: Argument 1 to "as_tool" has incompatible type "Callable[[VoiceInteractionAgent, str, str], str]"; expected "int"  [arg-type]
src\logic\agents\cognitive\VoiceInteractionAgent.py:59: error: Cannot find implementation or library stub for module named "gtts"  [import-not-found]
src\logic\agents\cognitive\VoiceInteractionAgent.py:67: error: Argument 1 to "as_tool" has incompatible type "Callable[[VoiceInteractionAgent, str], str]"; expected "int"  [arg-type]
src\logic\agents\cognitive\VoiceInteractionAgent.py:73: error: Cannot find implementation or library stub for module named "speech_recognition"  [import-not-found]
src\logic\agents\cognitive\VoiceInteractionAgent.py:86: error: "VoiceInteractionAgent" has no attribute "id"  [attr-defined]
src\logic\agents\cognitive\VoiceAgent.py:48: error: Argument 1 to "as_tool" has incompatible type "Callable[[VoiceAgent, str, str | None, str], str]"; expected "int"  [arg-type]
src\logic\agents\cognitive\VoiceAgent.py:62: error: Argument 1 to "as_tool" has incompatible type "Callable[[VoiceAgent, str], str]"; expected "int"  [arg-type]
src\logic\agents\cognitive\VoiceAgent.py:68: error: Argument 1 to "as_tool" has incompatible type "Callable[[VoiceAgent, str, str], str]"; expected "int"  [arg-type]
src\logic\agents\cognitive\VoiceAgent.py:93: error: Argument 1 to "as_tool" has incompatible type "Callable[[VoiceAgent, str], str]"; expected "int"  [arg-type]
src\logic\agents\cognitive\VoiceAgent.py:99: error: Argument 1 to "as_tool" has incompatible type "Callable[[VoiceAgent, str, str], str]"; expected "int"  [arg-type]
src\logic\agents\cognitive\VoiceAgent.py:106: error: Return type "str" of "improve_content" incompatible with return type "Coroutine[Any, Any, str]" in supertype "src.core.base.BaseAgent.BaseAgent"  [override]
src\logic\agents\cognitive\SynthesisAgent.py:52: error: Argument 1 to "as_tool" has incompatible type "Callable[[SynthesisAgent, list[str], str], dict[str, Any]]"; expected "int"  [arg-type]
src\logic\agents\cognitive\SynthesisAgent.py:116: error: Argument 1 to "as_tool" has incompatible type "Callable[[SynthesisAgent, list[str]], list[dict[str, Any]]]"; expected "int"  [arg-type]
src\logic\agents\cognitive\SpeciationAgent.py:46: error: Argument 1 to "as_tool" has incompatible type "Callable[[SpeciationAgent, str, str], str]"; expected "int"  [arg-type]
src\logic\agents\cognitive\SpeciationAgent.py:101: error: Argument 1 to "as_tool" has incompatible type "Callable[[SpeciationAgent, str, str], dict[str, Any]]"; expected "int"  [arg-type]
src\logic\agents\cognitive\SpeciationAgent.py:121: error: Argument 1 to "as_tool" has incompatible type "Callable[[SpeciationAgent, str], str]"; expected "int"  [arg-type]
src\logic\agents\cognitive\ReflectionAgent.py:44: error: Argument 1 to "as_tool" has incompatible type "Callable[[ReflectionAgent, str], str]"; expected "int"  [arg-type]
src\logic\agents\cognitive\ReflectionAgent.py:49: error: Return type "str" of "improve_content" incompatible with return type "Coroutine[Any, Any, str]" in supertype "src.core.base.BaseAgent.BaseAgent"  [override]
src\logic\agents\cognitive\ReasoningAgent.py:51: error: Argument 1 to "as_tool" has incompatible type "Callable[[ReasoningAgent, str, str | None], str]"; expected "int"  [arg-type]
src\logic\agents\cognitive\ReasoningAgent.py:81: error: Argument 1 to "as_tool" has incompatible type "Callable[[ReasoningAgent, str], str]"; expected "int"  [arg-type]
src\logic\agents\cognitive\ReasoningAgent.py:93: error: Argument 1 to "as_tool" has incompatible type "Callable[[ReasoningAgent, str, str], dict[str, Any]]"; expected "int"  [arg-type]
src\logic\agents\cognitive\ReasoningAgent.py:130: error: Return type "str" of "improve_content" incompatible with return type "Coroutine[Any, Any, str]" in supertype "src.core.base.BaseAgent.BaseAgent"  [override]
src\logic\agents\cognitive\RealityGraftingAgent.py:46: error: Argument 1 to "as_tool" has incompatible type "Callable[[RealityGraftingAgent, str, str], str]"; expected "int"  [arg-type]
src\logic\agents\cognitive\RealityGraftingAgent.py:67: error: Return type "str" of "improve_content" incompatible with return type "Coroutine[Any, Any, str]" in supertype "src.core.base.BaseAgent.BaseAgent"  [override]
src\logic\agents\cognitive\RealityAnchorAgent.py:49: error: Argument 1 to "as_tool" has incompatible type "Callable[[RealityAnchorAgent, str, str], dict[str, Any]]"; expected "int"  [arg-type]
src\logic\agents\cognitive\RealityAnchorAgent.py:70: error: Argument 1 to "as_tool" has incompatible type "Callable[[RealityAnchorAgent, str, dict[str, Any]], dict[str, Any]]"; expected "int"  [arg-type]
src\logic\agents\cognitive\RealityAnchorAgent.py:93: error: Argument 1 to "as_tool" has incompatible type "Callable[[RealityAnchorAgent, str, list[str]], dict[str, Any]]"; expected "int"  [arg-type]
src\logic\agents\cognitive\RealityAnchorAgent.py:123: error: Argument 1 to "as_tool" has incompatible type "Callable[[RealityAnchorAgent, str], str]"; expected "int"  [arg-type]
src\logic\agents\cognitive\QuantumReasonerAgent.py:49: error: Argument 1 to "as_tool" has incompatible type "Callable[[QuantumReasonerAgent, str, int], dict[str, Any]]"; expected "int"  [arg-type]
src\logic\agents\cognitive\QuantumReasonerAgent.py:72: error: Argument 1 to "_calculate_interference" of "QuantumReasonerAgent" has incompatible type "object"; expected "str"  [arg-type]
src\logic\agents\cognitive\QuantumReasonerAgent.py:72: error: Argument 2 to "_calculate_interference" of "QuantumReasonerAgent" has incompatible type "list[object]"; expected "list[str]"  [arg-type]
src\logic\agents\cognitive\QuantumReasonerAgent.py:76: error: Argument "key" to "max" has incompatible type "Callable[[dict[str, object]], object]"; expected "Callable[[dict[str, object]], SupportsDunderLT[Any] | SupportsDunderGT[Any]]"  [arg-type]
src\logic\agents\cognitive\QuantumReasonerAgent.py:76: error: Incompatible return value type (got "object", expected "SupportsDunderLT[Any] | SupportsDunderGT[Any]")  [return-value]
src\logic\agents\cognitive\QuantumReasonerAgent.py:107: error: Argument 1 to "as_tool" has incompatible type "Callable[[QuantumReasonerAgent, list[dict[str, Any]]], str]"; expected "int"  [arg-type]
src\logic\agents\cognitive\ProactiveAgent.py:54: error: Skipping analyzing "src.observability.stats.ResourceMonitor": module is installed, but missing library stubs or py.typed marker  [import-untyped]
src\logic\agents\cognitive\ProactiveAgent.py:119: error: Return type "str" of "improve_content" incompatible with return type "Coroutine[Any, Any, str]" in supertype "src.core.base.BaseAgent.BaseAgent"  [override]
src\logic\agents\cognitive\ProactiveAgent.py:129: error: Missing positional arguments "description", "context_help" in call to "create_main_function"  [call-arg]
src\logic\agents\cognitive\PersonalityCoreAgent.py:48: error: Argument 1 to "as_tool" has incompatible type "Callable[[PersonalityCoreAgent, str], dict[str, Any]]"; expected "int"  [arg-type]
src\logic\agents\cognitive\PersonalityCoreAgent.py:73: error: Value of type "Coroutine[Any, Any, None]" must be used  [unused-coroutine]
src\logic\agents\cognitive\PersonalityCoreAgent.py:73: note: Are you missing an await?
src\logic\agents\cognitive\PersonalityCoreAgent.py:85: error: Argument 1 to "as_tool" has incompatible type "Callable[[PersonalityCoreAgent], str]"; expected "int"  [arg-type]
src\logic\agents\cognitive\NeuroSymbolicAgent.py:53: error: Argument 1 to "as_tool" has incompatible type "Callable[[NeuroSymbolicAgent, str], dict[str, Any]]"; expected "int"  [arg-type]
src\logic\agents\cognitive\NeuroSymbolicAgent.py:77: error: Return type "str" of "improve_content" incompatible with return type "Coroutine[Any, Any, str]" in supertype "src.core.base.BaseAgent.BaseAgent"  [override]
src\logic\agents\cognitive\MemoryConsolidator.py:52: error: Incompatible types in assignment (expression has type "MemoryConsolidatorCore", variable has type "BaseCore")  [assignment]
src\logic\agents\cognitive\MemoryConsolidator.py:54: error: Argument 1 to "as_tool" has incompatible type "Callable[[MemoryConsolidator, str, str, str], None]"; expected "int"  [arg-type]
src\logic\agents\cognitive\MemoryConsolidator.py:57: error: "BaseCore" has no attribute "create_interaction_entry"  [attr-defined]
src\logic\agents\cognitive\MemoryConsolidator.py:60: error: Argument 1 to "as_tool" has incompatible type "Callable[[MemoryConsolidator], str]"; expected "int"  [arg-type]
src\logic\agents\cognitive\MemoryConsolidator.py:69: error: "BaseCore" has no attribute "distill_buffer"  [attr-defined]
src\logic\agents\cognitive\MemoryConsolidator.py:73: error: "BaseCore" has no attribute "format_daily_memory"  [attr-defined]
src\logic\agents\cognitive\MemoryConsolidator.py:108: error: Argument 1 to "as_tool" has incompatible type "Callable[[MemoryConsolidator, str], list[str]]"; expected "int"  [arg-type]
src\logic\agents\cognitive\MemoryConsolidator.py:112: error: "BaseCore" has no attribute "filter_memory_by_query"  [attr-defined]
src\logic\agents\cognitive\MemoryConsolidationAgent.py:50: error: Argument 1 to "as_tool" has incompatible type "Callable[[MemoryConsolidationAgent], str]"; expected "int"  [arg-type]
src\logic\agents\cognitive\MemoryConsolidationAgent.py:73: error: Invalid index type "int" for "dict[str, str]"; expected type "str"  [index]
src\logic\agents\cognitive\MemoryConsolidationAgent.py:110: error: Return type "str" of "improve_content" incompatible with return type "Coroutine[Any, Any, str]" in supertype "src.core.base.BaseAgent.BaseAgent"  [override]
src\logic\agents\cognitive\LinguisticAgent.py:63: error: Argument 1 to "as_tool" has incompatible type "Callable[[LinguisticAgent, str, str], str]"; expected "int"  [arg-type]
src\logic\agents\cognitive\LinguisticAgent.py:78: error: Return type "str" of "improve_content" incompatible with return type "Coroutine[Any, Any, str]" in supertype "src.core.base.BaseAgent.BaseAgent"  [override]
src\logic\agents\cognitive\LatentReasoningAgent.py:55: error: Argument 1 to "as_tool" has incompatible type "Callable[[LatentReasoningAgent, str, str, str], dict[str, Any]]"; expected "int"  [arg-type]
src\logic\agents\cognitive\LatentReasoningAgent.py:90: error: Argument 1 to "as_tool" has incompatible type "Callable[[LatentReasoningAgent, list[str], str], bool]"; expected "int"  [arg-type]
src\logic\agents\cognitive\LatentReasoningAgent.py:102: error: Return type "str" of "improve_content" incompatible with return type "Coroutine[Any, Any, str]" in supertype "src.core.base.BaseAgent.BaseAgent"  [override]
src\logic\agents\cognitive\KnowledgeFusionAgent.py:77: error: Argument 1 to "as_tool" has incompatible type "Callable[[KnowledgeFusionAgent, list[str]], str]"; expected "int"  [arg-type]
src\logic\agents\cognitive\KnowledgeFusionAgent.py:123: error: Argument 1 to "as_tool" has incompatible type "Callable[[KnowledgeFusionAgent, str], str]"; expected "int"  [arg-type]
src\logic\agents\cognitive\KnowledgeFusionAgent.py:130: error: Return type "str" of "improve_content" incompatible with return type "Coroutine[Any, Any, str]" in supertype "src.core.base.BaseAgent.BaseAgent"  [override]
src\logic\agents\cognitive\IdiomExtractorAgent.py:46: error: Argument 1 to "as_tool" has incompatible type "Callable[[IdiomExtractorAgent, str], str]"; expected "int"  [arg-type]
src\logic\agents\cognitive\IdiomExtractorAgent.py:78: error: "Collection[str]" has no attribute "extend"  [attr-defined]
src\logic\agents\cognitive\IdiomExtractorAgent.py:82: error: "Collection[str]" has no attribute "extend"  [attr-defined]
src\logic\agents\cognitive\IdiomExtractorAgent.py:104: error: Argument 1 to "as_tool" has incompatible type "Callable[[IdiomExtractorAgent], dict[str, Any]]"; expected "int"  [arg-type]
src\logic\agents\cognitive\HolographicContextAgent.py:51: error: Argument 1 to "as_tool" has incompatible type "Callable[[HolographicContextAgent, str, dict[str, Any], list[str]], str]"; expected "int"  [arg-type]
src\logic\agents\cognitive\HolographicContextAgent.py:64: error: Unsupported target for indexed assignment ("object")  [index]
src\logic\agents\cognitive\HolographicContextAgent.py:74: error: Argument 1 to "as_tool" has incompatible type "Callable[[HolographicContextAgent, str, str], dict[str, Any]]"; expected "int"  [arg-type]
src\logic\agents\cognitive\HolographicContextAgent.py:84: error: Argument 1 to "as_tool" has incompatible type "Callable[[HolographicContextAgent], list[str]]"; expected "int"  [arg-type]
src\logic\agents\cognitive\HierarchicalMemoryAgent.py:60: error: Argument 1 to "as_tool" has incompatible type "Callable[[HierarchicalMemoryAgent, str, float, list[str] | None], str]"; expected "int"  [arg-type]
src\logic\agents\cognitive\HierarchicalMemoryAgent.py:85: error: Argument 1 to "as_tool" has incompatible type "Callable[[HierarchicalMemoryAgent], str]"; expected "int"  [arg-type]
src\logic\agents\cognitive\HierarchicalMemoryAgent.py:108: error: Name "logging" is not defined  [name-defined]
src\logic\agents\cognitive\HierarchicalMemoryAgent.py:112: error: Argument 1 to "as_tool" has incompatible type "Callable[[HierarchicalMemoryAgent, str, bool], str]"; expected "int"  [arg-type]
src\logic\agents\cognitive\HierarchicalMemoryAgent.py:155: error: Return type "str" of "improve_content" incompatible with return type "Coroutine[Any, Any, str]" in supertype "src.core.base.BaseAgent.BaseAgent"  [override]
src\logic\agents\cognitive\GraphMemoryAgent.py:49: error: Need type annotation for "memory_store"  [var-annotated]
src\logic\agents\cognitive\GraphMemoryAgent.py:120: error: Missing return statement  [return]
src\logic\agents\cognitive\GraphMemoryAgent.py:126: error: Argument 1 to "as_tool" has incompatible type "Callable[[GraphMemoryAgent, str, str, Any], str]"; expected "int"  [arg-type]
src\logic\agents\cognitive\GraphMemoryAgent.py:140: error: "Collection[Any]" has no attribute "append"  [attr-defined]
src\logic\agents\cognitive\GraphMemoryAgent.py:142: error: Unsupported target for indexed assignment ("Collection[Any]")  [index]
src\logic\agents\cognitive\GraphMemoryAgent.py:146: error: Argument 1 to "as_tool" has incompatible type "Callable[[GraphMemoryAgent, float], str]"; expected "int"  [arg-type]
src\logic\agents\cognitive\GraphMemoryAgent.py:172: error: Argument 1 to "as_tool" has incompatible type "Callable[[GraphMemoryAgent, str, bool], str]"; expected "int"  [arg-type]
src\logic\agents\cognitive\GraphMemoryAgent.py:191: error: Argument 1 to "as_tool" has incompatible type "Callable[[GraphMemoryAgent, str, str | None, int], str]"; expected "int"  [arg-type]
src\logic\agents\cognitive\GraphMemoryAgent.py:214: error: Argument 1 to "as_tool" has incompatible type "Callable[[GraphMemoryAgent, str, str], str]"; expected "int"  [arg-type]
src\logic\agents\cognitive\GraphMemoryAgent.py:224: error: Argument 1 to "as_tool" has incompatible type "Callable[[GraphMemoryAgent, int], str]"; expected "int"  [arg-type]
src\logic\agents\cognitive\GraphMemoryAgent.py:238: error: Argument 1 to "as_tool" has incompatible type "Callable[[GraphMemoryAgent, str, dict[str, Any], str | None], str]"; expected "int"  [arg-type]
src\logic\agents\cognitive\GraphMemoryAgent.py:248: error: Argument 1 to "as_tool" has incompatible type "Callable[[GraphMemoryAgent, str, str, str], str]"; expected "int"  [arg-type]
src\logic\agents\cognitive\GraphMemoryAgent.py:257: error: Argument 1 to "as_tool" has incompatible type "Callable[[GraphMemoryAgent, str], str]"; expected "int"  [arg-type]
src\logic\agents\cognitive\GraphMemoryAgent.py:282: error: Argument 1 to "as_tool" has incompatible type "Callable[[GraphMemoryAgent, str], dict[str, Any]]"; expected "int"  [arg-type]
src\logic\agents\cognitive\GraphMemoryAgent.py:297: error: Return type "str" of "improve_content" incompatible with return type "Coroutine[Any, Any, str]" in supertype "src.core.base.BaseAgent.BaseAgent"  [override]
src\logic\agents\cognitive\ExplainabilityAgent.py:65: error: Missing return statement  [return]
src\logic\agents\cognitive\ExplainabilityAgent.py:74: error: Return value expected  [return-value]
src\logic\agents\cognitive\EvolutionaryPromptAgent.py:45: error: Incompatible types in assignment (expression has type "EvolutionCore", variable has type "BaseCore")  [assignment]
src\logic\agents\cognitive\EvolutionaryPromptAgent.py:52: error: Argument 1 to "as_tool" has incompatible type "Callable[[EvolutionaryPromptAgent, str], str]"; expected "int"  [arg-type]
src\logic\agents\cognitive\EvolutionaryPromptAgent.py:69: error: Argument 1 to "as_tool" has incompatible type "Callable[[EvolutionaryPromptAgent, int, float], str]"; expected "int"  [arg-type]
src\logic\agents\cognitive\EvolutionaryPromptAgent.py:80: error: Argument 1 to "as_tool" has incompatible type "Callable[[EvolutionaryPromptAgent], dict[str, Any]]"; expected "int"  [arg-type]
src\logic\agents\cognitive\EvolutionaryPromptAgent.py:98: error: "BaseCore" has no attribute "prompt_crossover"  [attr-defined]
src\logic\agents\cognitive\EvolutionaryPromptAgent.py:99: error: "BaseCore" has no attribute "mutate_prompt"  [attr-defined]
src\logic\agents\cognitive\EvolutionaryPromptAgent.py:102: error: "BaseCore" has no attribute "calculate_prompt_sha"  [attr-defined]
src\logic\agents\cognitive\EvolutionaryPromptAgent.py:120: error: Argument 1 to "as_tool" has incompatible type "Callable[[EvolutionaryPromptAgent], str]"; expected "int"  [arg-type]
src\logic\agents\cognitive\EmpathyAgent.py:45: error: Argument 1 to "as_tool" has incompatible type "Callable[[EmpathyAgent, str], Coroutine[Any, Any, dict[str, Any]]]"; expected "int"  [arg-type]
src\logic\agents\cognitive\EmpathyAgent.py:83: error: Argument 1 to "as_tool" has incompatible type "Callable[[EmpathyAgent, str, str], Coroutine[Any, Any, str]]"; expected "int"  [arg-type]
src\logic\agents\cognitive\DynamicDecomposerAgent.py:50: error: Argument 1 to "as_tool" has incompatible type "Callable[[DynamicDecomposerAgent, str, list[str]], str]"; expected "int"  [arg-type]
src\logic\agents\cognitive\DynamicDecomposerAgent.py:91: error: Argument 1 to "as_tool" has incompatible type "Callable[[DynamicDecomposerAgent, list[dict[str, Any]]], str]"; expected "int"  [arg-type]
src\logic\agents\cognitive\DynamicDecomposerAgent.py:100: error: Return type "str" of "improve_content" incompatible with return type "Coroutine[Any, Any, str]" in supertype "src.core.base.BaseAgent.BaseAgent"  [override]
src\logic\agents\cognitive\CooperativeCommunicationAgent.py:48: error: Argument 1 to "as_tool" has incompatible type "Callable[[CooperativeCommunicationAgent, str, str], dict[str, Any]]"; expected "int"  [arg-type]
src\logic\agents\cognitive\CooperativeCommunicationAgent.py:64: error: Argument 1 to "as_tool" has incompatible type "Callable[[CooperativeCommunicationAgent, str, Any], dict[str, Any]]"; expected "int"  [arg-type]
src\logic\agents\cognitive\CooperativeCommunicationAgent.py:79: error: Argument 1 to "as_tool" has incompatible type "Callable[[CooperativeCommunicationAgent, Any], dict[str, Any]]"; expected "int"  [arg-type]
src\logic\agents\cognitive\CooperativeCommunicationAgent.py:96: error: Argument 1 to "as_tool" has incompatible type "Callable[[CooperativeCommunicationAgent, list[str]], str]"; expected "int"  [arg-type]
src\logic\agents\cognitive\ContextAgent.py:254: error: Return type "ContextTemplate | None" of "get_template" incompatible with return type "PromptTemplate | None" in supertype "src.core.base.BaseAgent.BaseAgent"  [override]
src\logic\agents\cognitive\ContextAgent.py:632: error: Return type "str" of "improve_content" incompatible with return type "Coroutine[Any, Any, str]" in supertype "src.core.base.BaseAgent.BaseAgent"  [override]
src\logic\agents\cognitive\ContextAgent.py:651: error: Incompatible return value type (got "Coroutine[Any, Any, str]", expected "str")  [return-value]
src\logic\agents\cognitive\ContextAgent.py:651: note: Maybe you forgot to use "await"?
src\logic\agents\cognitive\ContextAgent.py:655: error: Incompatible return value type (got "Coroutine[Any, Any, str]", expected "str")  [return-value]
src\logic\agents\cognitive\ContextAgent.py:655: note: Maybe you forgot to use "await"?
src\logic\agents\cognitive\CognitiveSuperAgent.py:39: error: Argument 1 to "as_tool" has incompatible type "Callable[[CognitiveSuperAgent, str], str]"; expected "int"  [arg-type]
src\logic\agents\cognitive\CognitiveSuperAgent.py:47: error: Return type "str" of "improve_content" incompatible with return type "Coroutine[Any, Any, str]" in supertype "src.core.base.BaseAgent.BaseAgent"  [override]
src\logic\agents\cognitive\BayesianReasoningAgent.py:50: error: Argument 1 to "as_tool" has incompatible type "Callable[[BayesianReasoningAgent, str, str, float], dict[str, float]]"; expected "int"  [arg-type]
src\logic\agents\cognitive\BayesianReasoningAgent.py:77: error: Argument 1 to "as_tool" has incompatible type "Callable[[BayesianReasoningAgent, list[dict[str, Any]]], str]"; expected "int"  [arg-type]
src\logic\agents\cognitive\BayesianReasoningAgent.py:112: error: Return type "str" of "improve_content" incompatible with return type "Coroutine[Any, Any, str]" in supertype "src.core.base.BaseAgent.BaseAgent"  [override]
src\logic\agents\cognitive\AttentionBufferAgent.py:50: error: Argument 1 to "as_tool" has incompatible type "Callable[[AttentionBufferAgent, str, str, int], str]"; expected "int"  [arg-type]
src\logic\agents\cognitive\AttentionBufferAgent.py:71: error: Argument 1 to "as_tool" has incompatible type "Callable[[AttentionBufferAgent], dict[str, Any]]"; expected "int"  [arg-type]
src\logic\agents\cognitive\AttentionBufferAgent.py:83: error: Argument 1 to "as_tool" has incompatible type "Callable[[AttentionBufferAgent, int], str]"; expected "int"  [arg-type]
src\infrastructure\plugins\BrokenImportAgent.py:43: error: Incompatible types in assignment (expression has type "ImportHealerCore", variable has type "BaseCore")  [assignment]
src\infrastructure\plugins\BrokenImportAgent.py:48: error: "BaseCore" has no attribute "suggest_fix"  [attr-defined]
src\infrastructure\plugins\BrokenImportAgent.py:54: error: "BaseCore" has no attribute "build_internal_import_map"  [attr-defined]
src\infrastructure\plugins\mock_plugin\MockAgent.py:43: error: Incompatible types in assignment (expression has type "MockCore", variable has type "BaseCore")  [assignment]
src\infrastructure\plugins\mock_plugin\MockAgent.py:46: error: Signature of "run" incompatible with supertype "src.core.base.BaseAgent.BaseAgent"  [override]
src\infrastructure\plugins\mock_plugin\MockAgent.py:46: note:      Superclass:
src\infrastructure\plugins\mock_plugin\MockAgent.py:46: note:          def run(self, prompt: str = ...) -> None
src\infrastructure\plugins\mock_plugin\MockAgent.py:46: note:      Subclass:
src\infrastructure\plugins\mock_plugin\MockAgent.py:46: note:          def run(self, task: str) -> str
src\infrastructure\plugins\mock_plugin\MockAgent.py:49: error: "BaseCore" has no attribute "format_mock_response"  [attr-defined]
src\infrastructure\plugins\mock_plugin\MockAgent.py:57: error: "BaseCore" has no attribute "get_metadata"  [attr-defined]
src\infrastructure\plugins\example_math_plugin\SimpleMathAgent.py:23: error: Module "src.infrastructure.orchestration.ToolRegistry" has no attribute "as_tool"  [attr-defined]
src\infrastructure\plugins\example_math_plugin\SimpleMathAgent.py:50: error: Return type "str" of "improve_content" incompatible with return type "Coroutine[Any, Any, str]" in supertype "src.core.base.BaseAgent.BaseAgent"  [override]
src\infrastructure\plugins\community_demo\CommunityAgent.py:41: error: Argument 1 to "__init__" of "BaseAgent" has incompatible type "str | None"; expected "str"  [arg-type]
src\infrastructure\plugins\community_demo\CommunityAgent.py:43: error: Incompatible types in assignment (expression has type "CommunityCore", variable has type "BaseCore")  [assignment]
src\infrastructure\plugins\community_demo\CommunityAgent.py:46: error: Return type "str" of "improve_content" incompatible with return type "Coroutine[Any, Any, str]" in supertype "src.core.base.BaseAgent.BaseAgent"  [override]
src\infrastructure\plugins\community_demo\CommunityAgent.py:49: error: "BaseCore" has no attribute "process_data"  [attr-defined]
src\infrastructure\plugins\community_demo\CommunityAgent.py:51: error: Signature of "run" incompatible with supertype "src.core.base.BaseAgent.BaseAgent"  [override]
src\infrastructure\plugins\community_demo\CommunityAgent.py:51: note:      Superclass:
src\infrastructure\plugins\community_demo\CommunityAgent.py:51: note:          def run(self, prompt: str = ...) -> None
src\infrastructure\plugins\community_demo\CommunityAgent.py:51: note:      Subclass:
src\infrastructure\plugins\community_demo\CommunityAgent.py:51: note:          def run(self, task: str) -> str
src\infrastructure\orchestration\WeightOrchestrator.py:50: error: Missing return statement  [return]
src\infrastructure\orchestration\WeightOrchestrator.py:59: error: Missing return statement  [return]
src\infrastructure\orchestration\WeightOrchestrator.py:67: error: Argument 1 to "as_tool" has incompatible type "Callable[[WeightOrchestrator, str, str], bool]"; expected "int"  [arg-type]
src\infrastructure\orchestration\WeightOrchestrator.py:76: error: Argument 1 to "as_tool" has incompatible type "Callable[[WeightOrchestrator, str], str | None]"; expected "int"  [arg-type]
src\infrastructure\orchestration\WeightOrchestrator.py:91: error: Argument 1 to "as_tool" has incompatible type "Callable[[WeightOrchestrator, str], bool]"; expected "int"  [arg-type]
src\infrastructure\orchestration\WeightOrchestrator.py:106: error: Argument 1 to "as_tool" has incompatible type "Callable[[WeightOrchestrator], dict[str, str]]"; expected "int"  [arg-type]
src\infrastructure\orchestration\WeightOrchestrator.py:114: error: Return type "str" of "improve_content" incompatible with return type "Coroutine[Any, Any, str]" in supertype "src.core.base.BaseAgent.BaseAgent"  [override]
src\infrastructure\orchestration\SignalAgent.py:45: error: Argument 2 to "subscribe" of "SignalRegistry" has incompatible type "Callable[[dict[str, Any]], str]"; expected "Callable[[Any], Coroutine[Any, Any, None] | None]"  [arg-type]
src\infrastructure\orchestration\SignalAgent.py:46: error: Argument 2 to "subscribe" of "SignalRegistry" has incompatible type "Callable[[dict[str, Any]], str]"; expected "Callable[[Any], Coroutine[Any, Any, None] | None]"  [arg-type]
src\infrastructure\orchestration\SignalAgent.py:58: error: Missing return statement  [return]
src\infrastructure\orchestration\SignalAgent.py:64: error: "SignalAgent" has no attribute "append_to_file"  [attr-defined]
src\infrastructure\orchestration\SignalAgent.py:66: error: Missing return statement  [return]
src\infrastructure\orchestration\SignalAgent.py:70: error: "SignalAgent" has no attribute "append_to_file"  [attr-defined]
src\infrastructure\orchestration\SignalAgent.py:74: error: Item "None" of "SignalRegistry | None" has no attribute "get_history"  [union-attr]
src\infrastructure\orchestration\QuantumShardOrchestrator.py:70: error: Argument 1 to "as_tool" has incompatible type "Callable[[QuantumShardOrchestrator, str, Any], str]"; expected "int"  [arg-type]
src\infrastructure\orchestration\QuantumShardOrchestrator.py:91: error: Argument 1 to "as_tool" has incompatible type "Callable[[QuantumShardOrchestrator, str], Any]"; expected "int"  [arg-type]
src\infrastructure\orchestration\QuantumShardOrchestrator.py:110: error: Return type "str" of "improve_content" incompatible with return type "Coroutine[Any, Any, str]" in supertype "src.core.base.BaseAgent.BaseAgent"  [override]
src\infrastructure\orchestration\PhaseOrchestrator.py:145: error: Unexpected keyword argument "error_msg" for "record_lesson" of "GlobalContextEngine"  [call-arg]
src\logic\agents\cognitive\context\engines\GlobalContextEngine.py: note: "record_lesson" of "GlobalContextEngine" defined here
src\infrastructure\orchestration\PhaseOrchestrator.py:145: error: Unexpected keyword argument "lesson" for "record_lesson" of "GlobalContextEngine"  [call-arg]
src\infrastructure\orchestration\PhaseOrchestrator.py:145: error: "record_lesson" of "GlobalContextEngine" does not return a value (it only ever returns None)  [func-returns-value]
src\infrastructure\orchestration\NeuralBridgeOrchestrator.py:56: error: Value of type "Coroutine[Any, Any, None]" must be used  [unused-coroutine]
src\infrastructure\orchestration\NeuralBridgeOrchestrator.py:56: note: Are you missing an await?
src\infrastructure\orchestration\MetaOrchestratorAgent.py:23: error: Skipping analyzing "src.core.knowledge.GlobalContext": module is installed, but missing library stubs or py.typed marker  [import-untyped]
src\infrastructure\orchestration\MetaOrchestratorAgent.py:35: error: Too many arguments for "__init__" of "BaseAgent"  [call-arg]
src\infrastructure\orchestration\MetaOrchestratorAgent.py:57: error: Argument 1 to "solve_complex_objective" of "MetaOrchestratorAgent" has incompatible type "Any | None"; expected "str"  [arg-type]
src\infrastructure\orchestration\MetaOrchestratorAgent.py:113: error: Signature of "run" incompatible with supertype "src.core.base.BaseAgent.BaseAgent"  [override]
src\infrastructure\orchestration\MetaOrchestratorAgent.py:113: note:      Superclass:
src\infrastructure\orchestration\MetaOrchestratorAgent.py:113: note:          def run(self, prompt: str = ...) -> None
src\infrastructure\orchestration\MetaOrchestratorAgent.py:113: note:      Subclass:
src\infrastructure\orchestration\MetaOrchestratorAgent.py:113: note:          def run(self, objective: str) -> Coroutine[Any, Any, str]
src\infrastructure\orchestration\McpToolRegistry.py:45: error: Incompatible types in assignment (expression has type "Any | None", variable has type "str")  [assignment]
src\infrastructure\orchestration\LatentSignalBus.py:67: error: Value of type "Coroutine[Any, Any, None]" must be used  [unused-coroutine]
src\infrastructure\orchestration\LatentSignalBus.py:67: note: Are you missing an await?
src\infrastructure\orchestration\IntentCoherenceEngine.py:58: error: Value of type "Coroutine[Any, Any, None]" must be used  [unused-coroutine]
src\infrastructure\orchestration\IntentCoherenceEngine.py:58: note: Are you missing an await?
src\infrastructure\orchestration\ImmunizationOrchestrator.py:76: error: Value of type "Coroutine[Any, Any, None]" must be used  [unused-coroutine]
src\infrastructure\orchestration\ImmunizationOrchestrator.py:76: note: Are you missing an await?
src\infrastructure\orchestration\FederatedKnowledgeOrchestrator.py:102: error: Item "None" of "Any | None" has no attribute "record_tier_memory"  [union-attr]
src\infrastructure\orchestration\ExperimentOrchestrator.py:50: error: Argument 1 to "as_tool" has incompatible type "Callable[[ExperimentOrchestrator, str, list[str]], dict[str, Any]]"; expected "int"  [arg-type]
src\infrastructure\orchestration\ExperimentOrchestrator.py:101: error: Return type "str" of "improve_content" incompatible with return type "Coroutine[Any, Any, str]" in supertype "src.core.base.BaseAgent.BaseAgent"  [override]
src\infrastructure\orchestration\DiscoveryOrchestrator.py:68: error: Incompatible types in assignment (expression has type "float", variable has type "int")  [assignment]
src\infrastructure\orchestration\DiscoveryOrchestrator.py:108: error: Incompatible types in assignment (expression has type "float", variable has type "int")  [assignment]
src\infrastructure\orchestration\DiscoveryOrchestrator.py:191: error: Incompatible types in assignment (expression has type "float", variable has type "int")  [assignment]
src\infrastructure\orchestration\DiscoveryOrchestrator.py:227: error: Item "None" of "bytes | None" has no attribute "decode"  [union-attr]
src\infrastructure\orchestration\DirectorAgent.py:46: error: Argument 2 to "subscribe" of "SignalRegistry" has incompatible type "Callable[[dict[Any, Any]], str]"; expected "Callable[[Any], Coroutine[Any, Any, None] | None]"  [arg-type]
src\infrastructure\orchestration\DirectorAgent.py:47: error: Argument 2 to "subscribe" of "SignalRegistry" has incompatible type "Callable[[dict[Any, Any]], str]"; expected "Callable[[Any], Coroutine[Any, Any, None] | None]"  [arg-type]
src\infrastructure\orchestration\DirectorAgent.py:77: error: Missing return statement  [return]
src\infrastructure\orchestration\DirectorAgent.py:84: error: Missing return statement  [return]
src\infrastructure\orchestration\DirectorAgent.py:110: error: No overload variant of "search" matches argument types "str", "Coroutine[Any, Any, str]", "RegexFlag"  [call-overload]
src\infrastructure\orchestration\DirectorAgent.py:110: note: Possible overload variants:
src\infrastructure\orchestration\DirectorAgent.py:110: note:     def search(pattern: str | Pattern[str], string: str, flags: int | RegexFlag = ...) -> Match[str] | None
src\infrastructure\orchestration\DirectorAgent.py:110: note:     def search(pattern: bytes | Pattern[bytes], string: Buffer, flags: int | RegexFlag = ...) -> Match[bytes] | None
src\infrastructure\orchestration\DirectorAgent.py:112: error: Value of type "Coroutine[Any, Any, str]" is not indexable  [index]
src\infrastructure\orchestration\DirectorAgent.py:112: note: Maybe you forgot to use "await"?
src\infrastructure\orchestration\DirectorAgent.py:162: error: Return type "str" of "improve_content" incompatible with return type "Coroutine[Any, Any, str]" in supertype "src.core.base.BaseAgent.BaseAgent"  [override]
src\infrastructure\orchestration\ConsensusOrchestrator.py:128: error: Name "loop" is not defined  [name-defined]
src\infrastructure\orchestration\ConsensusOrchestrator.py:132: error: Name "loop" is not defined  [name-defined]
src\infrastructure\orchestration\AgentDAO.py:50: error: Argument 1 to "as_tool" has incompatible type "Callable[[AgentDAO, dict[str, float]], str]"; expected "int"  [arg-type]
src\infrastructure\orchestration\AgentDAO.py:78: error: Argument 1 to "as_tool" has incompatible type "Callable[[AgentDAO, list[str]], list[str]]"; expected "int"  [arg-type]
src\infrastructure\orchestration\AgentDAO.py:89: error: Return type "str" of "improve_content" incompatible with return type "Coroutine[Any, Any, str]" in supertype "src.core.base.BaseAgent.BaseAgent"  [override]
src\infrastructure\fleet\TaskPlannerAgent.py:48: error: Argument 1 to "as_tool" has incompatible type "Callable[[TaskPlannerAgent, str], str]"; expected "int"  [arg-type]
src\infrastructure\fleet\TaskPlannerAgent.py:110: error: Return type "str" of "improve_content" incompatible with return type "Coroutine[Any, Any, str]" in supertype "src.core.base.BaseAgent.BaseAgent"  [override]
src\infrastructure\fleet\AsyncFleetManager.py:174: error: Invalid index type "Any | None" for "LazyAgentMap"; expected type "str"  [index]
src\infrastructure\fleet\AsyncFleetManager.py:175: error: Argument 2 to "getattr" has incompatible type "Any | None"; expected "str"  [arg-type]
src\infrastructure\fleet\AsyncFleetManager.py:202: error: Argument 2 to "end_trace" of "ObservabilityEngine" has incompatible type "Any | None"; expected "str"  [arg-type]
src\infrastructure\fleet\AsyncFleetManager.py:202: error: Argument 3 to "end_trace" of "ObservabilityEngine" has incompatible type "Any | None"; expected "str"  [arg-type]
src\infrastructure\fleet\AsyncFleetManager.py:205: error: Argument 2 to "_pre_commit_audit" of "AsyncFleetManager" has incompatible type "Any | None"; expected "str"  [arg-type]
src\infrastructure\fleet\AsyncFleetManager.py:209: error: Argument 2 to "end_trace" of "ObservabilityEngine" has incompatible type "Any | None"; expected "str"  [arg-type]
src\infrastructure\fleet\AsyncFleetManager.py:209: error: Argument 3 to "end_trace" of "ObservabilityEngine" has incompatible type "Any | None"; expected "str"  [arg-type]
src\infrastructure\fleet\AsyncFleetManager.py:267: error: Skipping analyzing "src.logic.agents.security.SecurityGuardAgent": module is installed, but missing library stubs or py.typed marker  [import-untyped]
src\infrastructure\dev\scripts\strategic_swarm_build.py:42: error: Library stubs not installed for "requests"  [import-untyped]
src\infrastructure\dev\scripts\run_fleet_self_improvement.py:133: error: "object" has no attribute "extend"  [attr-defined]
src\infrastructure\dev\scripts\run_fleet_self_improvement.py:144: error: "object" has no attribute "__iter__"; maybe "__dir__" or "__str__"? (not iterable)  [attr-defined]
src\infrastructure\dev\scripts\run_fleet_self_improvement.py:178: error: Assignment to variable "e" outside except: block  [misc]
src\infrastructure\dev\scripts\run_fleet_self_improvement.py:290: error: Library stubs not installed for "requests"  [import-untyped]
src\infrastructure\dev\scripts\management\debug_phase_15.py:61: error: Unsupported right operand type for in ("Coroutine[Any, Any, str]")  [operator]
src\infrastructure\dev\scripts\management\debug_phase_15.py:61: note: Maybe you forgot to use "await"?
src\infrastructure\dev\agent_tests\agents.py:503: error: Return type "str" of "improve_content" incompatible with return type "Coroutine[Any, Any, str]" in supertype "src.core.base.BaseAgent.BaseAgent"  [override]
src\infrastructure\dev\agent_tests\agents.py:543: error: Argument 1 to "_validate_syntax" of "TestsAgent" has incompatible type "Coroutine[Any, Any, str]"; expected "str"  [arg-type]
src\infrastructure\dev\agent_tests\agents.py:543: note: Maybe you forgot to use "await"?
src\infrastructure\dev\agent_tests\agents.py:552: error: Argument 1 to "_validate_test_structure" of "TestsAgent" has incompatible type "Coroutine[Any, Any, str]"; expected "str"  [arg-type]
src\infrastructure\dev\agent_tests\agents.py:552: note: Maybe you forgot to use "await"?
src\infrastructure\dev\agent_tests\agents.py:558: error: Incompatible return value type (got "Coroutine[Any, Any, str]", expected "str")  [return-value]
src\infrastructure\dev\agent_tests\agents.py:558: note: Maybe you forgot to use "await"?
src\infrastructure\api\AgentAPIServer.py:146: error: Argument 1 to "balance_request" of "FleetLoadBalancer" has incompatible type "str | None"; expected "str"  [arg-type]
src\core\base\NeuralPruningEngine.py:231: error: Missing return statement  [return]
src\core\base\NeuralPruningEngine.py:284: error: Incompatible types in assignment (expression has type "floating[Any] | float", variable has type "float")  [assignment]
tests\integration\test_webhooks_integration.py:36: error: "R" has no attribute "status_code"  [attr-defined]
tests\integration\test_webhooks_integration.py:37: error: Incompatible return value type (got "R", expected "MagicMock")  [return-value]
tests\integration\test_webhooks_integration.py:41: error: Library stubs not installed for "requests"  [import-untyped]
tests\integration\test_webhooks_integration.py:67: error: Value of type "Collection[str]" is not indexable  [index]
src\observability\improvements\refinement_engine.py:29: error: Skipping analyzing "src.core.base.entrypoint": module is installed, but missing library stubs or py.typed marker  [import-untyped]
src\observability\improvements\__init__.py:56: error: Module "src.observability.improvements.ImprovementsAgent" has no attribute "DEFAULT_TEMPLATES"  [attr-defined]
src\infrastructure\dev\scripts\management\debug_evolution.py:104: error: Value of type "Coroutine[Any, Any, str]" must be used  [unused-coroutine]
src\infrastructure\dev\scripts\management\debug_evolution.py:104: note: Are you missing an await?
src\logic\agents\development\YamlAgent.py:47: error: Incompatible types in assignment (expression has type "str", variable has type "CodeLanguage")  [assignment]
src\logic\agents\development\SvgAgent.py:47: error: Incompatible types in assignment (expression has type "str", variable has type "CodeLanguage")  [assignment]
src\logic\agents\development\SQLCoderAgent.py:47: error: Incompatible types in assignment (expression has type "str", variable has type "CodeLanguage")  [assignment]
src\logic\agents\development\RustAgent.py:47: error: Incompatible types in assignment (expression has type "str", variable has type "CodeLanguage")  [assignment]
src\logic\agents\development\PowershellAgent.py:42: error: Incompatible types in assignment (expression has type "str", variable has type "CodeLanguage")  [assignment]
src\logic\agents\development\MarkdownAgent.py:29: error: Library stubs not installed for "yaml"  [import-untyped]
src\logic\agents\development\MarkdownAgent.py:42: error: Incompatible types in assignment (expression has type "str", variable has type "CodeLanguage")  [assignment]
src\logic\agents\development\MarkdownAgent.py:82: error: Incompatible default for argument "default_props" (default has type "None", argument has type "dict[Any, Any]")  [assignment]
src\logic\agents\development\MarkdownAgent.py:82: note: PEP 484 prohibits implicit Optional. Accordingly, mypy has changed its default to no_implicit_optional=True
src\logic\agents\development\MarkdownAgent.py:82: note: Use https://github.com/hauntsaninja/no_implicit_optional to automatically upgrade your codebase
src\logic\agents\development\MarkdownAgent.py:129: error: Return type "str" of "improve_content" incompatible with return type "Coroutine[Any, Any, str]" in supertype "src.logic.agents.development.CoderAgent.CoderAgent"  [override]
src\logic\agents\development\MarkdownAgent.py:129: error: Return type "str" of "improve_content" incompatible with return type "Coroutine[Any, Any, str]" in supertype "src.core.base.BaseAgent.BaseAgent"  [override]
src\logic\agents\development\MarkdownAgent.py:170: error: Incompatible return value type (got "Coroutine[Any, Any, str]", expected "str")  [return-value]
src\logic\agents\development\MarkdownAgent.py:170: note: Maybe you forgot to use "await"?
src\logic\agents\development\GoAgent.py:47: error: Incompatible types in assignment (expression has type "str", variable has type "CodeLanguage")  [assignment]
src\logic\agents\development\CPlusPlusAgent.py:47: error: Incompatible types in assignment (expression has type "str", variable has type "CodeLanguage")  [assignment]
src\logic\agents\development\BashAgent.py:40: error: Incompatible types in assignment (expression has type "str", variable has type "CodeLanguage")  [assignment]
src\logic\agents\development\BashAgent.py:41: error: Incompatible types in assignment (expression has type "BashCore", variable has type "BaseCore")  [assignment]
src\logic\agents\development\BashAgent.py:53: error: Argument 1 to "as_tool" has incompatible type "Callable[[BashAgent, str], str]"; expected "int"  [arg-type]
src\logic\agents\development\BashAgent.py:61: error: "BaseCore" has no attribute "lint_script"  [attr-defined]
src\infrastructure\orchestration\AutoDebuggerOrchestrator.py:56: error: Argument 1 to "as_tool" has incompatible type "Callable[[AutoDebuggerOrchestrator, str], Coroutine[Any, Any, dict[str, Any]]]"; expected "int"  [arg-type]
src\infrastructure\orchestration\AutoDebuggerOrchestrator.py:119: error: Argument 1 to "as_tool" has incompatible type "Callable[[AutoDebuggerOrchestrator], str]"; expected "int"  [arg-type]
tests\unit\logic\test_coder_CORE_UNIT.py:29: error: Name "AGENT_DIR" already defined (possibly by an import)  [no-redef]
tests\unit\logic\test_coder_CORE_UNIT.py:31: error: Name "agent_sys_path" already defined (possibly by an import)  [no-redef]
tests\unit\logic\test_coder_CORE_UNIT.py:34: error: Incompatible return value type (got "agent_sys_path", expected "str")  [return-value]
tests\unit\logic\test_coder_CORE_UNIT.py:37: error: Missing return statement  [return]
tests\unit\logic\test_coder_CORE_UNIT.py:77: error: Name "sys.ModuleType" is not defined  [name-defined]
tests\unit\logic\test_coder_CORE_UNIT.py:86: error: Name "sys.ModuleType" is not defined  [name-defined]
tests\unit\logic\test_coder_CORE_UNIT.py:97: error: Name "sys.ModuleType" is not defined  [name-defined]
tests\unit\logic\test_coder_CORE_UNIT.py:106: error: Name "sys.ModuleType" is not defined  [name-defined]
tests\unit\logic\test_coder_CORE_UNIT.py:118: error: Name "sys.ModuleType" is not defined  [name-defined]
tests\unit\logic\test_coder_CORE_UNIT.py:126: error: Name "sys.ModuleType" is not defined  [name-defined]
tests\unit\logic\test_coder_CORE_UNIT.py:136: error: Name "sys.ModuleType" is not defined  [name-defined]
tests\unit\logic\test_coder_CORE_UNIT.py:154: error: Name "sys.ModuleType" is not defined  [name-defined]
tests\unit\logic\test_coder_CORE_UNIT.py:174: error: Name "sys.ModuleType" is not defined  [name-defined]
tests\unit\logic\test_coder_CORE_UNIT.py:193: error: Name "sys.ModuleType" is not defined  [name-defined]
tests\unit\logic\test_coder_CORE_UNIT.py:209: error: Name "sys.ModuleType" is not defined  [name-defined]
tests\unit\logic\test_coder_CORE_UNIT.py:222: error: Name "sys.ModuleType" is not defined  [name-defined]
tests\unit\logic\test_coder_CORE_UNIT.py:239: error: Name "sys.ModuleType" is not defined  [name-defined]
tests\unit\logic\test_coder_CORE_UNIT.py:247: error: Name "sys.ModuleType" is not defined  [name-defined]
tests\unit\logic\test_coder_CORE_UNIT.py:258: error: Name "sys.ModuleType" is not defined  [name-defined]
tests\unit\logic\test_coder_CORE_UNIT.py:269: error: Name "sys.ModuleType" is not defined  [name-defined]
tests\unit\logic\test_coder_CORE_UNIT.py:280: error: Name "sys.ModuleType" is not defined  [name-defined]
tests\unit\logic\test_coder_CORE_UNIT.py:292: error: Name "sys.ModuleType" is not defined  [name-defined]
tests\unit\logic\test_coder_CORE_UNIT.py:303: error: Name "sys.ModuleType" is not defined  [name-defined]
tests\unit\logic\test_coder_CORE_UNIT.py:314: error: Name "sys.ModuleType" is not defined  [name-defined]
tests\unit\logic\test_coder_CORE_UNIT.py:324: error: Name "sys.ModuleType" is not defined  [name-defined]
tests\unit\logic\test_coder_CORE_UNIT.py:332: error: Name "sys.ModuleType" is not defined  [name-defined]
tests\unit\logic\test_coder_CORE_UNIT.py:341: error: Name "sys.ModuleType" is not defined  [name-defined]
tests\unit\logic\test_coder_CORE_UNIT.py:354: error: Name "sys.ModuleType" is not defined  [name-defined]
tests\unit\logic\test_coder_CORE_UNIT.py:364: error: Name "sys.ModuleType" is not defined  [name-defined]
tests\unit\logic\test_coder_CORE_UNIT.py:374: error: Name "sys.ModuleType" is not defined  [name-defined]
tests\unit\logic\test_coder_CORE_UNIT.py:393: error: Name "sys.ModuleType" is not defined  [name-defined]
tests\unit\logic\test_coder_CORE_UNIT.py:402: error: Name "sys.ModuleType" is not defined  [name-defined]
tests\unit\logic\test_coder_CORE_UNIT.py:412: error: Name "sys.ModuleType" is not defined  [name-defined]
tests\unit\logic\test_coder_CORE_UNIT.py:425: error: Name "sys.ModuleType" is not defined  [name-defined]
tests\unit\logic\test_coder_CORE_UNIT.py:444: error: Name "sys.ModuleType" is not defined  [name-defined]
tests\unit\logic\test_coder_CORE_UNIT.py:466: error: Name "sys.ModuleType" is not defined  [name-defined]
tests\unit\logic\test_coder_CORE_UNIT.py:489: error: Name "sys.ModuleType" is not defined  [name-defined]
tests\unit\logic\test_coder_CORE_UNIT.py:551: error: Name "sys.LiteralString" is not defined  [name-defined]
src\logic\tools\mcp_server.py:23: error: Cannot find implementation or library stub for module named "fastapi_mcp"  [import-not-found]
src\logic\agents\cognitive\VisualizerAgent.py:57: error: Argument 1 to "as_tool" has incompatible type "Callable[[VisualizerAgent, list[dict[str, Any]], str], str]"; expected "int"  [arg-type]
src\logic\agents\cognitive\VisualizerAgent.py:77: error: Argument 1 to "as_tool" has incompatible type "Callable[[VisualizerAgent, list[dict[str, Any]], str], dict[str, Any]]"; expected "int"  [arg-type]
src\logic\agents\cognitive\VisualizerAgent.py:98: error: Argument 1 to "as_tool" has incompatible type "Callable[[VisualizerAgent, str, list[dict[str, Any]]], str]"; expected "int"  [arg-type]
src\logic\agents\cognitive\VisualizerAgent.py:140: error: Argument 1 to "as_tool" has incompatible type "Callable[[VisualizerAgent, str], dict[str, Any]]"; expected "int"  [arg-type]
src\logic\agents\cognitive\VisualizerAgent.py:167: error: Argument 1 to "as_tool" has incompatible type "Callable[[VisualizerAgent], str]"; expected "int"  [arg-type]
src\logic\agents\cognitive\VisualizerAgent.py:186: error: Argument 1 to "as_tool" has incompatible type "Callable[[VisualizerAgent], str]"; expected "int"  [arg-type]
src\logic\agents\cognitive\VisualizerAgent.py:209: error: Argument 1 to "as_tool" has incompatible type "Callable[[VisualizerAgent, str], str]"; expected "int"  [arg-type]
src\logic\agents\cognitive\VisualizerAgent.py:259: error: Return type "str" of "improve_content" incompatible with return type "Coroutine[Any, Any, str]" in supertype "src.core.base.BaseAgent.BaseAgent"  [override]
src\logic\agents\cognitive\context\knowledge_base.py:39: error: Skipping analyzing "src.core.base.entrypoint": module is installed, but missing library stubs or py.typed marker  [import-untyped]
src\infrastructure\orchestration\SwarmPruningOrchestrator.py:135: error: Argument 1 to "NeuralPruningEngine" has incompatible type "MockFleet"; expected "FleetManager"  [arg-type]
tests\unit\logic\test_coder_LEGACY.py:42: error: Argument 1 to "module_from_spec" has incompatible type "ModuleSpec | None"; expected "ModuleSpec"  [arg-type]
tests\unit\logic\test_coder_LEGACY.py:43: error: Item "None" of "ModuleSpec | None" has no attribute "loader"  [union-attr]
tests\unit\logic\test_coder_LEGACY.py:43: error: Item "None" of "Loader | Any | None" has no attribute "exec_module"  [union-attr]
tests\unit\infrastructure\test_models_propagation.py:29: error: "BaseAgent" has no attribute "models"; maybe "_model"?  [attr-defined]
src\observability\errors\error_handler.py:27: error: Skipping analyzing "src.core.base.entrypoint": module is installed, but missing library stubs or py.typed marker  [import-untyped]
src\logic\agents\swarm\OrchestratorAgent.py:194: error: "AgentCommandHandler" has no attribute "strategy"  [attr-defined]
src\logic\agents\swarm\OrchestratorAgent.py:201: error: "bool" is invalid as return type for "__exit__" that always returns False  [exit-return]
src\logic\agents\swarm\OrchestratorAgent.py:201: note: Use "typing.Literal[False]" as the return type or change it to "None"
src\logic\agents\swarm\OrchestratorAgent.py:201: note: If return type of "__exit__" implies that it may return True, the context manager may swallow exceptions
tests\specialists\test_specialists.py:38: error: Argument 1 to "KnowledgeAgent" has incompatible type "Path"; expected "str | None"  [arg-type]
src\observability\stats\ReportingAgent.py:37: error: Too many arguments for "__init__" of "BaseAgent"  [call-arg]
src\observability\stats\ReportingAgent.py:50: error: Module "src.logic.agents.development.PullRequestAgent" has no attribute "PRAgent"  [attr-defined]
src\observability\stats\ReportingAgent.py:140: error: Missing positional argument "workspace_root" in call to "FleetManager"  [call-arg]
src\infrastructure\dev\scripts\management\debug_phase_20_21.py:32: error: Skipping analyzing "src.core.base.MultiModalContextAgent": module is installed, but missing library stubs or py.typed marker  [import-untyped]
tests\unit\infrastructure\test_gossip_UNIT.py:11: error: "GossipProtocolOrchestrator" expects no type arguments, but 1 given  [type-arg]
tests\unit\infrastructure\test_gossip_UNIT.py:27: error: "GossipProtocolOrchestrator" expects no type arguments, but 1 given  [type-arg]
tests\phases\test_phase40.py:56: error: Cannot infer value of type parameter "_T" of "assertGreater" of "TestCase"  [misc]
tests\phases\test_phase40.py:56: error: Argument 1 to "assertGreater" of "TestCase" has incompatible type "float | None"; expected "SupportsDunderGT[Any]"  [arg-type]
tests\phases\test_phase40.py:88: error: Cannot assign to a method  [method-assign]
tests\performance\test_agent_PERFORMANCE.py:17: error: Name "agent_sys_path" already defined (possibly by an import)  [no-redef]
tests\performance\test_agent_PERFORMANCE.py:40: error: "AgentMetrics" has no attribute "metrics"  [attr-defined]
tests\integration\test_agent_logic_integration.py:16: error: Name "AGENT_DIR" already defined (possibly by an import)  [no-redef]
tests\integration\test_agent_logic_integration.py:18: error: Name "agent_sys_path" already defined (possibly by an import)  [no-redef]
tests\integration\test_agent_logic_integration.py:21: error: Incompatible return value type (got "agent_sys_path", expected "bool")  [return-value]
tests\integration\test_agent_logic_integration.py:29: error: Missing return statement  [return]
tests\integration\test_agent_logic_integration.py:45: error: Incompatible return value type (got "dict[str, Any]", expected "bool")  [return-value]
tests\unit\observability\conftest.py:37: error: Cannot find implementation or library stub for module named "observability.reports"  [import-not-found]
tests\unit\observability\conftest.py:37: error: Cannot find implementation or library stub for module named "observability"  [import-not-found]
tests\unit\observability\conftest.py:37: error: Name "reports" already defined (by an import)  [no-redef]
tests\integration\test_agent_integration.py:15: error: Cannot assign to a method  [method-assign]
tests\integration\test_agent_integration.py:23: error: "Callable[[list[str], int, int], CompletedProcess[str]]" has no attribute "return_value"  [attr-defined]
tests\integration\test_agent_integration.py:39: error: "Callable[[list[str], int, int], CompletedProcess[str]]" has no attribute "call_args_list"  [attr-defined]
Found 1401 errors in 349 files (checked 1275 source files)
